mode: set
github.com/camerarecorder/mediamtx-camera-service-go/internal/security/config_adapter.go:68.114,73.2 1 0
github.com/camerarecorder/mediamtx-camera-service-go/internal/security/config_adapter.go:76.69,78.2 1 0
github.com/camerarecorder/mediamtx-camera-service-go/internal/security/config_adapter.go:81.67,83.2 1 0
github.com/camerarecorder/mediamtx-camera-service-go/internal/security/config_adapter.go:87.53,88.30 1 0
github.com/camerarecorder/mediamtx-camera-service-go/internal/security/config_adapter.go:88.30,90.3 1 0
github.com/camerarecorder/mediamtx-camera-service-go/internal/security/config_adapter.go:91.2,91.33 1 0
github.com/camerarecorder/mediamtx-camera-service-go/internal/security/config_adapter.go:96.61,97.30 1 0
github.com/camerarecorder/mediamtx-camera-service-go/internal/security/config_adapter.go:97.30,99.3 1 0
github.com/camerarecorder/mediamtx-camera-service-go/internal/security/config_adapter.go:100.2,100.31 1 0
github.com/camerarecorder/mediamtx-camera-service-go/internal/security/config_adapter.go:105.51,106.30 1 0
github.com/camerarecorder/mediamtx-camera-service-go/internal/security/config_adapter.go:106.30,108.3 1 0
github.com/camerarecorder/mediamtx-camera-service-go/internal/security/config_adapter.go:109.2,109.11 1 0
github.com/camerarecorder/mediamtx-camera-service-go/internal/security/config_adapter.go:114.50,115.30 1 0
github.com/camerarecorder/mediamtx-camera-service-go/internal/security/config_adapter.go:115.30,117.3 1 0
github.com/camerarecorder/mediamtx-camera-service-go/internal/security/config_adapter.go:118.2,118.30 1 0
github.com/camerarecorder/mediamtx-camera-service-go/internal/security/config_adapter.go:123.47,124.29 1 0
github.com/camerarecorder/mediamtx-camera-service-go/internal/security/config_adapter.go:124.29,126.3 1 0
github.com/camerarecorder/mediamtx-camera-service-go/internal/security/config_adapter.go:127.2,127.24 1 0
github.com/camerarecorder/mediamtx-camera-service-go/internal/security/config_adapter.go:132.48,133.29 1 0
github.com/camerarecorder/mediamtx-camera-service-go/internal/security/config_adapter.go:133.29,135.3 1 0
github.com/camerarecorder/mediamtx-camera-service-go/internal/security/config_adapter.go:136.2,136.25 1 0
github.com/camerarecorder/mediamtx-camera-service-go/internal/security/config_adapter.go:141.54,142.29 1 0
github.com/camerarecorder/mediamtx-camera-service-go/internal/security/config_adapter.go:142.29,144.3 1 0
github.com/camerarecorder/mediamtx-camera-service-go/internal/security/config_adapter.go:145.2,145.14 1 0
github.com/camerarecorder/mediamtx-camera-service-go/internal/security/config_adapter.go:150.50,151.29 1 0
github.com/camerarecorder/mediamtx-camera-service-go/internal/security/config_adapter.go:151.29,153.3 1 0
github.com/camerarecorder/mediamtx-camera-service-go/internal/security/config_adapter.go:154.2,154.27 1 0
github.com/camerarecorder/mediamtx-camera-service-go/internal/security/config_adapter.go:159.52,160.29 1 0
github.com/camerarecorder/mediamtx-camera-service-go/internal/security/config_adapter.go:160.29,162.3 1 0
github.com/camerarecorder/mediamtx-camera-service-go/internal/security/config_adapter.go:163.2,163.27 1 0
github.com/camerarecorder/mediamtx-camera-service-go/internal/security/config_adapter.go:168.50,169.29 1 0
github.com/camerarecorder/mediamtx-camera-service-go/internal/security/config_adapter.go:169.29,171.3 1 0
github.com/camerarecorder/mediamtx-camera-service-go/internal/security/config_adapter.go:172.2,172.27 1 0
github.com/camerarecorder/mediamtx-camera-service-go/internal/security/config_adapter.go:177.57,178.29 1 0
github.com/camerarecorder/mediamtx-camera-service-go/internal/security/config_adapter.go:178.29,180.3 1 0
github.com/camerarecorder/mediamtx-camera-service-go/internal/security/config_adapter.go:181.2,181.13 1 0
github.com/camerarecorder/mediamtx-camera-service-go/internal/security/config_adapter.go:186.75,197.2 1 0
github.com/camerarecorder/mediamtx-camera-service-go/internal/security/config_adapter.go:200.80,252.2 3 0
github.com/camerarecorder/mediamtx-camera-service-go/internal/security/input_validator.go:24.95,29.2 1 1
github.com/camerarecorder/mediamtx-camera-service-go/internal/security/input_validator.go:38.43,40.2 1 1
github.com/camerarecorder/mediamtx-camera-service-go/internal/security/input_validator.go:50.46,56.2 1 1
github.com/camerarecorder/mediamtx-camera-service-go/internal/security/input_validator.go:59.80,66.2 2 1
github.com/camerarecorder/mediamtx-camera-service-go/internal/security/input_validator.go:69.56,71.2 1 1
github.com/camerarecorder/mediamtx-camera-service-go/internal/security/input_validator.go:74.46,76.2 1 1
github.com/camerarecorder/mediamtx-camera-service-go/internal/security/input_validator.go:79.57,81.32 2 1
github.com/camerarecorder/mediamtx-camera-service-go/internal/security/input_validator.go:81.32,83.3 1 1
github.com/camerarecorder/mediamtx-camera-service-go/internal/security/input_validator.go:84.2,84.17 1 1
github.com/camerarecorder/mediamtx-camera-service-go/internal/security/input_validator.go:103.79,106.20 2 1
github.com/camerarecorder/mediamtx-camera-service-go/internal/security/input_validator.go:106.20,109.3 2 1
github.com/camerarecorder/mediamtx-camera-service-go/internal/security/input_validator.go:112.2,113.43 2 1
github.com/camerarecorder/mediamtx-camera-service-go/internal/security/input_validator.go:113.43,114.36 1 1
github.com/camerarecorder/mediamtx-camera-service-go/internal/security/input_validator.go:114.36,116.9 2 1
github.com/camerarecorder/mediamtx-camera-service-go/internal/security/input_validator.go:120.2,120.12 1 1
github.com/camerarecorder/mediamtx-camera-service-go/internal/security/input_validator.go:120.12,126.3 2 1
github.com/camerarecorder/mediamtx-camera-service-go/internal/security/input_validator.go:128.2,128.15 1 1
github.com/camerarecorder/mediamtx-camera-service-go/internal/security/input_validator.go:132.96,135.20 2 1
github.com/camerarecorder/mediamtx-camera-service-go/internal/security/input_validator.go:135.20,138.3 2 1
github.com/camerarecorder/mediamtx-camera-service-go/internal/security/input_validator.go:141.2,142.16 2 1
github.com/camerarecorder/mediamtx-camera-service-go/internal/security/input_validator.go:142.16,150.3 3 1
github.com/camerarecorder/mediamtx-camera-service-go/internal/security/input_validator.go:153.2,153.34 1 1
github.com/camerarecorder/mediamtx-camera-service-go/internal/security/input_validator.go:153.34,155.3 1 1
github.com/camerarecorder/mediamtx-camera-service-go/internal/security/input_validator.go:156.2,156.35 1 1
github.com/camerarecorder/mediamtx-camera-service-go/internal/security/input_validator.go:156.35,158.3 1 1
github.com/camerarecorder/mediamtx-camera-service-go/internal/security/input_validator.go:160.2,160.31 1 1
github.com/camerarecorder/mediamtx-camera-service-go/internal/security/input_validator.go:164.83,167.22 2 1
github.com/camerarecorder/mediamtx-camera-service-go/internal/security/input_validator.go:167.22,169.3 1 1
github.com/camerarecorder/mediamtx-camera-service-go/internal/security/input_validator.go:172.2,175.23 3 1
github.com/camerarecorder/mediamtx-camera-service-go/internal/security/input_validator.go:175.23,178.3 2 1
github.com/camerarecorder/mediamtx-camera-service-go/internal/security/input_validator.go:180.2,181.16 2 1
github.com/camerarecorder/mediamtx-camera-service-go/internal/security/input_validator.go:181.16,184.3 2 0
github.com/camerarecorder/mediamtx-camera-service-go/internal/security/input_validator.go:186.2,187.16 2 1
github.com/camerarecorder/mediamtx-camera-service-go/internal/security/input_validator.go:187.16,190.3 2 0
github.com/camerarecorder/mediamtx-camera-service-go/internal/security/input_validator.go:193.2,193.31 1 1
github.com/camerarecorder/mediamtx-camera-service-go/internal/security/input_validator.go:193.31,195.3 1 1
github.com/camerarecorder/mediamtx-camera-service-go/internal/security/input_validator.go:196.2,196.33 1 1
github.com/camerarecorder/mediamtx-camera-service-go/internal/security/input_validator.go:196.33,198.3 1 1
github.com/camerarecorder/mediamtx-camera-service-go/internal/security/input_validator.go:200.2,200.15 1 1
github.com/camerarecorder/mediamtx-camera-service-go/internal/security/input_validator.go:204.74,207.16 2 1
github.com/camerarecorder/mediamtx-camera-service-go/internal/security/input_validator.go:207.16,209.3 1 1
github.com/camerarecorder/mediamtx-camera-service-go/internal/security/input_validator.go:211.2,212.25 2 1
github.com/camerarecorder/mediamtx-camera-service-go/internal/security/input_validator.go:213.15,214.15 1 1
github.com/camerarecorder/mediamtx-camera-service-go/internal/security/input_validator.go:215.11,216.24 1 0
github.com/camerarecorder/mediamtx-camera-service-go/internal/security/input_validator.go:217.14,218.59 1 1
github.com/camerarecorder/mediamtx-camera-service-go/internal/security/input_validator.go:218.59,220.4 1 0
github.com/camerarecorder/mediamtx-camera-service-go/internal/security/input_validator.go:220.9,223.4 2 1
github.com/camerarecorder/mediamtx-camera-service-go/internal/security/input_validator.go:224.10,226.16 2 0
github.com/camerarecorder/mediamtx-camera-service-go/internal/security/input_validator.go:230.2,230.36 1 1
github.com/camerarecorder/mediamtx-camera-service-go/internal/security/input_validator.go:230.36,232.3 1 1
github.com/camerarecorder/mediamtx-camera-service-go/internal/security/input_validator.go:234.2,234.15 1 1
github.com/camerarecorder/mediamtx-camera-service-go/internal/security/input_validator.go:238.77,241.19 2 1
github.com/camerarecorder/mediamtx-camera-service-go/internal/security/input_validator.go:241.19,243.3 1 1
github.com/camerarecorder/mediamtx-camera-service-go/internal/security/input_validator.go:245.2,247.35 3 1
github.com/camerarecorder/mediamtx-camera-service-go/internal/security/input_validator.go:247.35,248.36 1 1
github.com/camerarecorder/mediamtx-camera-service-go/internal/security/input_validator.go:248.36,250.9 2 1
github.com/camerarecorder/mediamtx-camera-service-go/internal/security/input_validator.go:254.2,254.12 1 1
github.com/camerarecorder/mediamtx-camera-service-go/internal/security/input_validator.go:254.12,256.3 1 1
github.com/camerarecorder/mediamtx-camera-service-go/internal/security/input_validator.go:258.2,258.15 1 1
github.com/camerarecorder/mediamtx-camera-service-go/internal/security/input_validator.go:262.84,265.21 2 1
github.com/camerarecorder/mediamtx-camera-service-go/internal/security/input_validator.go:265.21,267.3 1 1
github.com/camerarecorder/mediamtx-camera-service-go/internal/security/input_validator.go:269.2,270.30 2 1
github.com/camerarecorder/mediamtx-camera-service-go/internal/security/input_validator.go:271.11,272.20 1 1
github.com/camerarecorder/mediamtx-camera-service-go/internal/security/input_validator.go:273.15,274.25 1 0
github.com/camerarecorder/mediamtx-camera-service-go/internal/security/input_validator.go:275.14,276.49 1 1
github.com/camerarecorder/mediamtx-camera-service-go/internal/security/input_validator.go:276.49,278.4 1 1
github.com/camerarecorder/mediamtx-camera-service-go/internal/security/input_validator.go:278.9,281.4 2 1
github.com/camerarecorder/mediamtx-camera-service-go/internal/security/input_validator.go:282.10,284.16 2 0
github.com/camerarecorder/mediamtx-camera-service-go/internal/security/input_validator.go:288.2,288.45 1 1
github.com/camerarecorder/mediamtx-camera-service-go/internal/security/input_validator.go:288.45,290.3 1 1
github.com/camerarecorder/mediamtx-camera-service-go/internal/security/input_validator.go:292.2,292.15 1 1
github.com/camerarecorder/mediamtx-camera-service-go/internal/security/input_validator.go:296.94,299.26 2 1
github.com/camerarecorder/mediamtx-camera-service-go/internal/security/input_validator.go:299.26,301.3 1 0
github.com/camerarecorder/mediamtx-camera-service-go/internal/security/input_validator.go:303.2,304.35 2 1
github.com/camerarecorder/mediamtx-camera-service-go/internal/security/input_validator.go:305.11,306.21 1 0
github.com/camerarecorder/mediamtx-camera-service-go/internal/security/input_validator.go:307.15,308.26 1 0
github.com/camerarecorder/mediamtx-camera-service-go/internal/security/input_validator.go:309.14,310.49 1 1
github.com/camerarecorder/mediamtx-camera-service-go/internal/security/input_validator.go:310.49,312.4 1 1
github.com/camerarecorder/mediamtx-camera-service-go/internal/security/input_validator.go:312.9,315.4 2 1
github.com/camerarecorder/mediamtx-camera-service-go/internal/security/input_validator.go:316.10,318.16 2 0
github.com/camerarecorder/mediamtx-camera-service-go/internal/security/input_validator.go:322.2,322.48 1 1
github.com/camerarecorder/mediamtx-camera-service-go/internal/security/input_validator.go:322.48,324.3 1 1
github.com/camerarecorder/mediamtx-camera-service-go/internal/security/input_validator.go:326.2,326.15 1 1
github.com/camerarecorder/mediamtx-camera-service-go/internal/security/input_validator.go:330.77,333.19 2 1
github.com/camerarecorder/mediamtx-camera-service-go/internal/security/input_validator.go:333.19,335.3 1 1
github.com/camerarecorder/mediamtx-camera-service-go/internal/security/input_validator.go:337.2,339.35 3 1
github.com/camerarecorder/mediamtx-camera-service-go/internal/security/input_validator.go:339.35,340.37 1 1
github.com/camerarecorder/mediamtx-camera-service-go/internal/security/input_validator.go:340.37,342.9 2 1
github.com/camerarecorder/mediamtx-camera-service-go/internal/security/input_validator.go:346.2,346.12 1 1
github.com/camerarecorder/mediamtx-camera-service-go/internal/security/input_validator.go:346.12,348.3 1 1
github.com/camerarecorder/mediamtx-camera-service-go/internal/security/input_validator.go:350.2,350.15 1 1
github.com/camerarecorder/mediamtx-camera-service-go/internal/security/input_validator.go:354.90,357.24 2 1
github.com/camerarecorder/mediamtx-camera-service-go/internal/security/input_validator.go:357.24,359.3 1 0
github.com/camerarecorder/mediamtx-camera-service-go/internal/security/input_validator.go:361.2,361.33 1 1
github.com/camerarecorder/mediamtx-camera-service-go/internal/security/input_validator.go:362.12,362.12 0 1
github.com/camerarecorder/mediamtx-camera-service-go/internal/security/input_validator.go:364.14,365.68 1 0
github.com/camerarecorder/mediamtx-camera-service-go/internal/security/input_validator.go:365.68,367.4 1 0
github.com/camerarecorder/mediamtx-camera-service-go/internal/security/input_validator.go:368.11,369.23 1 0
github.com/camerarecorder/mediamtx-camera-service-go/internal/security/input_validator.go:369.23,371.4 1 0
github.com/camerarecorder/mediamtx-camera-service-go/internal/security/input_validator.go:372.10,373.67 1 0
github.com/camerarecorder/mediamtx-camera-service-go/internal/security/input_validator.go:376.2,376.15 1 1
github.com/camerarecorder/mediamtx-camera-service-go/internal/security/input_validator.go:380.102,383.20 2 1
github.com/camerarecorder/mediamtx-camera-service-go/internal/security/input_validator.go:383.20,385.3 1 1
github.com/camerarecorder/mediamtx-camera-service-go/internal/security/input_validator.go:391.2,391.53 1 1
github.com/camerarecorder/mediamtx-camera-service-go/internal/security/input_validator.go:391.53,392.101 1 1
github.com/camerarecorder/mediamtx-camera-service-go/internal/security/input_validator.go:392.101,394.4 1 1
github.com/camerarecorder/mediamtx-camera-service-go/internal/security/input_validator.go:398.2,398.49 1 1
github.com/camerarecorder/mediamtx-camera-service-go/internal/security/input_validator.go:398.49,399.92 1 1
github.com/camerarecorder/mediamtx-camera-service-go/internal/security/input_validator.go:399.92,401.4 1 0
github.com/camerarecorder/mediamtx-camera-service-go/internal/security/input_validator.go:401.9,403.51 1 1
github.com/camerarecorder/mediamtx-camera-service-go/internal/security/input_validator.go:403.51,404.37 1 1
github.com/camerarecorder/mediamtx-camera-service-go/internal/security/input_validator.go:404.37,406.6 1 1
github.com/camerarecorder/mediamtx-camera-service-go/internal/security/input_validator.go:411.2,411.15 1 1
github.com/camerarecorder/mediamtx-camera-service-go/internal/security/input_validator.go:418.63,420.45 1 1
github.com/camerarecorder/mediamtx-camera-service-go/internal/security/input_validator.go:420.45,421.45 1 1
github.com/camerarecorder/mediamtx-camera-service-go/internal/security/input_validator.go:421.45,423.4 1 0
github.com/camerarecorder/mediamtx-camera-service-go/internal/security/input_validator.go:424.3,424.11 1 1
github.com/camerarecorder/mediamtx-camera-service-go/internal/security/input_validator.go:428.2,428.37 1 1
github.com/camerarecorder/mediamtx-camera-service-go/internal/security/input_validator.go:432.92,435.32 2 1
github.com/camerarecorder/mediamtx-camera-service-go/internal/security/input_validator.go:435.32,436.28 1 1
github.com/camerarecorder/mediamtx-camera-service-go/internal/security/input_validator.go:437.15,438.41 1 1
github.com/camerarecorder/mediamtx-camera-service-go/internal/security/input_validator.go:439.31,440.38 1 1
github.com/camerarecorder/mediamtx-camera-service-go/internal/security/input_validator.go:441.11,442.26 1 1
github.com/camerarecorder/mediamtx-camera-service-go/internal/security/input_validator.go:446.2,446.18 1 1
github.com/camerarecorder/mediamtx-camera-service-go/internal/security/input_validator.go:450.78,453.18 2 1
github.com/camerarecorder/mediamtx-camera-service-go/internal/security/input_validator.go:453.18,455.3 1 0
github.com/camerarecorder/mediamtx-camera-service-go/internal/security/input_validator.go:457.2,457.27 1 1
github.com/camerarecorder/mediamtx-camera-service-go/internal/security/input_validator.go:458.11,459.24 1 1
github.com/camerarecorder/mediamtx-camera-service-go/internal/security/input_validator.go:459.24,461.4 1 1
github.com/camerarecorder/mediamtx-camera-service-go/internal/security/input_validator.go:462.15,463.48 1 0
github.com/camerarecorder/mediamtx-camera-service-go/internal/security/input_validator.go:463.48,465.4 1 0
github.com/camerarecorder/mediamtx-camera-service-go/internal/security/input_validator.go:466.14,467.86 1 0
github.com/camerarecorder/mediamtx-camera-service-go/internal/security/input_validator.go:467.86,469.4 1 0
github.com/camerarecorder/mediamtx-camera-service-go/internal/security/input_validator.go:470.10,471.90 1 0
github.com/camerarecorder/mediamtx-camera-service-go/internal/security/input_validator.go:474.2,474.15 1 1
github.com/camerarecorder/mediamtx-camera-service-go/internal/security/input_validator.go:478.80,481.19 2 1
github.com/camerarecorder/mediamtx-camera-service-go/internal/security/input_validator.go:481.19,483.3 1 0
github.com/camerarecorder/mediamtx-camera-service-go/internal/security/input_validator.go:485.2,485.28 1 1
github.com/camerarecorder/mediamtx-camera-service-go/internal/security/input_validator.go:486.11,487.12 1 1
github.com/camerarecorder/mediamtx-camera-service-go/internal/security/input_validator.go:487.12,489.4 1 1
github.com/camerarecorder/mediamtx-camera-service-go/internal/security/input_validator.go:490.15,491.36 1 0
github.com/camerarecorder/mediamtx-camera-service-go/internal/security/input_validator.go:491.36,493.4 1 0
github.com/camerarecorder/mediamtx-camera-service-go/internal/security/input_validator.go:494.14,495.69 1 0
github.com/camerarecorder/mediamtx-camera-service-go/internal/security/input_validator.go:495.69,497.4 1 0
github.com/camerarecorder/mediamtx-camera-service-go/internal/security/input_validator.go:498.10,499.86 1 0
github.com/camerarecorder/mediamtx-camera-service-go/internal/security/input_validator.go:502.2,502.15 1 1
github.com/camerarecorder/mediamtx-camera-service-go/internal/security/input_validator.go:509.88,512.23 2 1
github.com/camerarecorder/mediamtx-camera-service-go/internal/security/input_validator.go:512.23,515.3 2 0
github.com/camerarecorder/mediamtx-camera-service-go/internal/security/input_validator.go:517.2,518.9 2 1
github.com/camerarecorder/mediamtx-camera-service-go/internal/security/input_validator.go:518.9,521.3 2 0
github.com/camerarecorder/mediamtx-camera-service-go/internal/security/input_validator.go:523.2,523.21 1 1
github.com/camerarecorder/mediamtx-camera-service-go/internal/security/input_validator.go:523.21,526.3 2 1
github.com/camerarecorder/mediamtx-camera-service-go/internal/security/input_validator.go:529.2,532.112 2 1
github.com/camerarecorder/mediamtx-camera-service-go/internal/security/input_validator.go:532.112,535.3 2 1
github.com/camerarecorder/mediamtx-camera-service-go/internal/security/input_validator.go:538.2,538.78 1 1
github.com/camerarecorder/mediamtx-camera-service-go/internal/security/input_validator.go:538.78,541.3 2 1
github.com/camerarecorder/mediamtx-camera-service-go/internal/security/input_validator.go:543.2,543.15 1 1
github.com/camerarecorder/mediamtx-camera-service-go/internal/security/input_validator.go:547.84,550.21 2 1
github.com/camerarecorder/mediamtx-camera-service-go/internal/security/input_validator.go:550.21,553.3 2 0
github.com/camerarecorder/mediamtx-camera-service-go/internal/security/input_validator.go:555.2,556.9 2 1
github.com/camerarecorder/mediamtx-camera-service-go/internal/security/input_validator.go:556.9,559.3 2 0
github.com/camerarecorder/mediamtx-camera-service-go/internal/security/input_validator.go:561.2,561.23 1 1
github.com/camerarecorder/mediamtx-camera-service-go/internal/security/input_validator.go:561.23,564.3 2 1
github.com/camerarecorder/mediamtx-camera-service-go/internal/security/input_validator.go:567.2,567.28 1 1
github.com/camerarecorder/mediamtx-camera-service-go/internal/security/input_validator.go:567.28,570.3 2 1
github.com/camerarecorder/mediamtx-camera-service-go/internal/security/input_validator.go:573.2,576.41 2 1
github.com/camerarecorder/mediamtx-camera-service-go/internal/security/input_validator.go:576.41,579.3 2 1
github.com/camerarecorder/mediamtx-camera-service-go/internal/security/input_validator.go:582.2,583.38 2 1
github.com/camerarecorder/mediamtx-camera-service-go/internal/security/input_validator.go:583.38,584.42 1 1
github.com/camerarecorder/mediamtx-camera-service-go/internal/security/input_validator.go:584.42,587.4 2 1
github.com/camerarecorder/mediamtx-camera-service-go/internal/security/input_validator.go:591.2,592.42 2 1
github.com/camerarecorder/mediamtx-camera-service-go/internal/security/input_validator.go:592.42,593.59 1 1
github.com/camerarecorder/mediamtx-camera-service-go/internal/security/input_validator.go:593.59,595.4 1 0
github.com/camerarecorder/mediamtx-camera-service-go/internal/security/input_validator.go:598.2,598.15 1 1
github.com/camerarecorder/mediamtx-camera-service-go/internal/security/input_validator.go:602.117,605.18 2 1
github.com/camerarecorder/mediamtx-camera-service-go/internal/security/input_validator.go:605.18,607.3 1 0
github.com/camerarecorder/mediamtx-camera-service-go/internal/security/input_validator.go:609.2,609.27 1 1
github.com/camerarecorder/mediamtx-camera-service-go/internal/security/input_validator.go:610.11,611.25 1 1
github.com/camerarecorder/mediamtx-camera-service-go/internal/security/input_validator.go:611.25,613.4 1 1
github.com/camerarecorder/mediamtx-camera-service-go/internal/security/input_validator.go:614.15,615.67 1 0
github.com/camerarecorder/mediamtx-camera-service-go/internal/security/input_validator.go:615.67,617.4 1 0
github.com/camerarecorder/mediamtx-camera-service-go/internal/security/input_validator.go:618.14,619.81 1 0
github.com/camerarecorder/mediamtx-camera-service-go/internal/security/input_validator.go:619.81,621.4 1 0
github.com/camerarecorder/mediamtx-camera-service-go/internal/security/input_validator.go:622.10,623.114 1 0
github.com/camerarecorder/mediamtx-camera-service-go/internal/security/input_validator.go:626.2,626.15 1 1
github.com/camerarecorder/mediamtx-camera-service-go/internal/security/input_validator.go:630.106,632.2 1 1
github.com/camerarecorder/mediamtx-camera-service-go/internal/security/input_validator.go:635.109,637.2 1 1
github.com/camerarecorder/mediamtx-camera-service-go/internal/security/input_validator.go:640.123,643.18 2 1
github.com/camerarecorder/mediamtx-camera-service-go/internal/security/input_validator.go:643.18,646.3 2 0
github.com/camerarecorder/mediamtx-camera-service-go/internal/security/input_validator.go:648.2,649.9 2 1
github.com/camerarecorder/mediamtx-camera-service-go/internal/security/input_validator.go:649.9,652.3 2 0
github.com/camerarecorder/mediamtx-camera-service-go/internal/security/input_validator.go:654.2,654.30 1 1
github.com/camerarecorder/mediamtx-camera-service-go/internal/security/input_validator.go:654.30,657.3 2 1
github.com/camerarecorder/mediamtx-camera-service-go/internal/security/input_validator.go:660.2,660.47 1 1
github.com/camerarecorder/mediamtx-camera-service-go/internal/security/input_validator.go:660.47,663.3 2 1
github.com/camerarecorder/mediamtx-camera-service-go/internal/security/input_validator.go:666.2,666.27 1 1
github.com/camerarecorder/mediamtx-camera-service-go/internal/security/input_validator.go:666.27,667.16 1 1
github.com/camerarecorder/mediamtx-camera-service-go/internal/security/input_validator.go:667.16,670.4 2 1
github.com/camerarecorder/mediamtx-camera-service-go/internal/security/input_validator.go:674.2,675.22 2 1
github.com/camerarecorder/mediamtx-camera-service-go/internal/security/input_validator.go:675.22,677.3 1 0
github.com/camerarecorder/mediamtx-camera-service-go/internal/security/input_validator.go:679.2,679.15 1 1
github.com/camerarecorder/mediamtx-camera-service-go/internal/security/input_validator.go:683.105,686.18 2 1
github.com/camerarecorder/mediamtx-camera-service-go/internal/security/input_validator.go:686.18,688.3 1 0
github.com/camerarecorder/mediamtx-camera-service-go/internal/security/input_validator.go:690.2,691.9 2 1
github.com/camerarecorder/mediamtx-camera-service-go/internal/security/input_validator.go:691.9,694.3 2 0
github.com/camerarecorder/mediamtx-camera-service-go/internal/security/input_validator.go:697.2,697.47 1 1
github.com/camerarecorder/mediamtx-camera-service-go/internal/security/input_validator.go:697.47,700.3 2 1
github.com/camerarecorder/mediamtx-camera-service-go/internal/security/input_validator.go:703.2,703.27 1 1
github.com/camerarecorder/mediamtx-camera-service-go/internal/security/input_validator.go:703.27,704.16 1 1
github.com/camerarecorder/mediamtx-camera-service-go/internal/security/input_validator.go:704.16,707.4 2 1
github.com/camerarecorder/mediamtx-camera-service-go/internal/security/input_validator.go:711.2,711.15 1 1
github.com/camerarecorder/mediamtx-camera-service-go/internal/security/input_validator.go:711.15,713.23 2 1
github.com/camerarecorder/mediamtx-camera-service-go/internal/security/input_validator.go:713.23,715.4 1 0
github.com/camerarecorder/mediamtx-camera-service-go/internal/security/input_validator.go:718.2,718.15 1 1
github.com/camerarecorder/mediamtx-camera-service-go/internal/security/input_validator.go:722.107,725.18 2 1
github.com/camerarecorder/mediamtx-camera-service-go/internal/security/input_validator.go:725.18,728.3 2 1
github.com/camerarecorder/mediamtx-camera-service-go/internal/security/input_validator.go:730.2,730.27 1 1
github.com/camerarecorder/mediamtx-camera-service-go/internal/security/input_validator.go:731.12,731.12 0 1
github.com/camerarecorder/mediamtx-camera-service-go/internal/security/input_validator.go:733.14,735.86 2 1
github.com/camerarecorder/mediamtx-camera-service-go/internal/security/input_validator.go:735.86,737.4 1 1
github.com/camerarecorder/mediamtx-camera-service-go/internal/security/input_validator.go:738.11,739.23 1 1
github.com/camerarecorder/mediamtx-camera-service-go/internal/security/input_validator.go:739.23,741.4 1 1
github.com/camerarecorder/mediamtx-camera-service-go/internal/security/input_validator.go:742.15,743.27 1 0
github.com/camerarecorder/mediamtx-camera-service-go/internal/security/input_validator.go:743.27,745.4 1 0
github.com/camerarecorder/mediamtx-camera-service-go/internal/security/input_validator.go:746.10,747.73 1 0
github.com/camerarecorder/mediamtx-camera-service-go/internal/security/input_validator.go:750.2,750.15 1 1
github.com/camerarecorder/mediamtx-camera-service-go/internal/security/input_validator.go:754.101,757.19 2 1
github.com/camerarecorder/mediamtx-camera-service-go/internal/security/input_validator.go:757.19,759.3 1 0
github.com/camerarecorder/mediamtx-camera-service-go/internal/security/input_validator.go:762.2,762.46 1 1
github.com/camerarecorder/mediamtx-camera-service-go/internal/security/input_validator.go:762.46,763.70 1 1
github.com/camerarecorder/mediamtx-camera-service-go/internal/security/input_validator.go:763.70,765.4 1 1
github.com/camerarecorder/mediamtx-camera-service-go/internal/security/input_validator.go:769.2,769.48 1 1
github.com/camerarecorder/mediamtx-camera-service-go/internal/security/input_validator.go:769.48,770.74 1 1
github.com/camerarecorder/mediamtx-camera-service-go/internal/security/input_validator.go:770.74,772.4 1 1
github.com/camerarecorder/mediamtx-camera-service-go/internal/security/input_validator.go:776.2,776.28 1 1
github.com/camerarecorder/mediamtx-camera-service-go/internal/security/input_validator.go:776.28,778.3 1 1
github.com/camerarecorder/mediamtx-camera-service-go/internal/security/input_validator.go:780.2,780.15 1 1
github.com/camerarecorder/mediamtx-camera-service-go/internal/security/input_validator.go:784.106,787.19 2 1
github.com/camerarecorder/mediamtx-camera-service-go/internal/security/input_validator.go:787.19,790.3 2 1
github.com/camerarecorder/mediamtx-camera-service-go/internal/security/input_validator.go:793.2,793.48 1 1
github.com/camerarecorder/mediamtx-camera-service-go/internal/security/input_validator.go:793.48,794.78 1 1
github.com/camerarecorder/mediamtx-camera-service-go/internal/security/input_validator.go:794.78,796.4 1 0
github.com/camerarecorder/mediamtx-camera-service-go/internal/security/input_validator.go:797.8,799.3 1 1
github.com/camerarecorder/mediamtx-camera-service-go/internal/security/input_validator.go:802.2,802.60 1 1
github.com/camerarecorder/mediamtx-camera-service-go/internal/security/input_validator.go:802.60,803.109 1 1
github.com/camerarecorder/mediamtx-camera-service-go/internal/security/input_validator.go:803.109,805.4 1 1
github.com/camerarecorder/mediamtx-camera-service-go/internal/security/input_validator.go:808.2,808.48 1 1
github.com/camerarecorder/mediamtx-camera-service-go/internal/security/input_validator.go:808.48,809.92 1 1
github.com/camerarecorder/mediamtx-camera-service-go/internal/security/input_validator.go:809.92,811.4 1 0
github.com/camerarecorder/mediamtx-camera-service-go/internal/security/input_validator.go:811.9,813.51 1 1
github.com/camerarecorder/mediamtx-camera-service-go/internal/security/input_validator.go:813.51,814.37 1 1
github.com/camerarecorder/mediamtx-camera-service-go/internal/security/input_validator.go:814.37,816.6 1 1
github.com/camerarecorder/mediamtx-camera-service-go/internal/security/input_validator.go:821.2,821.46 1 1
github.com/camerarecorder/mediamtx-camera-service-go/internal/security/input_validator.go:821.46,822.88 1 0
github.com/camerarecorder/mediamtx-camera-service-go/internal/security/input_validator.go:822.88,824.4 1 0
github.com/camerarecorder/mediamtx-camera-service-go/internal/security/input_validator.go:827.2,827.50 1 1
github.com/camerarecorder/mediamtx-camera-service-go/internal/security/input_validator.go:827.50,828.97 1 0
github.com/camerarecorder/mediamtx-camera-service-go/internal/security/input_validator.go:828.97,830.4 1 0
github.com/camerarecorder/mediamtx-camera-service-go/internal/security/input_validator.go:833.2,833.51 1 1
github.com/camerarecorder/mediamtx-camera-service-go/internal/security/input_validator.go:833.51,834.97 1 0
github.com/camerarecorder/mediamtx-camera-service-go/internal/security/input_validator.go:834.97,836.4 1 0
github.com/camerarecorder/mediamtx-camera-service-go/internal/security/input_validator.go:839.2,839.52 1 1
github.com/camerarecorder/mediamtx-camera-service-go/internal/security/input_validator.go:839.52,840.101 1 0
github.com/camerarecorder/mediamtx-camera-service-go/internal/security/input_validator.go:840.101,842.4 1 0
github.com/camerarecorder/mediamtx-camera-service-go/internal/security/input_validator.go:845.2,845.59 1 1
github.com/camerarecorder/mediamtx-camera-service-go/internal/security/input_validator.go:845.59,846.115 1 0
github.com/camerarecorder/mediamtx-camera-service-go/internal/security/input_validator.go:846.115,848.4 1 0
github.com/camerarecorder/mediamtx-camera-service-go/internal/security/input_validator.go:851.2,851.63 1 1
github.com/camerarecorder/mediamtx-camera-service-go/internal/security/input_validator.go:851.63,852.114 1 0
github.com/camerarecorder/mediamtx-camera-service-go/internal/security/input_validator.go:852.114,854.4 1 0
github.com/camerarecorder/mediamtx-camera-service-go/internal/security/input_validator.go:858.2,858.28 1 1
github.com/camerarecorder/mediamtx-camera-service-go/internal/security/input_validator.go:858.28,860.3 1 1
github.com/camerarecorder/mediamtx-camera-service-go/internal/security/input_validator.go:862.2,862.15 1 1
github.com/camerarecorder/mediamtx-camera-service-go/internal/security/jwt_handler.go:57.83,58.40 1 1
github.com/camerarecorder/mediamtx-camera-service-go/internal/security/jwt_handler.go:58.40,60.3 1 1
github.com/camerarecorder/mediamtx-camera-service-go/internal/security/jwt_handler.go:63.2,63.19 1 1
github.com/camerarecorder/mediamtx-camera-service-go/internal/security/jwt_handler.go:63.19,65.3 1 0
github.com/camerarecorder/mediamtx-camera-service-go/internal/security/jwt_handler.go:67.2,83.21 3 1
github.com/camerarecorder/mediamtx-camera-service-go/internal/security/jwt_handler.go:88.90,90.37 1 1
github.com/camerarecorder/mediamtx-camera-service-go/internal/security/jwt_handler.go:90.37,92.3 1 1
github.com/camerarecorder/mediamtx-camera-service-go/internal/security/jwt_handler.go:94.2,94.23 1 1
github.com/camerarecorder/mediamtx-camera-service-go/internal/security/jwt_handler.go:94.23,96.3 1 1
github.com/camerarecorder/mediamtx-camera-service-go/internal/security/jwt_handler.go:98.2,98.22 1 1
github.com/camerarecorder/mediamtx-camera-service-go/internal/security/jwt_handler.go:98.22,100.3 1 1
github.com/camerarecorder/mediamtx-camera-service-go/internal/security/jwt_handler.go:103.2,121.16 5 1
github.com/camerarecorder/mediamtx-camera-service-go/internal/security/jwt_handler.go:121.16,124.3 2 0
github.com/camerarecorder/mediamtx-camera-service-go/internal/security/jwt_handler.go:126.2,132.25 2 1
github.com/camerarecorder/mediamtx-camera-service-go/internal/security/jwt_handler.go:141.59,148.13 5 1
github.com/camerarecorder/mediamtx-camera-service-go/internal/security/jwt_handler.go:148.13,157.3 2 1
github.com/camerarecorder/mediamtx-camera-service-go/internal/security/jwt_handler.go:160.2,160.53 1 1
github.com/camerarecorder/mediamtx-camera-service-go/internal/security/jwt_handler.go:160.53,166.3 4 0
github.com/camerarecorder/mediamtx-camera-service-go/internal/security/jwt_handler.go:169.2,169.44 1 1
github.com/camerarecorder/mediamtx-camera-service-go/internal/security/jwt_handler.go:169.44,177.3 2 1
github.com/camerarecorder/mediamtx-camera-service-go/internal/security/jwt_handler.go:180.2,183.13 3 1
github.com/camerarecorder/mediamtx-camera-service-go/internal/security/jwt_handler.go:187.53,194.13 5 1
github.com/camerarecorder/mediamtx-camera-service-go/internal/security/jwt_handler.go:194.13,202.3 2 1
github.com/camerarecorder/mediamtx-camera-service-go/internal/security/jwt_handler.go:205.2,205.53 1 1
github.com/camerarecorder/mediamtx-camera-service-go/internal/security/jwt_handler.go:205.53,210.3 4 0
github.com/camerarecorder/mediamtx-camera-service-go/internal/security/jwt_handler.go:212.2,213.30 2 1
github.com/camerarecorder/mediamtx-camera-service-go/internal/security/jwt_handler.go:217.73,221.59 3 1
github.com/camerarecorder/mediamtx-camera-service-go/internal/security/jwt_handler.go:221.59,229.3 1 1
github.com/camerarecorder/mediamtx-camera-service-go/internal/security/jwt_handler.go:231.2,231.12 1 0
github.com/camerarecorder/mediamtx-camera-service-go/internal/security/jwt_handler.go:235.70,246.2 5 1
github.com/camerarecorder/mediamtx-camera-service-go/internal/security/jwt_handler.go:249.71,256.50 5 1
github.com/camerarecorder/mediamtx-camera-service-go/internal/security/jwt_handler.go:256.50,257.52 1 1
github.com/camerarecorder/mediamtx-camera-service-go/internal/security/jwt_handler.go:257.52,259.4 1 0
github.com/camerarecorder/mediamtx-camera-service-go/internal/security/jwt_handler.go:262.2,262.42 1 1
github.com/camerarecorder/mediamtx-camera-service-go/internal/security/jwt_handler.go:262.42,264.3 1 0
github.com/camerarecorder/mediamtx-camera-service-go/internal/security/jwt_handler.go:266.2,266.29 1 1
github.com/camerarecorder/mediamtx-camera-service-go/internal/security/jwt_handler.go:266.29,268.3 1 0
github.com/camerarecorder/mediamtx-camera-service-go/internal/security/jwt_handler.go:276.76,277.42 1 1
github.com/camerarecorder/mediamtx-camera-service-go/internal/security/jwt_handler.go:277.42,279.3 1 1
github.com/camerarecorder/mediamtx-camera-service-go/internal/security/jwt_handler.go:283.2,283.110 1 1
github.com/camerarecorder/mediamtx-camera-service-go/internal/security/jwt_handler.go:283.110,285.36 1 1
github.com/camerarecorder/mediamtx-camera-service-go/internal/security/jwt_handler.go:285.36,288.4 2 0
github.com/camerarecorder/mediamtx-camera-service-go/internal/security/jwt_handler.go:290.3,291.34 2 1
github.com/camerarecorder/mediamtx-camera-service-go/internal/security/jwt_handler.go:294.2,294.16 1 1
github.com/camerarecorder/mediamtx-camera-service-go/internal/security/jwt_handler.go:294.16,301.3 2 1
github.com/camerarecorder/mediamtx-camera-service-go/internal/security/jwt_handler.go:304.2,305.9 2 1
github.com/camerarecorder/mediamtx-camera-service-go/internal/security/jwt_handler.go:305.9,308.3 2 0
github.com/camerarecorder/mediamtx-camera-service-go/internal/security/jwt_handler.go:310.2,310.18 1 1
github.com/camerarecorder/mediamtx-camera-service-go/internal/security/jwt_handler.go:310.18,313.3 2 0
github.com/camerarecorder/mediamtx-camera-service-go/internal/security/jwt_handler.go:316.2,317.39 2 1
github.com/camerarecorder/mediamtx-camera-service-go/internal/security/jwt_handler.go:317.39,318.42 1 1
github.com/camerarecorder/mediamtx-camera-service-go/internal/security/jwt_handler.go:318.42,321.4 2 0
github.com/camerarecorder/mediamtx-camera-service-go/internal/security/jwt_handler.go:325.2,326.30 2 1
github.com/camerarecorder/mediamtx-camera-service-go/internal/security/jwt_handler.go:326.30,329.3 2 0
github.com/camerarecorder/mediamtx-camera-service-go/internal/security/jwt_handler.go:332.2,333.9 2 1
github.com/camerarecorder/mediamtx-camera-service-go/internal/security/jwt_handler.go:333.9,335.3 1 0
github.com/camerarecorder/mediamtx-camera-service-go/internal/security/jwt_handler.go:337.2,338.9 2 1
github.com/camerarecorder/mediamtx-camera-service-go/internal/security/jwt_handler.go:338.9,340.3 1 0
github.com/camerarecorder/mediamtx-camera-service-go/internal/security/jwt_handler.go:343.2,343.36 1 1
github.com/camerarecorder/mediamtx-camera-service-go/internal/security/jwt_handler.go:343.36,346.3 2 0
github.com/camerarecorder/mediamtx-camera-service-go/internal/security/jwt_handler.go:349.2,362.23 3 1
github.com/camerarecorder/mediamtx-camera-service-go/internal/security/jwt_handler.go:367.62,368.42 1 1
github.com/camerarecorder/mediamtx-camera-service-go/internal/security/jwt_handler.go:368.42,370.3 1 1
github.com/camerarecorder/mediamtx-camera-service-go/internal/security/jwt_handler.go:373.2,374.16 2 1
github.com/camerarecorder/mediamtx-camera-service-go/internal/security/jwt_handler.go:374.16,377.3 2 1
github.com/camerarecorder/mediamtx-camera-service-go/internal/security/jwt_handler.go:379.2,380.9 2 1
github.com/camerarecorder/mediamtx-camera-service-go/internal/security/jwt_handler.go:380.9,382.3 1 0
github.com/camerarecorder/mediamtx-camera-service-go/internal/security/jwt_handler.go:384.2,385.9 2 1
github.com/camerarecorder/mediamtx-camera-service-go/internal/security/jwt_handler.go:385.9,387.3 1 0
github.com/camerarecorder/mediamtx-camera-service-go/internal/security/jwt_handler.go:389.2,389.39 1 1
github.com/camerarecorder/mediamtx-camera-service-go/internal/security/jwt_handler.go:394.44,396.2 1 1
github.com/camerarecorder/mediamtx-camera-service-go/internal/security/jwt_handler.go:399.44,401.2 1 1
github.com/camerarecorder/mediamtx-camera-service-go/internal/security/middleware.go:50.95,55.2 1 1
github.com/camerarecorder/mediamtx-camera-service-go/internal/security/middleware.go:58.76,59.95 1 1
github.com/camerarecorder/mediamtx-camera-service-go/internal/security/middleware.go:59.95,60.32 1 1
github.com/camerarecorder/mediamtx-camera-service-go/internal/security/middleware.go:60.32,70.4 2 1
github.com/camerarecorder/mediamtx-camera-service-go/internal/security/middleware.go:72.3,81.33 2 1
github.com/camerarecorder/mediamtx-camera-service-go/internal/security/middleware.go:93.133,99.2 1 1
github.com/camerarecorder/mediamtx-camera-service-go/internal/security/middleware.go:102.95,103.95 1 1
github.com/camerarecorder/mediamtx-camera-service-go/internal/security/middleware.go:103.95,105.17 2 1
github.com/camerarecorder/mediamtx-camera-service-go/internal/security/middleware.go:105.17,115.4 2 0
github.com/camerarecorder/mediamtx-camera-service-go/internal/security/middleware.go:117.3,117.30 1 1
github.com/camerarecorder/mediamtx-camera-service-go/internal/security/middleware.go:117.30,127.4 2 1
github.com/camerarecorder/mediamtx-camera-service-go/internal/security/middleware.go:129.3,137.33 2 1
github.com/camerarecorder/mediamtx-camera-service-go/internal/security/middleware.go:151.151,159.2 1 1
github.com/camerarecorder/mediamtx-camera-service-go/internal/security/middleware.go:162.110,167.31 2 1
github.com/camerarecorder/mediamtx-camera-service-go/internal/security/middleware.go:167.31,169.3 1 1
github.com/camerarecorder/mediamtx-camera-service-go/internal/security/middleware.go:171.2,178.56 2 1
github.com/camerarecorder/mediamtx-camera-service-go/internal/security/middleware.go:182.85,185.2 2 1
github.com/camerarecorder/mediamtx-camera-service-go/internal/security/middleware.go:188.59,190.34 2 1
github.com/camerarecorder/mediamtx-camera-service-go/internal/security/middleware.go:190.34,192.3 1 1
github.com/camerarecorder/mediamtx-camera-service-go/internal/security/middleware.go:193.2,193.16 1 1
github.com/camerarecorder/mediamtx-camera-service-go/internal/security/middleware.go:197.98,206.2 1 1
github.com/camerarecorder/mediamtx-camera-service-go/internal/security/rate_limiter.go:20.48,26.2 1 1
github.com/camerarecorder/mediamtx-camera-service-go/internal/security/rate_limiter.go:62.105,75.19 2 1
github.com/camerarecorder/mediamtx-camera-service-go/internal/security/rate_limiter.go:75.19,77.3 1 1
github.com/camerarecorder/mediamtx-camera-service-go/internal/security/rate_limiter.go:77.8,80.3 1 1
github.com/camerarecorder/mediamtx-camera-service-go/internal/security/rate_limiter.go:82.2,82.16 1 1
github.com/camerarecorder/mediamtx-camera-service-go/internal/security/rate_limiter.go:88.85,93.48 2 1
github.com/camerarecorder/mediamtx-camera-service-go/internal/security/rate_limiter.go:93.48,102.3 2 1
github.com/camerarecorder/mediamtx-camera-service-go/internal/security/rate_limiter.go:106.52,155.44 2 1
github.com/camerarecorder/mediamtx-camera-service-go/internal/security/rate_limiter.go:155.44,157.3 1 1
github.com/camerarecorder/mediamtx-camera-service-go/internal/security/rate_limiter.go:161.92,172.2 4 1
github.com/camerarecorder/mediamtx-camera-service-go/internal/security/rate_limiter.go:175.75,180.65 3 1
github.com/camerarecorder/mediamtx-camera-service-go/internal/security/rate_limiter.go:180.65,181.48 1 0
github.com/camerarecorder/mediamtx-camera-service-go/internal/security/rate_limiter.go:181.48,188.4 2 0
github.com/camerarecorder/mediamtx-camera-service-go/internal/security/rate_limiter.go:190.3,190.39 1 0
github.com/camerarecorder/mediamtx-camera-service-go/internal/security/rate_limiter.go:194.2,195.13 2 1
github.com/camerarecorder/mediamtx-camera-service-go/internal/security/rate_limiter.go:195.13,203.3 2 1
github.com/camerarecorder/mediamtx-camera-service-go/internal/security/rate_limiter.go:206.2,210.32 3 1
github.com/camerarecorder/mediamtx-camera-service-go/internal/security/rate_limiter.go:210.32,217.3 2 0
github.com/camerarecorder/mediamtx-camera-service-go/internal/security/rate_limiter.go:220.2,220.56 1 1
github.com/camerarecorder/mediamtx-camera-service-go/internal/security/rate_limiter.go:220.56,224.29 2 0
github.com/camerarecorder/mediamtx-camera-service-go/internal/security/rate_limiter.go:224.29,235.38 3 0
github.com/camerarecorder/mediamtx-camera-service-go/internal/security/rate_limiter.go:235.38,243.5 2 0
github.com/camerarecorder/mediamtx-camera-service-go/internal/security/rate_limiter.go:245.4,245.66 1 0
github.com/camerarecorder/mediamtx-camera-service-go/internal/security/rate_limiter.go:250.2,250.64 1 1
github.com/camerarecorder/mediamtx-camera-service-go/internal/security/rate_limiter.go:250.64,262.36 3 0
github.com/camerarecorder/mediamtx-camera-service-go/internal/security/rate_limiter.go:262.36,270.4 2 0
github.com/camerarecorder/mediamtx-camera-service-go/internal/security/rate_limiter.go:272.3,272.50 1 0
github.com/camerarecorder/mediamtx-camera-service-go/internal/security/rate_limiter.go:275.2,275.12 1 1
github.com/camerarecorder/mediamtx-camera-service-go/internal/security/rate_limiter.go:279.68,290.2 5 1
github.com/camerarecorder/mediamtx-camera-service-go/internal/security/rate_limiter.go:293.88,298.13 4 1
github.com/camerarecorder/mediamtx-camera-service-go/internal/security/rate_limiter.go:298.13,303.3 1 1
github.com/camerarecorder/mediamtx-camera-service-go/internal/security/rate_limiter.go:305.2,315.3 2 1
github.com/camerarecorder/mediamtx-camera-service-go/internal/security/rate_limiter.go:319.86,324.13 4 1
github.com/camerarecorder/mediamtx-camera-service-go/internal/security/rate_limiter.go:324.13,329.3 1 0
github.com/camerarecorder/mediamtx-camera-service-go/internal/security/rate_limiter.go:331.2,337.3 1 1
github.com/camerarecorder/mediamtx-camera-service-go/internal/security/rate_limiter.go:341.73,352.2 3 1
github.com/camerarecorder/mediamtx-camera-service-go/internal/security/rate_limiter.go:355.73,362.54 5 1
github.com/camerarecorder/mediamtx-camera-service-go/internal/security/rate_limiter.go:362.54,363.47 1 1
github.com/camerarecorder/mediamtx-camera-service-go/internal/security/rate_limiter.go:363.47,366.4 2 1
github.com/camerarecorder/mediamtx-camera-service-go/internal/security/rate_limiter.go:370.2,370.54 1 1
github.com/camerarecorder/mediamtx-camera-service-go/internal/security/rate_limiter.go:370.54,371.45 1 0
github.com/camerarecorder/mediamtx-camera-service-go/internal/security/rate_limiter.go:371.45,373.4 1 0
github.com/camerarecorder/mediamtx-camera-service-go/internal/security/rate_limiter.go:376.2,376.17 1 1
github.com/camerarecorder/mediamtx-camera-service-go/internal/security/rate_limiter.go:376.17,381.3 1 1
github.com/camerarecorder/mediamtx-camera-service-go/internal/security/rate_limiter.go:385.85,386.12 1 1
github.com/camerarecorder/mediamtx-camera-service-go/internal/security/rate_limiter.go:386.12,390.22 3 1
github.com/camerarecorder/mediamtx-camera-service-go/internal/security/rate_limiter.go:390.22,392.4 1 1
github.com/camerarecorder/mediamtx-camera-service-go/internal/security/role_manager.go:38.31,39.42 1 1
github.com/camerarecorder/mediamtx-camera-service-go/internal/security/role_manager.go:39.42,41.3 1 1
github.com/camerarecorder/mediamtx-camera-service-go/internal/security/role_manager.go:42.2,42.18 1 0
github.com/camerarecorder/mediamtx-camera-service-go/internal/security/role_manager.go:54.48,98.39 5 1
github.com/camerarecorder/mediamtx-camera-service-go/internal/security/role_manager.go:98.39,100.3 1 1
github.com/camerarecorder/mediamtx-camera-service-go/internal/security/role_manager.go:102.2,102.41 1 1
github.com/camerarecorder/mediamtx-camera-service-go/internal/security/role_manager.go:102.41,104.3 1 1
github.com/camerarecorder/mediamtx-camera-service-go/internal/security/role_manager.go:106.2,106.38 1 1
github.com/camerarecorder/mediamtx-camera-service-go/internal/security/role_manager.go:106.38,108.3 1 1
github.com/camerarecorder/mediamtx-camera-service-go/internal/security/role_manager.go:110.2,111.16 2 1
github.com/camerarecorder/mediamtx-camera-service-go/internal/security/role_manager.go:116.78,117.37 1 1
github.com/camerarecorder/mediamtx-camera-service-go/internal/security/role_manager.go:117.37,120.3 2 0
github.com/camerarecorder/mediamtx-camera-service-go/internal/security/role_manager.go:122.2,123.13 2 1
github.com/camerarecorder/mediamtx-camera-service-go/internal/security/role_manager.go:123.13,126.3 2 1
github.com/camerarecorder/mediamtx-camera-service-go/internal/security/role_manager.go:128.2,137.22 3 1
github.com/camerarecorder/mediamtx-camera-service-go/internal/security/role_manager.go:142.65,143.37 1 1
github.com/camerarecorder/mediamtx-camera-service-go/internal/security/role_manager.go:143.37,145.3 1 1
github.com/camerarecorder/mediamtx-camera-service-go/internal/security/role_manager.go:147.2,148.13 2 1
github.com/camerarecorder/mediamtx-camera-service-go/internal/security/role_manager.go:148.13,151.3 2 1
github.com/camerarecorder/mediamtx-camera-service-go/internal/security/role_manager.go:153.2,153.21 1 1
github.com/camerarecorder/mediamtx-camera-service-go/internal/security/role_manager.go:158.75,159.41 1 1
github.com/camerarecorder/mediamtx-camera-service-go/internal/security/role_manager.go:159.41,161.3 1 1
github.com/camerarecorder/mediamtx-camera-service-go/internal/security/role_manager.go:163.2,164.13 2 1
github.com/camerarecorder/mediamtx-camera-service-go/internal/security/role_manager.go:164.13,166.3 1 1
github.com/camerarecorder/mediamtx-camera-service-go/internal/security/role_manager.go:168.2,168.18 1 1
github.com/camerarecorder/mediamtx-camera-service-go/internal/security/role_manager.go:173.63,175.36 2 1
github.com/camerarecorder/mediamtx-camera-service-go/internal/security/role_manager.go:175.36,177.3 1 1
github.com/camerarecorder/mediamtx-camera-service-go/internal/security/role_manager.go:178.2,178.18 1 1
github.com/camerarecorder/mediamtx-camera-service-go/internal/security/role_manager.go:183.70,185.48 2 1
github.com/camerarecorder/mediamtx-camera-service-go/internal/security/role_manager.go:185.48,187.3 1 1
github.com/camerarecorder/mediamtx-camera-service-go/internal/security/role_manager.go:188.2,188.20 1 1
github.com/camerarecorder/mediamtx-camera-service-go/internal/security/role_manager.go:193.89,194.37 1 1
github.com/camerarecorder/mediamtx-camera-service-go/internal/security/role_manager.go:194.37,196.3 1 1
github.com/camerarecorder/mediamtx-camera-service-go/internal/security/role_manager.go:198.2,198.59 1 1
github.com/camerarecorder/mediamtx-camera-service-go/internal/security/role_manager.go:198.59,200.3 1 1
github.com/camerarecorder/mediamtx-camera-service-go/internal/security/role_manager.go:202.2,209.12 3 1
github.com/camerarecorder/mediamtx-camera-service-go/internal/security/role_manager.go:214.73,215.37 1 1
github.com/camerarecorder/mediamtx-camera-service-go/internal/security/role_manager.go:215.37,217.3 1 1
github.com/camerarecorder/mediamtx-camera-service-go/internal/security/role_manager.go:219.2,219.55 1 1
github.com/camerarecorder/mediamtx-camera-service-go/internal/security/role_manager.go:219.55,221.3 1 0
github.com/camerarecorder/mediamtx-camera-service-go/internal/security/role_manager.go:223.2,226.12 3 1
github.com/camerarecorder/mediamtx-camera-service-go/internal/security/session_manager.go:41.87,59.2 4 1
github.com/camerarecorder/mediamtx-camera-service-go/internal/security/session_manager.go:63.85,64.18 1 1
github.com/camerarecorder/mediamtx-camera-service-go/internal/security/session_manager.go:64.18,66.3 1 1
github.com/camerarecorder/mediamtx-camera-service-go/internal/security/session_manager.go:68.2,68.43 1 1
github.com/camerarecorder/mediamtx-camera-service-go/internal/security/session_manager.go:68.43,70.3 1 1
github.com/camerarecorder/mediamtx-camera-service-go/internal/security/session_manager.go:72.2,95.21 8 1
github.com/camerarecorder/mediamtx-camera-service-go/internal/security/session_manager.go:102.79,103.21 1 1
github.com/camerarecorder/mediamtx-camera-service-go/internal/security/session_manager.go:103.21,105.3 1 1
github.com/camerarecorder/mediamtx-camera-service-go/internal/security/session_manager.go:107.2,111.13 4 1
github.com/camerarecorder/mediamtx-camera-service-go/internal/security/session_manager.go:111.13,114.3 2 1
github.com/camerarecorder/mediamtx-camera-service-go/internal/security/session_manager.go:117.2,117.41 1 1
github.com/camerarecorder/mediamtx-camera-service-go/internal/security/session_manager.go:117.41,122.3 3 0
github.com/camerarecorder/mediamtx-camera-service-go/internal/security/session_manager.go:125.2,133.21 3 1
github.com/camerarecorder/mediamtx-camera-service-go/internal/security/session_manager.go:138.60,139.21 1 1
github.com/camerarecorder/mediamtx-camera-service-go/internal/security/session_manager.go:139.21,141.3 1 1
github.com/camerarecorder/mediamtx-camera-service-go/internal/security/session_manager.go:143.2,146.55 3 1
github.com/camerarecorder/mediamtx-camera-service-go/internal/security/session_manager.go:146.55,148.3 1 1
github.com/camerarecorder/mediamtx-camera-service-go/internal/security/session_manager.go:153.59,157.49 3 1
github.com/camerarecorder/mediamtx-camera-service-go/internal/security/session_manager.go:157.49,160.3 2 1
github.com/camerarecorder/mediamtx-camera-service-go/internal/security/session_manager.go:165.52,170.46 4 1
github.com/camerarecorder/mediamtx-camera-service-go/internal/security/session_manager.go:170.46,171.35 1 1
github.com/camerarecorder/mediamtx-camera-service-go/internal/security/session_manager.go:171.35,173.4 1 1
github.com/camerarecorder/mediamtx-camera-service-go/internal/security/session_manager.go:175.2,178.44 2 1
github.com/camerarecorder/mediamtx-camera-service-go/internal/security/session_manager.go:178.44,180.3 1 1
github.com/camerarecorder/mediamtx-camera-service-go/internal/security/session_manager.go:182.2,182.30 1 1
github.com/camerarecorder/mediamtx-camera-service-go/internal/security/session_manager.go:182.30,184.3 1 1
github.com/camerarecorder/mediamtx-camera-service-go/internal/security/session_manager.go:188.42,192.12 3 1
github.com/camerarecorder/mediamtx-camera-service-go/internal/security/session_manager.go:192.12,194.7 2 1
github.com/camerarecorder/mediamtx-camera-service-go/internal/security/session_manager.go:194.7,195.11 1 1
github.com/camerarecorder/mediamtx-camera-service-go/internal/security/session_manager.go:196.30,197.32 1 1
github.com/camerarecorder/mediamtx-camera-service-go/internal/security/session_manager.go:198.23,199.11 1 1
github.com/camerarecorder/mediamtx-camera-service-go/internal/security/session_manager.go:207.34,208.29 1 1
github.com/camerarecorder/mediamtx-camera-service-go/internal/security/session_manager.go:208.29,210.3 1 1
github.com/camerarecorder/mediamtx-camera-service-go/internal/security/session_manager.go:211.2,214.43 3 1
github.com/camerarecorder/mediamtx-camera-service-go/internal/security/session_manager.go:218.49,222.2 3 1
github.com/camerarecorder/mediamtx-camera-service-go/internal/security/session_manager.go:225.68,235.38 4 1
github.com/camerarecorder/mediamtx-camera-service-go/internal/security/session_manager.go:235.38,238.3 2 1
github.com/camerarecorder/mediamtx-camera-service-go/internal/security/session_manager.go:240.2,240.14 1 1
github.com/camerarecorder/mediamtx-camera-service-go/internal/security/session_manager.go:245.72,246.18 1 1
github.com/camerarecorder/mediamtx-camera-service-go/internal/security/session_manager.go:246.18,248.3 1 1
github.com/camerarecorder/mediamtx-camera-service-go/internal/security/session_manager.go:250.2,254.38 4 1
github.com/camerarecorder/mediamtx-camera-service-go/internal/security/session_manager.go:254.38,255.31 1 1
github.com/camerarecorder/mediamtx-camera-service-go/internal/security/session_manager.go:255.31,257.4 1 1
github.com/camerarecorder/mediamtx-camera-service-go/internal/security/session_manager.go:260.2,260.21 1 1
github.com/camerarecorder/mediamtx-camera-service-go/internal/security/session_manager.go:265.71,266.18 1 1
github.com/camerarecorder/mediamtx-camera-service-go/internal/security/session_manager.go:266.18,268.3 1 1
github.com/camerarecorder/mediamtx-camera-service-go/internal/security/session_manager.go:270.2,274.46 4 1
github.com/camerarecorder/mediamtx-camera-service-go/internal/security/session_manager.go:274.46,275.31 1 1
github.com/camerarecorder/mediamtx-camera-service-go/internal/security/session_manager.go:275.31,277.4 1 1
github.com/camerarecorder/mediamtx-camera-service-go/internal/security/session_manager.go:280.2,280.45 1 1
github.com/camerarecorder/mediamtx-camera-service-go/internal/security/session_manager.go:280.45,282.3 1 1
github.com/camerarecorder/mediamtx-camera-service-go/internal/security/session_manager.go:284.2,289.12 2 1
github.com/camerarecorder/mediamtx-camera-service-go/internal/security/test_helpers.go:30.47,37.2 4 1
github.com/camerarecorder/mediamtx-camera-service-go/internal/security/test_helpers.go:40.97,45.2 4 1
github.com/camerarecorder/mediamtx-camera-service-go/internal/security/test_helpers.go:48.124,53.2 4 0
github.com/camerarecorder/mediamtx-camera-service-go/internal/security/test_helpers.go:56.104,84.2 9 1
github.com/camerarecorder/mediamtx-camera-service-go/internal/security/test_helpers.go:91.61,108.2 10 1
github.com/camerarecorder/mediamtx-camera-service-go/internal/security/test_helpers.go:118.34,124.2 1 0
github.com/camerarecorder/mediamtx-camera-service-go/internal/security/test_helpers.go:135.34,142.2 1 0
github.com/camerarecorder/mediamtx-camera-service-go/internal/security/test_helpers.go:149.55,153.2 3 1
github.com/camerarecorder/mediamtx-camera-service-go/internal/security/test_helpers.go:156.105,164.2 7 1
github.com/camerarecorder/mediamtx-camera-service-go/internal/security/test_helpers.go:167.131,170.29 2 0
github.com/camerarecorder/mediamtx-camera-service-go/internal/security/test_helpers.go:170.29,172.16 2 0
github.com/camerarecorder/mediamtx-camera-service-go/internal/security/test_helpers.go:172.16,174.4 1 0
github.com/camerarecorder/mediamtx-camera-service-go/internal/security/test_helpers.go:175.3,175.67 1 0
github.com/camerarecorder/mediamtx-camera-service-go/internal/security/test_helpers.go:178.2,178.17 1 0
github.com/camerarecorder/mediamtx-camera-service-go/internal/security/test_helpers.go:196.74,208.2 2 1
github.com/camerarecorder/mediamtx-camera-service-go/internal/security/test_helpers.go:211.82,212.16 1 1
github.com/camerarecorder/mediamtx-camera-service-go/internal/security/test_helpers.go:212.16,213.32 1 1
github.com/camerarecorder/mediamtx-camera-service-go/internal/security/test_helpers.go:213.32,215.4 1 1
github.com/camerarecorder/mediamtx-camera-service-go/internal/security/test_helpers.go:224.87,229.2 4 0
github.com/camerarecorder/mediamtx-camera-service-go/internal/security/test_helpers.go:232.99,238.2 5 0
github.com/camerarecorder/mediamtx-camera-service-go/internal/security/test_helpers.go:253.47,260.2 1 0
github.com/camerarecorder/mediamtx-camera-service-go/internal/security/test_helpers.go:267.65,269.27 2 0
github.com/camerarecorder/mediamtx-camera-service-go/internal/security/test_helpers.go:269.27,271.3 1 0
github.com/camerarecorder/mediamtx-camera-service-go/internal/security/test_helpers.go:275.98,281.35 4 0
github.com/camerarecorder/mediamtx-camera-service-go/internal/security/test_helpers.go:281.35,283.13 2 0
github.com/camerarecorder/mediamtx-camera-service-go/internal/security/test_helpers.go:283.13,285.36 2 0
github.com/camerarecorder/mediamtx-camera-service-go/internal/security/test_helpers.go:285.36,286.12 1 0
github.com/camerarecorder/mediamtx-camera-service-go/internal/security/test_helpers.go:286.12,287.19 1 0
github.com/camerarecorder/mediamtx-camera-service-go/internal/security/test_helpers.go:287.19,288.35 1 0
github.com/camerarecorder/mediamtx-camera-service-go/internal/security/test_helpers.go:288.35,290.8 1 0
github.com/camerarecorder/mediamtx-camera-service-go/internal/security/test_helpers.go:292.6,292.17 1 0
github.com/camerarecorder/mediamtx-camera-service-go/internal/security/test_helpers.go:298.2,306.26 6 0
github.com/camerarecorder/mediamtx-camera-service-go/internal/security/test_helpers.go:306.26,309.3 2 0
github.com/camerarecorder/mediamtx-camera-service-go/internal/security/test_helpers.go:311.2,316.22 3 0
github.com/camerarecorder/mediamtx-camera-service-go/internal/security/test_helpers.go:316.22,318.3 1 0
github.com/camerarecorder/mediamtx-camera-service-go/internal/security/test_helpers.go:339.40,347.2 1 0
github.com/camerarecorder/mediamtx-camera-service-go/internal/security/test_helpers.go:350.51,354.2 3 0
github.com/camerarecorder/mediamtx-camera-service-go/internal/security/test_helpers.go:356.51,360.2 3 0
github.com/camerarecorder/mediamtx-camera-service-go/internal/security/test_helpers.go:362.52,366.2 3 0
github.com/camerarecorder/mediamtx-camera-service-go/internal/security/test_helpers.go:368.52,372.2 3 0
github.com/camerarecorder/mediamtx-camera-service-go/internal/security/test_helpers.go:376.87,381.2 4 0
github.com/camerarecorder/mediamtx-camera-service-go/internal/security/test_helpers.go:384.48,388.2 3 0
github.com/camerarecorder/mediamtx-camera-service-go/internal/security/test_helpers.go:390.48,394.2 3 0
github.com/camerarecorder/mediamtx-camera-service-go/internal/security/test_helpers.go:396.49,400.2 3 0
github.com/camerarecorder/mediamtx-camera-service-go/internal/security/test_helpers.go:402.49,406.2 3 0
github.com/camerarecorder/mediamtx-camera-service-go/internal/security/test_helpers.go:408.66,412.2 3 0
github.com/camerarecorder/mediamtx-camera-service-go/internal/security/test_helpers.go:415.37,423.2 7 0
github.com/camerarecorder/mediamtx-camera-service-go/internal/security/test_helpers.go:426.40,431.2 3 0
github.com/camerarecorder/mediamtx-camera-service-go/internal/security/test_helpers.go:434.40,438.2 3 0
github.com/camerarecorder/mediamtx-camera-service-go/internal/security/test_helpers.go:452.46,462.2 1 0
github.com/camerarecorder/mediamtx-camera-service-go/internal/security/test_helpers.go:494.60,496.2 1 0
github.com/camerarecorder/mediamtx-camera-service-go/internal/security/test_helpers.go:499.48,503.2 1 0
github.com/camerarecorder/mediamtx-camera-service-go/internal/security/test_helpers.go:507.91,510.2 2 0
github.com/camerarecorder/mediamtx-camera-service-go/internal/security/test_helpers.go:514.53,518.2 1 0
github.com/camerarecorder/mediamtx-camera-service-go/internal/security/test_helpers.go:531.50,533.2 1 0
