mode: set
github.com/camerarecorder/mediamtx-camera-service-go/internal/camera/hybrid_monitor.go:85.24,86.26 1 0
github.com/camerarecorder/mediamtx-camera-service-go/internal/camera/hybrid_monitor.go:86.26,87.84 1 0
github.com/camerarecorder/mediamtx-camera-service-go/internal/camera/hybrid_monitor.go:90.2,90.19 1 0
github.com/camerarecorder/mediamtx-camera-service-go/internal/camera/hybrid_monitor.go:90.19,92.3 1 0
github.com/camerarecorder/mediamtx-camera-service-go/internal/camera/hybrid_monitor.go:94.2,95.16 2 0
github.com/camerarecorder/mediamtx-camera-service-go/internal/camera/hybrid_monitor.go:95.16,96.65 1 0
github.com/camerarecorder/mediamtx-camera-service-go/internal/camera/hybrid_monitor.go:99.2,156.16 4 0
github.com/camerarecorder/mediamtx-camera-service-go/internal/camera/hybrid_monitor.go:160.83,179.16 14 0
github.com/camerarecorder/mediamtx-camera-service-go/internal/camera/hybrid_monitor.go:179.16,182.3 1 0
github.com/camerarecorder/mediamtx-camera-service-go/internal/camera/hybrid_monitor.go:185.2,186.39 2 0
github.com/camerarecorder/mediamtx-camera-service-go/internal/camera/hybrid_monitor.go:186.39,191.3 1 0
github.com/camerarecorder/mediamtx-camera-service-go/internal/camera/hybrid_monitor.go:192.2,192.55 1 0
github.com/camerarecorder/mediamtx-camera-service-go/internal/camera/hybrid_monitor.go:192.55,197.3 1 0
github.com/camerarecorder/mediamtx-camera-service-go/internal/camera/hybrid_monitor.go:198.2,198.59 1 0
github.com/camerarecorder/mediamtx-camera-service-go/internal/camera/hybrid_monitor.go:198.59,203.3 1 0
github.com/camerarecorder/mediamtx-camera-service-go/internal/camera/hybrid_monitor.go:205.2,205.22 1 0
github.com/camerarecorder/mediamtx-camera-service-go/internal/camera/hybrid_monitor.go:205.22,210.3 1 0
github.com/camerarecorder/mediamtx-camera-service-go/internal/camera/hybrid_monitor.go:214.64,218.15 3 0
github.com/camerarecorder/mediamtx-camera-service-go/internal/camera/hybrid_monitor.go:218.15,220.3 1 0
github.com/camerarecorder/mediamtx-camera-service-go/internal/camera/hybrid_monitor.go:222.2,235.12 6 0
github.com/camerarecorder/mediamtx-camera-service-go/internal/camera/hybrid_monitor.go:239.44,243.16 3 0
github.com/camerarecorder/mediamtx-camera-service-go/internal/camera/hybrid_monitor.go:243.16,245.3 1 0
github.com/camerarecorder/mediamtx-camera-service-go/internal/camera/hybrid_monitor.go:247.2,252.9 4 0
github.com/camerarecorder/mediamtx-camera-service-go/internal/camera/hybrid_monitor.go:253.20,253.20 0 0
github.com/camerarecorder/mediamtx-camera-service-go/internal/camera/hybrid_monitor.go:255.10,256.20 1 0
github.com/camerarecorder/mediamtx-camera-service-go/internal/camera/hybrid_monitor.go:259.2,263.12 2 0
github.com/camerarecorder/mediamtx-camera-service-go/internal/camera/hybrid_monitor.go:267.48,271.2 3 0
github.com/camerarecorder/mediamtx-camera-service-go/internal/camera/hybrid_monitor.go:274.78,279.43 4 0
github.com/camerarecorder/mediamtx-camera-service-go/internal/camera/hybrid_monitor.go:279.43,280.45 1 0
github.com/camerarecorder/mediamtx-camera-service-go/internal/camera/hybrid_monitor.go:280.45,282.4 1 0
github.com/camerarecorder/mediamtx-camera-service-go/internal/camera/hybrid_monitor.go:285.2,285.18 1 0
github.com/camerarecorder/mediamtx-camera-service-go/internal/camera/hybrid_monitor.go:289.82,295.2 4 0
github.com/camerarecorder/mediamtx-camera-service-go/internal/camera/hybrid_monitor.go:298.63,320.2 4 0
github.com/camerarecorder/mediamtx-camera-service-go/internal/camera/hybrid_monitor.go:323.75,332.2 4 0
github.com/camerarecorder/mediamtx-camera-service-go/internal/camera/hybrid_monitor.go:335.80,343.2 4 0
github.com/camerarecorder/mediamtx-camera-service-go/internal/camera/hybrid_monitor.go:346.67,347.15 1 0
github.com/camerarecorder/mediamtx-camera-service-go/internal/camera/hybrid_monitor.go:347.15,351.3 3 0
github.com/camerarecorder/mediamtx-camera-service-go/internal/camera/hybrid_monitor.go:353.2,362.6 4 0
github.com/camerarecorder/mediamtx-camera-service-go/internal/camera/hybrid_monitor.go:362.6,363.10 1 0
github.com/camerarecorder/mediamtx-camera-service-go/internal/camera/hybrid_monitor.go:364.21,369.10 2 0
github.com/camerarecorder/mediamtx-camera-service-go/internal/camera/hybrid_monitor.go:370.21,375.10 2 0
github.com/camerarecorder/mediamtx-camera-service-go/internal/camera/hybrid_monitor.go:376.19,378.29 2 0
github.com/camerarecorder/mediamtx-camera-service-go/internal/camera/hybrid_monitor.go:384.49,394.42 7 0
github.com/camerarecorder/mediamtx-camera-service-go/internal/camera/hybrid_monitor.go:394.42,396.20 2 0
github.com/camerarecorder/mediamtx-camera-service-go/internal/camera/hybrid_monitor.go:396.20,401.18 4 0
github.com/camerarecorder/mediamtx-camera-service-go/internal/camera/hybrid_monitor.go:401.18,408.5 2 0
github.com/camerarecorder/mediamtx-camera-service-go/internal/camera/hybrid_monitor.go:410.4,410.103 1 0
github.com/camerarecorder/mediamtx-camera-service-go/internal/camera/hybrid_monitor.go:410.103,412.5 1 0
github.com/camerarecorder/mediamtx-camera-service-go/internal/camera/hybrid_monitor.go:417.2,417.12 1 0
github.com/camerarecorder/mediamtx-camera-service-go/internal/camera/hybrid_monitor.go:417.12,420.3 2 0
github.com/camerarecorder/mediamtx-camera-service-go/internal/camera/hybrid_monitor.go:423.2,423.33 1 0
github.com/camerarecorder/mediamtx-camera-service-go/internal/camera/hybrid_monitor.go:423.33,425.3 1 0
github.com/camerarecorder/mediamtx-camera-service-go/internal/camera/hybrid_monitor.go:427.2,427.45 1 0
github.com/camerarecorder/mediamtx-camera-service-go/internal/camera/hybrid_monitor.go:431.111,433.41 1 0
github.com/camerarecorder/mediamtx-camera-service-go/internal/camera/hybrid_monitor.go:433.41,435.3 1 0
github.com/camerarecorder/mediamtx-camera-service-go/internal/camera/hybrid_monitor.go:437.2,449.37 5 0
github.com/camerarecorder/mediamtx-camera-service-go/internal/camera/hybrid_monitor.go:449.37,454.3 3 0
github.com/camerarecorder/mediamtx-camera-service-go/internal/camera/hybrid_monitor.go:454.8,454.40 1 0
github.com/camerarecorder/mediamtx-camera-service-go/internal/camera/hybrid_monitor.go:454.40,456.59 1 0
github.com/camerarecorder/mediamtx-camera-service-go/internal/camera/hybrid_monitor.go:456.59,464.4 3 0
github.com/camerarecorder/mediamtx-camera-service-go/internal/camera/hybrid_monitor.go:465.8,467.3 1 0
github.com/camerarecorder/mediamtx-camera-service-go/internal/camera/hybrid_monitor.go:469.2,469.20 1 0
github.com/camerarecorder/mediamtx-camera-service-go/internal/camera/hybrid_monitor.go:473.83,476.62 2 0
github.com/camerarecorder/mediamtx-camera-service-go/internal/camera/hybrid_monitor.go:476.62,485.3 7 0
github.com/camerarecorder/mediamtx-camera-service-go/internal/camera/hybrid_monitor.go:486.2,495.16 7 0
github.com/camerarecorder/mediamtx-camera-service-go/internal/camera/hybrid_monitor.go:495.16,500.3 4 0
github.com/camerarecorder/mediamtx-camera-service-go/internal/camera/hybrid_monitor.go:503.2,504.16 2 0
github.com/camerarecorder/mediamtx-camera-service-go/internal/camera/hybrid_monitor.go:504.16,509.3 4 0
github.com/camerarecorder/mediamtx-camera-service-go/internal/camera/hybrid_monitor.go:512.2,521.16 7 0
github.com/camerarecorder/mediamtx-camera-service-go/internal/camera/hybrid_monitor.go:521.16,531.3 2 0
github.com/camerarecorder/mediamtx-camera-service-go/internal/camera/hybrid_monitor.go:531.8,534.17 2 0
github.com/camerarecorder/mediamtx-camera-service-go/internal/camera/hybrid_monitor.go:534.17,541.4 2 0
github.com/camerarecorder/mediamtx-camera-service-go/internal/camera/hybrid_monitor.go:541.9,543.4 1 0
github.com/camerarecorder/mediamtx-camera-service-go/internal/camera/hybrid_monitor.go:546.2,550.12 4 0
github.com/camerarecorder/mediamtx-camera-service-go/internal/camera/hybrid_monitor.go:554.64,569.2 1 0
github.com/camerarecorder/mediamtx-camera-service-go/internal/camera/hybrid_monitor.go:572.98,577.43 3 0
github.com/camerarecorder/mediamtx-camera-service-go/internal/camera/hybrid_monitor.go:577.43,578.56 1 0
github.com/camerarecorder/mediamtx-camera-service-go/internal/camera/hybrid_monitor.go:578.56,594.4 6 0
github.com/camerarecorder/mediamtx-camera-service-go/internal/camera/hybrid_monitor.go:594.9,597.40 2 0
github.com/camerarecorder/mediamtx-camera-service-go/internal/camera/hybrid_monitor.go:597.40,614.5 7 0
github.com/camerarecorder/mediamtx-camera-service-go/internal/camera/hybrid_monitor.go:619.2,619.43 1 0
github.com/camerarecorder/mediamtx-camera-service-go/internal/camera/hybrid_monitor.go:619.43,620.49 1 0
github.com/camerarecorder/mediamtx-camera-service-go/internal/camera/hybrid_monitor.go:620.49,635.4 6 0
github.com/camerarecorder/mediamtx-camera-service-go/internal/camera/hybrid_monitor.go:640.115,650.42 3 0
github.com/camerarecorder/mediamtx-camera-service-go/internal/camera/hybrid_monitor.go:650.42,651.33 1 0
github.com/camerarecorder/mediamtx-camera-service-go/internal/camera/hybrid_monitor.go:651.33,652.79 1 0
github.com/camerarecorder/mediamtx-camera-service-go/internal/camera/hybrid_monitor.go:652.79,658.5 1 0
github.com/camerarecorder/mediamtx-camera-service-go/internal/camera/hybrid_monitor.go:661.2,665.44 3 0
github.com/camerarecorder/mediamtx-camera-service-go/internal/camera/hybrid_monitor.go:665.44,667.3 1 0
github.com/camerarecorder/mediamtx-camera-service-go/internal/camera/hybrid_monitor.go:668.2,668.31 1 0
github.com/camerarecorder/mediamtx-camera-service-go/internal/camera/hybrid_monitor.go:672.55,676.31 2 0
github.com/camerarecorder/mediamtx-camera-service-go/internal/camera/hybrid_monitor.go:676.31,680.3 2 0
github.com/camerarecorder/mediamtx-camera-service-go/internal/camera/hybrid_monitor.go:680.8,683.3 1 0
github.com/camerarecorder/mediamtx-camera-service-go/internal/camera/hybrid_monitor.go:686.2,686.51 1 0
github.com/camerarecorder/mediamtx-camera-service-go/internal/camera/hybrid_monitor.go:686.51,697.3 4 0
github.com/camerarecorder/mediamtx-camera-service-go/internal/camera/hybrid_monitor.go:701.32,702.11 1 0
github.com/camerarecorder/mediamtx-camera-service-go/internal/camera/hybrid_monitor.go:702.11,704.3 1 0
github.com/camerarecorder/mediamtx-camera-service-go/internal/camera/hybrid_monitor.go:705.2,705.10 1 0
github.com/camerarecorder/mediamtx-camera-service-go/internal/camera/hybrid_monitor.go:708.32,709.11 1 0
github.com/camerarecorder/mediamtx-camera-service-go/internal/camera/hybrid_monitor.go:709.11,711.3 1 0
github.com/camerarecorder/mediamtx-camera-service-go/internal/camera/hybrid_monitor.go:712.2,712.10 1 0
github.com/camerarecorder/mediamtx-camera-service-go/internal/camera/hybrid_monitor.go:715.29,716.11 1 0
github.com/camerarecorder/mediamtx-camera-service-go/internal/camera/hybrid_monitor.go:716.11,718.3 1 0
github.com/camerarecorder/mediamtx-camera-service-go/internal/camera/hybrid_monitor.go:719.2,719.10 1 0
github.com/camerarecorder/mediamtx-camera-service-go/internal/camera/real_implementations.go:15.54,18.2 2 0
github.com/camerarecorder/mediamtx-camera-service-go/internal/camera/real_implementations.go:23.112,28.16 4 0
github.com/camerarecorder/mediamtx-camera-service-go/internal/camera/real_implementations.go:28.16,30.3 1 0
github.com/camerarecorder/mediamtx-camera-service-go/internal/camera/real_implementations.go:32.2,32.28 1 0
github.com/camerarecorder/mediamtx-camera-service-go/internal/camera/real_implementations.go:38.89,45.29 3 0
github.com/camerarecorder/mediamtx-camera-service-go/internal/camera/real_implementations.go:45.29,48.45 2 0
github.com/camerarecorder/mediamtx-camera-service-go/internal/camera/real_implementations.go:48.45,50.4 1 0
github.com/camerarecorder/mediamtx-camera-service-go/internal/camera/real_implementations.go:50.9,50.92 1 0
github.com/camerarecorder/mediamtx-camera-service-go/internal/camera/real_implementations.go:50.92,52.4 1 0
github.com/camerarecorder/mediamtx-camera-service-go/internal/camera/real_implementations.go:52.9,52.49 1 0
github.com/camerarecorder/mediamtx-camera-service-go/internal/camera/real_implementations.go:52.49,54.4 1 0
github.com/camerarecorder/mediamtx-camera-service-go/internal/camera/real_implementations.go:54.9,54.55 1 0
github.com/camerarecorder/mediamtx-camera-service-go/internal/camera/real_implementations.go:54.55,56.4 1 0
github.com/camerarecorder/mediamtx-camera-service-go/internal/camera/real_implementations.go:56.9,56.52 1 0
github.com/camerarecorder/mediamtx-camera-service-go/internal/camera/real_implementations.go:56.52,59.4 2 0
github.com/camerarecorder/mediamtx-camera-service-go/internal/camera/real_implementations.go:59.9,59.51 1 0
github.com/camerarecorder/mediamtx-camera-service-go/internal/camera/real_implementations.go:59.51,62.4 2 0
github.com/camerarecorder/mediamtx-camera-service-go/internal/camera/real_implementations.go:66.2,66.33 1 0
github.com/camerarecorder/mediamtx-camera-service-go/internal/camera/real_implementations.go:66.33,68.3 1 0
github.com/camerarecorder/mediamtx-camera-service-go/internal/camera/real_implementations.go:69.2,69.35 1 0
github.com/camerarecorder/mediamtx-camera-service-go/internal/camera/real_implementations.go:69.35,71.3 1 0
github.com/camerarecorder/mediamtx-camera-service-go/internal/camera/real_implementations.go:73.2,73.26 1 0
github.com/camerarecorder/mediamtx-camera-service-go/internal/camera/real_implementations.go:76.88,82.29 4 0
github.com/camerarecorder/mediamtx-camera-service-go/internal/camera/real_implementations.go:82.29,85.72 2 0
github.com/camerarecorder/mediamtx-camera-service-go/internal/camera/real_implementations.go:85.72,87.28 1 0
github.com/camerarecorder/mediamtx-camera-service-go/internal/camera/real_implementations.go:87.28,89.5 1 0
github.com/camerarecorder/mediamtx-camera-service-go/internal/camera/real_implementations.go:90.4,92.5 1 0
github.com/camerarecorder/mediamtx-camera-service-go/internal/camera/real_implementations.go:93.9,93.34 1 0
github.com/camerarecorder/mediamtx-camera-service-go/internal/camera/real_implementations.go:93.34,94.38 1 0
github.com/camerarecorder/mediamtx-camera-service-go/internal/camera/real_implementations.go:94.38,96.5 1 0
github.com/camerarecorder/mediamtx-camera-service-go/internal/camera/real_implementations.go:96.10,96.45 1 0
github.com/camerarecorder/mediamtx-camera-service-go/internal/camera/real_implementations.go:96.45,101.5 4 0
github.com/camerarecorder/mediamtx-camera-service-go/internal/camera/real_implementations.go:101.10,101.44 1 0
github.com/camerarecorder/mediamtx-camera-service-go/internal/camera/real_implementations.go:101.44,103.18 2 0
github.com/camerarecorder/mediamtx-camera-service-go/internal/camera/real_implementations.go:103.18,105.6 1 0
github.com/camerarecorder/mediamtx-camera-service-go/internal/camera/real_implementations.go:111.2,111.26 1 0
github.com/camerarecorder/mediamtx-camera-service-go/internal/camera/real_implementations.go:111.26,113.3 1 0
github.com/camerarecorder/mediamtx-camera-service-go/internal/camera/real_implementations.go:115.2,115.21 1 0
github.com/camerarecorder/mediamtx-camera-service-go/internal/camera/real_implementations.go:118.87,138.44 4 0
github.com/camerarecorder/mediamtx-camera-service-go/internal/camera/real_implementations.go:138.44,142.33 3 0
github.com/camerarecorder/mediamtx-camera-service-go/internal/camera/real_implementations.go:142.33,143.22 1 0
github.com/camerarecorder/mediamtx-camera-service-go/internal/camera/real_implementations.go:143.22,145.39 2 0
github.com/camerarecorder/mediamtx-camera-service-go/internal/camera/real_implementations.go:145.39,148.6 2 0
github.com/camerarecorder/mediamtx-camera-service-go/internal/camera/real_implementations.go:153.2,153.24 1 0
github.com/camerarecorder/mediamtx-camera-service-go/internal/camera/real_implementations.go:157.65,159.21 2 0
github.com/camerarecorder/mediamtx-camera-service-go/internal/camera/real_implementations.go:159.21,161.3 1 0
github.com/camerarecorder/mediamtx-camera-service-go/internal/camera/real_implementations.go:162.2,162.36 1 0
github.com/camerarecorder/mediamtx-camera-service-go/internal/camera/real_implementations.go:165.72,169.21 3 0
github.com/camerarecorder/mediamtx-camera-service-go/internal/camera/real_implementations.go:169.21,171.3 1 0
github.com/camerarecorder/mediamtx-camera-service-go/internal/camera/real_implementations.go:173.2,174.27 2 0
github.com/camerarecorder/mediamtx-camera-service-go/internal/camera/real_implementations.go:174.27,176.16 2 0
github.com/camerarecorder/mediamtx-camera-service-go/internal/camera/real_implementations.go:176.16,178.4 1 0
github.com/camerarecorder/mediamtx-camera-service-go/internal/camera/real_implementations.go:181.2,181.21 1 0
github.com/camerarecorder/mediamtx-camera-service-go/internal/camera/real_implementations.go:184.66,186.21 2 0
github.com/camerarecorder/mediamtx-camera-service-go/internal/camera/real_implementations.go:186.21,188.3 1 0
github.com/camerarecorder/mediamtx-camera-service-go/internal/camera/real_implementations.go:190.2,193.22 3 0
