mode: set
github.com/camerarecorder/mediamtx-camera-service-go/internal/camera/hybrid_monitor.go:114.33,115.26 1 1
github.com/camerarecorder/mediamtx-camera-service-go/internal/camera/hybrid_monitor.go:115.26,117.3 1 1
github.com/camerarecorder/mediamtx-camera-service-go/internal/camera/hybrid_monitor.go:119.2,119.19 1 1
github.com/camerarecorder/mediamtx-camera-service-go/internal/camera/hybrid_monitor.go:119.19,121.3 1 1
github.com/camerarecorder/mediamtx-camera-service-go/internal/camera/hybrid_monitor.go:123.2,124.16 2 1
github.com/camerarecorder/mediamtx-camera-service-go/internal/camera/hybrid_monitor.go:124.16,126.3 1 0
github.com/camerarecorder/mediamtx-camera-service-go/internal/camera/hybrid_monitor.go:128.2,181.21 4 1
github.com/camerarecorder/mediamtx-camera-service-go/internal/camera/hybrid_monitor.go:185.57,187.42 1 1
github.com/camerarecorder/mediamtx-camera-service-go/internal/camera/hybrid_monitor.go:187.42,195.3 1 1
github.com/camerarecorder/mediamtx-camera-service-go/internal/camera/hybrid_monitor.go:199.2,199.24 1 1
github.com/camerarecorder/mediamtx-camera-service-go/internal/camera/hybrid_monitor.go:203.52,236.2 3 1
github.com/camerarecorder/mediamtx-camera-service-go/internal/camera/hybrid_monitor.go:239.83,258.39 14 1
github.com/camerarecorder/mediamtx-camera-service-go/internal/camera/hybrid_monitor.go:258.39,261.3 1 1
github.com/camerarecorder/mediamtx-camera-service-go/internal/camera/hybrid_monitor.go:264.2,265.39 2 1
github.com/camerarecorder/mediamtx-camera-service-go/internal/camera/hybrid_monitor.go:265.39,270.3 1 1
github.com/camerarecorder/mediamtx-camera-service-go/internal/camera/hybrid_monitor.go:271.2,271.55 1 1
github.com/camerarecorder/mediamtx-camera-service-go/internal/camera/hybrid_monitor.go:271.55,276.3 1 1
github.com/camerarecorder/mediamtx-camera-service-go/internal/camera/hybrid_monitor.go:277.2,277.59 1 1
github.com/camerarecorder/mediamtx-camera-service-go/internal/camera/hybrid_monitor.go:277.59,282.3 1 1
github.com/camerarecorder/mediamtx-camera-service-go/internal/camera/hybrid_monitor.go:284.2,284.22 1 1
github.com/camerarecorder/mediamtx-camera-service-go/internal/camera/hybrid_monitor.go:284.22,289.3 1 1
github.com/camerarecorder/mediamtx-camera-service-go/internal/camera/hybrid_monitor.go:293.64,297.51 3 1
github.com/camerarecorder/mediamtx-camera-service-go/internal/camera/hybrid_monitor.go:297.51,299.3 1 1
github.com/camerarecorder/mediamtx-camera-service-go/internal/camera/hybrid_monitor.go:301.2,313.12 5 1
github.com/camerarecorder/mediamtx-camera-service-go/internal/camera/hybrid_monitor.go:317.44,321.39 3 1
github.com/camerarecorder/mediamtx-camera-service-go/internal/camera/hybrid_monitor.go:321.39,323.3 1 1
github.com/camerarecorder/mediamtx-camera-service-go/internal/camera/hybrid_monitor.go:325.2,330.9 4 1
github.com/camerarecorder/mediamtx-camera-service-go/internal/camera/hybrid_monitor.go:331.20,331.20 0 1
github.com/camerarecorder/mediamtx-camera-service-go/internal/camera/hybrid_monitor.go:333.10,334.20 1 1
github.com/camerarecorder/mediamtx-camera-service-go/internal/camera/hybrid_monitor.go:337.2,341.12 2 1
github.com/camerarecorder/mediamtx-camera-service-go/internal/camera/hybrid_monitor.go:345.48,347.2 1 1
github.com/camerarecorder/mediamtx-camera-service-go/internal/camera/hybrid_monitor.go:350.78,355.43 4 1
github.com/camerarecorder/mediamtx-camera-service-go/internal/camera/hybrid_monitor.go:355.43,356.45 1 1
github.com/camerarecorder/mediamtx-camera-service-go/internal/camera/hybrid_monitor.go:356.45,358.4 1 1
github.com/camerarecorder/mediamtx-camera-service-go/internal/camera/hybrid_monitor.go:361.2,361.18 1 1
github.com/camerarecorder/mediamtx-camera-service-go/internal/camera/hybrid_monitor.go:365.82,371.2 4 1
github.com/camerarecorder/mediamtx-camera-service-go/internal/camera/hybrid_monitor.go:374.63,393.2 2 1
github.com/camerarecorder/mediamtx-camera-service-go/internal/camera/hybrid_monitor.go:396.75,405.2 4 1
github.com/camerarecorder/mediamtx-camera-service-go/internal/camera/hybrid_monitor.go:408.80,416.2 4 1
github.com/camerarecorder/mediamtx-camera-service-go/internal/camera/hybrid_monitor.go:419.72,423.2 3 1
github.com/camerarecorder/mediamtx-camera-service-go/internal/camera/hybrid_monitor.go:426.67,427.15 1 1
github.com/camerarecorder/mediamtx-camera-service-go/internal/camera/hybrid_monitor.go:427.15,429.3 1 1
github.com/camerarecorder/mediamtx-camera-service-go/internal/camera/hybrid_monitor.go:431.2,440.6 4 1
github.com/camerarecorder/mediamtx-camera-service-go/internal/camera/hybrid_monitor.go:440.6,441.10 1 1
github.com/camerarecorder/mediamtx-camera-service-go/internal/camera/hybrid_monitor.go:442.21,447.10 2 1
github.com/camerarecorder/mediamtx-camera-service-go/internal/camera/hybrid_monitor.go:448.21,453.10 2 1
github.com/camerarecorder/mediamtx-camera-service-go/internal/camera/hybrid_monitor.go:454.19,456.29 2 1
github.com/camerarecorder/mediamtx-camera-service-go/internal/camera/hybrid_monitor.go:463.68,472.41 6 1
github.com/camerarecorder/mediamtx-camera-service-go/internal/camera/hybrid_monitor.go:472.41,473.22 1 1
github.com/camerarecorder/mediamtx-camera-service-go/internal/camera/hybrid_monitor.go:473.22,474.12 1 0
github.com/camerarecorder/mediamtx-camera-service-go/internal/camera/hybrid_monitor.go:477.3,478.29 2 1
github.com/camerarecorder/mediamtx-camera-service-go/internal/camera/hybrid_monitor.go:478.29,479.17 1 1
github.com/camerarecorder/mediamtx-camera-service-go/internal/camera/hybrid_monitor.go:479.17,481.33 1 1
github.com/camerarecorder/mediamtx-camera-service-go/internal/camera/hybrid_monitor.go:481.33,490.13 3 0
github.com/camerarecorder/mediamtx-camera-service-go/internal/camera/hybrid_monitor.go:491.33,491.33 0 0
github.com/camerarecorder/mediamtx-camera-service-go/internal/camera/hybrid_monitor.go:492.14,494.87 1 0
github.com/camerarecorder/mediamtx-camera-service-go/internal/camera/hybrid_monitor.go:497.5,497.14 1 1
github.com/camerarecorder/mediamtx-camera-service-go/internal/camera/hybrid_monitor.go:500.4,501.18 2 1
github.com/camerarecorder/mediamtx-camera-service-go/internal/camera/hybrid_monitor.go:501.18,509.12 2 1
github.com/camerarecorder/mediamtx-camera-service-go/internal/camera/hybrid_monitor.go:510.96,510.96 0 1
github.com/camerarecorder/mediamtx-camera-service-go/internal/camera/hybrid_monitor.go:511.13,512.88 1 0
github.com/camerarecorder/mediamtx-camera-service-go/internal/camera/hybrid_monitor.go:514.5,514.11 1 1
github.com/camerarecorder/mediamtx-camera-service-go/internal/camera/hybrid_monitor.go:517.4,517.103 1 1
github.com/camerarecorder/mediamtx-camera-service-go/internal/camera/hybrid_monitor.go:517.103,519.5 1 1
github.com/camerarecorder/mediamtx-camera-service-go/internal/camera/hybrid_monitor.go:524.2,524.12 1 1
github.com/camerarecorder/mediamtx-camera-service-go/internal/camera/hybrid_monitor.go:524.12,525.16 1 1
github.com/camerarecorder/mediamtx-camera-service-go/internal/camera/hybrid_monitor.go:525.16,527.32 1 1
github.com/camerarecorder/mediamtx-camera-service-go/internal/camera/hybrid_monitor.go:527.32,535.12 3 0
github.com/camerarecorder/mediamtx-camera-service-go/internal/camera/hybrid_monitor.go:536.32,536.32 0 0
github.com/camerarecorder/mediamtx-camera-service-go/internal/camera/hybrid_monitor.go:537.13,538.86 1 0
github.com/camerarecorder/mediamtx-camera-service-go/internal/camera/hybrid_monitor.go:542.3,544.19 3 1
github.com/camerarecorder/mediamtx-camera-service-go/internal/camera/hybrid_monitor.go:548.2,548.33 1 1
github.com/camerarecorder/mediamtx-camera-service-go/internal/camera/hybrid_monitor.go:548.33,550.3 1 1
github.com/camerarecorder/mediamtx-camera-service-go/internal/camera/hybrid_monitor.go:553.2,553.29 1 1
github.com/camerarecorder/mediamtx-camera-service-go/internal/camera/hybrid_monitor.go:553.29,557.3 2 1
github.com/camerarecorder/mediamtx-camera-service-go/internal/camera/hybrid_monitor.go:559.2,559.50 1 1
github.com/camerarecorder/mediamtx-camera-service-go/internal/camera/hybrid_monitor.go:563.129,564.21 1 1
github.com/camerarecorder/mediamtx-camera-service-go/internal/camera/hybrid_monitor.go:565.13,566.50 1 1
github.com/camerarecorder/mediamtx-camera-service-go/internal/camera/hybrid_monitor.go:567.33,568.54 1 1
github.com/camerarecorder/mediamtx-camera-service-go/internal/camera/hybrid_monitor.go:569.14,570.51 1 1
github.com/camerarecorder/mediamtx-camera-service-go/internal/camera/hybrid_monitor.go:571.10,572.54 1 1
github.com/camerarecorder/mediamtx-camera-service-go/internal/camera/hybrid_monitor.go:577.122,581.16 3 1
github.com/camerarecorder/mediamtx-camera-service-go/internal/camera/hybrid_monitor.go:581.16,583.3 1 0
github.com/camerarecorder/mediamtx-camera-service-go/internal/camera/hybrid_monitor.go:585.2,585.64 1 1
github.com/camerarecorder/mediamtx-camera-service-go/internal/camera/hybrid_monitor.go:589.132,591.41 1 1
github.com/camerarecorder/mediamtx-camera-service-go/internal/camera/hybrid_monitor.go:591.41,593.3 1 1
github.com/camerarecorder/mediamtx-camera-service-go/internal/camera/hybrid_monitor.go:595.2,607.37 5 1
github.com/camerarecorder/mediamtx-camera-service-go/internal/camera/hybrid_monitor.go:607.37,612.3 3 0
github.com/camerarecorder/mediamtx-camera-service-go/internal/camera/hybrid_monitor.go:612.8,612.40 1 1
github.com/camerarecorder/mediamtx-camera-service-go/internal/camera/hybrid_monitor.go:612.40,614.64 1 1
github.com/camerarecorder/mediamtx-camera-service-go/internal/camera/hybrid_monitor.go:614.64,622.4 3 1
github.com/camerarecorder/mediamtx-camera-service-go/internal/camera/hybrid_monitor.go:623.8,625.3 1 0
github.com/camerarecorder/mediamtx-camera-service-go/internal/camera/hybrid_monitor.go:627.2,627.20 1 1
github.com/camerarecorder/mediamtx-camera-service-go/internal/camera/hybrid_monitor.go:631.126,656.2 2 1
github.com/camerarecorder/mediamtx-camera-service-go/internal/camera/hybrid_monitor.go:659.123,661.44 1 1
github.com/camerarecorder/mediamtx-camera-service-go/internal/camera/hybrid_monitor.go:661.44,667.3 1 1
github.com/camerarecorder/mediamtx-camera-service-go/internal/camera/hybrid_monitor.go:669.2,689.20 2 1
github.com/camerarecorder/mediamtx-camera-service-go/internal/camera/hybrid_monitor.go:693.126,715.2 2 1
github.com/camerarecorder/mediamtx-camera-service-go/internal/camera/hybrid_monitor.go:718.104,721.62 2 1
github.com/camerarecorder/mediamtx-camera-service-go/internal/camera/hybrid_monitor.go:721.62,728.3 5 1
github.com/camerarecorder/mediamtx-camera-service-go/internal/camera/hybrid_monitor.go:729.2,735.16 4 1
github.com/camerarecorder/mediamtx-camera-service-go/internal/camera/hybrid_monitor.go:735.16,738.3 2 1
github.com/camerarecorder/mediamtx-camera-service-go/internal/camera/hybrid_monitor.go:741.2,742.16 2 1
github.com/camerarecorder/mediamtx-camera-service-go/internal/camera/hybrid_monitor.go:742.16,745.3 2 0
github.com/camerarecorder/mediamtx-camera-service-go/internal/camera/hybrid_monitor.go:748.2,757.16 7 1
github.com/camerarecorder/mediamtx-camera-service-go/internal/camera/hybrid_monitor.go:757.16,767.3 2 0
github.com/camerarecorder/mediamtx-camera-service-go/internal/camera/hybrid_monitor.go:767.8,770.17 2 1
github.com/camerarecorder/mediamtx-camera-service-go/internal/camera/hybrid_monitor.go:770.17,777.4 2 0
github.com/camerarecorder/mediamtx-camera-service-go/internal/camera/hybrid_monitor.go:777.9,779.4 1 1
github.com/camerarecorder/mediamtx-camera-service-go/internal/camera/hybrid_monitor.go:782.2,784.12 2 1
github.com/camerarecorder/mediamtx-camera-service-go/internal/camera/hybrid_monitor.go:788.64,803.2 1 1
github.com/camerarecorder/mediamtx-camera-service-go/internal/camera/hybrid_monitor.go:806.119,811.43 3 1
github.com/camerarecorder/mediamtx-camera-service-go/internal/camera/hybrid_monitor.go:811.43,812.56 1 1
github.com/camerarecorder/mediamtx-camera-service-go/internal/camera/hybrid_monitor.go:812.56,826.4 4 1
github.com/camerarecorder/mediamtx-camera-service-go/internal/camera/hybrid_monitor.go:826.9,829.40 2 1
github.com/camerarecorder/mediamtx-camera-service-go/internal/camera/hybrid_monitor.go:829.40,844.5 5 1
github.com/camerarecorder/mediamtx-camera-service-go/internal/camera/hybrid_monitor.go:849.2,849.43 1 1
github.com/camerarecorder/mediamtx-camera-service-go/internal/camera/hybrid_monitor.go:849.43,850.49 1 1
github.com/camerarecorder/mediamtx-camera-service-go/internal/camera/hybrid_monitor.go:850.49,863.4 4 1
github.com/camerarecorder/mediamtx-camera-service-go/internal/camera/hybrid_monitor.go:868.136,878.42 3 1
github.com/camerarecorder/mediamtx-camera-service-go/internal/camera/hybrid_monitor.go:878.42,879.33 1 1
github.com/camerarecorder/mediamtx-camera-service-go/internal/camera/hybrid_monitor.go:879.33,880.17 1 1
github.com/camerarecorder/mediamtx-camera-service-go/internal/camera/hybrid_monitor.go:880.17,882.33 1 1
github.com/camerarecorder/mediamtx-camera-service-go/internal/camera/hybrid_monitor.go:882.33,888.6 1 0
github.com/camerarecorder/mediamtx-camera-service-go/internal/camera/hybrid_monitor.go:891.4,891.62 1 1
github.com/camerarecorder/mediamtx-camera-service-go/internal/camera/hybrid_monitor.go:891.62,897.5 1 0
github.com/camerarecorder/mediamtx-camera-service-go/internal/camera/hybrid_monitor.go:900.2,904.44 3 1
github.com/camerarecorder/mediamtx-camera-service-go/internal/camera/hybrid_monitor.go:904.44,906.3 1 1
github.com/camerarecorder/mediamtx-camera-service-go/internal/camera/hybrid_monitor.go:907.2,907.31 1 1
github.com/camerarecorder/mediamtx-camera-service-go/internal/camera/hybrid_monitor.go:911.55,916.22 3 1
github.com/camerarecorder/mediamtx-camera-service-go/internal/camera/hybrid_monitor.go:916.22,920.3 2 1
github.com/camerarecorder/mediamtx-camera-service-go/internal/camera/hybrid_monitor.go:920.8,923.3 1 1
github.com/camerarecorder/mediamtx-camera-service-go/internal/camera/hybrid_monitor.go:926.2,926.51 1 1
github.com/camerarecorder/mediamtx-camera-service-go/internal/camera/hybrid_monitor.go:926.51,935.3 2 1
github.com/camerarecorder/mediamtx-camera-service-go/internal/camera/hybrid_monitor.go:939.32,940.11 1 1
github.com/camerarecorder/mediamtx-camera-service-go/internal/camera/hybrid_monitor.go:940.11,942.3 1 1
github.com/camerarecorder/mediamtx-camera-service-go/internal/camera/hybrid_monitor.go:943.2,943.10 1 1
github.com/camerarecorder/mediamtx-camera-service-go/internal/camera/hybrid_monitor.go:946.32,947.11 1 1
github.com/camerarecorder/mediamtx-camera-service-go/internal/camera/hybrid_monitor.go:947.11,949.3 1 1
github.com/camerarecorder/mediamtx-camera-service-go/internal/camera/hybrid_monitor.go:950.2,950.10 1 1
github.com/camerarecorder/mediamtx-camera-service-go/internal/camera/hybrid_monitor.go:953.29,954.11 1 1
github.com/camerarecorder/mediamtx-camera-service-go/internal/camera/hybrid_monitor.go:954.11,956.3 1 1
github.com/camerarecorder/mediamtx-camera-service-go/internal/camera/hybrid_monitor.go:957.2,957.10 1 1
github.com/camerarecorder/mediamtx-camera-service-go/internal/camera/real_implementations.go:16.54,19.2 2 1
github.com/camerarecorder/mediamtx-camera-service-go/internal/camera/real_implementations.go:24.112,30.16 4 1
github.com/camerarecorder/mediamtx-camera-service-go/internal/camera/real_implementations.go:30.16,32.47 1 1
github.com/camerarecorder/mediamtx-camera-service-go/internal/camera/real_implementations.go:32.47,37.54 2 1
github.com/camerarecorder/mediamtx-camera-service-go/internal/camera/real_implementations.go:37.54,39.5 1 1
github.com/camerarecorder/mediamtx-camera-service-go/internal/camera/real_implementations.go:39.10,39.60 1 1
github.com/camerarecorder/mediamtx-camera-service-go/internal/camera/real_implementations.go:39.60,41.5 1 0
github.com/camerarecorder/mediamtx-camera-service-go/internal/camera/real_implementations.go:41.10,41.68 1 1
github.com/camerarecorder/mediamtx-camera-service-go/internal/camera/real_implementations.go:41.68,43.5 1 0
github.com/camerarecorder/mediamtx-camera-service-go/internal/camera/real_implementations.go:43.10,43.66 1 1
github.com/camerarecorder/mediamtx-camera-service-go/internal/camera/real_implementations.go:43.66,45.5 1 0
github.com/camerarecorder/mediamtx-camera-service-go/internal/camera/real_implementations.go:45.10,45.27 1 1
github.com/camerarecorder/mediamtx-camera-service-go/internal/camera/real_implementations.go:45.27,48.5 1 1
github.com/camerarecorder/mediamtx-camera-service-go/internal/camera/real_implementations.go:48.10,51.5 1 1
github.com/camerarecorder/mediamtx-camera-service-go/internal/camera/real_implementations.go:52.9,52.50 1 1
github.com/camerarecorder/mediamtx-camera-service-go/internal/camera/real_implementations.go:52.50,54.39 1 0
github.com/camerarecorder/mediamtx-camera-service-go/internal/camera/real_implementations.go:54.39,56.5 1 0
github.com/camerarecorder/mediamtx-camera-service-go/internal/camera/real_implementations.go:57.4,57.62 1 0
github.com/camerarecorder/mediamtx-camera-service-go/internal/camera/real_implementations.go:61.3,61.60 1 1
github.com/camerarecorder/mediamtx-camera-service-go/internal/camera/real_implementations.go:64.2,64.28 1 1
github.com/camerarecorder/mediamtx-camera-service-go/internal/camera/real_implementations.go:70.89,83.29 5 1
github.com/camerarecorder/mediamtx-camera-service-go/internal/camera/real_implementations.go:83.29,86.45 2 1
github.com/camerarecorder/mediamtx-camera-service-go/internal/camera/real_implementations.go:86.45,88.4 1 1
github.com/camerarecorder/mediamtx-camera-service-go/internal/camera/real_implementations.go:88.9,88.92 1 1
github.com/camerarecorder/mediamtx-camera-service-go/internal/camera/real_implementations.go:88.92,90.4 1 1
github.com/camerarecorder/mediamtx-camera-service-go/internal/camera/real_implementations.go:90.9,90.49 1 1
github.com/camerarecorder/mediamtx-camera-service-go/internal/camera/real_implementations.go:90.49,92.4 1 1
github.com/camerarecorder/mediamtx-camera-service-go/internal/camera/real_implementations.go:92.9,92.55 1 1
github.com/camerarecorder/mediamtx-camera-service-go/internal/camera/real_implementations.go:92.55,94.4 1 1
github.com/camerarecorder/mediamtx-camera-service-go/internal/camera/real_implementations.go:98.2,98.33 1 1
github.com/camerarecorder/mediamtx-camera-service-go/internal/camera/real_implementations.go:98.33,100.3 1 1
github.com/camerarecorder/mediamtx-camera-service-go/internal/camera/real_implementations.go:101.2,101.35 1 1
github.com/camerarecorder/mediamtx-camera-service-go/internal/camera/real_implementations.go:101.35,103.3 1 1
github.com/camerarecorder/mediamtx-camera-service-go/internal/camera/real_implementations.go:105.2,105.26 1 1
github.com/camerarecorder/mediamtx-camera-service-go/internal/camera/real_implementations.go:108.88,115.29 5 1
github.com/camerarecorder/mediamtx-camera-service-go/internal/camera/real_implementations.go:115.29,119.98 2 1
github.com/camerarecorder/mediamtx-camera-service-go/internal/camera/real_implementations.go:119.98,121.28 1 1
github.com/camerarecorder/mediamtx-camera-service-go/internal/camera/real_implementations.go:121.28,123.5 1 1
github.com/camerarecorder/mediamtx-camera-service-go/internal/camera/real_implementations.go:126.4,126.35 1 1
github.com/camerarecorder/mediamtx-camera-service-go/internal/camera/real_implementations.go:126.35,129.34 3 1
github.com/camerarecorder/mediamtx-camera-service-go/internal/camera/real_implementations.go:129.34,139.6 2 1
github.com/camerarecorder/mediamtx-camera-service-go/internal/camera/real_implementations.go:141.9,141.34 1 1
github.com/camerarecorder/mediamtx-camera-service-go/internal/camera/real_implementations.go:141.34,142.39 1 1
github.com/camerarecorder/mediamtx-camera-service-go/internal/camera/real_implementations.go:142.39,144.60 1 1
github.com/camerarecorder/mediamtx-camera-service-go/internal/camera/real_implementations.go:144.60,146.6 1 1
github.com/camerarecorder/mediamtx-camera-service-go/internal/camera/real_implementations.go:149.5,157.45 3 1
github.com/camerarecorder/mediamtx-camera-service-go/internal/camera/real_implementations.go:157.45,159.6 1 1
github.com/camerarecorder/mediamtx-camera-service-go/internal/camera/real_implementations.go:160.5,162.34 3 1
github.com/camerarecorder/mediamtx-camera-service-go/internal/camera/real_implementations.go:163.10,163.83 1 1
github.com/camerarecorder/mediamtx-camera-service-go/internal/camera/real_implementations.go:163.83,165.69 1 1
github.com/camerarecorder/mediamtx-camera-service-go/internal/camera/real_implementations.go:165.69,168.34 3 1
github.com/camerarecorder/mediamtx-camera-service-go/internal/camera/real_implementations.go:168.34,170.20 2 1
github.com/camerarecorder/mediamtx-camera-service-go/internal/camera/real_implementations.go:170.20,173.31 2 1
github.com/camerarecorder/mediamtx-camera-service-go/internal/camera/real_implementations.go:173.31,175.9 1 1
github.com/camerarecorder/mediamtx-camera-service-go/internal/camera/real_implementations.go:184.2,184.26 1 1
github.com/camerarecorder/mediamtx-camera-service-go/internal/camera/real_implementations.go:184.26,186.3 1 1
github.com/camerarecorder/mediamtx-camera-service-go/internal/camera/real_implementations.go:189.2,189.23 1 1
github.com/camerarecorder/mediamtx-camera-service-go/internal/camera/real_implementations.go:189.23,192.30 2 1
github.com/camerarecorder/mediamtx-camera-service-go/internal/camera/real_implementations.go:192.30,193.61 1 1
github.com/camerarecorder/mediamtx-camera-service-go/internal/camera/real_implementations.go:193.61,195.10 2 1
github.com/camerarecorder/mediamtx-camera-service-go/internal/camera/real_implementations.go:199.3,199.22 1 1
github.com/camerarecorder/mediamtx-camera-service-go/internal/camera/real_implementations.go:199.22,202.31 2 1
github.com/camerarecorder/mediamtx-camera-service-go/internal/camera/real_implementations.go:202.31,204.43 2 1
github.com/camerarecorder/mediamtx-camera-service-go/internal/camera/real_implementations.go:204.43,206.34 1 1
github.com/camerarecorder/mediamtx-camera-service-go/internal/camera/real_implementations.go:206.34,208.7 1 1
github.com/camerarecorder/mediamtx-camera-service-go/internal/camera/real_implementations.go:210.6,215.7 1 1
github.com/camerarecorder/mediamtx-camera-service-go/internal/camera/real_implementations.go:216.11,216.40 1 1
github.com/camerarecorder/mediamtx-camera-service-go/internal/camera/real_implementations.go:216.40,217.71 1 1
github.com/camerarecorder/mediamtx-camera-service-go/internal/camera/real_implementations.go:217.71,219.26 2 1
github.com/camerarecorder/mediamtx-camera-service-go/internal/camera/real_implementations.go:219.26,221.8 1 1
github.com/camerarecorder/mediamtx-camera-service-go/internal/camera/real_implementations.go:222.12,222.78 1 1
github.com/camerarecorder/mediamtx-camera-service-go/internal/camera/real_implementations.go:222.78,224.26 2 1
github.com/camerarecorder/mediamtx-camera-service-go/internal/camera/real_implementations.go:224.26,226.37 2 1
github.com/camerarecorder/mediamtx-camera-service-go/internal/camera/real_implementations.go:226.37,228.50 1 1
github.com/camerarecorder/mediamtx-camera-service-go/internal/camera/real_implementations.go:228.50,231.81 2 1
github.com/camerarecorder/mediamtx-camera-service-go/internal/camera/real_implementations.go:231.81,236.11 4 1
github.com/camerarecorder/mediamtx-camera-service-go/internal/camera/real_implementations.go:237.15,242.10 3 1
github.com/camerarecorder/mediamtx-camera-service-go/internal/camera/real_implementations.go:245.12,245.77 1 1
github.com/camerarecorder/mediamtx-camera-service-go/internal/camera/real_implementations.go:245.77,247.26 2 1
github.com/camerarecorder/mediamtx-camera-service-go/internal/camera/real_implementations.go:247.26,249.21 2 1
github.com/camerarecorder/mediamtx-camera-service-go/internal/camera/real_implementations.go:249.21,251.9 1 1
github.com/camerarecorder/mediamtx-camera-service-go/internal/camera/real_implementations.go:257.4,257.32 1 1
github.com/camerarecorder/mediamtx-camera-service-go/internal/camera/real_implementations.go:257.32,259.5 1 1
github.com/camerarecorder/mediamtx-camera-service-go/internal/camera/real_implementations.go:260.9,263.31 2 1
github.com/camerarecorder/mediamtx-camera-service-go/internal/camera/real_implementations.go:263.31,265.73 2 1
github.com/camerarecorder/mediamtx-camera-service-go/internal/camera/real_implementations.go:265.73,272.6 1 1
github.com/camerarecorder/mediamtx-camera-service-go/internal/camera/real_implementations.go:272.11,272.109 1 1
github.com/camerarecorder/mediamtx-camera-service-go/internal/camera/real_implementations.go:272.109,274.11 1 1
github.com/camerarecorder/mediamtx-camera-service-go/internal/camera/real_implementations.go:277.4,277.25 1 1
github.com/camerarecorder/mediamtx-camera-service-go/internal/camera/real_implementations.go:277.25,279.5 1 1
github.com/camerarecorder/mediamtx-camera-service-go/internal/camera/real_implementations.go:283.2,283.21 1 1
github.com/camerarecorder/mediamtx-camera-service-go/internal/camera/real_implementations.go:286.87,312.44 4 1
github.com/camerarecorder/mediamtx-camera-service-go/internal/camera/real_implementations.go:312.44,316.33 3 1
github.com/camerarecorder/mediamtx-camera-service-go/internal/camera/real_implementations.go:316.33,317.22 1 1
github.com/camerarecorder/mediamtx-camera-service-go/internal/camera/real_implementations.go:317.22,319.19 2 1
github.com/camerarecorder/mediamtx-camera-service-go/internal/camera/real_implementations.go:319.19,322.60 2 1
github.com/camerarecorder/mediamtx-camera-service-go/internal/camera/real_implementations.go:322.60,325.7 2 1
github.com/camerarecorder/mediamtx-camera-service-go/internal/camera/real_implementations.go:331.2,331.24 1 1
github.com/camerarecorder/mediamtx-camera-service-go/internal/camera/real_implementations.go:336.71,338.56 1 1
github.com/camerarecorder/mediamtx-camera-service-go/internal/camera/real_implementations.go:338.56,340.25 1 1
github.com/camerarecorder/mediamtx-camera-service-go/internal/camera/real_implementations.go:340.25,343.4 1 1
github.com/camerarecorder/mediamtx-camera-service-go/internal/camera/real_implementations.go:346.2,346.11 1 1
github.com/camerarecorder/mediamtx-camera-service-go/internal/camera/real_implementations.go:350.65,352.21 2 1
github.com/camerarecorder/mediamtx-camera-service-go/internal/camera/real_implementations.go:352.21,354.3 1 1
github.com/camerarecorder/mediamtx-camera-service-go/internal/camera/real_implementations.go:355.2,355.36 1 1
github.com/camerarecorder/mediamtx-camera-service-go/internal/camera/real_implementations.go:360.107,363.29 2 1
github.com/camerarecorder/mediamtx-camera-service-go/internal/camera/real_implementations.go:363.29,367.76 2 1
github.com/camerarecorder/mediamtx-camera-service-go/internal/camera/real_implementations.go:367.76,370.23 2 1
github.com/camerarecorder/mediamtx-camera-service-go/internal/camera/real_implementations.go:370.23,372.23 2 1
github.com/camerarecorder/mediamtx-camera-service-go/internal/camera/real_implementations.go:372.23,375.6 1 1
github.com/camerarecorder/mediamtx-camera-service-go/internal/camera/real_implementations.go:379.4,379.40 1 1
github.com/camerarecorder/mediamtx-camera-service-go/internal/camera/real_implementations.go:379.40,383.107 2 1
github.com/camerarecorder/mediamtx-camera-service-go/internal/camera/real_implementations.go:383.107,384.11 1 1
github.com/camerarecorder/mediamtx-camera-service-go/internal/camera/real_implementations.go:388.5,388.40 1 1
github.com/camerarecorder/mediamtx-camera-service-go/internal/camera/real_implementations.go:388.40,389.14 1 1
github.com/camerarecorder/mediamtx-camera-service-go/internal/camera/real_implementations.go:393.5,393.23 1 1
github.com/camerarecorder/mediamtx-camera-service-go/internal/camera/real_implementations.go:393.23,395.6 1 1
github.com/camerarecorder/mediamtx-camera-service-go/internal/camera/real_implementations.go:397.4,397.9 1 1
github.com/camerarecorder/mediamtx-camera-service-go/internal/camera/real_implementations.go:401.2,401.21 1 1
github.com/camerarecorder/mediamtx-camera-service-go/internal/camera/real_implementations.go:405.72,411.21 3 1
github.com/camerarecorder/mediamtx-camera-service-go/internal/camera/real_implementations.go:411.21,413.3 1 1
github.com/camerarecorder/mediamtx-camera-service-go/internal/camera/real_implementations.go:418.2,425.29 4 1
github.com/camerarecorder/mediamtx-camera-service-go/internal/camera/real_implementations.go:425.29,427.36 1 1
github.com/camerarecorder/mediamtx-camera-service-go/internal/camera/real_implementations.go:427.36,429.28 1 1
github.com/camerarecorder/mediamtx-camera-service-go/internal/camera/real_implementations.go:429.28,432.5 2 0
github.com/camerarecorder/mediamtx-camera-service-go/internal/camera/real_implementations.go:434.4,434.45 1 1
github.com/camerarecorder/mediamtx-camera-service-go/internal/camera/real_implementations.go:435.9,442.29 1 1
github.com/camerarecorder/mediamtx-camera-service-go/internal/camera/real_implementations.go:442.29,444.5 1 1
github.com/camerarecorder/mediamtx-camera-service-go/internal/camera/real_implementations.go:444.10,452.60 1 1
github.com/camerarecorder/mediamtx-camera-service-go/internal/camera/real_implementations.go:452.60,455.6 2 1
github.com/camerarecorder/mediamtx-camera-service-go/internal/camera/real_implementations.go:455.11,455.70 1 1
github.com/camerarecorder/mediamtx-camera-service-go/internal/camera/real_implementations.go:455.70,458.6 2 0
github.com/camerarecorder/mediamtx-camera-service-go/internal/camera/real_implementations.go:458.11,463.6 3 1
github.com/camerarecorder/mediamtx-camera-service-go/internal/camera/real_implementations.go:469.2,469.26 1 1
github.com/camerarecorder/mediamtx-camera-service-go/internal/camera/real_implementations.go:469.26,471.3 1 1
github.com/camerarecorder/mediamtx-camera-service-go/internal/camera/real_implementations.go:473.2,473.21 1 1
github.com/camerarecorder/mediamtx-camera-service-go/internal/camera/real_implementations.go:476.66,478.21 2 1
github.com/camerarecorder/mediamtx-camera-service-go/internal/camera/real_implementations.go:478.21,480.3 1 1
github.com/camerarecorder/mediamtx-camera-service-go/internal/camera/real_implementations.go:483.2,489.22 5 1
github.com/camerarecorder/mediamtx-camera-service-go/internal/camera/test_helpers.go:27.70,39.2 3 1
github.com/camerarecorder/mediamtx-camera-service-go/internal/camera/test_helpers.go:42.59,47.16 3 1
github.com/camerarecorder/mediamtx-camera-service-go/internal/camera/test_helpers.go:47.16,50.3 2 0
github.com/camerarecorder/mediamtx-camera-service-go/internal/camera/test_helpers.go:52.2,52.38 1 1
github.com/camerarecorder/mediamtx-camera-service-go/internal/camera/test_helpers.go:52.38,54.35 1 1
github.com/camerarecorder/mediamtx-camera-service-go/internal/camera/test_helpers.go:54.35,57.4 2 1
github.com/camerarecorder/mediamtx-camera-service-go/internal/camera/test_helpers.go:60.2,60.34 1 1
github.com/camerarecorder/mediamtx-camera-service-go/internal/camera/test_helpers.go:60.34,64.3 2 0
github.com/camerarecorder/mediamtx-camera-service-go/internal/camera/test_helpers.go:69.77,71.41 1 1
github.com/camerarecorder/mediamtx-camera-service-go/internal/camera/test_helpers.go:71.41,73.3 1 0
github.com/camerarecorder/mediamtx-camera-service-go/internal/camera/test_helpers.go:76.2,80.16 4 1
github.com/camerarecorder/mediamtx-camera-service-go/internal/camera/test_helpers.go:80.16,83.3 1 0
github.com/camerarecorder/mediamtx-camera-service-go/internal/camera/test_helpers.go:87.2,89.29 3 1
github.com/camerarecorder/mediamtx-camera-service-go/internal/camera/test_helpers.go:89.29,90.44 1 1
github.com/camerarecorder/mediamtx-camera-service-go/internal/camera/test_helpers.go:90.44,92.84 1 1
github.com/camerarecorder/mediamtx-camera-service-go/internal/camera/test_helpers.go:92.84,94.10 2 1
github.com/camerarecorder/mediamtx-camera-service-go/internal/camera/test_helpers.go:101.2,101.24 1 1
github.com/camerarecorder/mediamtx-camera-service-go/internal/camera/test_helpers.go:105.65,107.2 1 1
github.com/camerarecorder/mediamtx-camera-service-go/internal/camera/test_helpers.go:110.60,111.33 1 1
github.com/camerarecorder/mediamtx-camera-service-go/internal/camera/test_helpers.go:111.33,113.3 1 1
github.com/camerarecorder/mediamtx-camera-service-go/internal/camera/test_helpers.go:114.2,114.22 1 0
github.com/camerarecorder/mediamtx-camera-service-go/internal/camera/test_helpers.go:118.93,124.33 3 1
github.com/camerarecorder/mediamtx-camera-service-go/internal/camera/test_helpers.go:124.33,125.79 1 1
github.com/camerarecorder/mediamtx-camera-service-go/internal/camera/test_helpers.go:125.79,128.4 2 1
github.com/camerarecorder/mediamtx-camera-service-go/internal/camera/test_helpers.go:133.103,139.16 4 1
github.com/camerarecorder/mediamtx-camera-service-go/internal/camera/test_helpers.go:139.16,141.3 1 0
github.com/camerarecorder/mediamtx-camera-service-go/internal/camera/test_helpers.go:144.2,145.16 2 1
github.com/camerarecorder/mediamtx-camera-service-go/internal/camera/test_helpers.go:145.16,147.3 1 0
github.com/camerarecorder/mediamtx-camera-service-go/internal/camera/test_helpers.go:149.2,149.27 1 1
github.com/camerarecorder/mediamtx-camera-service-go/internal/camera/test_helpers.go:153.93,159.16 4 1
github.com/camerarecorder/mediamtx-camera-service-go/internal/camera/test_helpers.go:159.16,161.3 1 0
github.com/camerarecorder/mediamtx-camera-service-go/internal/camera/test_helpers.go:164.2,165.16 2 1
github.com/camerarecorder/mediamtx-camera-service-go/internal/camera/test_helpers.go:165.16,167.3 1 0
github.com/camerarecorder/mediamtx-camera-service-go/internal/camera/test_helpers.go:169.2,169.21 1 1
github.com/camerarecorder/mediamtx-camera-service-go/internal/camera/test_helpers.go:173.92,179.16 4 1
github.com/camerarecorder/mediamtx-camera-service-go/internal/camera/test_helpers.go:179.16,181.3 1 0
github.com/camerarecorder/mediamtx-camera-service-go/internal/camera/test_helpers.go:184.2,185.16 2 1
github.com/camerarecorder/mediamtx-camera-service-go/internal/camera/test_helpers.go:185.16,187.3 1 0
github.com/camerarecorder/mediamtx-camera-service-go/internal/camera/test_helpers.go:189.2,189.24 1 1
github.com/camerarecorder/mediamtx-camera-service-go/internal/camera/test_helpers.go:193.83,195.41 1 1
github.com/camerarecorder/mediamtx-camera-service-go/internal/camera/test_helpers.go:195.41,197.3 1 0
github.com/camerarecorder/mediamtx-camera-service-go/internal/camera/test_helpers.go:200.2,204.16 4 1
github.com/camerarecorder/mediamtx-camera-service-go/internal/camera/test_helpers.go:204.16,206.3 1 0
github.com/camerarecorder/mediamtx-camera-service-go/internal/camera/test_helpers.go:208.2,208.12 1 1
github.com/camerarecorder/mediamtx-camera-service-go/internal/camera/test_helpers.go:212.65,217.16 3 1
github.com/camerarecorder/mediamtx-camera-service-go/internal/camera/test_helpers.go:217.16,220.3 2 0
github.com/camerarecorder/mediamtx-camera-service-go/internal/camera/test_helpers.go:223.2,223.38 1 1
github.com/camerarecorder/mediamtx-camera-service-go/internal/camera/test_helpers.go:223.38,224.35 1 1
github.com/camerarecorder/mediamtx-camera-service-go/internal/camera/test_helpers.go:224.35,226.4 1 1
github.com/camerarecorder/mediamtx-camera-service-go/internal/camera/test_helpers.go:229.2,229.26 1 1
github.com/camerarecorder/mediamtx-camera-service-go/internal/camera/test_helpers.go:233.81,236.16 2 1
github.com/camerarecorder/mediamtx-camera-service-go/internal/camera/test_helpers.go:236.16,238.3 1 0
github.com/camerarecorder/mediamtx-camera-service-go/internal/camera/test_helpers.go:239.2,243.16 3 1
github.com/camerarecorder/mediamtx-camera-service-go/internal/camera/test_helpers.go:243.16,245.3 1 0
github.com/camerarecorder/mediamtx-camera-service-go/internal/camera/test_helpers.go:248.2,248.40 1 1
github.com/camerarecorder/mediamtx-camera-service-go/internal/camera/test_helpers.go:248.40,250.3 1 0
github.com/camerarecorder/mediamtx-camera-service-go/internal/camera/test_helpers.go:252.2,252.12 1 1
github.com/camerarecorder/mediamtx-camera-service-go/internal/camera/test_helpers.go:256.68,259.16 2 1
github.com/camerarecorder/mediamtx-camera-service-go/internal/camera/test_helpers.go:259.16,261.3 1 0
github.com/camerarecorder/mediamtx-camera-service-go/internal/camera/test_helpers.go:264.2,268.34 4 1
github.com/camerarecorder/mediamtx-camera-service-go/internal/camera/test_helpers.go:268.34,270.3 1 0
github.com/camerarecorder/mediamtx-camera-service-go/internal/camera/test_helpers.go:272.2,272.12 1 1
github.com/camerarecorder/mediamtx-camera-service-go/internal/camera/test_helpers.go:277.89,280.16 2 1
github.com/camerarecorder/mediamtx-camera-service-go/internal/camera/test_helpers.go:280.16,282.3 1 0
github.com/camerarecorder/mediamtx-camera-service-go/internal/camera/test_helpers.go:286.2,289.46 2 1
github.com/camerarecorder/mediamtx-camera-service-go/internal/camera/test_helpers.go:289.46,291.81 1 1
github.com/camerarecorder/mediamtx-camera-service-go/internal/camera/test_helpers.go:291.81,293.9 2 1
github.com/camerarecorder/mediamtx-camera-service-go/internal/camera/test_helpers.go:296.3,296.62 1 0
github.com/camerarecorder/mediamtx-camera-service-go/internal/camera/test_helpers.go:296.62,298.9 2 0
github.com/camerarecorder/mediamtx-camera-service-go/internal/camera/test_helpers.go:304.2,304.22 1 1
github.com/camerarecorder/mediamtx-camera-service-go/internal/camera/test_helpers.go:304.22,306.3 1 0
github.com/camerarecorder/mediamtx-camera-service-go/internal/camera/test_helpers.go:309.2,310.46 2 1
github.com/camerarecorder/mediamtx-camera-service-go/internal/camera/test_helpers.go:310.46,311.119 1 1
github.com/camerarecorder/mediamtx-camera-service-go/internal/camera/test_helpers.go:311.119,313.9 2 1
github.com/camerarecorder/mediamtx-camera-service-go/internal/camera/test_helpers.go:317.2,317.19 1 1
github.com/camerarecorder/mediamtx-camera-service-go/internal/camera/test_helpers.go:317.19,319.3 1 0
github.com/camerarecorder/mediamtx-camera-service-go/internal/camera/test_helpers.go:322.2,323.16 2 1
github.com/camerarecorder/mediamtx-camera-service-go/internal/camera/test_helpers.go:323.16,325.3 1 0
github.com/camerarecorder/mediamtx-camera-service-go/internal/camera/test_helpers.go:327.2,327.23 1 1
github.com/camerarecorder/mediamtx-camera-service-go/internal/camera/test_helpers.go:327.23,329.3 1 0
github.com/camerarecorder/mediamtx-camera-service-go/internal/camera/test_helpers.go:332.2,333.33 2 1
github.com/camerarecorder/mediamtx-camera-service-go/internal/camera/test_helpers.go:333.33,335.99 1 1
github.com/camerarecorder/mediamtx-camera-service-go/internal/camera/test_helpers.go:335.99,337.9 2 1
github.com/camerarecorder/mediamtx-camera-service-go/internal/camera/test_helpers.go:341.2,341.22 1 1
github.com/camerarecorder/mediamtx-camera-service-go/internal/camera/test_helpers.go:341.22,343.3 1 0
github.com/camerarecorder/mediamtx-camera-service-go/internal/camera/test_helpers.go:345.2,345.12 1 1
github.com/camerarecorder/mediamtx-camera-service-go/internal/camera/test_helpers.go:349.109,351.16 2 1
github.com/camerarecorder/mediamtx-camera-service-go/internal/camera/test_helpers.go:351.16,353.3 1 0
github.com/camerarecorder/mediamtx-camera-service-go/internal/camera/test_helpers.go:356.2,357.33 2 1
github.com/camerarecorder/mediamtx-camera-service-go/internal/camera/test_helpers.go:357.33,359.3 1 1
github.com/camerarecorder/mediamtx-camera-service-go/internal/camera/test_helpers.go:361.2,361.43 1 1
github.com/camerarecorder/mediamtx-camera-service-go/internal/camera/test_helpers.go:361.43,362.34 1 1
github.com/camerarecorder/mediamtx-camera-service-go/internal/camera/test_helpers.go:362.34,364.4 1 1
github.com/camerarecorder/mediamtx-camera-service-go/internal/camera/test_helpers.go:367.2,367.12 1 0
github.com/camerarecorder/mediamtx-camera-service-go/internal/camera/test_helpers.go:371.117,373.16 2 1
github.com/camerarecorder/mediamtx-camera-service-go/internal/camera/test_helpers.go:373.16,375.3 1 0
github.com/camerarecorder/mediamtx-camera-service-go/internal/camera/test_helpers.go:378.2,379.33 2 1
github.com/camerarecorder/mediamtx-camera-service-go/internal/camera/test_helpers.go:379.33,382.3 2 1
github.com/camerarecorder/mediamtx-camera-service-go/internal/camera/test_helpers.go:384.2,384.47 1 1
github.com/camerarecorder/mediamtx-camera-service-go/internal/camera/test_helpers.go:384.47,385.38 1 1
github.com/camerarecorder/mediamtx-camera-service-go/internal/camera/test_helpers.go:385.38,387.4 1 0
github.com/camerarecorder/mediamtx-camera-service-go/internal/camera/test_helpers.go:390.2,390.12 1 1
github.com/camerarecorder/mediamtx-camera-service-go/internal/camera/test_helpers.go:394.115,396.16 2 1
github.com/camerarecorder/mediamtx-camera-service-go/internal/camera/test_helpers.go:396.16,398.3 1 0
github.com/camerarecorder/mediamtx-camera-service-go/internal/camera/test_helpers.go:401.2,402.34 2 1
github.com/camerarecorder/mediamtx-camera-service-go/internal/camera/test_helpers.go:402.34,404.3 1 1
github.com/camerarecorder/mediamtx-camera-service-go/internal/camera/test_helpers.go:406.2,406.46 1 1
github.com/camerarecorder/mediamtx-camera-service-go/internal/camera/test_helpers.go:406.46,407.37 1 1
github.com/camerarecorder/mediamtx-camera-service-go/internal/camera/test_helpers.go:407.37,409.4 1 1
github.com/camerarecorder/mediamtx-camera-service-go/internal/camera/test_helpers.go:412.2,412.12 1 0
github.com/camerarecorder/mediamtx-camera-service-go/internal/camera/test_helpers.go:416.96,417.34 1 1
github.com/camerarecorder/mediamtx-camera-service-go/internal/camera/test_helpers.go:417.34,419.65 1 1
github.com/camerarecorder/mediamtx-camera-service-go/internal/camera/test_helpers.go:419.65,421.4 1 0
github.com/camerarecorder/mediamtx-camera-service-go/internal/camera/test_helpers.go:424.3,424.60 1 1
github.com/camerarecorder/mediamtx-camera-service-go/internal/camera/test_helpers.go:424.60,426.4 1 0
github.com/camerarecorder/mediamtx-camera-service-go/internal/camera/test_helpers.go:429.3,429.63 1 1
github.com/camerarecorder/mediamtx-camera-service-go/internal/camera/test_helpers.go:429.63,431.4 1 0
github.com/camerarecorder/mediamtx-camera-service-go/internal/camera/test_helpers.go:434.3,434.36 1 1
github.com/camerarecorder/mediamtx-camera-service-go/internal/camera/test_helpers.go:437.2,437.12 1 1
github.com/camerarecorder/mediamtx-camera-service-go/internal/camera/test_helpers.go:441.105,444.37 2 1
github.com/camerarecorder/mediamtx-camera-service-go/internal/camera/test_helpers.go:444.37,445.19 1 1
github.com/camerarecorder/mediamtx-camera-service-go/internal/camera/test_helpers.go:445.19,447.66 1 1
github.com/camerarecorder/mediamtx-camera-service-go/internal/camera/test_helpers.go:447.66,450.5 2 0
github.com/camerarecorder/mediamtx-camera-service-go/internal/camera/test_helpers.go:451.4,451.17 1 1
github.com/camerarecorder/mediamtx-camera-service-go/internal/camera/test_helpers.go:456.2,456.37 1 1
github.com/camerarecorder/mediamtx-camera-service-go/internal/camera/test_helpers.go:456.37,457.34 1 1
github.com/camerarecorder/mediamtx-camera-service-go/internal/camera/test_helpers.go:457.34,459.4 1 0
github.com/camerarecorder/mediamtx-camera-service-go/internal/camera/test_helpers.go:462.2,462.12 1 1
github.com/camerarecorder/mediamtx-camera-service-go/internal/camera/test_helpers.go:467.66,470.47 2 1
github.com/camerarecorder/mediamtx-camera-service-go/internal/camera/test_helpers.go:470.47,472.3 1 0
github.com/camerarecorder/mediamtx-camera-service-go/internal/camera/test_helpers.go:476.2,480.16 4 1
github.com/camerarecorder/mediamtx-camera-service-go/internal/camera/test_helpers.go:480.16,482.3 1 0
github.com/camerarecorder/mediamtx-camera-service-go/internal/camera/test_helpers.go:485.2,485.110 1 1
github.com/camerarecorder/mediamtx-camera-service-go/internal/camera/test_helpers.go:485.110,487.3 1 0
github.com/camerarecorder/mediamtx-camera-service-go/internal/camera/test_helpers.go:490.2,491.16 2 1
github.com/camerarecorder/mediamtx-camera-service-go/internal/camera/test_helpers.go:491.16,493.3 1 0
github.com/camerarecorder/mediamtx-camera-service-go/internal/camera/test_helpers.go:496.2,497.16 2 1
github.com/camerarecorder/mediamtx-camera-service-go/internal/camera/test_helpers.go:497.16,499.3 1 0
github.com/camerarecorder/mediamtx-camera-service-go/internal/camera/test_helpers.go:502.2,503.16 2 1
github.com/camerarecorder/mediamtx-camera-service-go/internal/camera/test_helpers.go:503.16,505.3 1 0
github.com/camerarecorder/mediamtx-camera-service-go/internal/camera/test_helpers.go:507.2,507.12 1 1
github.com/camerarecorder/mediamtx-camera-service-go/internal/camera/test_helpers.go:511.98,515.64 2 1
github.com/camerarecorder/mediamtx-camera-service-go/internal/camera/test_helpers.go:515.64,517.3 1 0
github.com/camerarecorder/mediamtx-camera-service-go/internal/camera/test_helpers.go:519.2,519.59 1 1
github.com/camerarecorder/mediamtx-camera-service-go/internal/camera/test_helpers.go:519.59,521.3 1 0
github.com/camerarecorder/mediamtx-camera-service-go/internal/camera/test_helpers.go:523.2,523.62 1 1
github.com/camerarecorder/mediamtx-camera-service-go/internal/camera/test_helpers.go:523.62,525.3 1 0
github.com/camerarecorder/mediamtx-camera-service-go/internal/camera/test_helpers.go:527.2,528.22 2 1
github.com/camerarecorder/mediamtx-camera-service-go/internal/camera/test_helpers.go:532.83,543.31 2 1
github.com/camerarecorder/mediamtx-camera-service-go/internal/camera/test_helpers.go:543.31,549.17 4 1
github.com/camerarecorder/mediamtx-camera-service-go/internal/camera/test_helpers.go:549.17,551.4 1 1
github.com/camerarecorder/mediamtx-camera-service-go/internal/camera/test_helpers.go:554.2,554.12 1 1
github.com/camerarecorder/mediamtx-camera-service-go/internal/camera/test_helpers.go:558.81,560.62 1 1
github.com/camerarecorder/mediamtx-camera-service-go/internal/camera/test_helpers.go:560.62,562.3 1 0
github.com/camerarecorder/mediamtx-camera-service-go/internal/camera/test_helpers.go:565.2,565.60 1 1
github.com/camerarecorder/mediamtx-camera-service-go/internal/camera/test_helpers.go:565.60,567.3 1 0
github.com/camerarecorder/mediamtx-camera-service-go/internal/camera/test_helpers.go:570.2,570.64 1 1
github.com/camerarecorder/mediamtx-camera-service-go/internal/camera/test_helpers.go:570.64,572.3 1 0
github.com/camerarecorder/mediamtx-camera-service-go/internal/camera/test_helpers.go:575.2,575.59 1 1
github.com/camerarecorder/mediamtx-camera-service-go/internal/camera/test_helpers.go:575.59,577.3 1 0
github.com/camerarecorder/mediamtx-camera-service-go/internal/camera/test_helpers.go:580.2,580.62 1 1
github.com/camerarecorder/mediamtx-camera-service-go/internal/camera/test_helpers.go:580.62,582.3 1 0
github.com/camerarecorder/mediamtx-camera-service-go/internal/camera/test_helpers.go:585.2,585.68 1 1
github.com/camerarecorder/mediamtx-camera-service-go/internal/camera/test_helpers.go:585.68,587.3 1 0
github.com/camerarecorder/mediamtx-camera-service-go/internal/camera/test_helpers.go:590.2,591.16 2 1
github.com/camerarecorder/mediamtx-camera-service-go/internal/camera/test_helpers.go:591.16,593.3 1 0
github.com/camerarecorder/mediamtx-camera-service-go/internal/camera/test_helpers.go:595.2,596.12 2 1
github.com/camerarecorder/mediamtx-camera-service-go/internal/camera/test_helpers.go:600.60,605.33 3 1
github.com/camerarecorder/mediamtx-camera-service-go/internal/camera/test_helpers.go:605.33,606.91 1 1
github.com/camerarecorder/mediamtx-camera-service-go/internal/camera/test_helpers.go:606.91,622.4 8 1
github.com/camerarecorder/mediamtx-camera-service-go/internal/camera/test_helpers.go:627.64,637.43 5 1
github.com/camerarecorder/mediamtx-camera-service-go/internal/camera/test_helpers.go:637.43,638.91 1 1
github.com/camerarecorder/mediamtx-camera-service-go/internal/camera/test_helpers.go:638.91,641.4 2 1
github.com/camerarecorder/mediamtx-camera-service-go/internal/camera/test_helpers.go:646.61,659.43 4 1
github.com/camerarecorder/mediamtx-camera-service-go/internal/camera/test_helpers.go:659.43,660.77 1 1
github.com/camerarecorder/mediamtx-camera-service-go/internal/camera/test_helpers.go:660.77,662.43 1 1
github.com/camerarecorder/mediamtx-camera-service-go/internal/camera/test_helpers.go:662.43,664.5 1 0
github.com/camerarecorder/mediamtx-camera-service-go/internal/camera/test_helpers.go:670.68,675.33 3 1
github.com/camerarecorder/mediamtx-camera-service-go/internal/camera/test_helpers.go:675.33,676.94 1 1
github.com/camerarecorder/mediamtx-camera-service-go/internal/camera/test_helpers.go:676.94,681.34 3 1
github.com/camerarecorder/mediamtx-camera-service-go/internal/camera/test_helpers.go:681.34,685.5 3 1
github.com/camerarecorder/mediamtx-camera-service-go/internal/camera/test_helpers.go:687.4,691.90 3 1
