mode: set
github.com/camerarecorder/mediamtx-camera-service-go/internal/camera/hybrid_monitor.go:113.33,114.26 1 1
github.com/camerarecorder/mediamtx-camera-service-go/internal/camera/hybrid_monitor.go:114.26,116.3 1 0
github.com/camerarecorder/mediamtx-camera-service-go/internal/camera/hybrid_monitor.go:118.2,118.19 1 1
github.com/camerarecorder/mediamtx-camera-service-go/internal/camera/hybrid_monitor.go:118.19,120.3 1 0
github.com/camerarecorder/mediamtx-camera-service-go/internal/camera/hybrid_monitor.go:122.2,123.16 2 1
github.com/camerarecorder/mediamtx-camera-service-go/internal/camera/hybrid_monitor.go:123.16,125.3 1 0
github.com/camerarecorder/mediamtx-camera-service-go/internal/camera/hybrid_monitor.go:127.2,180.21 4 1
github.com/camerarecorder/mediamtx-camera-service-go/internal/camera/hybrid_monitor.go:184.57,186.42 1 1
github.com/camerarecorder/mediamtx-camera-service-go/internal/camera/hybrid_monitor.go:186.42,194.3 1 1
github.com/camerarecorder/mediamtx-camera-service-go/internal/camera/hybrid_monitor.go:198.2,198.24 1 1
github.com/camerarecorder/mediamtx-camera-service-go/internal/camera/hybrid_monitor.go:202.52,235.2 3 1
github.com/camerarecorder/mediamtx-camera-service-go/internal/camera/hybrid_monitor.go:238.83,257.16 14 1
github.com/camerarecorder/mediamtx-camera-service-go/internal/camera/hybrid_monitor.go:257.16,260.3 1 1
github.com/camerarecorder/mediamtx-camera-service-go/internal/camera/hybrid_monitor.go:263.2,264.39 2 1
github.com/camerarecorder/mediamtx-camera-service-go/internal/camera/hybrid_monitor.go:264.39,269.3 1 1
github.com/camerarecorder/mediamtx-camera-service-go/internal/camera/hybrid_monitor.go:270.2,270.55 1 1
github.com/camerarecorder/mediamtx-camera-service-go/internal/camera/hybrid_monitor.go:270.55,275.3 1 1
github.com/camerarecorder/mediamtx-camera-service-go/internal/camera/hybrid_monitor.go:276.2,276.59 1 1
github.com/camerarecorder/mediamtx-camera-service-go/internal/camera/hybrid_monitor.go:276.59,281.3 1 1
github.com/camerarecorder/mediamtx-camera-service-go/internal/camera/hybrid_monitor.go:283.2,283.22 1 1
github.com/camerarecorder/mediamtx-camera-service-go/internal/camera/hybrid_monitor.go:283.22,288.3 1 1
github.com/camerarecorder/mediamtx-camera-service-go/internal/camera/hybrid_monitor.go:292.64,296.15 3 0
github.com/camerarecorder/mediamtx-camera-service-go/internal/camera/hybrid_monitor.go:296.15,298.3 1 0
github.com/camerarecorder/mediamtx-camera-service-go/internal/camera/hybrid_monitor.go:300.2,313.12 6 0
github.com/camerarecorder/mediamtx-camera-service-go/internal/camera/hybrid_monitor.go:317.44,321.16 3 0
github.com/camerarecorder/mediamtx-camera-service-go/internal/camera/hybrid_monitor.go:321.16,323.3 1 0
github.com/camerarecorder/mediamtx-camera-service-go/internal/camera/hybrid_monitor.go:325.2,330.9 4 0
github.com/camerarecorder/mediamtx-camera-service-go/internal/camera/hybrid_monitor.go:331.20,331.20 0 0
github.com/camerarecorder/mediamtx-camera-service-go/internal/camera/hybrid_monitor.go:333.10,334.20 1 0
github.com/camerarecorder/mediamtx-camera-service-go/internal/camera/hybrid_monitor.go:337.2,341.12 2 0
github.com/camerarecorder/mediamtx-camera-service-go/internal/camera/hybrid_monitor.go:345.48,349.2 3 0
github.com/camerarecorder/mediamtx-camera-service-go/internal/camera/hybrid_monitor.go:352.78,357.43 4 1
github.com/camerarecorder/mediamtx-camera-service-go/internal/camera/hybrid_monitor.go:357.43,358.45 1 1
github.com/camerarecorder/mediamtx-camera-service-go/internal/camera/hybrid_monitor.go:358.45,360.4 1 1
github.com/camerarecorder/mediamtx-camera-service-go/internal/camera/hybrid_monitor.go:363.2,363.18 1 1
github.com/camerarecorder/mediamtx-camera-service-go/internal/camera/hybrid_monitor.go:367.82,373.2 4 1
github.com/camerarecorder/mediamtx-camera-service-go/internal/camera/hybrid_monitor.go:376.63,398.2 4 1
github.com/camerarecorder/mediamtx-camera-service-go/internal/camera/hybrid_monitor.go:401.75,410.2 4 0
github.com/camerarecorder/mediamtx-camera-service-go/internal/camera/hybrid_monitor.go:413.80,421.2 4 0
github.com/camerarecorder/mediamtx-camera-service-go/internal/camera/hybrid_monitor.go:424.72,428.2 3 0
github.com/camerarecorder/mediamtx-camera-service-go/internal/camera/hybrid_monitor.go:431.67,432.15 1 0
github.com/camerarecorder/mediamtx-camera-service-go/internal/camera/hybrid_monitor.go:432.15,436.3 3 0
github.com/camerarecorder/mediamtx-camera-service-go/internal/camera/hybrid_monitor.go:438.2,447.6 4 0
github.com/camerarecorder/mediamtx-camera-service-go/internal/camera/hybrid_monitor.go:447.6,448.10 1 0
github.com/camerarecorder/mediamtx-camera-service-go/internal/camera/hybrid_monitor.go:449.21,454.10 2 0
github.com/camerarecorder/mediamtx-camera-service-go/internal/camera/hybrid_monitor.go:455.21,460.10 2 0
github.com/camerarecorder/mediamtx-camera-service-go/internal/camera/hybrid_monitor.go:461.19,463.29 2 0
github.com/camerarecorder/mediamtx-camera-service-go/internal/camera/hybrid_monitor.go:470.68,481.41 8 0
github.com/camerarecorder/mediamtx-camera-service-go/internal/camera/hybrid_monitor.go:481.41,482.22 1 0
github.com/camerarecorder/mediamtx-camera-service-go/internal/camera/hybrid_monitor.go:482.22,483.12 1 0
github.com/camerarecorder/mediamtx-camera-service-go/internal/camera/hybrid_monitor.go:486.3,487.29 2 0
github.com/camerarecorder/mediamtx-camera-service-go/internal/camera/hybrid_monitor.go:487.29,488.17 1 0
github.com/camerarecorder/mediamtx-camera-service-go/internal/camera/hybrid_monitor.go:488.17,490.33 1 0
github.com/camerarecorder/mediamtx-camera-service-go/internal/camera/hybrid_monitor.go:490.33,499.13 3 0
github.com/camerarecorder/mediamtx-camera-service-go/internal/camera/hybrid_monitor.go:500.33,500.33 0 0
github.com/camerarecorder/mediamtx-camera-service-go/internal/camera/hybrid_monitor.go:501.14,503.87 1 0
github.com/camerarecorder/mediamtx-camera-service-go/internal/camera/hybrid_monitor.go:506.5,506.14 1 0
github.com/camerarecorder/mediamtx-camera-service-go/internal/camera/hybrid_monitor.go:509.4,510.18 2 0
github.com/camerarecorder/mediamtx-camera-service-go/internal/camera/hybrid_monitor.go:510.18,518.12 2 0
github.com/camerarecorder/mediamtx-camera-service-go/internal/camera/hybrid_monitor.go:519.96,519.96 0 0
github.com/camerarecorder/mediamtx-camera-service-go/internal/camera/hybrid_monitor.go:520.13,521.88 1 0
github.com/camerarecorder/mediamtx-camera-service-go/internal/camera/hybrid_monitor.go:523.5,523.11 1 0
github.com/camerarecorder/mediamtx-camera-service-go/internal/camera/hybrid_monitor.go:526.4,526.103 1 0
github.com/camerarecorder/mediamtx-camera-service-go/internal/camera/hybrid_monitor.go:526.103,528.5 1 0
github.com/camerarecorder/mediamtx-camera-service-go/internal/camera/hybrid_monitor.go:533.2,533.12 1 0
github.com/camerarecorder/mediamtx-camera-service-go/internal/camera/hybrid_monitor.go:533.12,534.16 1 0
github.com/camerarecorder/mediamtx-camera-service-go/internal/camera/hybrid_monitor.go:534.16,536.32 1 0
github.com/camerarecorder/mediamtx-camera-service-go/internal/camera/hybrid_monitor.go:536.32,544.12 3 0
github.com/camerarecorder/mediamtx-camera-service-go/internal/camera/hybrid_monitor.go:545.32,545.32 0 0
github.com/camerarecorder/mediamtx-camera-service-go/internal/camera/hybrid_monitor.go:546.13,547.86 1 0
github.com/camerarecorder/mediamtx-camera-service-go/internal/camera/hybrid_monitor.go:551.3,553.19 3 0
github.com/camerarecorder/mediamtx-camera-service-go/internal/camera/hybrid_monitor.go:557.2,557.33 1 0
github.com/camerarecorder/mediamtx-camera-service-go/internal/camera/hybrid_monitor.go:557.33,559.3 1 0
github.com/camerarecorder/mediamtx-camera-service-go/internal/camera/hybrid_monitor.go:562.2,562.29 1 0
github.com/camerarecorder/mediamtx-camera-service-go/internal/camera/hybrid_monitor.go:562.29,566.3 2 0
github.com/camerarecorder/mediamtx-camera-service-go/internal/camera/hybrid_monitor.go:568.2,568.50 1 0
github.com/camerarecorder/mediamtx-camera-service-go/internal/camera/hybrid_monitor.go:572.129,573.21 1 0
github.com/camerarecorder/mediamtx-camera-service-go/internal/camera/hybrid_monitor.go:574.13,575.50 1 0
github.com/camerarecorder/mediamtx-camera-service-go/internal/camera/hybrid_monitor.go:576.33,577.54 1 0
github.com/camerarecorder/mediamtx-camera-service-go/internal/camera/hybrid_monitor.go:578.14,579.51 1 0
github.com/camerarecorder/mediamtx-camera-service-go/internal/camera/hybrid_monitor.go:580.10,581.54 1 0
github.com/camerarecorder/mediamtx-camera-service-go/internal/camera/hybrid_monitor.go:586.122,590.16 3 0
github.com/camerarecorder/mediamtx-camera-service-go/internal/camera/hybrid_monitor.go:590.16,592.3 1 0
github.com/camerarecorder/mediamtx-camera-service-go/internal/camera/hybrid_monitor.go:594.2,594.64 1 0
github.com/camerarecorder/mediamtx-camera-service-go/internal/camera/hybrid_monitor.go:598.132,600.41 1 0
github.com/camerarecorder/mediamtx-camera-service-go/internal/camera/hybrid_monitor.go:600.41,602.3 1 0
github.com/camerarecorder/mediamtx-camera-service-go/internal/camera/hybrid_monitor.go:604.2,616.37 5 0
github.com/camerarecorder/mediamtx-camera-service-go/internal/camera/hybrid_monitor.go:616.37,621.3 3 0
github.com/camerarecorder/mediamtx-camera-service-go/internal/camera/hybrid_monitor.go:621.8,621.40 1 0
github.com/camerarecorder/mediamtx-camera-service-go/internal/camera/hybrid_monitor.go:621.40,623.64 1 0
github.com/camerarecorder/mediamtx-camera-service-go/internal/camera/hybrid_monitor.go:623.64,631.4 3 0
github.com/camerarecorder/mediamtx-camera-service-go/internal/camera/hybrid_monitor.go:632.8,634.3 1 0
github.com/camerarecorder/mediamtx-camera-service-go/internal/camera/hybrid_monitor.go:636.2,636.20 1 0
github.com/camerarecorder/mediamtx-camera-service-go/internal/camera/hybrid_monitor.go:640.126,665.2 2 0
github.com/camerarecorder/mediamtx-camera-service-go/internal/camera/hybrid_monitor.go:668.123,670.44 1 0
github.com/camerarecorder/mediamtx-camera-service-go/internal/camera/hybrid_monitor.go:670.44,676.3 1 0
github.com/camerarecorder/mediamtx-camera-service-go/internal/camera/hybrid_monitor.go:678.2,698.20 2 0
github.com/camerarecorder/mediamtx-camera-service-go/internal/camera/hybrid_monitor.go:702.126,724.2 2 0
github.com/camerarecorder/mediamtx-camera-service-go/internal/camera/hybrid_monitor.go:727.104,730.62 2 1
github.com/camerarecorder/mediamtx-camera-service-go/internal/camera/hybrid_monitor.go:730.62,739.3 7 1
github.com/camerarecorder/mediamtx-camera-service-go/internal/camera/hybrid_monitor.go:740.2,748.16 6 1
github.com/camerarecorder/mediamtx-camera-service-go/internal/camera/hybrid_monitor.go:748.16,753.3 4 1
github.com/camerarecorder/mediamtx-camera-service-go/internal/camera/hybrid_monitor.go:756.2,757.16 2 1
github.com/camerarecorder/mediamtx-camera-service-go/internal/camera/hybrid_monitor.go:757.16,762.3 4 0
github.com/camerarecorder/mediamtx-camera-service-go/internal/camera/hybrid_monitor.go:765.2,774.16 7 1
github.com/camerarecorder/mediamtx-camera-service-go/internal/camera/hybrid_monitor.go:774.16,784.3 2 0
github.com/camerarecorder/mediamtx-camera-service-go/internal/camera/hybrid_monitor.go:784.8,787.17 2 1
github.com/camerarecorder/mediamtx-camera-service-go/internal/camera/hybrid_monitor.go:787.17,794.4 2 0
github.com/camerarecorder/mediamtx-camera-service-go/internal/camera/hybrid_monitor.go:794.9,796.4 1 1
github.com/camerarecorder/mediamtx-camera-service-go/internal/camera/hybrid_monitor.go:799.2,803.12 4 1
github.com/camerarecorder/mediamtx-camera-service-go/internal/camera/hybrid_monitor.go:807.64,822.2 1 0
github.com/camerarecorder/mediamtx-camera-service-go/internal/camera/hybrid_monitor.go:825.119,830.43 3 1
github.com/camerarecorder/mediamtx-camera-service-go/internal/camera/hybrid_monitor.go:830.43,831.56 1 1
github.com/camerarecorder/mediamtx-camera-service-go/internal/camera/hybrid_monitor.go:831.56,847.4 6 1
github.com/camerarecorder/mediamtx-camera-service-go/internal/camera/hybrid_monitor.go:847.9,850.40 2 1
github.com/camerarecorder/mediamtx-camera-service-go/internal/camera/hybrid_monitor.go:850.40,867.5 7 1
github.com/camerarecorder/mediamtx-camera-service-go/internal/camera/hybrid_monitor.go:872.2,872.43 1 1
github.com/camerarecorder/mediamtx-camera-service-go/internal/camera/hybrid_monitor.go:872.43,873.49 1 1
github.com/camerarecorder/mediamtx-camera-service-go/internal/camera/hybrid_monitor.go:873.49,888.4 6 1
github.com/camerarecorder/mediamtx-camera-service-go/internal/camera/hybrid_monitor.go:893.136,903.42 3 1
github.com/camerarecorder/mediamtx-camera-service-go/internal/camera/hybrid_monitor.go:903.42,904.33 1 0
github.com/camerarecorder/mediamtx-camera-service-go/internal/camera/hybrid_monitor.go:904.33,905.17 1 0
github.com/camerarecorder/mediamtx-camera-service-go/internal/camera/hybrid_monitor.go:905.17,907.33 1 0
github.com/camerarecorder/mediamtx-camera-service-go/internal/camera/hybrid_monitor.go:907.33,913.6 1 0
github.com/camerarecorder/mediamtx-camera-service-go/internal/camera/hybrid_monitor.go:916.4,916.62 1 0
github.com/camerarecorder/mediamtx-camera-service-go/internal/camera/hybrid_monitor.go:916.62,922.5 1 0
github.com/camerarecorder/mediamtx-camera-service-go/internal/camera/hybrid_monitor.go:925.2,929.44 3 1
github.com/camerarecorder/mediamtx-camera-service-go/internal/camera/hybrid_monitor.go:929.44,931.3 1 0
github.com/camerarecorder/mediamtx-camera-service-go/internal/camera/hybrid_monitor.go:932.2,932.31 1 1
github.com/camerarecorder/mediamtx-camera-service-go/internal/camera/hybrid_monitor.go:936.55,940.31 2 0
github.com/camerarecorder/mediamtx-camera-service-go/internal/camera/hybrid_monitor.go:940.31,944.3 2 0
github.com/camerarecorder/mediamtx-camera-service-go/internal/camera/hybrid_monitor.go:944.8,947.3 1 0
github.com/camerarecorder/mediamtx-camera-service-go/internal/camera/hybrid_monitor.go:950.2,950.51 1 0
github.com/camerarecorder/mediamtx-camera-service-go/internal/camera/hybrid_monitor.go:950.51,961.3 4 0
github.com/camerarecorder/mediamtx-camera-service-go/internal/camera/hybrid_monitor.go:965.32,966.11 1 0
github.com/camerarecorder/mediamtx-camera-service-go/internal/camera/hybrid_monitor.go:966.11,968.3 1 0
github.com/camerarecorder/mediamtx-camera-service-go/internal/camera/hybrid_monitor.go:969.2,969.10 1 0
github.com/camerarecorder/mediamtx-camera-service-go/internal/camera/hybrid_monitor.go:972.32,973.11 1 0
github.com/camerarecorder/mediamtx-camera-service-go/internal/camera/hybrid_monitor.go:973.11,975.3 1 0
github.com/camerarecorder/mediamtx-camera-service-go/internal/camera/hybrid_monitor.go:976.2,976.10 1 0
github.com/camerarecorder/mediamtx-camera-service-go/internal/camera/hybrid_monitor.go:979.29,980.11 1 0
github.com/camerarecorder/mediamtx-camera-service-go/internal/camera/hybrid_monitor.go:980.11,982.3 1 0
github.com/camerarecorder/mediamtx-camera-service-go/internal/camera/hybrid_monitor.go:983.2,983.10 1 0
github.com/camerarecorder/mediamtx-camera-service-go/internal/camera/real_implementations.go:16.54,19.2 2 1
github.com/camerarecorder/mediamtx-camera-service-go/internal/camera/real_implementations.go:24.112,30.16 4 1
github.com/camerarecorder/mediamtx-camera-service-go/internal/camera/real_implementations.go:30.16,32.47 1 1
github.com/camerarecorder/mediamtx-camera-service-go/internal/camera/real_implementations.go:32.47,37.54 2 1
github.com/camerarecorder/mediamtx-camera-service-go/internal/camera/real_implementations.go:37.54,39.5 1 1
github.com/camerarecorder/mediamtx-camera-service-go/internal/camera/real_implementations.go:39.10,39.60 1 1
github.com/camerarecorder/mediamtx-camera-service-go/internal/camera/real_implementations.go:39.60,41.5 1 0
github.com/camerarecorder/mediamtx-camera-service-go/internal/camera/real_implementations.go:41.10,41.68 1 1
github.com/camerarecorder/mediamtx-camera-service-go/internal/camera/real_implementations.go:41.68,43.5 1 0
github.com/camerarecorder/mediamtx-camera-service-go/internal/camera/real_implementations.go:43.10,43.66 1 1
github.com/camerarecorder/mediamtx-camera-service-go/internal/camera/real_implementations.go:43.66,45.5 1 0
github.com/camerarecorder/mediamtx-camera-service-go/internal/camera/real_implementations.go:45.10,45.27 1 1
github.com/camerarecorder/mediamtx-camera-service-go/internal/camera/real_implementations.go:45.27,48.5 1 1
github.com/camerarecorder/mediamtx-camera-service-go/internal/camera/real_implementations.go:48.10,51.5 1 0
github.com/camerarecorder/mediamtx-camera-service-go/internal/camera/real_implementations.go:52.9,52.50 1 1
github.com/camerarecorder/mediamtx-camera-service-go/internal/camera/real_implementations.go:52.50,54.39 1 0
github.com/camerarecorder/mediamtx-camera-service-go/internal/camera/real_implementations.go:54.39,56.5 1 0
github.com/camerarecorder/mediamtx-camera-service-go/internal/camera/real_implementations.go:57.4,57.62 1 0
github.com/camerarecorder/mediamtx-camera-service-go/internal/camera/real_implementations.go:61.3,61.60 1 1
github.com/camerarecorder/mediamtx-camera-service-go/internal/camera/real_implementations.go:64.2,64.28 1 1
github.com/camerarecorder/mediamtx-camera-service-go/internal/camera/real_implementations.go:70.89,83.29 5 1
github.com/camerarecorder/mediamtx-camera-service-go/internal/camera/real_implementations.go:83.29,86.45 2 1
github.com/camerarecorder/mediamtx-camera-service-go/internal/camera/real_implementations.go:86.45,88.4 1 1
github.com/camerarecorder/mediamtx-camera-service-go/internal/camera/real_implementations.go:88.9,88.92 1 1
github.com/camerarecorder/mediamtx-camera-service-go/internal/camera/real_implementations.go:88.92,90.4 1 1
github.com/camerarecorder/mediamtx-camera-service-go/internal/camera/real_implementations.go:90.9,90.49 1 1
github.com/camerarecorder/mediamtx-camera-service-go/internal/camera/real_implementations.go:90.49,92.4 1 1
github.com/camerarecorder/mediamtx-camera-service-go/internal/camera/real_implementations.go:92.9,92.55 1 1
github.com/camerarecorder/mediamtx-camera-service-go/internal/camera/real_implementations.go:92.55,94.4 1 1
github.com/camerarecorder/mediamtx-camera-service-go/internal/camera/real_implementations.go:98.2,98.33 1 1
github.com/camerarecorder/mediamtx-camera-service-go/internal/camera/real_implementations.go:98.33,100.3 1 1
github.com/camerarecorder/mediamtx-camera-service-go/internal/camera/real_implementations.go:101.2,101.35 1 1
github.com/camerarecorder/mediamtx-camera-service-go/internal/camera/real_implementations.go:101.35,103.3 1 1
github.com/camerarecorder/mediamtx-camera-service-go/internal/camera/real_implementations.go:105.2,105.26 1 1
github.com/camerarecorder/mediamtx-camera-service-go/internal/camera/real_implementations.go:108.88,115.29 5 1
github.com/camerarecorder/mediamtx-camera-service-go/internal/camera/real_implementations.go:115.29,119.98 2 1
github.com/camerarecorder/mediamtx-camera-service-go/internal/camera/real_implementations.go:119.98,121.28 1 1
github.com/camerarecorder/mediamtx-camera-service-go/internal/camera/real_implementations.go:121.28,123.5 1 1
github.com/camerarecorder/mediamtx-camera-service-go/internal/camera/real_implementations.go:126.4,126.35 1 1
github.com/camerarecorder/mediamtx-camera-service-go/internal/camera/real_implementations.go:126.35,129.33 3 1
github.com/camerarecorder/mediamtx-camera-service-go/internal/camera/real_implementations.go:129.33,139.6 2 1
github.com/camerarecorder/mediamtx-camera-service-go/internal/camera/real_implementations.go:141.9,141.34 1 1
github.com/camerarecorder/mediamtx-camera-service-go/internal/camera/real_implementations.go:141.34,142.39 1 1
github.com/camerarecorder/mediamtx-camera-service-go/internal/camera/real_implementations.go:142.39,144.60 1 1
github.com/camerarecorder/mediamtx-camera-service-go/internal/camera/real_implementations.go:144.60,146.6 1 1
github.com/camerarecorder/mediamtx-camera-service-go/internal/camera/real_implementations.go:149.5,157.45 3 1
github.com/camerarecorder/mediamtx-camera-service-go/internal/camera/real_implementations.go:157.45,159.6 1 1
github.com/camerarecorder/mediamtx-camera-service-go/internal/camera/real_implementations.go:160.5,162.34 3 1
github.com/camerarecorder/mediamtx-camera-service-go/internal/camera/real_implementations.go:163.10,163.83 1 1
github.com/camerarecorder/mediamtx-camera-service-go/internal/camera/real_implementations.go:163.83,165.69 1 1
github.com/camerarecorder/mediamtx-camera-service-go/internal/camera/real_implementations.go:165.69,168.34 3 1
github.com/camerarecorder/mediamtx-camera-service-go/internal/camera/real_implementations.go:168.34,170.20 2 1
github.com/camerarecorder/mediamtx-camera-service-go/internal/camera/real_implementations.go:170.20,172.8 1 1
github.com/camerarecorder/mediamtx-camera-service-go/internal/camera/real_implementations.go:180.2,180.26 1 1
github.com/camerarecorder/mediamtx-camera-service-go/internal/camera/real_implementations.go:180.26,182.3 1 1
github.com/camerarecorder/mediamtx-camera-service-go/internal/camera/real_implementations.go:185.2,185.23 1 1
github.com/camerarecorder/mediamtx-camera-service-go/internal/camera/real_implementations.go:185.23,188.30 2 1
github.com/camerarecorder/mediamtx-camera-service-go/internal/camera/real_implementations.go:188.30,189.61 1 1
github.com/camerarecorder/mediamtx-camera-service-go/internal/camera/real_implementations.go:189.61,191.10 2 0
github.com/camerarecorder/mediamtx-camera-service-go/internal/camera/real_implementations.go:195.3,195.22 1 1
github.com/camerarecorder/mediamtx-camera-service-go/internal/camera/real_implementations.go:195.22,198.31 2 0
github.com/camerarecorder/mediamtx-camera-service-go/internal/camera/real_implementations.go:198.31,200.43 2 0
github.com/camerarecorder/mediamtx-camera-service-go/internal/camera/real_implementations.go:200.43,202.34 1 0
github.com/camerarecorder/mediamtx-camera-service-go/internal/camera/real_implementations.go:202.34,204.7 1 0
github.com/camerarecorder/mediamtx-camera-service-go/internal/camera/real_implementations.go:206.6,211.7 1 0
github.com/camerarecorder/mediamtx-camera-service-go/internal/camera/real_implementations.go:212.11,212.40 1 0
github.com/camerarecorder/mediamtx-camera-service-go/internal/camera/real_implementations.go:212.40,213.71 1 0
github.com/camerarecorder/mediamtx-camera-service-go/internal/camera/real_implementations.go:213.71,215.26 2 0
github.com/camerarecorder/mediamtx-camera-service-go/internal/camera/real_implementations.go:215.26,217.8 1 0
github.com/camerarecorder/mediamtx-camera-service-go/internal/camera/real_implementations.go:218.12,218.78 1 0
github.com/camerarecorder/mediamtx-camera-service-go/internal/camera/real_implementations.go:218.78,220.26 2 0
github.com/camerarecorder/mediamtx-camera-service-go/internal/camera/real_implementations.go:220.26,222.37 2 0
github.com/camerarecorder/mediamtx-camera-service-go/internal/camera/real_implementations.go:222.37,224.50 1 0
github.com/camerarecorder/mediamtx-camera-service-go/internal/camera/real_implementations.go:224.50,227.81 2 0
github.com/camerarecorder/mediamtx-camera-service-go/internal/camera/real_implementations.go:227.81,232.11 4 0
github.com/camerarecorder/mediamtx-camera-service-go/internal/camera/real_implementations.go:233.15,238.10 3 0
github.com/camerarecorder/mediamtx-camera-service-go/internal/camera/real_implementations.go:241.12,241.77 1 0
github.com/camerarecorder/mediamtx-camera-service-go/internal/camera/real_implementations.go:241.77,243.26 2 0
github.com/camerarecorder/mediamtx-camera-service-go/internal/camera/real_implementations.go:243.26,245.21 2 0
github.com/camerarecorder/mediamtx-camera-service-go/internal/camera/real_implementations.go:245.21,247.9 1 0
github.com/camerarecorder/mediamtx-camera-service-go/internal/camera/real_implementations.go:253.4,253.32 1 0
github.com/camerarecorder/mediamtx-camera-service-go/internal/camera/real_implementations.go:253.32,255.5 1 0
github.com/camerarecorder/mediamtx-camera-service-go/internal/camera/real_implementations.go:256.9,259.31 2 1
github.com/camerarecorder/mediamtx-camera-service-go/internal/camera/real_implementations.go:259.31,261.73 2 1
github.com/camerarecorder/mediamtx-camera-service-go/internal/camera/real_implementations.go:261.73,268.6 1 0
github.com/camerarecorder/mediamtx-camera-service-go/internal/camera/real_implementations.go:268.11,268.109 1 1
github.com/camerarecorder/mediamtx-camera-service-go/internal/camera/real_implementations.go:268.109,270.11 1 0
github.com/camerarecorder/mediamtx-camera-service-go/internal/camera/real_implementations.go:273.4,273.25 1 1
github.com/camerarecorder/mediamtx-camera-service-go/internal/camera/real_implementations.go:273.25,275.5 1 0
github.com/camerarecorder/mediamtx-camera-service-go/internal/camera/real_implementations.go:279.2,279.21 1 1
github.com/camerarecorder/mediamtx-camera-service-go/internal/camera/real_implementations.go:282.87,308.44 4 0
github.com/camerarecorder/mediamtx-camera-service-go/internal/camera/real_implementations.go:308.44,312.33 3 0
github.com/camerarecorder/mediamtx-camera-service-go/internal/camera/real_implementations.go:312.33,313.22 1 0
github.com/camerarecorder/mediamtx-camera-service-go/internal/camera/real_implementations.go:313.22,315.19 2 0
github.com/camerarecorder/mediamtx-camera-service-go/internal/camera/real_implementations.go:315.19,318.60 2 0
github.com/camerarecorder/mediamtx-camera-service-go/internal/camera/real_implementations.go:318.60,321.7 2 0
github.com/camerarecorder/mediamtx-camera-service-go/internal/camera/real_implementations.go:327.2,327.24 1 0
github.com/camerarecorder/mediamtx-camera-service-go/internal/camera/real_implementations.go:332.71,334.56 1 1
github.com/camerarecorder/mediamtx-camera-service-go/internal/camera/real_implementations.go:334.56,336.25 1 1
github.com/camerarecorder/mediamtx-camera-service-go/internal/camera/real_implementations.go:336.25,339.4 1 1
github.com/camerarecorder/mediamtx-camera-service-go/internal/camera/real_implementations.go:342.2,342.11 1 1
github.com/camerarecorder/mediamtx-camera-service-go/internal/camera/real_implementations.go:346.65,348.21 2 1
github.com/camerarecorder/mediamtx-camera-service-go/internal/camera/real_implementations.go:348.21,350.3 1 1
github.com/camerarecorder/mediamtx-camera-service-go/internal/camera/real_implementations.go:351.2,351.36 1 1
github.com/camerarecorder/mediamtx-camera-service-go/internal/camera/real_implementations.go:356.107,359.29 2 1
github.com/camerarecorder/mediamtx-camera-service-go/internal/camera/real_implementations.go:359.29,363.76 2 1
github.com/camerarecorder/mediamtx-camera-service-go/internal/camera/real_implementations.go:363.76,366.23 2 1
github.com/camerarecorder/mediamtx-camera-service-go/internal/camera/real_implementations.go:366.23,368.23 2 1
github.com/camerarecorder/mediamtx-camera-service-go/internal/camera/real_implementations.go:368.23,371.6 1 1
github.com/camerarecorder/mediamtx-camera-service-go/internal/camera/real_implementations.go:375.4,375.40 1 1
github.com/camerarecorder/mediamtx-camera-service-go/internal/camera/real_implementations.go:375.40,379.107 2 1
github.com/camerarecorder/mediamtx-camera-service-go/internal/camera/real_implementations.go:379.107,380.11 1 1
github.com/camerarecorder/mediamtx-camera-service-go/internal/camera/real_implementations.go:384.5,384.40 1 1
github.com/camerarecorder/mediamtx-camera-service-go/internal/camera/real_implementations.go:384.40,385.14 1 1
github.com/camerarecorder/mediamtx-camera-service-go/internal/camera/real_implementations.go:389.5,389.23 1 1
github.com/camerarecorder/mediamtx-camera-service-go/internal/camera/real_implementations.go:389.23,391.6 1 1
github.com/camerarecorder/mediamtx-camera-service-go/internal/camera/real_implementations.go:393.4,393.9 1 1
github.com/camerarecorder/mediamtx-camera-service-go/internal/camera/real_implementations.go:397.2,397.21 1 1
github.com/camerarecorder/mediamtx-camera-service-go/internal/camera/real_implementations.go:401.72,407.21 3 1
github.com/camerarecorder/mediamtx-camera-service-go/internal/camera/real_implementations.go:407.21,409.3 1 1
github.com/camerarecorder/mediamtx-camera-service-go/internal/camera/real_implementations.go:411.2,412.27 2 1
github.com/camerarecorder/mediamtx-camera-service-go/internal/camera/real_implementations.go:412.27,414.16 2 1
github.com/camerarecorder/mediamtx-camera-service-go/internal/camera/real_implementations.go:414.16,416.4 1 1
github.com/camerarecorder/mediamtx-camera-service-go/internal/camera/real_implementations.go:419.2,419.21 1 1
github.com/camerarecorder/mediamtx-camera-service-go/internal/camera/real_implementations.go:422.66,424.21 2 1
github.com/camerarecorder/mediamtx-camera-service-go/internal/camera/real_implementations.go:424.21,426.3 1 1
github.com/camerarecorder/mediamtx-camera-service-go/internal/camera/real_implementations.go:428.2,431.22 3 1
github.com/camerarecorder/mediamtx-camera-service-go/internal/camera/test_helpers.go:27.70,39.2 3 1
github.com/camerarecorder/mediamtx-camera-service-go/internal/camera/test_helpers.go:42.59,47.16 3 1
github.com/camerarecorder/mediamtx-camera-service-go/internal/camera/test_helpers.go:47.16,50.3 2 0
github.com/camerarecorder/mediamtx-camera-service-go/internal/camera/test_helpers.go:52.2,52.38 1 1
github.com/camerarecorder/mediamtx-camera-service-go/internal/camera/test_helpers.go:52.38,54.35 1 1
github.com/camerarecorder/mediamtx-camera-service-go/internal/camera/test_helpers.go:54.35,57.4 2 1
github.com/camerarecorder/mediamtx-camera-service-go/internal/camera/test_helpers.go:60.2,60.34 1 1
github.com/camerarecorder/mediamtx-camera-service-go/internal/camera/test_helpers.go:60.34,64.3 2 0
github.com/camerarecorder/mediamtx-camera-service-go/internal/camera/test_helpers.go:69.77,71.41 1 1
github.com/camerarecorder/mediamtx-camera-service-go/internal/camera/test_helpers.go:71.41,73.3 1 0
github.com/camerarecorder/mediamtx-camera-service-go/internal/camera/test_helpers.go:76.2,80.16 4 1
github.com/camerarecorder/mediamtx-camera-service-go/internal/camera/test_helpers.go:80.16,83.3 1 0
github.com/camerarecorder/mediamtx-camera-service-go/internal/camera/test_helpers.go:87.2,89.29 3 1
github.com/camerarecorder/mediamtx-camera-service-go/internal/camera/test_helpers.go:89.29,90.44 1 1
github.com/camerarecorder/mediamtx-camera-service-go/internal/camera/test_helpers.go:90.44,92.84 1 1
github.com/camerarecorder/mediamtx-camera-service-go/internal/camera/test_helpers.go:92.84,94.10 2 1
github.com/camerarecorder/mediamtx-camera-service-go/internal/camera/test_helpers.go:101.2,101.24 1 1
github.com/camerarecorder/mediamtx-camera-service-go/internal/camera/test_helpers.go:105.65,107.2 1 1
github.com/camerarecorder/mediamtx-camera-service-go/internal/camera/test_helpers.go:110.60,111.33 1 0
github.com/camerarecorder/mediamtx-camera-service-go/internal/camera/test_helpers.go:111.33,113.3 1 0
github.com/camerarecorder/mediamtx-camera-service-go/internal/camera/test_helpers.go:114.2,114.22 1 0
github.com/camerarecorder/mediamtx-camera-service-go/internal/camera/test_helpers.go:118.93,121.23 2 0
github.com/camerarecorder/mediamtx-camera-service-go/internal/camera/test_helpers.go:121.23,124.3 2 0
github.com/camerarecorder/mediamtx-camera-service-go/internal/camera/test_helpers.go:127.2,127.33 1 0
github.com/camerarecorder/mediamtx-camera-service-go/internal/camera/test_helpers.go:127.33,128.79 1 0
github.com/camerarecorder/mediamtx-camera-service-go/internal/camera/test_helpers.go:128.79,131.4 2 0
github.com/camerarecorder/mediamtx-camera-service-go/internal/camera/test_helpers.go:136.103,142.16 4 0
github.com/camerarecorder/mediamtx-camera-service-go/internal/camera/test_helpers.go:142.16,144.3 1 0
github.com/camerarecorder/mediamtx-camera-service-go/internal/camera/test_helpers.go:147.2,148.16 2 0
github.com/camerarecorder/mediamtx-camera-service-go/internal/camera/test_helpers.go:148.16,150.3 1 0
github.com/camerarecorder/mediamtx-camera-service-go/internal/camera/test_helpers.go:152.2,152.27 1 0
github.com/camerarecorder/mediamtx-camera-service-go/internal/camera/test_helpers.go:156.93,162.16 4 0
github.com/camerarecorder/mediamtx-camera-service-go/internal/camera/test_helpers.go:162.16,164.3 1 0
github.com/camerarecorder/mediamtx-camera-service-go/internal/camera/test_helpers.go:167.2,168.16 2 0
github.com/camerarecorder/mediamtx-camera-service-go/internal/camera/test_helpers.go:168.16,170.3 1 0
github.com/camerarecorder/mediamtx-camera-service-go/internal/camera/test_helpers.go:172.2,172.21 1 0
github.com/camerarecorder/mediamtx-camera-service-go/internal/camera/test_helpers.go:176.92,182.16 4 0
github.com/camerarecorder/mediamtx-camera-service-go/internal/camera/test_helpers.go:182.16,184.3 1 0
github.com/camerarecorder/mediamtx-camera-service-go/internal/camera/test_helpers.go:187.2,188.16 2 0
github.com/camerarecorder/mediamtx-camera-service-go/internal/camera/test_helpers.go:188.16,190.3 1 0
github.com/camerarecorder/mediamtx-camera-service-go/internal/camera/test_helpers.go:192.2,192.24 1 0
github.com/camerarecorder/mediamtx-camera-service-go/internal/camera/test_helpers.go:196.83,198.41 1 0
github.com/camerarecorder/mediamtx-camera-service-go/internal/camera/test_helpers.go:198.41,200.3 1 0
github.com/camerarecorder/mediamtx-camera-service-go/internal/camera/test_helpers.go:203.2,207.16 4 0
github.com/camerarecorder/mediamtx-camera-service-go/internal/camera/test_helpers.go:207.16,209.3 1 0
github.com/camerarecorder/mediamtx-camera-service-go/internal/camera/test_helpers.go:211.2,211.12 1 0
github.com/camerarecorder/mediamtx-camera-service-go/internal/camera/test_helpers.go:215.65,220.16 3 0
github.com/camerarecorder/mediamtx-camera-service-go/internal/camera/test_helpers.go:220.16,223.3 2 0
github.com/camerarecorder/mediamtx-camera-service-go/internal/camera/test_helpers.go:226.2,226.38 1 0
github.com/camerarecorder/mediamtx-camera-service-go/internal/camera/test_helpers.go:226.38,227.35 1 0
github.com/camerarecorder/mediamtx-camera-service-go/internal/camera/test_helpers.go:227.35,229.4 1 0
github.com/camerarecorder/mediamtx-camera-service-go/internal/camera/test_helpers.go:232.2,232.26 1 0
github.com/camerarecorder/mediamtx-camera-service-go/internal/camera/test_helpers.go:236.81,239.16 2 0
github.com/camerarecorder/mediamtx-camera-service-go/internal/camera/test_helpers.go:239.16,241.3 1 0
github.com/camerarecorder/mediamtx-camera-service-go/internal/camera/test_helpers.go:242.2,246.16 3 0
github.com/camerarecorder/mediamtx-camera-service-go/internal/camera/test_helpers.go:246.16,248.3 1 0
github.com/camerarecorder/mediamtx-camera-service-go/internal/camera/test_helpers.go:251.2,251.40 1 0
github.com/camerarecorder/mediamtx-camera-service-go/internal/camera/test_helpers.go:251.40,253.3 1 0
github.com/camerarecorder/mediamtx-camera-service-go/internal/camera/test_helpers.go:255.2,255.12 1 0
github.com/camerarecorder/mediamtx-camera-service-go/internal/camera/test_helpers.go:259.68,262.16 2 0
github.com/camerarecorder/mediamtx-camera-service-go/internal/camera/test_helpers.go:262.16,264.3 1 0
github.com/camerarecorder/mediamtx-camera-service-go/internal/camera/test_helpers.go:267.2,271.34 4 0
github.com/camerarecorder/mediamtx-camera-service-go/internal/camera/test_helpers.go:271.34,273.3 1 0
github.com/camerarecorder/mediamtx-camera-service-go/internal/camera/test_helpers.go:275.2,275.12 1 0
github.com/camerarecorder/mediamtx-camera-service-go/internal/camera/test_helpers.go:280.89,283.16 2 0
github.com/camerarecorder/mediamtx-camera-service-go/internal/camera/test_helpers.go:283.16,285.3 1 0
github.com/camerarecorder/mediamtx-camera-service-go/internal/camera/test_helpers.go:289.2,292.46 2 0
github.com/camerarecorder/mediamtx-camera-service-go/internal/camera/test_helpers.go:292.46,294.81 1 0
github.com/camerarecorder/mediamtx-camera-service-go/internal/camera/test_helpers.go:294.81,296.9 2 0
github.com/camerarecorder/mediamtx-camera-service-go/internal/camera/test_helpers.go:299.3,299.62 1 0
github.com/camerarecorder/mediamtx-camera-service-go/internal/camera/test_helpers.go:299.62,301.9 2 0
github.com/camerarecorder/mediamtx-camera-service-go/internal/camera/test_helpers.go:307.2,307.22 1 0
github.com/camerarecorder/mediamtx-camera-service-go/internal/camera/test_helpers.go:307.22,309.3 1 0
github.com/camerarecorder/mediamtx-camera-service-go/internal/camera/test_helpers.go:312.2,313.46 2 0
github.com/camerarecorder/mediamtx-camera-service-go/internal/camera/test_helpers.go:313.46,314.119 1 0
github.com/camerarecorder/mediamtx-camera-service-go/internal/camera/test_helpers.go:314.119,316.9 2 0
github.com/camerarecorder/mediamtx-camera-service-go/internal/camera/test_helpers.go:320.2,320.19 1 0
github.com/camerarecorder/mediamtx-camera-service-go/internal/camera/test_helpers.go:320.19,322.3 1 0
github.com/camerarecorder/mediamtx-camera-service-go/internal/camera/test_helpers.go:325.2,326.16 2 0
github.com/camerarecorder/mediamtx-camera-service-go/internal/camera/test_helpers.go:326.16,328.3 1 0
github.com/camerarecorder/mediamtx-camera-service-go/internal/camera/test_helpers.go:330.2,330.23 1 0
github.com/camerarecorder/mediamtx-camera-service-go/internal/camera/test_helpers.go:330.23,332.3 1 0
github.com/camerarecorder/mediamtx-camera-service-go/internal/camera/test_helpers.go:335.2,336.33 2 0
github.com/camerarecorder/mediamtx-camera-service-go/internal/camera/test_helpers.go:336.33,338.99 1 0
github.com/camerarecorder/mediamtx-camera-service-go/internal/camera/test_helpers.go:338.99,340.9 2 0
github.com/camerarecorder/mediamtx-camera-service-go/internal/camera/test_helpers.go:344.2,344.22 1 0
github.com/camerarecorder/mediamtx-camera-service-go/internal/camera/test_helpers.go:344.22,346.3 1 0
github.com/camerarecorder/mediamtx-camera-service-go/internal/camera/test_helpers.go:348.2,348.12 1 0
github.com/camerarecorder/mediamtx-camera-service-go/internal/camera/test_helpers.go:352.109,354.16 2 0
github.com/camerarecorder/mediamtx-camera-service-go/internal/camera/test_helpers.go:354.16,356.3 1 0
github.com/camerarecorder/mediamtx-camera-service-go/internal/camera/test_helpers.go:359.2,360.33 2 0
github.com/camerarecorder/mediamtx-camera-service-go/internal/camera/test_helpers.go:360.33,362.3 1 0
github.com/camerarecorder/mediamtx-camera-service-go/internal/camera/test_helpers.go:364.2,364.43 1 0
github.com/camerarecorder/mediamtx-camera-service-go/internal/camera/test_helpers.go:364.43,365.34 1 0
github.com/camerarecorder/mediamtx-camera-service-go/internal/camera/test_helpers.go:365.34,367.4 1 0
github.com/camerarecorder/mediamtx-camera-service-go/internal/camera/test_helpers.go:370.2,370.12 1 0
github.com/camerarecorder/mediamtx-camera-service-go/internal/camera/test_helpers.go:374.117,376.16 2 0
github.com/camerarecorder/mediamtx-camera-service-go/internal/camera/test_helpers.go:376.16,378.3 1 0
github.com/camerarecorder/mediamtx-camera-service-go/internal/camera/test_helpers.go:381.2,382.33 2 0
github.com/camerarecorder/mediamtx-camera-service-go/internal/camera/test_helpers.go:382.33,385.3 2 0
github.com/camerarecorder/mediamtx-camera-service-go/internal/camera/test_helpers.go:387.2,387.47 1 0
github.com/camerarecorder/mediamtx-camera-service-go/internal/camera/test_helpers.go:387.47,388.38 1 0
github.com/camerarecorder/mediamtx-camera-service-go/internal/camera/test_helpers.go:388.38,390.4 1 0
github.com/camerarecorder/mediamtx-camera-service-go/internal/camera/test_helpers.go:393.2,393.12 1 0
github.com/camerarecorder/mediamtx-camera-service-go/internal/camera/test_helpers.go:397.115,399.16 2 0
github.com/camerarecorder/mediamtx-camera-service-go/internal/camera/test_helpers.go:399.16,401.3 1 0
github.com/camerarecorder/mediamtx-camera-service-go/internal/camera/test_helpers.go:404.2,405.34 2 0
github.com/camerarecorder/mediamtx-camera-service-go/internal/camera/test_helpers.go:405.34,407.3 1 0
github.com/camerarecorder/mediamtx-camera-service-go/internal/camera/test_helpers.go:409.2,409.46 1 0
github.com/camerarecorder/mediamtx-camera-service-go/internal/camera/test_helpers.go:409.46,410.37 1 0
github.com/camerarecorder/mediamtx-camera-service-go/internal/camera/test_helpers.go:410.37,412.4 1 0
github.com/camerarecorder/mediamtx-camera-service-go/internal/camera/test_helpers.go:415.2,415.12 1 0
github.com/camerarecorder/mediamtx-camera-service-go/internal/camera/test_helpers.go:419.96,420.34 1 0
github.com/camerarecorder/mediamtx-camera-service-go/internal/camera/test_helpers.go:420.34,422.65 1 0
github.com/camerarecorder/mediamtx-camera-service-go/internal/camera/test_helpers.go:422.65,424.4 1 0
github.com/camerarecorder/mediamtx-camera-service-go/internal/camera/test_helpers.go:427.3,427.60 1 0
github.com/camerarecorder/mediamtx-camera-service-go/internal/camera/test_helpers.go:427.60,429.4 1 0
github.com/camerarecorder/mediamtx-camera-service-go/internal/camera/test_helpers.go:432.3,432.63 1 0
github.com/camerarecorder/mediamtx-camera-service-go/internal/camera/test_helpers.go:432.63,434.4 1 0
github.com/camerarecorder/mediamtx-camera-service-go/internal/camera/test_helpers.go:437.3,437.36 1 0
github.com/camerarecorder/mediamtx-camera-service-go/internal/camera/test_helpers.go:440.2,440.12 1 0
github.com/camerarecorder/mediamtx-camera-service-go/internal/camera/test_helpers.go:444.105,447.37 2 0
github.com/camerarecorder/mediamtx-camera-service-go/internal/camera/test_helpers.go:447.37,448.19 1 0
github.com/camerarecorder/mediamtx-camera-service-go/internal/camera/test_helpers.go:448.19,450.66 1 0
github.com/camerarecorder/mediamtx-camera-service-go/internal/camera/test_helpers.go:450.66,453.5 2 0
github.com/camerarecorder/mediamtx-camera-service-go/internal/camera/test_helpers.go:454.4,454.17 1 0
github.com/camerarecorder/mediamtx-camera-service-go/internal/camera/test_helpers.go:459.2,459.37 1 0
github.com/camerarecorder/mediamtx-camera-service-go/internal/camera/test_helpers.go:459.37,460.34 1 0
github.com/camerarecorder/mediamtx-camera-service-go/internal/camera/test_helpers.go:460.34,462.4 1 0
github.com/camerarecorder/mediamtx-camera-service-go/internal/camera/test_helpers.go:465.2,465.12 1 0
github.com/camerarecorder/mediamtx-camera-service-go/internal/camera/test_helpers.go:470.66,473.47 2 0
github.com/camerarecorder/mediamtx-camera-service-go/internal/camera/test_helpers.go:473.47,475.3 1 0
github.com/camerarecorder/mediamtx-camera-service-go/internal/camera/test_helpers.go:479.2,483.16 4 0
github.com/camerarecorder/mediamtx-camera-service-go/internal/camera/test_helpers.go:483.16,485.3 1 0
github.com/camerarecorder/mediamtx-camera-service-go/internal/camera/test_helpers.go:488.2,488.110 1 0
github.com/camerarecorder/mediamtx-camera-service-go/internal/camera/test_helpers.go:488.110,490.3 1 0
github.com/camerarecorder/mediamtx-camera-service-go/internal/camera/test_helpers.go:493.2,494.16 2 0
github.com/camerarecorder/mediamtx-camera-service-go/internal/camera/test_helpers.go:494.16,496.3 1 0
github.com/camerarecorder/mediamtx-camera-service-go/internal/camera/test_helpers.go:499.2,500.16 2 0
github.com/camerarecorder/mediamtx-camera-service-go/internal/camera/test_helpers.go:500.16,502.3 1 0
github.com/camerarecorder/mediamtx-camera-service-go/internal/camera/test_helpers.go:505.2,506.16 2 0
github.com/camerarecorder/mediamtx-camera-service-go/internal/camera/test_helpers.go:506.16,508.3 1 0
github.com/camerarecorder/mediamtx-camera-service-go/internal/camera/test_helpers.go:510.2,510.12 1 0
github.com/camerarecorder/mediamtx-camera-service-go/internal/camera/test_helpers.go:514.98,518.64 2 0
github.com/camerarecorder/mediamtx-camera-service-go/internal/camera/test_helpers.go:518.64,520.3 1 0
github.com/camerarecorder/mediamtx-camera-service-go/internal/camera/test_helpers.go:522.2,522.59 1 0
github.com/camerarecorder/mediamtx-camera-service-go/internal/camera/test_helpers.go:522.59,524.3 1 0
github.com/camerarecorder/mediamtx-camera-service-go/internal/camera/test_helpers.go:526.2,526.62 1 0
github.com/camerarecorder/mediamtx-camera-service-go/internal/camera/test_helpers.go:526.62,528.3 1 0
github.com/camerarecorder/mediamtx-camera-service-go/internal/camera/test_helpers.go:530.2,531.22 2 0
github.com/camerarecorder/mediamtx-camera-service-go/internal/camera/test_helpers.go:535.83,546.31 2 0
github.com/camerarecorder/mediamtx-camera-service-go/internal/camera/test_helpers.go:546.31,552.17 4 0
github.com/camerarecorder/mediamtx-camera-service-go/internal/camera/test_helpers.go:552.17,554.4 1 0
github.com/camerarecorder/mediamtx-camera-service-go/internal/camera/test_helpers.go:557.2,557.12 1 0
github.com/camerarecorder/mediamtx-camera-service-go/internal/camera/test_helpers.go:561.81,563.62 1 0
github.com/camerarecorder/mediamtx-camera-service-go/internal/camera/test_helpers.go:563.62,565.3 1 0
github.com/camerarecorder/mediamtx-camera-service-go/internal/camera/test_helpers.go:568.2,568.60 1 0
github.com/camerarecorder/mediamtx-camera-service-go/internal/camera/test_helpers.go:568.60,570.3 1 0
github.com/camerarecorder/mediamtx-camera-service-go/internal/camera/test_helpers.go:573.2,573.64 1 0
github.com/camerarecorder/mediamtx-camera-service-go/internal/camera/test_helpers.go:573.64,575.3 1 0
github.com/camerarecorder/mediamtx-camera-service-go/internal/camera/test_helpers.go:578.2,578.59 1 0
github.com/camerarecorder/mediamtx-camera-service-go/internal/camera/test_helpers.go:578.59,580.3 1 0
github.com/camerarecorder/mediamtx-camera-service-go/internal/camera/test_helpers.go:583.2,583.62 1 0
github.com/camerarecorder/mediamtx-camera-service-go/internal/camera/test_helpers.go:583.62,585.3 1 0
github.com/camerarecorder/mediamtx-camera-service-go/internal/camera/test_helpers.go:588.2,588.68 1 0
github.com/camerarecorder/mediamtx-camera-service-go/internal/camera/test_helpers.go:588.68,590.3 1 0
github.com/camerarecorder/mediamtx-camera-service-go/internal/camera/test_helpers.go:593.2,594.16 2 0
github.com/camerarecorder/mediamtx-camera-service-go/internal/camera/test_helpers.go:594.16,596.3 1 0
github.com/camerarecorder/mediamtx-camera-service-go/internal/camera/test_helpers.go:598.2,599.12 2 0
github.com/camerarecorder/mediamtx-camera-service-go/internal/camera/test_helpers.go:603.60,606.23 2 0
github.com/camerarecorder/mediamtx-camera-service-go/internal/camera/test_helpers.go:606.23,609.3 2 0
github.com/camerarecorder/mediamtx-camera-service-go/internal/camera/test_helpers.go:611.2,611.33 1 0
github.com/camerarecorder/mediamtx-camera-service-go/internal/camera/test_helpers.go:611.33,612.91 1 0
github.com/camerarecorder/mediamtx-camera-service-go/internal/camera/test_helpers.go:612.91,628.4 8 0
github.com/camerarecorder/mediamtx-camera-service-go/internal/camera/test_helpers.go:633.64,643.43 5 0
github.com/camerarecorder/mediamtx-camera-service-go/internal/camera/test_helpers.go:643.43,644.91 1 0
github.com/camerarecorder/mediamtx-camera-service-go/internal/camera/test_helpers.go:644.91,647.4 2 0
github.com/camerarecorder/mediamtx-camera-service-go/internal/camera/test_helpers.go:652.61,665.43 4 0
github.com/camerarecorder/mediamtx-camera-service-go/internal/camera/test_helpers.go:665.43,666.77 1 0
github.com/camerarecorder/mediamtx-camera-service-go/internal/camera/test_helpers.go:666.77,668.43 1 0
github.com/camerarecorder/mediamtx-camera-service-go/internal/camera/test_helpers.go:668.43,670.5 1 0
github.com/camerarecorder/mediamtx-camera-service-go/internal/camera/test_helpers.go:676.68,679.23 2 0
github.com/camerarecorder/mediamtx-camera-service-go/internal/camera/test_helpers.go:679.23,682.3 2 0
github.com/camerarecorder/mediamtx-camera-service-go/internal/camera/test_helpers.go:684.2,684.33 1 0
github.com/camerarecorder/mediamtx-camera-service-go/internal/camera/test_helpers.go:684.33,685.94 1 0
github.com/camerarecorder/mediamtx-camera-service-go/internal/camera/test_helpers.go:685.94,690.34 3 0
github.com/camerarecorder/mediamtx-camera-service-go/internal/camera/test_helpers.go:690.34,694.5 3 0
github.com/camerarecorder/mediamtx-camera-service-go/internal/camera/test_helpers.go:696.4,700.90 3 0
