mode: set
github.com/camerarecorder/mediamtx-camera-service-go/internal/config/config_manager.go:31.40,38.2 1 0
github.com/camerarecorder/mediamtx-camera-service-go/internal/config/config_manager.go:41.62,64.41 11 0
github.com/camerarecorder/mediamtx-camera-service-go/internal/config/config_manager.go:64.41,67.3 1 0
github.com/camerarecorder/mediamtx-camera-service-go/internal/config/config_manager.go:70.2,71.45 2 0
github.com/camerarecorder/mediamtx-camera-service-go/internal/config/config_manager.go:71.45,73.3 1 0
github.com/camerarecorder/mediamtx-camera-service-go/internal/config/config_manager.go:76.2,76.48 1 0
github.com/camerarecorder/mediamtx-camera-service-go/internal/config/config_manager.go:76.48,78.3 1 0
github.com/camerarecorder/mediamtx-camera-service-go/internal/config/config_manager.go:81.2,87.61 4 0
github.com/camerarecorder/mediamtx-camera-service-go/internal/config/config_manager.go:87.61,88.48 1 0
github.com/camerarecorder/mediamtx-camera-service-go/internal/config/config_manager.go:88.48,90.4 1 0
github.com/camerarecorder/mediamtx-camera-service-go/internal/config/config_manager.go:94.2,102.12 3 0
github.com/camerarecorder/mediamtx-camera-service-go/internal/config/config_manager.go:106.52,112.16 3 0
github.com/camerarecorder/mediamtx-camera-service-go/internal/config/config_manager.go:112.16,114.3 1 0
github.com/camerarecorder/mediamtx-camera-service-go/internal/config/config_manager.go:116.2,122.50 5 0
github.com/camerarecorder/mediamtx-camera-service-go/internal/config/config_manager.go:122.50,128.3 5 0
github.com/camerarecorder/mediamtx-camera-service-go/internal/config/config_manager.go:131.2,139.12 4 0
github.com/camerarecorder/mediamtx-camera-service-go/internal/config/config_manager.go:143.45,147.23 3 0
github.com/camerarecorder/mediamtx-camera-service-go/internal/config/config_manager.go:147.23,149.44 1 0
github.com/camerarecorder/mediamtx-camera-service-go/internal/config/config_manager.go:149.44,151.4 1 0
github.com/camerarecorder/mediamtx-camera-service-go/internal/config/config_manager.go:152.3,152.19 1 0
github.com/camerarecorder/mediamtx-camera-service-go/internal/config/config_manager.go:157.45,163.6 3 0
github.com/camerarecorder/mediamtx-camera-service-go/internal/config/config_manager.go:163.6,164.10 1 0
github.com/camerarecorder/mediamtx-camera-service-go/internal/config/config_manager.go:165.22,166.10 1 0
github.com/camerarecorder/mediamtx-camera-service-go/internal/config/config_manager.go:167.41,168.11 1 0
github.com/camerarecorder/mediamtx-camera-service-go/internal/config/config_manager.go:168.11,170.5 1 0
github.com/camerarecorder/mediamtx-camera-service-go/internal/config/config_manager.go:173.4,173.35 1 0
github.com/camerarecorder/mediamtx-camera-service-go/internal/config/config_manager.go:173.35,180.21 2 0
github.com/camerarecorder/mediamtx-camera-service-go/internal/config/config_manager.go:181.42,183.28 1 0
github.com/camerarecorder/mediamtx-camera-service-go/internal/config/config_manager.go:183.28,185.7 1 0
github.com/camerarecorder/mediamtx-camera-service-go/internal/config/config_manager.go:186.6,186.64 1 0
github.com/camerarecorder/mediamtx-camera-service-go/internal/config/config_manager.go:186.64,188.7 1 0
github.com/camerarecorder/mediamtx-camera-service-go/internal/config/config_manager.go:189.26,192.12 3 0
github.com/camerarecorder/mediamtx-camera-service-go/internal/config/config_manager.go:196.39,197.11 1 0
github.com/camerarecorder/mediamtx-camera-service-go/internal/config/config_manager.go:197.11,199.5 1 0
github.com/camerarecorder/mediamtx-camera-service-go/internal/config/config_manager.go:200.4,200.56 1 0
github.com/camerarecorder/mediamtx-camera-service-go/internal/config/config_manager.go:206.48,210.58 2 0
github.com/camerarecorder/mediamtx-camera-service-go/internal/config/config_manager.go:210.58,214.3 3 0
github.com/camerarecorder/mediamtx-camera-service-go/internal/config/config_manager.go:217.2,217.53 1 0
github.com/camerarecorder/mediamtx-camera-service-go/internal/config/config_manager.go:217.53,220.3 2 0
github.com/camerarecorder/mediamtx-camera-service-go/internal/config/config_manager.go:222.2,222.55 1 0
github.com/camerarecorder/mediamtx-camera-service-go/internal/config/config_manager.go:226.33,239.2 5 0
github.com/camerarecorder/mediamtx-camera-service-go/internal/config/config_manager.go:242.46,246.22 3 0
github.com/camerarecorder/mediamtx-camera-service-go/internal/config/config_manager.go:246.22,248.3 1 0
github.com/camerarecorder/mediamtx-camera-service-go/internal/config/config_manager.go:249.2,249.18 1 0
github.com/camerarecorder/mediamtx-camera-service-go/internal/config/config_manager.go:253.45,257.22 3 0
github.com/camerarecorder/mediamtx-camera-service-go/internal/config/config_manager.go:257.22,259.3 1 0
github.com/camerarecorder/mediamtx-camera-service-go/internal/config/config_manager.go:261.2,261.25 1 0
github.com/camerarecorder/mediamtx-camera-service-go/internal/config/config_manager.go:261.25,263.3 1 0
github.com/camerarecorder/mediamtx-camera-service-go/internal/config/config_manager.go:265.2,280.53 7 0
github.com/camerarecorder/mediamtx-camera-service-go/internal/config/config_manager.go:280.53,282.3 1 0
github.com/camerarecorder/mediamtx-camera-service-go/internal/config/config_manager.go:285.2,285.40 1 0
github.com/camerarecorder/mediamtx-camera-service-go/internal/config/config_manager.go:285.40,287.3 1 0
github.com/camerarecorder/mediamtx-camera-service-go/internal/config/config_manager.go:289.2,295.12 2 0
github.com/camerarecorder/mediamtx-camera-service-go/internal/config/config_manager.go:299.74,378.2 65 0
github.com/camerarecorder/mediamtx-camera-service-go/internal/config/config_manager.go:381.68,385.2 3 0
github.com/camerarecorder/mediamtx-camera-service-go/internal/config/config_manager.go:388.54,523.2 105 0
github.com/camerarecorder/mediamtx-camera-service-go/internal/config/config_manager.go:526.68,558.46 2 0
github.com/camerarecorder/mediamtx-camera-service-go/internal/config/config_manager.go:558.46,559.46 1 0
github.com/camerarecorder/mediamtx-camera-service-go/internal/config/config_manager.go:559.46,567.4 1 0
github.com/camerarecorder/mediamtx-camera-service-go/internal/config/config_manager.go:573.63,575.2 1 0
github.com/camerarecorder/mediamtx-camera-service-go/internal/config/config_manager.go:578.76,579.46 1 0
github.com/camerarecorder/mediamtx-camera-service-go/internal/config/config_manager.go:579.46,580.45 1 0
github.com/camerarecorder/mediamtx-camera-service-go/internal/config/config_manager.go:580.45,581.17 1 0
github.com/camerarecorder/mediamtx-camera-service-go/internal/config/config_manager.go:581.17,582.33 1 0
github.com/camerarecorder/mediamtx-camera-service-go/internal/config/config_manager.go:582.33,584.6 1 0
github.com/camerarecorder/mediamtx-camera-service-go/internal/config/config_manager.go:586.4,586.14 1 0
github.com/camerarecorder/mediamtx-camera-service-go/internal/config/config_manager.go:592.33,661.2 1 0
github.com/camerarecorder/mediamtx-camera-service-go/internal/config/config_manager.go:668.40,669.36 1 0
github.com/camerarecorder/mediamtx-camera-service-go/internal/config/config_manager.go:669.36,671.3 1 0
github.com/camerarecorder/mediamtx-camera-service-go/internal/config/config_manager.go:672.2,672.28 1 0
github.com/camerarecorder/mediamtx-camera-service-go/internal/config/config_manager.go:676.42,678.2 1 0
github.com/camerarecorder/mediamtx-camera-service-go/internal/config/config_manager.go:681.26,683.2 1 0
github.com/camerarecorder/mediamtx-camera-service-go/internal/config/config_validation.go:14.42,16.2 1 0
github.com/camerarecorder/mediamtx-camera-service-go/internal/config/config_validation.go:19.43,23.61 2 0
github.com/camerarecorder/mediamtx-camera-service-go/internal/config/config_validation.go:23.61,25.3 1 0
github.com/camerarecorder/mediamtx-camera-service-go/internal/config/config_validation.go:27.2,27.65 1 0
github.com/camerarecorder/mediamtx-camera-service-go/internal/config/config_validation.go:27.65,29.3 1 0
github.com/camerarecorder/mediamtx-camera-service-go/internal/config/config_validation.go:31.2,31.61 1 0
github.com/camerarecorder/mediamtx-camera-service-go/internal/config/config_validation.go:31.61,33.3 1 0
github.com/camerarecorder/mediamtx-camera-service-go/internal/config/config_validation.go:35.2,35.63 1 0
github.com/camerarecorder/mediamtx-camera-service-go/internal/config/config_validation.go:35.63,37.3 1 0
github.com/camerarecorder/mediamtx-camera-service-go/internal/config/config_validation.go:39.2,39.67 1 0
github.com/camerarecorder/mediamtx-camera-service-go/internal/config/config_validation.go:39.67,41.3 1 0
github.com/camerarecorder/mediamtx-camera-service-go/internal/config/config_validation.go:43.2,43.66 1 0
github.com/camerarecorder/mediamtx-camera-service-go/internal/config/config_validation.go:43.66,45.3 1 0
github.com/camerarecorder/mediamtx-camera-service-go/internal/config/config_validation.go:47.2,47.61 1 0
github.com/camerarecorder/mediamtx-camera-service-go/internal/config/config_validation.go:47.61,49.3 1 0
github.com/camerarecorder/mediamtx-camera-service-go/internal/config/config_validation.go:51.2,51.75 1 0
github.com/camerarecorder/mediamtx-camera-service-go/internal/config/config_validation.go:51.75,53.3 1 0
github.com/camerarecorder/mediamtx-camera-service-go/internal/config/config_validation.go:55.2,55.71 1 0
github.com/camerarecorder/mediamtx-camera-service-go/internal/config/config_validation.go:55.71,57.3 1 0
github.com/camerarecorder/mediamtx-camera-service-go/internal/config/config_validation.go:59.2,59.79 1 0
github.com/camerarecorder/mediamtx-camera-service-go/internal/config/config_validation.go:59.79,61.3 1 0
github.com/camerarecorder/mediamtx-camera-service-go/internal/config/config_validation.go:64.2,64.21 1 0
github.com/camerarecorder/mediamtx-camera-service-go/internal/config/config_validation.go:64.21,69.3 1 0
github.com/camerarecorder/mediamtx-camera-service-go/internal/config/config_validation.go:71.2,71.12 1 0
github.com/camerarecorder/mediamtx-camera-service-go/internal/config/config_validation.go:75.55,76.23 1 0
github.com/camerarecorder/mediamtx-camera-service-go/internal/config/config_validation.go:76.23,78.3 1 0
github.com/camerarecorder/mediamtx-camera-service-go/internal/config/config_validation.go:80.2,80.45 1 0
github.com/camerarecorder/mediamtx-camera-service-go/internal/config/config_validation.go:80.45,82.3 1 0
github.com/camerarecorder/mediamtx-camera-service-go/internal/config/config_validation.go:84.2,84.32 1 0
github.com/camerarecorder/mediamtx-camera-service-go/internal/config/config_validation.go:84.32,86.3 1 0
github.com/camerarecorder/mediamtx-camera-service-go/internal/config/config_validation.go:88.2,88.51 1 0
github.com/camerarecorder/mediamtx-camera-service-go/internal/config/config_validation.go:88.51,90.3 1 0
github.com/camerarecorder/mediamtx-camera-service-go/internal/config/config_validation.go:92.2,92.32 1 0
github.com/camerarecorder/mediamtx-camera-service-go/internal/config/config_validation.go:92.32,94.3 1 0
github.com/camerarecorder/mediamtx-camera-service-go/internal/config/config_validation.go:96.2,96.12 1 0
github.com/camerarecorder/mediamtx-camera-service-go/internal/config/config_validation.go:100.59,101.23 1 0
github.com/camerarecorder/mediamtx-camera-service-go/internal/config/config_validation.go:101.23,103.3 1 0
github.com/camerarecorder/mediamtx-camera-service-go/internal/config/config_validation.go:105.2,105.51 1 0
github.com/camerarecorder/mediamtx-camera-service-go/internal/config/config_validation.go:105.51,107.3 1 0
github.com/camerarecorder/mediamtx-camera-service-go/internal/config/config_validation.go:109.2,109.53 1 0
github.com/camerarecorder/mediamtx-camera-service-go/internal/config/config_validation.go:109.53,111.3 1 0
github.com/camerarecorder/mediamtx-camera-service-go/internal/config/config_validation.go:113.2,113.57 1 0
github.com/camerarecorder/mediamtx-camera-service-go/internal/config/config_validation.go:113.57,115.3 1 0
github.com/camerarecorder/mediamtx-camera-service-go/internal/config/config_validation.go:117.2,117.51 1 0
github.com/camerarecorder/mediamtx-camera-service-go/internal/config/config_validation.go:117.51,119.3 1 0
github.com/camerarecorder/mediamtx-camera-service-go/internal/config/config_validation.go:121.2,121.29 1 0
github.com/camerarecorder/mediamtx-camera-service-go/internal/config/config_validation.go:121.29,123.3 1 0
github.com/camerarecorder/mediamtx-camera-service-go/internal/config/config_validation.go:125.2,125.33 1 0
github.com/camerarecorder/mediamtx-camera-service-go/internal/config/config_validation.go:125.33,127.3 1 0
github.com/camerarecorder/mediamtx-camera-service-go/internal/config/config_validation.go:129.2,129.32 1 0
github.com/camerarecorder/mediamtx-camera-service-go/internal/config/config_validation.go:129.32,131.3 1 0
github.com/camerarecorder/mediamtx-camera-service-go/internal/config/config_validation.go:134.2,134.59 1 0
github.com/camerarecorder/mediamtx-camera-service-go/internal/config/config_validation.go:134.59,136.3 1 0
github.com/camerarecorder/mediamtx-camera-service-go/internal/config/config_validation.go:139.2,139.37 1 0
github.com/camerarecorder/mediamtx-camera-service-go/internal/config/config_validation.go:139.37,141.3 1 0
github.com/camerarecorder/mediamtx-camera-service-go/internal/config/config_validation.go:143.2,143.40 1 0
github.com/camerarecorder/mediamtx-camera-service-go/internal/config/config_validation.go:143.40,145.3 1 0
github.com/camerarecorder/mediamtx-camera-service-go/internal/config/config_validation.go:147.2,147.45 1 0
github.com/camerarecorder/mediamtx-camera-service-go/internal/config/config_validation.go:147.45,149.3 1 0
github.com/camerarecorder/mediamtx-camera-service-go/internal/config/config_validation.go:151.2,151.42 1 0
github.com/camerarecorder/mediamtx-camera-service-go/internal/config/config_validation.go:151.42,153.3 1 0
github.com/camerarecorder/mediamtx-camera-service-go/internal/config/config_validation.go:155.2,155.53 1 0
github.com/camerarecorder/mediamtx-camera-service-go/internal/config/config_validation.go:155.53,157.3 1 0
github.com/camerarecorder/mediamtx-camera-service-go/internal/config/config_validation.go:159.2,159.39 1 0
github.com/camerarecorder/mediamtx-camera-service-go/internal/config/config_validation.go:159.39,161.3 1 0
github.com/camerarecorder/mediamtx-camera-service-go/internal/config/config_validation.go:163.2,163.41 1 0
github.com/camerarecorder/mediamtx-camera-service-go/internal/config/config_validation.go:163.41,165.3 1 0
github.com/camerarecorder/mediamtx-camera-service-go/internal/config/config_validation.go:167.2,167.66 1 0
github.com/camerarecorder/mediamtx-camera-service-go/internal/config/config_validation.go:167.66,169.3 1 0
github.com/camerarecorder/mediamtx-camera-service-go/internal/config/config_validation.go:171.2,171.43 1 0
github.com/camerarecorder/mediamtx-camera-service-go/internal/config/config_validation.go:171.43,173.3 1 0
github.com/camerarecorder/mediamtx-camera-service-go/internal/config/config_validation.go:175.2,175.36 1 0
github.com/camerarecorder/mediamtx-camera-service-go/internal/config/config_validation.go:175.36,177.3 1 0
github.com/camerarecorder/mediamtx-camera-service-go/internal/config/config_validation.go:180.2,180.79 1 0
github.com/camerarecorder/mediamtx-camera-service-go/internal/config/config_validation.go:180.79,182.3 1 0
github.com/camerarecorder/mediamtx-camera-service-go/internal/config/config_validation.go:184.2,184.12 1 0
github.com/camerarecorder/mediamtx-camera-service-go/internal/config/config_validation.go:188.53,190.51 2 0
github.com/camerarecorder/mediamtx-camera-service-go/internal/config/config_validation.go:190.51,192.3 1 0
github.com/camerarecorder/mediamtx-camera-service-go/internal/config/config_validation.go:194.2,195.47 2 0
github.com/camerarecorder/mediamtx-camera-service-go/internal/config/config_validation.go:195.47,197.3 1 0
github.com/camerarecorder/mediamtx-camera-service-go/internal/config/config_validation.go:199.2,200.49 2 0
github.com/camerarecorder/mediamtx-camera-service-go/internal/config/config_validation.go:200.49,202.3 1 0
github.com/camerarecorder/mediamtx-camera-service-go/internal/config/config_validation.go:204.2,204.26 1 0
github.com/camerarecorder/mediamtx-camera-service-go/internal/config/config_validation.go:204.26,206.3 1 0
github.com/camerarecorder/mediamtx-camera-service-go/internal/config/config_validation.go:208.2,209.44 2 0
github.com/camerarecorder/mediamtx-camera-service-go/internal/config/config_validation.go:209.44,211.3 1 0
github.com/camerarecorder/mediamtx-camera-service-go/internal/config/config_validation.go:213.2,213.12 1 0
github.com/camerarecorder/mediamtx-camera-service-go/internal/config/config_validation.go:217.73,218.25 1 0
github.com/camerarecorder/mediamtx-camera-service-go/internal/config/config_validation.go:218.25,220.3 1 0
github.com/camerarecorder/mediamtx-camera-service-go/internal/config/config_validation.go:222.2,222.30 1 0
github.com/camerarecorder/mediamtx-camera-service-go/internal/config/config_validation.go:222.30,224.3 1 0
github.com/camerarecorder/mediamtx-camera-service-go/internal/config/config_validation.go:226.2,226.27 1 0
github.com/camerarecorder/mediamtx-camera-service-go/internal/config/config_validation.go:226.27,228.3 1 0
github.com/camerarecorder/mediamtx-camera-service-go/internal/config/config_validation.go:230.2,230.31 1 0
github.com/camerarecorder/mediamtx-camera-service-go/internal/config/config_validation.go:230.31,232.3 1 0
github.com/camerarecorder/mediamtx-camera-service-go/internal/config/config_validation.go:234.2,234.12 1 0
github.com/camerarecorder/mediamtx-camera-service-go/internal/config/config_validation.go:238.55,239.29 1 0
github.com/camerarecorder/mediamtx-camera-service-go/internal/config/config_validation.go:239.29,241.3 1 0
github.com/camerarecorder/mediamtx-camera-service-go/internal/config/config_validation.go:243.2,243.34 1 0
github.com/camerarecorder/mediamtx-camera-service-go/internal/config/config_validation.go:243.34,245.3 1 0
github.com/camerarecorder/mediamtx-camera-service-go/internal/config/config_validation.go:247.2,247.34 1 0
github.com/camerarecorder/mediamtx-camera-service-go/internal/config/config_validation.go:247.34,249.3 1 0
github.com/camerarecorder/mediamtx-camera-service-go/internal/config/config_validation.go:251.2,251.60 1 0
github.com/camerarecorder/mediamtx-camera-service-go/internal/config/config_validation.go:251.60,253.3 1 0
github.com/camerarecorder/mediamtx-camera-service-go/internal/config/config_validation.go:255.2,255.51 1 0
github.com/camerarecorder/mediamtx-camera-service-go/internal/config/config_validation.go:255.51,257.3 1 0
github.com/camerarecorder/mediamtx-camera-service-go/internal/config/config_validation.go:259.2,259.35 1 0
github.com/camerarecorder/mediamtx-camera-service-go/internal/config/config_validation.go:259.35,261.3 1 0
github.com/camerarecorder/mediamtx-camera-service-go/internal/config/config_validation.go:263.2,263.40 1 0
github.com/camerarecorder/mediamtx-camera-service-go/internal/config/config_validation.go:263.40,265.3 1 0
github.com/camerarecorder/mediamtx-camera-service-go/internal/config/config_validation.go:267.2,267.37 1 0
github.com/camerarecorder/mediamtx-camera-service-go/internal/config/config_validation.go:267.37,269.3 1 0
github.com/camerarecorder/mediamtx-camera-service-go/internal/config/config_validation.go:271.2,271.12 1 0
github.com/camerarecorder/mediamtx-camera-service-go/internal/config/config_validation.go:275.57,277.59 2 0
github.com/camerarecorder/mediamtx-camera-service-go/internal/config/config_validation.go:277.59,279.3 1 0
github.com/camerarecorder/mediamtx-camera-service-go/internal/config/config_validation.go:281.2,281.25 1 0
github.com/camerarecorder/mediamtx-camera-service-go/internal/config/config_validation.go:281.25,283.3 1 0
github.com/camerarecorder/mediamtx-camera-service-go/internal/config/config_validation.go:285.2,285.49 1 0
github.com/camerarecorder/mediamtx-camera-service-go/internal/config/config_validation.go:285.49,287.3 1 0
github.com/camerarecorder/mediamtx-camera-service-go/internal/config/config_validation.go:289.2,289.29 1 0
github.com/camerarecorder/mediamtx-camera-service-go/internal/config/config_validation.go:289.29,291.3 1 0
github.com/camerarecorder/mediamtx-camera-service-go/internal/config/config_validation.go:293.2,293.28 1 0
github.com/camerarecorder/mediamtx-camera-service-go/internal/config/config_validation.go:293.28,295.3 1 0
github.com/camerarecorder/mediamtx-camera-service-go/internal/config/config_validation.go:297.2,297.12 1 0
github.com/camerarecorder/mediamtx-camera-service-go/internal/config/config_validation.go:301.61,303.44 2 0
github.com/camerarecorder/mediamtx-camera-service-go/internal/config/config_validation.go:303.44,305.3 1 0
github.com/camerarecorder/mediamtx-camera-service-go/internal/config/config_validation.go:307.2,308.47 2 0
github.com/camerarecorder/mediamtx-camera-service-go/internal/config/config_validation.go:308.47,310.3 1 0
github.com/camerarecorder/mediamtx-camera-service-go/internal/config/config_validation.go:312.2,312.33 1 0
github.com/camerarecorder/mediamtx-camera-service-go/internal/config/config_validation.go:312.33,314.3 1 0
github.com/camerarecorder/mediamtx-camera-service-go/internal/config/config_validation.go:316.2,316.32 1 0
github.com/camerarecorder/mediamtx-camera-service-go/internal/config/config_validation.go:316.32,318.3 1 0
github.com/camerarecorder/mediamtx-camera-service-go/internal/config/config_validation.go:320.2,320.33 1 0
github.com/camerarecorder/mediamtx-camera-service-go/internal/config/config_validation.go:320.33,322.3 1 0
github.com/camerarecorder/mediamtx-camera-service-go/internal/config/config_validation.go:324.2,324.24 1 0
github.com/camerarecorder/mediamtx-camera-service-go/internal/config/config_validation.go:324.24,326.3 1 0
github.com/camerarecorder/mediamtx-camera-service-go/internal/config/config_validation.go:328.2,328.25 1 0
github.com/camerarecorder/mediamtx-camera-service-go/internal/config/config_validation.go:328.25,330.3 1 0
github.com/camerarecorder/mediamtx-camera-service-go/internal/config/config_validation.go:332.2,332.12 1 0
github.com/camerarecorder/mediamtx-camera-service-go/internal/config/config_validation.go:336.59,338.44 2 0
github.com/camerarecorder/mediamtx-camera-service-go/internal/config/config_validation.go:338.44,340.3 1 0
github.com/camerarecorder/mediamtx-camera-service-go/internal/config/config_validation.go:342.2,342.48 1 0
github.com/camerarecorder/mediamtx-camera-service-go/internal/config/config_validation.go:342.48,344.3 1 0
github.com/camerarecorder/mediamtx-camera-service-go/internal/config/config_validation.go:346.2,346.26 1 0
github.com/camerarecorder/mediamtx-camera-service-go/internal/config/config_validation.go:346.26,348.3 1 0
github.com/camerarecorder/mediamtx-camera-service-go/internal/config/config_validation.go:350.2,350.27 1 0
github.com/camerarecorder/mediamtx-camera-service-go/internal/config/config_validation.go:350.27,352.3 1 0
github.com/camerarecorder/mediamtx-camera-service-go/internal/config/config_validation.go:354.2,354.33 1 0
github.com/camerarecorder/mediamtx-camera-service-go/internal/config/config_validation.go:354.33,356.3 1 0
github.com/camerarecorder/mediamtx-camera-service-go/internal/config/config_validation.go:358.2,358.24 1 0
github.com/camerarecorder/mediamtx-camera-service-go/internal/config/config_validation.go:358.24,360.3 1 0
github.com/camerarecorder/mediamtx-camera-service-go/internal/config/config_validation.go:362.2,362.26 1 0
github.com/camerarecorder/mediamtx-camera-service-go/internal/config/config_validation.go:362.26,364.3 1 0
github.com/camerarecorder/mediamtx-camera-service-go/internal/config/config_validation.go:366.2,366.12 1 0
github.com/camerarecorder/mediamtx-camera-service-go/internal/config/config_validation.go:370.55,371.71 1 0
github.com/camerarecorder/mediamtx-camera-service-go/internal/config/config_validation.go:371.71,373.3 1 0
github.com/camerarecorder/mediamtx-camera-service-go/internal/config/config_validation.go:375.2,375.73 1 0
github.com/camerarecorder/mediamtx-camera-service-go/internal/config/config_validation.go:375.73,377.3 1 0
github.com/camerarecorder/mediamtx-camera-service-go/internal/config/config_validation.go:379.2,379.12 1 0
github.com/camerarecorder/mediamtx-camera-service-go/internal/config/config_validation.go:383.71,384.40 1 0
github.com/camerarecorder/mediamtx-camera-service-go/internal/config/config_validation.go:384.40,386.3 1 0
github.com/camerarecorder/mediamtx-camera-service-go/internal/config/config_validation.go:388.2,388.34 1 0
github.com/camerarecorder/mediamtx-camera-service-go/internal/config/config_validation.go:388.34,390.3 1 0
github.com/camerarecorder/mediamtx-camera-service-go/internal/config/config_validation.go:392.2,392.33 1 0
github.com/camerarecorder/mediamtx-camera-service-go/internal/config/config_validation.go:392.33,394.3 1 0
github.com/camerarecorder/mediamtx-camera-service-go/internal/config/config_validation.go:396.2,396.30 1 0
github.com/camerarecorder/mediamtx-camera-service-go/internal/config/config_validation.go:396.30,398.3 1 0
github.com/camerarecorder/mediamtx-camera-service-go/internal/config/config_validation.go:400.2,400.27 1 0
github.com/camerarecorder/mediamtx-camera-service-go/internal/config/config_validation.go:400.27,402.3 1 0
github.com/camerarecorder/mediamtx-camera-service-go/internal/config/config_validation.go:404.2,404.12 1 0
github.com/camerarecorder/mediamtx-camera-service-go/internal/config/config_validation.go:408.73,409.40 1 0
github.com/camerarecorder/mediamtx-camera-service-go/internal/config/config_validation.go:409.40,411.3 1 0
github.com/camerarecorder/mediamtx-camera-service-go/internal/config/config_validation.go:413.2,413.34 1 0
github.com/camerarecorder/mediamtx-camera-service-go/internal/config/config_validation.go:413.34,415.3 1 0
github.com/camerarecorder/mediamtx-camera-service-go/internal/config/config_validation.go:417.2,417.33 1 0
github.com/camerarecorder/mediamtx-camera-service-go/internal/config/config_validation.go:417.33,419.3 1 0
github.com/camerarecorder/mediamtx-camera-service-go/internal/config/config_validation.go:421.2,421.30 1 0
github.com/camerarecorder/mediamtx-camera-service-go/internal/config/config_validation.go:421.30,423.3 1 0
github.com/camerarecorder/mediamtx-camera-service-go/internal/config/config_validation.go:425.2,425.27 1 0
github.com/camerarecorder/mediamtx-camera-service-go/internal/config/config_validation.go:425.27,427.3 1 0
github.com/camerarecorder/mediamtx-camera-service-go/internal/config/config_validation.go:429.2,429.12 1 0
github.com/camerarecorder/mediamtx-camera-service-go/internal/config/config_validation.go:433.69,434.79 1 0
github.com/camerarecorder/mediamtx-camera-service-go/internal/config/config_validation.go:434.79,436.3 1 0
github.com/camerarecorder/mediamtx-camera-service-go/internal/config/config_validation.go:438.2,438.77 1 0
github.com/camerarecorder/mediamtx-camera-service-go/internal/config/config_validation.go:438.77,440.3 1 0
github.com/camerarecorder/mediamtx-camera-service-go/internal/config/config_validation.go:442.2,442.12 1 0
github.com/camerarecorder/mediamtx-camera-service-go/internal/config/config_validation.go:446.85,447.33 1 0
github.com/camerarecorder/mediamtx-camera-service-go/internal/config/config_validation.go:447.33,449.3 1 0
github.com/camerarecorder/mediamtx-camera-service-go/internal/config/config_validation.go:451.2,451.30 1 0
github.com/camerarecorder/mediamtx-camera-service-go/internal/config/config_validation.go:451.30,453.3 1 0
github.com/camerarecorder/mediamtx-camera-service-go/internal/config/config_validation.go:455.2,455.27 1 0
github.com/camerarecorder/mediamtx-camera-service-go/internal/config/config_validation.go:455.27,457.3 1 0
github.com/camerarecorder/mediamtx-camera-service-go/internal/config/config_validation.go:459.2,459.30 1 0
github.com/camerarecorder/mediamtx-camera-service-go/internal/config/config_validation.go:459.30,461.3 1 0
github.com/camerarecorder/mediamtx-camera-service-go/internal/config/config_validation.go:463.2,463.33 1 0
github.com/camerarecorder/mediamtx-camera-service-go/internal/config/config_validation.go:463.33,465.3 1 0
github.com/camerarecorder/mediamtx-camera-service-go/internal/config/config_validation.go:467.2,467.12 1 0
github.com/camerarecorder/mediamtx-camera-service-go/internal/config/config_validation.go:471.83,472.38 1 0
github.com/camerarecorder/mediamtx-camera-service-go/internal/config/config_validation.go:472.38,474.3 1 0
github.com/camerarecorder/mediamtx-camera-service-go/internal/config/config_validation.go:476.2,476.43 1 0
github.com/camerarecorder/mediamtx-camera-service-go/internal/config/config_validation.go:476.43,478.3 1 0
github.com/camerarecorder/mediamtx-camera-service-go/internal/config/config_validation.go:480.2,480.39 1 0
github.com/camerarecorder/mediamtx-camera-service-go/internal/config/config_validation.go:480.39,482.3 1 0
github.com/camerarecorder/mediamtx-camera-service-go/internal/config/config_validation.go:484.2,484.12 1 0
github.com/camerarecorder/mediamtx-camera-service-go/internal/config/config_validation.go:488.65,489.87 1 0
github.com/camerarecorder/mediamtx-camera-service-go/internal/config/config_validation.go:489.87,491.3 1 0
github.com/camerarecorder/mediamtx-camera-service-go/internal/config/config_validation.go:493.2,493.75 1 0
github.com/camerarecorder/mediamtx-camera-service-go/internal/config/config_validation.go:493.75,495.3 1 0
github.com/camerarecorder/mediamtx-camera-service-go/internal/config/config_validation.go:497.2,497.73 1 0
github.com/camerarecorder/mediamtx-camera-service-go/internal/config/config_validation.go:497.73,499.3 1 0
github.com/camerarecorder/mediamtx-camera-service-go/internal/config/config_validation.go:501.2,501.12 1 0
github.com/camerarecorder/mediamtx-camera-service-go/internal/config/config_validation.go:505.81,506.33 1 0
github.com/camerarecorder/mediamtx-camera-service-go/internal/config/config_validation.go:506.33,508.3 1 0
github.com/camerarecorder/mediamtx-camera-service-go/internal/config/config_validation.go:510.2,510.32 1 0
github.com/camerarecorder/mediamtx-camera-service-go/internal/config/config_validation.go:510.32,512.3 1 0
github.com/camerarecorder/mediamtx-camera-service-go/internal/config/config_validation.go:514.2,514.31 1 0
github.com/camerarecorder/mediamtx-camera-service-go/internal/config/config_validation.go:514.31,516.3 1 0
github.com/camerarecorder/mediamtx-camera-service-go/internal/config/config_validation.go:518.2,518.29 1 0
github.com/camerarecorder/mediamtx-camera-service-go/internal/config/config_validation.go:518.29,520.3 1 0
github.com/camerarecorder/mediamtx-camera-service-go/internal/config/config_validation.go:522.2,522.12 1 0
github.com/camerarecorder/mediamtx-camera-service-go/internal/config/config_validation.go:526.69,527.39 1 0
github.com/camerarecorder/mediamtx-camera-service-go/internal/config/config_validation.go:527.39,529.3 1 0
github.com/camerarecorder/mediamtx-camera-service-go/internal/config/config_validation.go:531.2,531.44 1 0
github.com/camerarecorder/mediamtx-camera-service-go/internal/config/config_validation.go:531.44,533.3 1 0
github.com/camerarecorder/mediamtx-camera-service-go/internal/config/config_validation.go:535.2,535.40 1 0
github.com/camerarecorder/mediamtx-camera-service-go/internal/config/config_validation.go:535.40,537.3 1 0
github.com/camerarecorder/mediamtx-camera-service-go/internal/config/config_validation.go:539.2,539.47 1 0
github.com/camerarecorder/mediamtx-camera-service-go/internal/config/config_validation.go:539.47,541.3 1 0
github.com/camerarecorder/mediamtx-camera-service-go/internal/config/config_validation.go:543.2,543.39 1 0
github.com/camerarecorder/mediamtx-camera-service-go/internal/config/config_validation.go:543.39,545.3 1 0
github.com/camerarecorder/mediamtx-camera-service-go/internal/config/config_validation.go:547.2,547.44 1 0
github.com/camerarecorder/mediamtx-camera-service-go/internal/config/config_validation.go:547.44,549.3 1 0
github.com/camerarecorder/mediamtx-camera-service-go/internal/config/config_validation.go:551.2,551.45 1 0
github.com/camerarecorder/mediamtx-camera-service-go/internal/config/config_validation.go:551.45,553.3 1 0
github.com/camerarecorder/mediamtx-camera-service-go/internal/config/config_validation.go:555.2,555.39 1 0
github.com/camerarecorder/mediamtx-camera-service-go/internal/config/config_validation.go:555.39,557.3 1 0
github.com/camerarecorder/mediamtx-camera-service-go/internal/config/config_validation.go:559.2,559.12 1 0
github.com/camerarecorder/mediamtx-camera-service-go/internal/config/config_validation.go:563.67,564.26 1 0
github.com/camerarecorder/mediamtx-camera-service-go/internal/config/config_validation.go:564.26,566.3 1 0
github.com/camerarecorder/mediamtx-camera-service-go/internal/config/config_validation.go:568.2,568.41 1 0
github.com/camerarecorder/mediamtx-camera-service-go/internal/config/config_validation.go:568.41,570.3 1 0
github.com/camerarecorder/mediamtx-camera-service-go/internal/config/config_validation.go:572.2,572.36 1 0
github.com/camerarecorder/mediamtx-camera-service-go/internal/config/config_validation.go:572.36,574.3 1 0
github.com/camerarecorder/mediamtx-camera-service-go/internal/config/config_validation.go:576.2,576.12 1 0
github.com/camerarecorder/mediamtx-camera-service-go/internal/config/config_validation.go:580.73,583.40 2 0
github.com/camerarecorder/mediamtx-camera-service-go/internal/config/config_validation.go:583.40,585.3 1 0
github.com/camerarecorder/mediamtx-camera-service-go/internal/config/config_validation.go:588.2,588.26 1 0
github.com/camerarecorder/mediamtx-camera-service-go/internal/config/config_validation.go:588.26,589.29 1 0
github.com/camerarecorder/mediamtx-camera-service-go/internal/config/config_validation.go:589.29,591.4 1 0
github.com/camerarecorder/mediamtx-camera-service-go/internal/config/config_validation.go:592.3,592.30 1 0
github.com/camerarecorder/mediamtx-camera-service-go/internal/config/config_validation.go:592.30,594.4 1 0
github.com/camerarecorder/mediamtx-camera-service-go/internal/config/config_validation.go:598.2,598.27 1 0
github.com/camerarecorder/mediamtx-camera-service-go/internal/config/config_validation.go:598.27,599.28 1 0
github.com/camerarecorder/mediamtx-camera-service-go/internal/config/config_validation.go:599.28,601.4 1 0
github.com/camerarecorder/mediamtx-camera-service-go/internal/config/config_validation.go:602.3,602.30 1 0
github.com/camerarecorder/mediamtx-camera-service-go/internal/config/config_validation.go:602.30,604.4 1 0
github.com/camerarecorder/mediamtx-camera-service-go/internal/config/config_validation.go:607.2,607.12 1 0
github.com/camerarecorder/mediamtx-camera-service-go/internal/config/config_validation.go:611.50,612.29 1 0
github.com/camerarecorder/mediamtx-camera-service-go/internal/config/config_validation.go:612.29,613.20 1 0
github.com/camerarecorder/mediamtx-camera-service-go/internal/config/config_validation.go:613.20,615.4 1 0
github.com/camerarecorder/mediamtx-camera-service-go/internal/config/config_validation.go:617.2,617.14 1 0
