mode: set
github.com/camerarecorder/mediamtx-camera-service-go/internal/config/config_manager.go:31.43,38.2 1 1
github.com/camerarecorder/mediamtx-camera-service-go/internal/config/config_manager.go:41.62,53.58 4 1
github.com/camerarecorder/mediamtx-camera-service-go/internal/config/config_manager.go:53.58,55.3 1 1
github.com/camerarecorder/mediamtx-camera-service-go/internal/config/config_manager.go:58.2,71.41 8 1
github.com/camerarecorder/mediamtx-camera-service-go/internal/config/config_manager.go:71.41,73.3 1 1
github.com/camerarecorder/mediamtx-camera-service-go/internal/config/config_manager.go:76.2,77.45 2 1
github.com/camerarecorder/mediamtx-camera-service-go/internal/config/config_manager.go:77.45,79.3 1 0
github.com/camerarecorder/mediamtx-camera-service-go/internal/config/config_manager.go:84.2,84.63 1 1
github.com/camerarecorder/mediamtx-camera-service-go/internal/config/config_manager.go:84.63,86.3 1 1
github.com/camerarecorder/mediamtx-camera-service-go/internal/config/config_manager.go:89.2,89.48 1 1
github.com/camerarecorder/mediamtx-camera-service-go/internal/config/config_manager.go:89.48,91.3 1 1
github.com/camerarecorder/mediamtx-camera-service-go/internal/config/config_manager.go:94.2,100.61 4 1
github.com/camerarecorder/mediamtx-camera-service-go/internal/config/config_manager.go:100.61,101.48 1 1
github.com/camerarecorder/mediamtx-camera-service-go/internal/config/config_manager.go:101.48,103.4 1 0
github.com/camerarecorder/mediamtx-camera-service-go/internal/config/config_manager.go:107.2,115.12 3 1
github.com/camerarecorder/mediamtx-camera-service-go/internal/config/config_manager.go:122.70,124.55 1 1
github.com/camerarecorder/mediamtx-camera-service-go/internal/config/config_manager.go:124.55,126.3 1 1
github.com/camerarecorder/mediamtx-camera-service-go/internal/config/config_manager.go:129.2,130.16 2 1
github.com/camerarecorder/mediamtx-camera-service-go/internal/config/config_manager.go:130.16,132.3 1 0
github.com/camerarecorder/mediamtx-camera-service-go/internal/config/config_manager.go:135.2,135.23 1 1
github.com/camerarecorder/mediamtx-camera-service-go/internal/config/config_manager.go:135.23,137.3 1 0
github.com/camerarecorder/mediamtx-camera-service-go/internal/config/config_manager.go:140.2,143.29 3 1
github.com/camerarecorder/mediamtx-camera-service-go/internal/config/config_manager.go:143.29,145.24 2 1
github.com/camerarecorder/mediamtx-camera-service-go/internal/config/config_manager.go:145.24,146.12 1 1
github.com/camerarecorder/mediamtx-camera-service-go/internal/config/config_manager.go:148.3,148.42 1 1
github.com/camerarecorder/mediamtx-camera-service-go/internal/config/config_manager.go:148.42,149.12 1 1
github.com/camerarecorder/mediamtx-camera-service-go/internal/config/config_manager.go:151.3,152.8 2 1
github.com/camerarecorder/mediamtx-camera-service-go/internal/config/config_manager.go:155.2,155.27 1 1
github.com/camerarecorder/mediamtx-camera-service-go/internal/config/config_manager.go:155.27,157.3 1 1
github.com/camerarecorder/mediamtx-camera-service-go/internal/config/config_manager.go:159.2,159.12 1 1
github.com/camerarecorder/mediamtx-camera-service-go/internal/config/config_manager.go:166.75,168.49 1 1
github.com/camerarecorder/mediamtx-camera-service-go/internal/config/config_manager.go:168.49,170.3 1 0
github.com/camerarecorder/mediamtx-camera-service-go/internal/config/config_manager.go:171.2,171.59 1 1
github.com/camerarecorder/mediamtx-camera-service-go/internal/config/config_manager.go:171.59,173.3 1 1
github.com/camerarecorder/mediamtx-camera-service-go/internal/config/config_manager.go:176.2,176.51 1 1
github.com/camerarecorder/mediamtx-camera-service-go/internal/config/config_manager.go:176.51,178.3 1 1
github.com/camerarecorder/mediamtx-camera-service-go/internal/config/config_manager.go:179.2,179.69 1 1
github.com/camerarecorder/mediamtx-camera-service-go/internal/config/config_manager.go:179.69,181.3 1 0
github.com/camerarecorder/mediamtx-camera-service-go/internal/config/config_manager.go:182.2,182.71 1 1
github.com/camerarecorder/mediamtx-camera-service-go/internal/config/config_manager.go:182.71,184.3 1 0
github.com/camerarecorder/mediamtx-camera-service-go/internal/config/config_manager.go:185.2,185.75 1 1
github.com/camerarecorder/mediamtx-camera-service-go/internal/config/config_manager.go:185.75,187.3 1 0
github.com/camerarecorder/mediamtx-camera-service-go/internal/config/config_manager.go:188.2,188.69 1 1
github.com/camerarecorder/mediamtx-camera-service-go/internal/config/config_manager.go:188.69,190.3 1 0
github.com/camerarecorder/mediamtx-camera-service-go/internal/config/config_manager.go:191.2,191.57 1 1
github.com/camerarecorder/mediamtx-camera-service-go/internal/config/config_manager.go:191.57,193.3 1 0
github.com/camerarecorder/mediamtx-camera-service-go/internal/config/config_manager.go:194.2,194.61 1 1
github.com/camerarecorder/mediamtx-camera-service-go/internal/config/config_manager.go:194.61,196.3 1 0
github.com/camerarecorder/mediamtx-camera-service-go/internal/config/config_manager.go:197.2,197.60 1 1
github.com/camerarecorder/mediamtx-camera-service-go/internal/config/config_manager.go:197.60,199.3 1 0
github.com/camerarecorder/mediamtx-camera-service-go/internal/config/config_manager.go:202.2,202.37 1 1
github.com/camerarecorder/mediamtx-camera-service-go/internal/config/config_manager.go:202.37,204.3 1 1
github.com/camerarecorder/mediamtx-camera-service-go/internal/config/config_manager.go:205.2,205.41 1 1
github.com/camerarecorder/mediamtx-camera-service-go/internal/config/config_manager.go:205.41,207.3 1 0
github.com/camerarecorder/mediamtx-camera-service-go/internal/config/config_manager.go:208.2,208.42 1 1
github.com/camerarecorder/mediamtx-camera-service-go/internal/config/config_manager.go:208.42,210.3 1 0
github.com/camerarecorder/mediamtx-camera-service-go/internal/config/config_manager.go:211.2,211.48 1 1
github.com/camerarecorder/mediamtx-camera-service-go/internal/config/config_manager.go:211.48,213.3 1 0
github.com/camerarecorder/mediamtx-camera-service-go/internal/config/config_manager.go:214.2,214.44 1 1
github.com/camerarecorder/mediamtx-camera-service-go/internal/config/config_manager.go:214.44,216.3 1 0
github.com/camerarecorder/mediamtx-camera-service-go/internal/config/config_manager.go:219.2,221.39 3 1
github.com/camerarecorder/mediamtx-camera-service-go/internal/config/config_manager.go:221.39,222.53 1 1
github.com/camerarecorder/mediamtx-camera-service-go/internal/config/config_manager.go:222.53,224.9 2 1
github.com/camerarecorder/mediamtx-camera-service-go/internal/config/config_manager.go:227.2,227.17 1 1
github.com/camerarecorder/mediamtx-camera-service-go/internal/config/config_manager.go:227.17,229.3 1 0
github.com/camerarecorder/mediamtx-camera-service-go/internal/config/config_manager.go:230.2,230.52 1 1
github.com/camerarecorder/mediamtx-camera-service-go/internal/config/config_manager.go:230.52,232.3 1 0
github.com/camerarecorder/mediamtx-camera-service-go/internal/config/config_manager.go:233.2,233.84 1 1
github.com/camerarecorder/mediamtx-camera-service-go/internal/config/config_manager.go:233.84,235.3 1 0
github.com/camerarecorder/mediamtx-camera-service-go/internal/config/config_manager.go:238.2,238.54 1 1
github.com/camerarecorder/mediamtx-camera-service-go/internal/config/config_manager.go:238.54,240.3 1 0
github.com/camerarecorder/mediamtx-camera-service-go/internal/config/config_manager.go:241.2,241.55 1 1
github.com/camerarecorder/mediamtx-camera-service-go/internal/config/config_manager.go:241.55,243.3 1 0
github.com/camerarecorder/mediamtx-camera-service-go/internal/config/config_manager.go:244.2,244.42 1 1
github.com/camerarecorder/mediamtx-camera-service-go/internal/config/config_manager.go:244.42,246.3 1 0
github.com/camerarecorder/mediamtx-camera-service-go/internal/config/config_manager.go:247.2,247.41 1 1
github.com/camerarecorder/mediamtx-camera-service-go/internal/config/config_manager.go:247.41,249.3 1 0
github.com/camerarecorder/mediamtx-camera-service-go/internal/config/config_manager.go:250.2,250.42 1 1
github.com/camerarecorder/mediamtx-camera-service-go/internal/config/config_manager.go:250.42,252.3 1 0
github.com/camerarecorder/mediamtx-camera-service-go/internal/config/config_manager.go:253.2,253.33 1 1
github.com/camerarecorder/mediamtx-camera-service-go/internal/config/config_manager.go:253.33,255.3 1 0
github.com/camerarecorder/mediamtx-camera-service-go/internal/config/config_manager.go:256.2,256.35 1 1
github.com/camerarecorder/mediamtx-camera-service-go/internal/config/config_manager.go:256.35,258.3 1 0
github.com/camerarecorder/mediamtx-camera-service-go/internal/config/config_manager.go:259.2,259.46 1 1
github.com/camerarecorder/mediamtx-camera-service-go/internal/config/config_manager.go:259.46,261.3 1 0
github.com/camerarecorder/mediamtx-camera-service-go/internal/config/config_manager.go:262.2,262.45 1 1
github.com/camerarecorder/mediamtx-camera-service-go/internal/config/config_manager.go:262.45,264.3 1 0
github.com/camerarecorder/mediamtx-camera-service-go/internal/config/config_manager.go:265.2,265.47 1 1
github.com/camerarecorder/mediamtx-camera-service-go/internal/config/config_manager.go:265.47,267.3 1 0
github.com/camerarecorder/mediamtx-camera-service-go/internal/config/config_manager.go:270.2,270.54 1 1
github.com/camerarecorder/mediamtx-camera-service-go/internal/config/config_manager.go:270.54,272.3 1 0
github.com/camerarecorder/mediamtx-camera-service-go/internal/config/config_manager.go:273.2,273.68 1 1
github.com/camerarecorder/mediamtx-camera-service-go/internal/config/config_manager.go:273.68,275.3 1 0
github.com/camerarecorder/mediamtx-camera-service-go/internal/config/config_manager.go:276.2,276.36 1 1
github.com/camerarecorder/mediamtx-camera-service-go/internal/config/config_manager.go:276.36,278.3 1 0
github.com/camerarecorder/mediamtx-camera-service-go/internal/config/config_manager.go:279.2,279.37 1 1
github.com/camerarecorder/mediamtx-camera-service-go/internal/config/config_manager.go:279.37,281.3 1 0
github.com/camerarecorder/mediamtx-camera-service-go/internal/config/config_manager.go:282.2,282.42 1 1
github.com/camerarecorder/mediamtx-camera-service-go/internal/config/config_manager.go:282.42,284.3 1 0
github.com/camerarecorder/mediamtx-camera-service-go/internal/config/config_manager.go:285.2,285.33 1 1
github.com/camerarecorder/mediamtx-camera-service-go/internal/config/config_manager.go:285.33,287.3 1 0
github.com/camerarecorder/mediamtx-camera-service-go/internal/config/config_manager.go:288.2,288.36 1 1
github.com/camerarecorder/mediamtx-camera-service-go/internal/config/config_manager.go:288.36,290.3 1 0
github.com/camerarecorder/mediamtx-camera-service-go/internal/config/config_manager.go:293.2,293.72 1 1
github.com/camerarecorder/mediamtx-camera-service-go/internal/config/config_manager.go:293.72,295.3 1 0
github.com/camerarecorder/mediamtx-camera-service-go/internal/config/config_manager.go:296.2,296.74 1 1
github.com/camerarecorder/mediamtx-camera-service-go/internal/config/config_manager.go:296.74,298.3 1 0
github.com/camerarecorder/mediamtx-camera-service-go/internal/config/config_manager.go:299.2,299.63 1 1
github.com/camerarecorder/mediamtx-camera-service-go/internal/config/config_manager.go:299.63,301.3 1 0
github.com/camerarecorder/mediamtx-camera-service-go/internal/config/config_manager.go:302.2,302.57 1 1
github.com/camerarecorder/mediamtx-camera-service-go/internal/config/config_manager.go:302.57,304.3 1 0
github.com/camerarecorder/mediamtx-camera-service-go/internal/config/config_manager.go:305.2,305.58 1 1
github.com/camerarecorder/mediamtx-camera-service-go/internal/config/config_manager.go:305.58,307.3 1 0
github.com/camerarecorder/mediamtx-camera-service-go/internal/config/config_manager.go:309.2,309.12 1 1
github.com/camerarecorder/mediamtx-camera-service-go/internal/config/config_manager.go:313.52,319.16 3 1
github.com/camerarecorder/mediamtx-camera-service-go/internal/config/config_manager.go:319.16,321.3 1 0
github.com/camerarecorder/mediamtx-camera-service-go/internal/config/config_manager.go:323.2,329.50 5 1
github.com/camerarecorder/mediamtx-camera-service-go/internal/config/config_manager.go:329.50,335.3 5 0
github.com/camerarecorder/mediamtx-camera-service-go/internal/config/config_manager.go:338.2,346.12 4 1
github.com/camerarecorder/mediamtx-camera-service-go/internal/config/config_manager.go:350.45,354.23 3 1
github.com/camerarecorder/mediamtx-camera-service-go/internal/config/config_manager.go:354.23,356.44 1 1
github.com/camerarecorder/mediamtx-camera-service-go/internal/config/config_manager.go:356.44,358.4 1 0
github.com/camerarecorder/mediamtx-camera-service-go/internal/config/config_manager.go:359.3,360.57 2 1
github.com/camerarecorder/mediamtx-camera-service-go/internal/config/config_manager.go:365.45,371.6 3 1
github.com/camerarecorder/mediamtx-camera-service-go/internal/config/config_manager.go:371.6,372.10 1 1
github.com/camerarecorder/mediamtx-camera-service-go/internal/config/config_manager.go:373.22,374.10 1 1
github.com/camerarecorder/mediamtx-camera-service-go/internal/config/config_manager.go:375.11,378.25 2 0
github.com/camerarecorder/mediamtx-camera-service-go/internal/config/config_manager.go:378.25,381.5 2 0
github.com/camerarecorder/mediamtx-camera-service-go/internal/config/config_manager.go:382.4,387.11 4 0
github.com/camerarecorder/mediamtx-camera-service-go/internal/config/config_manager.go:388.23,389.11 1 0
github.com/camerarecorder/mediamtx-camera-service-go/internal/config/config_manager.go:390.31,391.12 1 0
github.com/camerarecorder/mediamtx-camera-service-go/internal/config/config_manager.go:391.12,393.6 1 0
github.com/camerarecorder/mediamtx-camera-service-go/internal/config/config_manager.go:396.5,396.36 1 0
github.com/camerarecorder/mediamtx-camera-service-go/internal/config/config_manager.go:396.36,403.22 2 0
github.com/camerarecorder/mediamtx-camera-service-go/internal/config/config_manager.go:404.43,406.29 1 0
github.com/camerarecorder/mediamtx-camera-service-go/internal/config/config_manager.go:406.29,408.8 1 0
github.com/camerarecorder/mediamtx-camera-service-go/internal/config/config_manager.go:409.7,409.65 1 0
github.com/camerarecorder/mediamtx-camera-service-go/internal/config/config_manager.go:409.65,411.8 1 0
github.com/camerarecorder/mediamtx-camera-service-go/internal/config/config_manager.go:412.27,415.13 3 0
github.com/camerarecorder/mediamtx-camera-service-go/internal/config/config_manager.go:419.29,420.12 1 0
github.com/camerarecorder/mediamtx-camera-service-go/internal/config/config_manager.go:420.12,422.6 1 0
github.com/camerarecorder/mediamtx-camera-service-go/internal/config/config_manager.go:423.5,423.57 1 0
github.com/camerarecorder/mediamtx-camera-service-go/internal/config/config_manager.go:424.46,426.13 1 0
github.com/camerarecorder/mediamtx-camera-service-go/internal/config/config_manager.go:433.48,437.58 2 1
github.com/camerarecorder/mediamtx-camera-service-go/internal/config/config_manager.go:437.58,441.3 3 1
github.com/camerarecorder/mediamtx-camera-service-go/internal/config/config_manager.go:444.2,444.53 1 1
github.com/camerarecorder/mediamtx-camera-service-go/internal/config/config_manager.go:444.53,447.3 2 0
github.com/camerarecorder/mediamtx-camera-service-go/internal/config/config_manager.go:449.2,449.55 1 1
github.com/camerarecorder/mediamtx-camera-service-go/internal/config/config_manager.go:453.33,466.2 5 1
github.com/camerarecorder/mediamtx-camera-service-go/internal/config/config_manager.go:469.46,473.22 3 1
github.com/camerarecorder/mediamtx-camera-service-go/internal/config/config_manager.go:473.22,475.3 1 0
github.com/camerarecorder/mediamtx-camera-service-go/internal/config/config_manager.go:476.2,476.18 1 1
github.com/camerarecorder/mediamtx-camera-service-go/internal/config/config_manager.go:480.45,484.22 3 1
github.com/camerarecorder/mediamtx-camera-service-go/internal/config/config_manager.go:484.22,486.3 1 0
github.com/camerarecorder/mediamtx-camera-service-go/internal/config/config_manager.go:488.2,488.25 1 1
github.com/camerarecorder/mediamtx-camera-service-go/internal/config/config_manager.go:488.25,490.3 1 0
github.com/camerarecorder/mediamtx-camera-service-go/internal/config/config_manager.go:492.2,507.53 7 1
github.com/camerarecorder/mediamtx-camera-service-go/internal/config/config_manager.go:507.53,509.3 1 0
github.com/camerarecorder/mediamtx-camera-service-go/internal/config/config_manager.go:512.2,512.40 1 1
github.com/camerarecorder/mediamtx-camera-service-go/internal/config/config_manager.go:512.40,514.3 1 0
github.com/camerarecorder/mediamtx-camera-service-go/internal/config/config_manager.go:516.2,522.12 2 1
github.com/camerarecorder/mediamtx-camera-service-go/internal/config/config_manager.go:526.74,605.2 65 1
github.com/camerarecorder/mediamtx-camera-service-go/internal/config/config_manager.go:608.68,612.2 3 1
github.com/camerarecorder/mediamtx-camera-service-go/internal/config/config_manager.go:615.54,756.2 109 1
github.com/camerarecorder/mediamtx-camera-service-go/internal/config/config_manager.go:759.76,763.46 2 1
github.com/camerarecorder/mediamtx-camera-service-go/internal/config/config_manager.go:763.46,764.45 1 1
github.com/camerarecorder/mediamtx-camera-service-go/internal/config/config_manager.go:764.45,765.17 1 1
github.com/camerarecorder/mediamtx-camera-service-go/internal/config/config_manager.go:765.17,767.33 1 1
github.com/camerarecorder/mediamtx-camera-service-go/internal/config/config_manager.go:767.33,772.13 3 0
github.com/camerarecorder/mediamtx-camera-service-go/internal/config/config_manager.go:773.33,773.33 0 0
github.com/camerarecorder/mediamtx-camera-service-go/internal/config/config_manager.go:774.14,775.88 1 0
github.com/camerarecorder/mediamtx-camera-service-go/internal/config/config_manager.go:779.4,779.14 1 1
github.com/camerarecorder/mediamtx-camera-service-go/internal/config/config_manager.go:784.2,784.12 1 1
github.com/camerarecorder/mediamtx-camera-service-go/internal/config/config_manager.go:784.12,785.30 1 1
github.com/camerarecorder/mediamtx-camera-service-go/internal/config/config_manager.go:785.30,788.4 1 0
github.com/camerarecorder/mediamtx-camera-service-go/internal/config/config_manager.go:793.33,862.2 1 1
github.com/camerarecorder/mediamtx-camera-service-go/internal/config/config_validation.go:16.42,18.2 1 1
github.com/camerarecorder/mediamtx-camera-service-go/internal/config/config_validation.go:21.43,25.61 2 1
github.com/camerarecorder/mediamtx-camera-service-go/internal/config/config_validation.go:25.61,27.3 1 0
github.com/camerarecorder/mediamtx-camera-service-go/internal/config/config_validation.go:29.2,29.65 1 1
github.com/camerarecorder/mediamtx-camera-service-go/internal/config/config_validation.go:29.65,31.3 1 1
github.com/camerarecorder/mediamtx-camera-service-go/internal/config/config_validation.go:33.2,33.61 1 1
github.com/camerarecorder/mediamtx-camera-service-go/internal/config/config_validation.go:33.61,35.3 1 1
github.com/camerarecorder/mediamtx-camera-service-go/internal/config/config_validation.go:37.2,37.63 1 1
github.com/camerarecorder/mediamtx-camera-service-go/internal/config/config_validation.go:37.63,39.3 1 1
github.com/camerarecorder/mediamtx-camera-service-go/internal/config/config_validation.go:41.2,41.67 1 1
github.com/camerarecorder/mediamtx-camera-service-go/internal/config/config_validation.go:41.67,43.3 1 0
github.com/camerarecorder/mediamtx-camera-service-go/internal/config/config_validation.go:45.2,45.66 1 1
github.com/camerarecorder/mediamtx-camera-service-go/internal/config/config_validation.go:45.66,47.3 1 0
github.com/camerarecorder/mediamtx-camera-service-go/internal/config/config_validation.go:49.2,49.61 1 1
github.com/camerarecorder/mediamtx-camera-service-go/internal/config/config_validation.go:49.61,51.3 1 0
github.com/camerarecorder/mediamtx-camera-service-go/internal/config/config_validation.go:53.2,53.75 1 1
github.com/camerarecorder/mediamtx-camera-service-go/internal/config/config_validation.go:53.75,55.3 1 0
github.com/camerarecorder/mediamtx-camera-service-go/internal/config/config_validation.go:57.2,57.71 1 1
github.com/camerarecorder/mediamtx-camera-service-go/internal/config/config_validation.go:57.71,59.3 1 1
github.com/camerarecorder/mediamtx-camera-service-go/internal/config/config_validation.go:61.2,61.79 1 1
github.com/camerarecorder/mediamtx-camera-service-go/internal/config/config_validation.go:61.79,63.3 1 1
github.com/camerarecorder/mediamtx-camera-service-go/internal/config/config_validation.go:65.2,65.65 1 1
github.com/camerarecorder/mediamtx-camera-service-go/internal/config/config_validation.go:65.65,67.3 1 1
github.com/camerarecorder/mediamtx-camera-service-go/internal/config/config_validation.go:69.2,69.71 1 1
github.com/camerarecorder/mediamtx-camera-service-go/internal/config/config_validation.go:69.71,71.3 1 0
github.com/camerarecorder/mediamtx-camera-service-go/internal/config/config_validation.go:73.2,73.63 1 1
github.com/camerarecorder/mediamtx-camera-service-go/internal/config/config_validation.go:73.63,75.3 1 0
github.com/camerarecorder/mediamtx-camera-service-go/internal/config/config_validation.go:78.2,78.21 1 1
github.com/camerarecorder/mediamtx-camera-service-go/internal/config/config_validation.go:78.21,83.3 1 1
github.com/camerarecorder/mediamtx-camera-service-go/internal/config/config_validation.go:85.2,85.12 1 1
github.com/camerarecorder/mediamtx-camera-service-go/internal/config/config_validation.go:89.55,90.23 1 1
github.com/camerarecorder/mediamtx-camera-service-go/internal/config/config_validation.go:90.23,92.3 1 0
github.com/camerarecorder/mediamtx-camera-service-go/internal/config/config_validation.go:94.2,94.45 1 1
github.com/camerarecorder/mediamtx-camera-service-go/internal/config/config_validation.go:94.45,96.3 1 0
github.com/camerarecorder/mediamtx-camera-service-go/internal/config/config_validation.go:98.2,98.32 1 1
github.com/camerarecorder/mediamtx-camera-service-go/internal/config/config_validation.go:98.32,100.3 1 0
github.com/camerarecorder/mediamtx-camera-service-go/internal/config/config_validation.go:102.2,102.51 1 1
github.com/camerarecorder/mediamtx-camera-service-go/internal/config/config_validation.go:102.51,104.3 1 0
github.com/camerarecorder/mediamtx-camera-service-go/internal/config/config_validation.go:106.2,106.32 1 1
github.com/camerarecorder/mediamtx-camera-service-go/internal/config/config_validation.go:106.32,108.3 1 0
github.com/camerarecorder/mediamtx-camera-service-go/internal/config/config_validation.go:110.2,110.12 1 1
github.com/camerarecorder/mediamtx-camera-service-go/internal/config/config_validation.go:114.59,115.23 1 1
github.com/camerarecorder/mediamtx-camera-service-go/internal/config/config_validation.go:115.23,117.3 1 0
github.com/camerarecorder/mediamtx-camera-service-go/internal/config/config_validation.go:119.2,119.51 1 1
github.com/camerarecorder/mediamtx-camera-service-go/internal/config/config_validation.go:119.51,121.3 1 0
github.com/camerarecorder/mediamtx-camera-service-go/internal/config/config_validation.go:123.2,123.53 1 1
github.com/camerarecorder/mediamtx-camera-service-go/internal/config/config_validation.go:123.53,125.3 1 0
github.com/camerarecorder/mediamtx-camera-service-go/internal/config/config_validation.go:127.2,127.57 1 1
github.com/camerarecorder/mediamtx-camera-service-go/internal/config/config_validation.go:127.57,129.3 1 0
github.com/camerarecorder/mediamtx-camera-service-go/internal/config/config_validation.go:131.2,131.51 1 1
github.com/camerarecorder/mediamtx-camera-service-go/internal/config/config_validation.go:131.51,133.3 1 0
github.com/camerarecorder/mediamtx-camera-service-go/internal/config/config_validation.go:135.2,135.29 1 1
github.com/camerarecorder/mediamtx-camera-service-go/internal/config/config_validation.go:135.29,137.3 1 0
github.com/camerarecorder/mediamtx-camera-service-go/internal/config/config_validation.go:139.2,139.33 1 1
github.com/camerarecorder/mediamtx-camera-service-go/internal/config/config_validation.go:139.33,141.3 1 0
github.com/camerarecorder/mediamtx-camera-service-go/internal/config/config_validation.go:143.2,143.32 1 1
github.com/camerarecorder/mediamtx-camera-service-go/internal/config/config_validation.go:143.32,145.3 1 0
github.com/camerarecorder/mediamtx-camera-service-go/internal/config/config_validation.go:148.2,148.84 1 1
github.com/camerarecorder/mediamtx-camera-service-go/internal/config/config_validation.go:148.84,150.3 1 1
github.com/camerarecorder/mediamtx-camera-service-go/internal/config/config_validation.go:152.2,152.92 1 1
github.com/camerarecorder/mediamtx-camera-service-go/internal/config/config_validation.go:152.92,154.3 1 0
github.com/camerarecorder/mediamtx-camera-service-go/internal/config/config_validation.go:156.2,156.90 1 1
github.com/camerarecorder/mediamtx-camera-service-go/internal/config/config_validation.go:156.90,158.3 1 0
github.com/camerarecorder/mediamtx-camera-service-go/internal/config/config_validation.go:161.2,161.59 1 1
github.com/camerarecorder/mediamtx-camera-service-go/internal/config/config_validation.go:161.59,163.3 1 0
github.com/camerarecorder/mediamtx-camera-service-go/internal/config/config_validation.go:166.2,166.37 1 1
github.com/camerarecorder/mediamtx-camera-service-go/internal/config/config_validation.go:166.37,168.3 1 0
github.com/camerarecorder/mediamtx-camera-service-go/internal/config/config_validation.go:170.2,170.40 1 1
github.com/camerarecorder/mediamtx-camera-service-go/internal/config/config_validation.go:170.40,172.3 1 0
github.com/camerarecorder/mediamtx-camera-service-go/internal/config/config_validation.go:174.2,174.45 1 1
github.com/camerarecorder/mediamtx-camera-service-go/internal/config/config_validation.go:174.45,176.3 1 0
github.com/camerarecorder/mediamtx-camera-service-go/internal/config/config_validation.go:178.2,178.42 1 1
github.com/camerarecorder/mediamtx-camera-service-go/internal/config/config_validation.go:178.42,180.3 1 0
github.com/camerarecorder/mediamtx-camera-service-go/internal/config/config_validation.go:182.2,182.53 1 1
github.com/camerarecorder/mediamtx-camera-service-go/internal/config/config_validation.go:182.53,184.3 1 0
github.com/camerarecorder/mediamtx-camera-service-go/internal/config/config_validation.go:186.2,186.39 1 1
github.com/camerarecorder/mediamtx-camera-service-go/internal/config/config_validation.go:186.39,188.3 1 0
github.com/camerarecorder/mediamtx-camera-service-go/internal/config/config_validation.go:190.2,190.41 1 1
github.com/camerarecorder/mediamtx-camera-service-go/internal/config/config_validation.go:190.41,192.3 1 0
github.com/camerarecorder/mediamtx-camera-service-go/internal/config/config_validation.go:194.2,194.66 1 1
github.com/camerarecorder/mediamtx-camera-service-go/internal/config/config_validation.go:194.66,196.3 1 0
github.com/camerarecorder/mediamtx-camera-service-go/internal/config/config_validation.go:198.2,198.43 1 1
github.com/camerarecorder/mediamtx-camera-service-go/internal/config/config_validation.go:198.43,200.3 1 0
github.com/camerarecorder/mediamtx-camera-service-go/internal/config/config_validation.go:202.2,202.36 1 1
github.com/camerarecorder/mediamtx-camera-service-go/internal/config/config_validation.go:202.36,204.3 1 0
github.com/camerarecorder/mediamtx-camera-service-go/internal/config/config_validation.go:207.2,207.79 1 1
github.com/camerarecorder/mediamtx-camera-service-go/internal/config/config_validation.go:207.79,209.3 1 0
github.com/camerarecorder/mediamtx-camera-service-go/internal/config/config_validation.go:211.2,211.12 1 1
github.com/camerarecorder/mediamtx-camera-service-go/internal/config/config_validation.go:215.53,216.16 1 1
github.com/camerarecorder/mediamtx-camera-service-go/internal/config/config_validation.go:216.16,218.3 1 0
github.com/camerarecorder/mediamtx-camera-service-go/internal/config/config_validation.go:221.2,222.23 2 1
github.com/camerarecorder/mediamtx-camera-service-go/internal/config/config_validation.go:222.23,224.3 1 0
github.com/camerarecorder/mediamtx-camera-service-go/internal/config/config_validation.go:227.2,227.32 1 1
github.com/camerarecorder/mediamtx-camera-service-go/internal/config/config_validation.go:227.32,229.3 1 0
github.com/camerarecorder/mediamtx-camera-service-go/internal/config/config_validation.go:232.2,232.54 1 1
github.com/camerarecorder/mediamtx-camera-service-go/internal/config/config_validation.go:232.54,234.3 1 1
github.com/camerarecorder/mediamtx-camera-service-go/internal/config/config_validation.go:237.2,237.46 1 1
github.com/camerarecorder/mediamtx-camera-service-go/internal/config/config_validation.go:237.46,239.3 1 0
github.com/camerarecorder/mediamtx-camera-service-go/internal/config/config_validation.go:241.2,241.12 1 1
github.com/camerarecorder/mediamtx-camera-service-go/internal/config/config_validation.go:245.56,246.16 1 1
github.com/camerarecorder/mediamtx-camera-service-go/internal/config/config_validation.go:246.16,248.3 1 0
github.com/camerarecorder/mediamtx-camera-service-go/internal/config/config_validation.go:251.2,252.23 2 1
github.com/camerarecorder/mediamtx-camera-service-go/internal/config/config_validation.go:252.23,254.3 1 0
github.com/camerarecorder/mediamtx-camera-service-go/internal/config/config_validation.go:257.2,257.32 1 1
github.com/camerarecorder/mediamtx-camera-service-go/internal/config/config_validation.go:257.32,259.3 1 0
github.com/camerarecorder/mediamtx-camera-service-go/internal/config/config_validation.go:262.2,265.51 2 1
github.com/camerarecorder/mediamtx-camera-service-go/internal/config/config_validation.go:265.51,267.3 1 1
github.com/camerarecorder/mediamtx-camera-service-go/internal/config/config_validation.go:270.2,270.43 1 1
github.com/camerarecorder/mediamtx-camera-service-go/internal/config/config_validation.go:270.43,272.3 1 0
github.com/camerarecorder/mediamtx-camera-service-go/internal/config/config_validation.go:274.2,274.12 1 1
github.com/camerarecorder/mediamtx-camera-service-go/internal/config/config_validation.go:278.53,280.51 2 1
github.com/camerarecorder/mediamtx-camera-service-go/internal/config/config_validation.go:280.51,282.3 1 0
github.com/camerarecorder/mediamtx-camera-service-go/internal/config/config_validation.go:284.2,285.47 2 1
github.com/camerarecorder/mediamtx-camera-service-go/internal/config/config_validation.go:285.47,287.3 1 0
github.com/camerarecorder/mediamtx-camera-service-go/internal/config/config_validation.go:289.2,290.49 2 1
github.com/camerarecorder/mediamtx-camera-service-go/internal/config/config_validation.go:290.49,292.3 1 0
github.com/camerarecorder/mediamtx-camera-service-go/internal/config/config_validation.go:294.2,294.26 1 1
github.com/camerarecorder/mediamtx-camera-service-go/internal/config/config_validation.go:294.26,296.3 1 0
github.com/camerarecorder/mediamtx-camera-service-go/internal/config/config_validation.go:298.2,299.44 2 1
github.com/camerarecorder/mediamtx-camera-service-go/internal/config/config_validation.go:299.44,301.3 1 0
github.com/camerarecorder/mediamtx-camera-service-go/internal/config/config_validation.go:303.2,303.12 1 1
github.com/camerarecorder/mediamtx-camera-service-go/internal/config/config_validation.go:307.73,308.25 1 1
github.com/camerarecorder/mediamtx-camera-service-go/internal/config/config_validation.go:308.25,310.3 1 0
github.com/camerarecorder/mediamtx-camera-service-go/internal/config/config_validation.go:312.2,312.30 1 1
github.com/camerarecorder/mediamtx-camera-service-go/internal/config/config_validation.go:312.30,314.3 1 0
github.com/camerarecorder/mediamtx-camera-service-go/internal/config/config_validation.go:316.2,316.27 1 1
github.com/camerarecorder/mediamtx-camera-service-go/internal/config/config_validation.go:316.27,318.3 1 0
github.com/camerarecorder/mediamtx-camera-service-go/internal/config/config_validation.go:320.2,320.31 1 1
github.com/camerarecorder/mediamtx-camera-service-go/internal/config/config_validation.go:320.31,322.3 1 0
github.com/camerarecorder/mediamtx-camera-service-go/internal/config/config_validation.go:324.2,324.12 1 1
github.com/camerarecorder/mediamtx-camera-service-go/internal/config/config_validation.go:328.55,329.29 1 1
github.com/camerarecorder/mediamtx-camera-service-go/internal/config/config_validation.go:329.29,331.3 1 0
github.com/camerarecorder/mediamtx-camera-service-go/internal/config/config_validation.go:333.2,333.34 1 1
github.com/camerarecorder/mediamtx-camera-service-go/internal/config/config_validation.go:333.34,335.3 1 0
github.com/camerarecorder/mediamtx-camera-service-go/internal/config/config_validation.go:337.2,337.34 1 1
github.com/camerarecorder/mediamtx-camera-service-go/internal/config/config_validation.go:337.34,339.3 1 0
github.com/camerarecorder/mediamtx-camera-service-go/internal/config/config_validation.go:341.2,341.60 1 1
github.com/camerarecorder/mediamtx-camera-service-go/internal/config/config_validation.go:341.60,343.3 1 0
github.com/camerarecorder/mediamtx-camera-service-go/internal/config/config_validation.go:345.2,345.51 1 1
github.com/camerarecorder/mediamtx-camera-service-go/internal/config/config_validation.go:345.51,347.3 1 1
github.com/camerarecorder/mediamtx-camera-service-go/internal/config/config_validation.go:349.2,349.35 1 1
github.com/camerarecorder/mediamtx-camera-service-go/internal/config/config_validation.go:349.35,351.3 1 0
github.com/camerarecorder/mediamtx-camera-service-go/internal/config/config_validation.go:353.2,353.40 1 1
github.com/camerarecorder/mediamtx-camera-service-go/internal/config/config_validation.go:353.40,355.3 1 0
github.com/camerarecorder/mediamtx-camera-service-go/internal/config/config_validation.go:357.2,357.37 1 1
github.com/camerarecorder/mediamtx-camera-service-go/internal/config/config_validation.go:357.37,359.3 1 0
github.com/camerarecorder/mediamtx-camera-service-go/internal/config/config_validation.go:361.2,361.12 1 1
github.com/camerarecorder/mediamtx-camera-service-go/internal/config/config_validation.go:365.57,367.59 2 1
github.com/camerarecorder/mediamtx-camera-service-go/internal/config/config_validation.go:367.59,369.3 1 0
github.com/camerarecorder/mediamtx-camera-service-go/internal/config/config_validation.go:371.2,371.25 1 1
github.com/camerarecorder/mediamtx-camera-service-go/internal/config/config_validation.go:371.25,373.3 1 0
github.com/camerarecorder/mediamtx-camera-service-go/internal/config/config_validation.go:375.2,375.49 1 1
github.com/camerarecorder/mediamtx-camera-service-go/internal/config/config_validation.go:375.49,377.3 1 0
github.com/camerarecorder/mediamtx-camera-service-go/internal/config/config_validation.go:380.2,380.49 1 1
github.com/camerarecorder/mediamtx-camera-service-go/internal/config/config_validation.go:380.49,381.83 1 1
github.com/camerarecorder/mediamtx-camera-service-go/internal/config/config_validation.go:381.83,383.4 1 1
github.com/camerarecorder/mediamtx-camera-service-go/internal/config/config_validation.go:386.2,386.29 1 1
github.com/camerarecorder/mediamtx-camera-service-go/internal/config/config_validation.go:386.29,388.3 1 0
github.com/camerarecorder/mediamtx-camera-service-go/internal/config/config_validation.go:390.2,390.28 1 1
github.com/camerarecorder/mediamtx-camera-service-go/internal/config/config_validation.go:390.28,392.3 1 0
github.com/camerarecorder/mediamtx-camera-service-go/internal/config/config_validation.go:394.2,394.12 1 1
github.com/camerarecorder/mediamtx-camera-service-go/internal/config/config_validation.go:398.61,400.44 2 1
github.com/camerarecorder/mediamtx-camera-service-go/internal/config/config_validation.go:400.44,402.3 1 0
github.com/camerarecorder/mediamtx-camera-service-go/internal/config/config_validation.go:404.2,405.47 2 1
github.com/camerarecorder/mediamtx-camera-service-go/internal/config/config_validation.go:405.47,407.3 1 0
github.com/camerarecorder/mediamtx-camera-service-go/internal/config/config_validation.go:409.2,409.33 1 1
github.com/camerarecorder/mediamtx-camera-service-go/internal/config/config_validation.go:409.33,411.3 1 0
github.com/camerarecorder/mediamtx-camera-service-go/internal/config/config_validation.go:413.2,413.32 1 1
github.com/camerarecorder/mediamtx-camera-service-go/internal/config/config_validation.go:413.32,415.3 1 0
github.com/camerarecorder/mediamtx-camera-service-go/internal/config/config_validation.go:417.2,417.33 1 1
github.com/camerarecorder/mediamtx-camera-service-go/internal/config/config_validation.go:417.33,419.3 1 0
github.com/camerarecorder/mediamtx-camera-service-go/internal/config/config_validation.go:421.2,421.24 1 1
github.com/camerarecorder/mediamtx-camera-service-go/internal/config/config_validation.go:421.24,423.3 1 0
github.com/camerarecorder/mediamtx-camera-service-go/internal/config/config_validation.go:425.2,425.25 1 1
github.com/camerarecorder/mediamtx-camera-service-go/internal/config/config_validation.go:425.25,427.3 1 0
github.com/camerarecorder/mediamtx-camera-service-go/internal/config/config_validation.go:429.2,429.36 1 1
github.com/camerarecorder/mediamtx-camera-service-go/internal/config/config_validation.go:429.36,431.3 1 0
github.com/camerarecorder/mediamtx-camera-service-go/internal/config/config_validation.go:433.2,433.12 1 1
github.com/camerarecorder/mediamtx-camera-service-go/internal/config/config_validation.go:437.59,439.44 2 1
github.com/camerarecorder/mediamtx-camera-service-go/internal/config/config_validation.go:439.44,441.3 1 0
github.com/camerarecorder/mediamtx-camera-service-go/internal/config/config_validation.go:443.2,443.48 1 1
github.com/camerarecorder/mediamtx-camera-service-go/internal/config/config_validation.go:443.48,445.3 1 0
github.com/camerarecorder/mediamtx-camera-service-go/internal/config/config_validation.go:447.2,447.26 1 1
github.com/camerarecorder/mediamtx-camera-service-go/internal/config/config_validation.go:447.26,449.3 1 0
github.com/camerarecorder/mediamtx-camera-service-go/internal/config/config_validation.go:451.2,451.27 1 1
github.com/camerarecorder/mediamtx-camera-service-go/internal/config/config_validation.go:451.27,453.3 1 0
github.com/camerarecorder/mediamtx-camera-service-go/internal/config/config_validation.go:455.2,455.33 1 1
github.com/camerarecorder/mediamtx-camera-service-go/internal/config/config_validation.go:455.33,457.3 1 0
github.com/camerarecorder/mediamtx-camera-service-go/internal/config/config_validation.go:459.2,459.24 1 1
github.com/camerarecorder/mediamtx-camera-service-go/internal/config/config_validation.go:459.24,461.3 1 0
github.com/camerarecorder/mediamtx-camera-service-go/internal/config/config_validation.go:463.2,463.26 1 1
github.com/camerarecorder/mediamtx-camera-service-go/internal/config/config_validation.go:463.26,465.3 1 0
github.com/camerarecorder/mediamtx-camera-service-go/internal/config/config_validation.go:467.2,467.12 1 1
github.com/camerarecorder/mediamtx-camera-service-go/internal/config/config_validation.go:471.55,472.71 1 1
github.com/camerarecorder/mediamtx-camera-service-go/internal/config/config_validation.go:472.71,474.3 1 0
github.com/camerarecorder/mediamtx-camera-service-go/internal/config/config_validation.go:476.2,476.73 1 1
github.com/camerarecorder/mediamtx-camera-service-go/internal/config/config_validation.go:476.73,478.3 1 0
github.com/camerarecorder/mediamtx-camera-service-go/internal/config/config_validation.go:480.2,480.12 1 1
github.com/camerarecorder/mediamtx-camera-service-go/internal/config/config_validation.go:484.71,485.40 1 1
github.com/camerarecorder/mediamtx-camera-service-go/internal/config/config_validation.go:485.40,487.3 1 0
github.com/camerarecorder/mediamtx-camera-service-go/internal/config/config_validation.go:489.2,489.34 1 1
github.com/camerarecorder/mediamtx-camera-service-go/internal/config/config_validation.go:489.34,491.3 1 0
github.com/camerarecorder/mediamtx-camera-service-go/internal/config/config_validation.go:493.2,493.33 1 1
github.com/camerarecorder/mediamtx-camera-service-go/internal/config/config_validation.go:493.33,495.3 1 0
github.com/camerarecorder/mediamtx-camera-service-go/internal/config/config_validation.go:497.2,497.30 1 1
github.com/camerarecorder/mediamtx-camera-service-go/internal/config/config_validation.go:497.30,499.3 1 0
github.com/camerarecorder/mediamtx-camera-service-go/internal/config/config_validation.go:501.2,501.27 1 1
github.com/camerarecorder/mediamtx-camera-service-go/internal/config/config_validation.go:501.27,503.3 1 0
github.com/camerarecorder/mediamtx-camera-service-go/internal/config/config_validation.go:505.2,505.12 1 1
github.com/camerarecorder/mediamtx-camera-service-go/internal/config/config_validation.go:509.73,510.40 1 1
github.com/camerarecorder/mediamtx-camera-service-go/internal/config/config_validation.go:510.40,512.3 1 0
github.com/camerarecorder/mediamtx-camera-service-go/internal/config/config_validation.go:514.2,514.34 1 1
github.com/camerarecorder/mediamtx-camera-service-go/internal/config/config_validation.go:514.34,516.3 1 0
github.com/camerarecorder/mediamtx-camera-service-go/internal/config/config_validation.go:518.2,518.33 1 1
github.com/camerarecorder/mediamtx-camera-service-go/internal/config/config_validation.go:518.33,520.3 1 0
github.com/camerarecorder/mediamtx-camera-service-go/internal/config/config_validation.go:522.2,522.30 1 1
github.com/camerarecorder/mediamtx-camera-service-go/internal/config/config_validation.go:522.30,524.3 1 0
github.com/camerarecorder/mediamtx-camera-service-go/internal/config/config_validation.go:526.2,526.27 1 1
github.com/camerarecorder/mediamtx-camera-service-go/internal/config/config_validation.go:526.27,528.3 1 0
github.com/camerarecorder/mediamtx-camera-service-go/internal/config/config_validation.go:530.2,530.12 1 1
github.com/camerarecorder/mediamtx-camera-service-go/internal/config/config_validation.go:534.69,535.79 1 1
github.com/camerarecorder/mediamtx-camera-service-go/internal/config/config_validation.go:535.79,537.3 1 0
github.com/camerarecorder/mediamtx-camera-service-go/internal/config/config_validation.go:539.2,539.77 1 1
github.com/camerarecorder/mediamtx-camera-service-go/internal/config/config_validation.go:539.77,541.3 1 0
github.com/camerarecorder/mediamtx-camera-service-go/internal/config/config_validation.go:543.2,543.12 1 1
github.com/camerarecorder/mediamtx-camera-service-go/internal/config/config_validation.go:547.85,548.33 1 1
github.com/camerarecorder/mediamtx-camera-service-go/internal/config/config_validation.go:548.33,550.3 1 0
github.com/camerarecorder/mediamtx-camera-service-go/internal/config/config_validation.go:552.2,552.30 1 1
github.com/camerarecorder/mediamtx-camera-service-go/internal/config/config_validation.go:552.30,554.3 1 0
github.com/camerarecorder/mediamtx-camera-service-go/internal/config/config_validation.go:556.2,556.27 1 1
github.com/camerarecorder/mediamtx-camera-service-go/internal/config/config_validation.go:556.27,558.3 1 0
github.com/camerarecorder/mediamtx-camera-service-go/internal/config/config_validation.go:560.2,560.30 1 1
github.com/camerarecorder/mediamtx-camera-service-go/internal/config/config_validation.go:560.30,562.3 1 0
github.com/camerarecorder/mediamtx-camera-service-go/internal/config/config_validation.go:564.2,564.33 1 1
github.com/camerarecorder/mediamtx-camera-service-go/internal/config/config_validation.go:564.33,566.3 1 0
github.com/camerarecorder/mediamtx-camera-service-go/internal/config/config_validation.go:568.2,568.12 1 1
github.com/camerarecorder/mediamtx-camera-service-go/internal/config/config_validation.go:572.83,573.38 1 1
github.com/camerarecorder/mediamtx-camera-service-go/internal/config/config_validation.go:573.38,575.3 1 0
github.com/camerarecorder/mediamtx-camera-service-go/internal/config/config_validation.go:577.2,577.43 1 1
github.com/camerarecorder/mediamtx-camera-service-go/internal/config/config_validation.go:577.43,579.3 1 0
github.com/camerarecorder/mediamtx-camera-service-go/internal/config/config_validation.go:581.2,581.39 1 1
github.com/camerarecorder/mediamtx-camera-service-go/internal/config/config_validation.go:581.39,583.3 1 0
github.com/camerarecorder/mediamtx-camera-service-go/internal/config/config_validation.go:585.2,585.12 1 1
github.com/camerarecorder/mediamtx-camera-service-go/internal/config/config_validation.go:589.65,590.87 1 1
github.com/camerarecorder/mediamtx-camera-service-go/internal/config/config_validation.go:590.87,592.3 1 0
github.com/camerarecorder/mediamtx-camera-service-go/internal/config/config_validation.go:594.2,594.75 1 1
github.com/camerarecorder/mediamtx-camera-service-go/internal/config/config_validation.go:594.75,596.3 1 1
github.com/camerarecorder/mediamtx-camera-service-go/internal/config/config_validation.go:598.2,598.73 1 1
github.com/camerarecorder/mediamtx-camera-service-go/internal/config/config_validation.go:598.73,600.3 1 0
github.com/camerarecorder/mediamtx-camera-service-go/internal/config/config_validation.go:602.2,602.12 1 1
github.com/camerarecorder/mediamtx-camera-service-go/internal/config/config_validation.go:606.81,607.33 1 1
github.com/camerarecorder/mediamtx-camera-service-go/internal/config/config_validation.go:607.33,609.3 1 0
github.com/camerarecorder/mediamtx-camera-service-go/internal/config/config_validation.go:611.2,611.32 1 1
github.com/camerarecorder/mediamtx-camera-service-go/internal/config/config_validation.go:611.32,613.3 1 0
github.com/camerarecorder/mediamtx-camera-service-go/internal/config/config_validation.go:615.2,615.31 1 1
github.com/camerarecorder/mediamtx-camera-service-go/internal/config/config_validation.go:615.31,617.3 1 0
github.com/camerarecorder/mediamtx-camera-service-go/internal/config/config_validation.go:619.2,619.29 1 1
github.com/camerarecorder/mediamtx-camera-service-go/internal/config/config_validation.go:619.29,621.3 1 0
github.com/camerarecorder/mediamtx-camera-service-go/internal/config/config_validation.go:623.2,623.12 1 1
github.com/camerarecorder/mediamtx-camera-service-go/internal/config/config_validation.go:627.69,628.39 1 1
github.com/camerarecorder/mediamtx-camera-service-go/internal/config/config_validation.go:628.39,630.3 1 1
github.com/camerarecorder/mediamtx-camera-service-go/internal/config/config_validation.go:632.2,632.44 1 1
github.com/camerarecorder/mediamtx-camera-service-go/internal/config/config_validation.go:632.44,634.3 1 0
github.com/camerarecorder/mediamtx-camera-service-go/internal/config/config_validation.go:636.2,636.40 1 1
github.com/camerarecorder/mediamtx-camera-service-go/internal/config/config_validation.go:636.40,638.3 1 0
github.com/camerarecorder/mediamtx-camera-service-go/internal/config/config_validation.go:640.2,640.47 1 1
github.com/camerarecorder/mediamtx-camera-service-go/internal/config/config_validation.go:640.47,642.3 1 0
github.com/camerarecorder/mediamtx-camera-service-go/internal/config/config_validation.go:644.2,644.39 1 1
github.com/camerarecorder/mediamtx-camera-service-go/internal/config/config_validation.go:644.39,646.3 1 0
github.com/camerarecorder/mediamtx-camera-service-go/internal/config/config_validation.go:648.2,648.44 1 1
github.com/camerarecorder/mediamtx-camera-service-go/internal/config/config_validation.go:648.44,650.3 1 0
github.com/camerarecorder/mediamtx-camera-service-go/internal/config/config_validation.go:652.2,652.45 1 1
github.com/camerarecorder/mediamtx-camera-service-go/internal/config/config_validation.go:652.45,654.3 1 0
github.com/camerarecorder/mediamtx-camera-service-go/internal/config/config_validation.go:656.2,656.39 1 1
github.com/camerarecorder/mediamtx-camera-service-go/internal/config/config_validation.go:656.39,658.3 1 0
github.com/camerarecorder/mediamtx-camera-service-go/internal/config/config_validation.go:660.2,660.12 1 1
github.com/camerarecorder/mediamtx-camera-service-go/internal/config/config_validation.go:664.67,665.26 1 1
github.com/camerarecorder/mediamtx-camera-service-go/internal/config/config_validation.go:665.26,667.3 1 0
github.com/camerarecorder/mediamtx-camera-service-go/internal/config/config_validation.go:669.2,669.41 1 1
github.com/camerarecorder/mediamtx-camera-service-go/internal/config/config_validation.go:669.41,671.3 1 0
github.com/camerarecorder/mediamtx-camera-service-go/internal/config/config_validation.go:673.2,673.36 1 1
github.com/camerarecorder/mediamtx-camera-service-go/internal/config/config_validation.go:673.36,675.3 1 0
github.com/camerarecorder/mediamtx-camera-service-go/internal/config/config_validation.go:677.2,677.12 1 1
github.com/camerarecorder/mediamtx-camera-service-go/internal/config/config_validation.go:681.73,684.40 2 1
github.com/camerarecorder/mediamtx-camera-service-go/internal/config/config_validation.go:684.40,686.3 1 1
github.com/camerarecorder/mediamtx-camera-service-go/internal/config/config_validation.go:689.2,689.26 1 1
github.com/camerarecorder/mediamtx-camera-service-go/internal/config/config_validation.go:689.26,690.28 1 1
github.com/camerarecorder/mediamtx-camera-service-go/internal/config/config_validation.go:690.28,692.4 1 1
github.com/camerarecorder/mediamtx-camera-service-go/internal/config/config_validation.go:693.3,693.55 1 1
github.com/camerarecorder/mediamtx-camera-service-go/internal/config/config_validation.go:693.55,695.4 1 1
github.com/camerarecorder/mediamtx-camera-service-go/internal/config/config_validation.go:699.2,699.27 1 1
github.com/camerarecorder/mediamtx-camera-service-go/internal/config/config_validation.go:699.27,700.28 1 0
github.com/camerarecorder/mediamtx-camera-service-go/internal/config/config_validation.go:700.28,702.4 1 0
github.com/camerarecorder/mediamtx-camera-service-go/internal/config/config_validation.go:703.3,703.30 1 0
github.com/camerarecorder/mediamtx-camera-service-go/internal/config/config_validation.go:703.30,705.4 1 0
github.com/camerarecorder/mediamtx-camera-service-go/internal/config/config_validation.go:708.2,708.12 1 1
github.com/camerarecorder/mediamtx-camera-service-go/internal/config/config_validation.go:712.59,714.50 1 1
github.com/camerarecorder/mediamtx-camera-service-go/internal/config/config_validation.go:714.50,716.3 1 1
github.com/camerarecorder/mediamtx-camera-service-go/internal/config/config_validation.go:719.2,719.32 1 1
github.com/camerarecorder/mediamtx-camera-service-go/internal/config/config_validation.go:719.32,721.3 1 0
github.com/camerarecorder/mediamtx-camera-service-go/internal/config/config_validation.go:724.2,724.35 1 1
github.com/camerarecorder/mediamtx-camera-service-go/internal/config/config_validation.go:724.35,726.3 1 0
github.com/camerarecorder/mediamtx-camera-service-go/internal/config/config_validation.go:729.2,729.33 1 1
github.com/camerarecorder/mediamtx-camera-service-go/internal/config/config_validation.go:729.33,731.3 1 0
github.com/camerarecorder/mediamtx-camera-service-go/internal/config/config_validation.go:733.2,733.12 1 1
github.com/camerarecorder/mediamtx-camera-service-go/internal/config/config_validation.go:737.59,739.32 1 1
github.com/camerarecorder/mediamtx-camera-service-go/internal/config/config_validation.go:739.32,741.3 1 0
github.com/camerarecorder/mediamtx-camera-service-go/internal/config/config_validation.go:744.2,744.36 1 1
github.com/camerarecorder/mediamtx-camera-service-go/internal/config/config_validation.go:744.36,746.3 1 0
github.com/camerarecorder/mediamtx-camera-service-go/internal/config/config_validation.go:748.2,748.12 1 1
github.com/camerarecorder/mediamtx-camera-service-go/internal/config/config_validation.go:752.57,754.56 1 1
github.com/camerarecorder/mediamtx-camera-service-go/internal/config/config_validation.go:754.56,756.3 1 0
github.com/camerarecorder/mediamtx-camera-service-go/internal/config/config_validation.go:758.2,758.58 1 1
github.com/camerarecorder/mediamtx-camera-service-go/internal/config/config_validation.go:758.58,760.3 1 0
github.com/camerarecorder/mediamtx-camera-service-go/internal/config/config_validation.go:763.2,763.47 1 1
github.com/camerarecorder/mediamtx-camera-service-go/internal/config/config_validation.go:763.47,765.3 1 0
github.com/camerarecorder/mediamtx-camera-service-go/internal/config/config_validation.go:768.2,768.30 1 1
github.com/camerarecorder/mediamtx-camera-service-go/internal/config/config_validation.go:768.30,769.89 1 1
github.com/camerarecorder/mediamtx-camera-service-go/internal/config/config_validation.go:769.89,771.4 1 0
github.com/camerarecorder/mediamtx-camera-service-go/internal/config/config_validation.go:774.2,774.31 1 1
github.com/camerarecorder/mediamtx-camera-service-go/internal/config/config_validation.go:774.31,775.91 1 1
github.com/camerarecorder/mediamtx-camera-service-go/internal/config/config_validation.go:775.91,777.4 1 0
github.com/camerarecorder/mediamtx-camera-service-go/internal/config/config_validation.go:780.2,780.12 1 1
github.com/camerarecorder/mediamtx-camera-service-go/internal/config/config_validation.go:784.56,785.35 1 1
github.com/camerarecorder/mediamtx-camera-service-go/internal/config/config_validation.go:785.35,787.3 1 0
github.com/camerarecorder/mediamtx-camera-service-go/internal/config/config_validation.go:790.2,791.23 2 1
github.com/camerarecorder/mediamtx-camera-service-go/internal/config/config_validation.go:791.23,793.3 1 0
github.com/camerarecorder/mediamtx-camera-service-go/internal/config/config_validation.go:796.2,796.32 1 1
github.com/camerarecorder/mediamtx-camera-service-go/internal/config/config_validation.go:796.32,798.3 1 0
github.com/camerarecorder/mediamtx-camera-service-go/internal/config/config_validation.go:801.2,801.54 1 1
github.com/camerarecorder/mediamtx-camera-service-go/internal/config/config_validation.go:801.54,803.3 1 0
github.com/camerarecorder/mediamtx-camera-service-go/internal/config/config_validation.go:806.2,806.46 1 1
github.com/camerarecorder/mediamtx-camera-service-go/internal/config/config_validation.go:806.46,808.3 1 0
github.com/camerarecorder/mediamtx-camera-service-go/internal/config/config_validation.go:810.2,810.12 1 1
github.com/camerarecorder/mediamtx-camera-service-go/internal/config/config_validation.go:814.50,815.29 1 1
github.com/camerarecorder/mediamtx-camera-service-go/internal/config/config_validation.go:815.29,816.20 1 1
github.com/camerarecorder/mediamtx-camera-service-go/internal/config/config_validation.go:816.20,818.4 1 1
github.com/camerarecorder/mediamtx-camera-service-go/internal/config/config_validation.go:820.2,820.14 1 1
github.com/camerarecorder/mediamtx-camera-service-go/internal/config/test_helpers.go:20.58,33.2 4 1
github.com/camerarecorder/mediamtx-camera-service-go/internal/config/test_helpers.go:36.73,41.2 4 1
github.com/camerarecorder/mediamtx-camera-service-go/internal/config/test_helpers.go:44.72,49.2 4 1
github.com/camerarecorder/mediamtx-camera-service-go/internal/config/test_helpers.go:52.52,61.27 2 1
github.com/camerarecorder/mediamtx-camera-service-go/internal/config/test_helpers.go:61.27,63.71 1 1
github.com/camerarecorder/mediamtx-camera-service-go/internal/config/test_helpers.go:63.71,71.4 5 1
github.com/camerarecorder/mediamtx-camera-service-go/internal/config/test_helpers.go:71.9,75.4 2 1
github.com/camerarecorder/mediamtx-camera-service-go/internal/config/test_helpers.go:80.83,83.2 2 1
github.com/camerarecorder/mediamtx-camera-service-go/internal/config/test_helpers.go:86.49,130.33 2 1
github.com/camerarecorder/mediamtx-camera-service-go/internal/config/test_helpers.go:130.33,132.3 1 1
github.com/camerarecorder/mediamtx-camera-service-go/internal/config/test_helpers.go:136.70,138.2 1 1
github.com/camerarecorder/mediamtx-camera-service-go/internal/config/test_helpers.go:141.30,143.16 2 1
github.com/camerarecorder/mediamtx-camera-service-go/internal/config/test_helpers.go:143.16,144.51 1 0
github.com/camerarecorder/mediamtx-camera-service-go/internal/config/test_helpers.go:147.2,147.6 1 1
github.com/camerarecorder/mediamtx-camera-service-go/internal/config/test_helpers.go:147.6,148.66 1 1
github.com/camerarecorder/mediamtx-camera-service-go/internal/config/test_helpers.go:148.66,150.4 1 1
github.com/camerarecorder/mediamtx-camera-service-go/internal/config/test_helpers.go:152.3,153.20 2 1
github.com/camerarecorder/mediamtx-camera-service-go/internal/config/test_helpers.go:153.20,154.39 1 0
github.com/camerarecorder/mediamtx-camera-service-go/internal/config/test_helpers.go:156.3,156.15 1 1
