mode: set
github.com/camerarecorder/mediamtx-camera-service-go/internal/security/jwt_handler.go:55.59,56.40 1 1
github.com/camerarecorder/mediamtx-camera-service-go/internal/security/jwt_handler.go:56.40,58.3 1 0
github.com/camerarecorder/mediamtx-camera-service-go/internal/security/jwt_handler.go:60.2,76.21 3 1
github.com/camerarecorder/mediamtx-camera-service-go/internal/security/jwt_handler.go:81.90,83.37 1 1
github.com/camerarecorder/mediamtx-camera-service-go/internal/security/jwt_handler.go:83.37,85.3 1 1
github.com/camerarecorder/mediamtx-camera-service-go/internal/security/jwt_handler.go:87.2,87.23 1 1
github.com/camerarecorder/mediamtx-camera-service-go/internal/security/jwt_handler.go:87.23,89.3 1 1
github.com/camerarecorder/mediamtx-camera-service-go/internal/security/jwt_handler.go:91.2,91.22 1 1
github.com/camerarecorder/mediamtx-camera-service-go/internal/security/jwt_handler.go:91.22,93.3 1 1
github.com/camerarecorder/mediamtx-camera-service-go/internal/security/jwt_handler.go:96.2,114.16 5 1
github.com/camerarecorder/mediamtx-camera-service-go/internal/security/jwt_handler.go:114.16,117.3 2 0
github.com/camerarecorder/mediamtx-camera-service-go/internal/security/jwt_handler.go:119.2,125.25 2 1
github.com/camerarecorder/mediamtx-camera-service-go/internal/security/jwt_handler.go:131.59,138.13 5 1
github.com/camerarecorder/mediamtx-camera-service-go/internal/security/jwt_handler.go:138.13,147.3 2 1
github.com/camerarecorder/mediamtx-camera-service-go/internal/security/jwt_handler.go:150.2,150.53 1 1
github.com/camerarecorder/mediamtx-camera-service-go/internal/security/jwt_handler.go:150.53,156.3 4 1
github.com/camerarecorder/mediamtx-camera-service-go/internal/security/jwt_handler.go:159.2,159.44 1 1
github.com/camerarecorder/mediamtx-camera-service-go/internal/security/jwt_handler.go:159.44,167.3 2 1
github.com/camerarecorder/mediamtx-camera-service-go/internal/security/jwt_handler.go:170.2,173.13 3 1
github.com/camerarecorder/mediamtx-camera-service-go/internal/security/jwt_handler.go:177.53,184.13 5 1
github.com/camerarecorder/mediamtx-camera-service-go/internal/security/jwt_handler.go:184.13,192.3 2 1
github.com/camerarecorder/mediamtx-camera-service-go/internal/security/jwt_handler.go:195.2,195.53 1 1
github.com/camerarecorder/mediamtx-camera-service-go/internal/security/jwt_handler.go:195.53,200.3 4 1
github.com/camerarecorder/mediamtx-camera-service-go/internal/security/jwt_handler.go:202.2,203.30 2 1
github.com/camerarecorder/mediamtx-camera-service-go/internal/security/jwt_handler.go:207.73,211.59 3 1
github.com/camerarecorder/mediamtx-camera-service-go/internal/security/jwt_handler.go:211.59,219.3 1 1
github.com/camerarecorder/mediamtx-camera-service-go/internal/security/jwt_handler.go:221.2,221.12 1 1
github.com/camerarecorder/mediamtx-camera-service-go/internal/security/jwt_handler.go:225.70,236.2 5 1
github.com/camerarecorder/mediamtx-camera-service-go/internal/security/jwt_handler.go:239.71,246.50 5 1
github.com/camerarecorder/mediamtx-camera-service-go/internal/security/jwt_handler.go:246.50,247.52 1 1
github.com/camerarecorder/mediamtx-camera-service-go/internal/security/jwt_handler.go:247.52,249.4 1 1
github.com/camerarecorder/mediamtx-camera-service-go/internal/security/jwt_handler.go:252.2,252.42 1 1
github.com/camerarecorder/mediamtx-camera-service-go/internal/security/jwt_handler.go:252.42,254.3 1 1
github.com/camerarecorder/mediamtx-camera-service-go/internal/security/jwt_handler.go:256.2,256.29 1 1
github.com/camerarecorder/mediamtx-camera-service-go/internal/security/jwt_handler.go:256.29,258.3 1 1
github.com/camerarecorder/mediamtx-camera-service-go/internal/security/jwt_handler.go:264.76,265.42 1 1
github.com/camerarecorder/mediamtx-camera-service-go/internal/security/jwt_handler.go:265.42,267.3 1 1
github.com/camerarecorder/mediamtx-camera-service-go/internal/security/jwt_handler.go:271.2,271.110 1 1
github.com/camerarecorder/mediamtx-camera-service-go/internal/security/jwt_handler.go:271.110,273.36 1 1
github.com/camerarecorder/mediamtx-camera-service-go/internal/security/jwt_handler.go:273.36,276.4 2 1
github.com/camerarecorder/mediamtx-camera-service-go/internal/security/jwt_handler.go:278.3,279.34 2 1
github.com/camerarecorder/mediamtx-camera-service-go/internal/security/jwt_handler.go:282.2,282.16 1 1
github.com/camerarecorder/mediamtx-camera-service-go/internal/security/jwt_handler.go:282.16,289.3 2 1
github.com/camerarecorder/mediamtx-camera-service-go/internal/security/jwt_handler.go:292.2,293.9 2 1
github.com/camerarecorder/mediamtx-camera-service-go/internal/security/jwt_handler.go:293.9,296.3 2 0
github.com/camerarecorder/mediamtx-camera-service-go/internal/security/jwt_handler.go:298.2,298.18 1 1
github.com/camerarecorder/mediamtx-camera-service-go/internal/security/jwt_handler.go:298.18,301.3 2 0
github.com/camerarecorder/mediamtx-camera-service-go/internal/security/jwt_handler.go:304.2,305.39 2 1
github.com/camerarecorder/mediamtx-camera-service-go/internal/security/jwt_handler.go:305.39,306.42 1 1
github.com/camerarecorder/mediamtx-camera-service-go/internal/security/jwt_handler.go:306.42,309.4 2 1
github.com/camerarecorder/mediamtx-camera-service-go/internal/security/jwt_handler.go:313.2,314.30 2 1
github.com/camerarecorder/mediamtx-camera-service-go/internal/security/jwt_handler.go:314.30,317.3 2 1
github.com/camerarecorder/mediamtx-camera-service-go/internal/security/jwt_handler.go:320.2,321.9 2 1
github.com/camerarecorder/mediamtx-camera-service-go/internal/security/jwt_handler.go:321.9,323.3 1 0
github.com/camerarecorder/mediamtx-camera-service-go/internal/security/jwt_handler.go:325.2,326.9 2 1
github.com/camerarecorder/mediamtx-camera-service-go/internal/security/jwt_handler.go:326.9,328.3 1 0
github.com/camerarecorder/mediamtx-camera-service-go/internal/security/jwt_handler.go:331.2,331.36 1 1
github.com/camerarecorder/mediamtx-camera-service-go/internal/security/jwt_handler.go:331.36,334.3 2 0
github.com/camerarecorder/mediamtx-camera-service-go/internal/security/jwt_handler.go:337.2,350.23 3 1
github.com/camerarecorder/mediamtx-camera-service-go/internal/security/jwt_handler.go:355.62,356.42 1 1
github.com/camerarecorder/mediamtx-camera-service-go/internal/security/jwt_handler.go:356.42,358.3 1 1
github.com/camerarecorder/mediamtx-camera-service-go/internal/security/jwt_handler.go:361.2,362.16 2 1
github.com/camerarecorder/mediamtx-camera-service-go/internal/security/jwt_handler.go:362.16,365.3 2 1
github.com/camerarecorder/mediamtx-camera-service-go/internal/security/jwt_handler.go:367.2,368.9 2 1
github.com/camerarecorder/mediamtx-camera-service-go/internal/security/jwt_handler.go:368.9,370.3 1 0
github.com/camerarecorder/mediamtx-camera-service-go/internal/security/jwt_handler.go:372.2,373.9 2 1
github.com/camerarecorder/mediamtx-camera-service-go/internal/security/jwt_handler.go:373.9,375.3 1 1
github.com/camerarecorder/mediamtx-camera-service-go/internal/security/jwt_handler.go:377.2,377.39 1 1
github.com/camerarecorder/mediamtx-camera-service-go/internal/security/jwt_handler.go:382.44,384.2 1 1
github.com/camerarecorder/mediamtx-camera-service-go/internal/security/jwt_handler.go:387.44,389.2 1 1
github.com/camerarecorder/mediamtx-camera-service-go/internal/security/role_manager.go:38.31,39.42 1 1
github.com/camerarecorder/mediamtx-camera-service-go/internal/security/role_manager.go:39.42,41.3 1 1
github.com/camerarecorder/mediamtx-camera-service-go/internal/security/role_manager.go:42.2,42.18 1 0
github.com/camerarecorder/mediamtx-camera-service-go/internal/security/role_manager.go:54.48,87.39 5 1
github.com/camerarecorder/mediamtx-camera-service-go/internal/security/role_manager.go:87.39,89.3 1 1
github.com/camerarecorder/mediamtx-camera-service-go/internal/security/role_manager.go:91.2,91.41 1 1
github.com/camerarecorder/mediamtx-camera-service-go/internal/security/role_manager.go:91.41,93.3 1 1
github.com/camerarecorder/mediamtx-camera-service-go/internal/security/role_manager.go:95.2,95.38 1 1
github.com/camerarecorder/mediamtx-camera-service-go/internal/security/role_manager.go:95.38,97.3 1 1
github.com/camerarecorder/mediamtx-camera-service-go/internal/security/role_manager.go:99.2,100.16 2 1
github.com/camerarecorder/mediamtx-camera-service-go/internal/security/role_manager.go:105.78,106.37 1 1
github.com/camerarecorder/mediamtx-camera-service-go/internal/security/role_manager.go:106.37,109.3 2 0
github.com/camerarecorder/mediamtx-camera-service-go/internal/security/role_manager.go:111.2,112.13 2 1
github.com/camerarecorder/mediamtx-camera-service-go/internal/security/role_manager.go:112.13,115.3 2 1
github.com/camerarecorder/mediamtx-camera-service-go/internal/security/role_manager.go:117.2,126.22 3 1
github.com/camerarecorder/mediamtx-camera-service-go/internal/security/role_manager.go:131.65,132.37 1 1
github.com/camerarecorder/mediamtx-camera-service-go/internal/security/role_manager.go:132.37,134.3 1 1
github.com/camerarecorder/mediamtx-camera-service-go/internal/security/role_manager.go:136.2,137.13 2 1
github.com/camerarecorder/mediamtx-camera-service-go/internal/security/role_manager.go:137.13,140.3 2 1
github.com/camerarecorder/mediamtx-camera-service-go/internal/security/role_manager.go:142.2,142.21 1 1
github.com/camerarecorder/mediamtx-camera-service-go/internal/security/role_manager.go:147.75,148.41 1 1
github.com/camerarecorder/mediamtx-camera-service-go/internal/security/role_manager.go:148.41,150.3 1 1
github.com/camerarecorder/mediamtx-camera-service-go/internal/security/role_manager.go:152.2,153.13 2 1
github.com/camerarecorder/mediamtx-camera-service-go/internal/security/role_manager.go:153.13,155.3 1 1
github.com/camerarecorder/mediamtx-camera-service-go/internal/security/role_manager.go:157.2,157.18 1 1
github.com/camerarecorder/mediamtx-camera-service-go/internal/security/role_manager.go:162.63,164.36 2 1
github.com/camerarecorder/mediamtx-camera-service-go/internal/security/role_manager.go:164.36,166.3 1 1
github.com/camerarecorder/mediamtx-camera-service-go/internal/security/role_manager.go:167.2,167.18 1 1
github.com/camerarecorder/mediamtx-camera-service-go/internal/security/role_manager.go:172.70,174.48 2 1
github.com/camerarecorder/mediamtx-camera-service-go/internal/security/role_manager.go:174.48,176.3 1 1
github.com/camerarecorder/mediamtx-camera-service-go/internal/security/role_manager.go:177.2,177.20 1 1
github.com/camerarecorder/mediamtx-camera-service-go/internal/security/role_manager.go:182.89,183.37 1 1
github.com/camerarecorder/mediamtx-camera-service-go/internal/security/role_manager.go:183.37,185.3 1 1
github.com/camerarecorder/mediamtx-camera-service-go/internal/security/role_manager.go:187.2,187.59 1 1
github.com/camerarecorder/mediamtx-camera-service-go/internal/security/role_manager.go:187.59,189.3 1 1
github.com/camerarecorder/mediamtx-camera-service-go/internal/security/role_manager.go:191.2,198.12 3 1
github.com/camerarecorder/mediamtx-camera-service-go/internal/security/role_manager.go:203.73,204.37 1 1
github.com/camerarecorder/mediamtx-camera-service-go/internal/security/role_manager.go:204.37,206.3 1 1
github.com/camerarecorder/mediamtx-camera-service-go/internal/security/role_manager.go:208.2,208.55 1 1
github.com/camerarecorder/mediamtx-camera-service-go/internal/security/role_manager.go:208.55,210.3 1 0
github.com/camerarecorder/mediamtx-camera-service-go/internal/security/role_manager.go:212.2,215.12 3 1
github.com/camerarecorder/mediamtx-camera-service-go/internal/security/session_manager.go:39.87,57.2 4 1
github.com/camerarecorder/mediamtx-camera-service-go/internal/security/session_manager.go:61.85,62.18 1 1
github.com/camerarecorder/mediamtx-camera-service-go/internal/security/session_manager.go:62.18,64.3 1 1
github.com/camerarecorder/mediamtx-camera-service-go/internal/security/session_manager.go:66.2,66.43 1 1
github.com/camerarecorder/mediamtx-camera-service-go/internal/security/session_manager.go:66.43,68.3 1 1
github.com/camerarecorder/mediamtx-camera-service-go/internal/security/session_manager.go:70.2,93.21 8 1
github.com/camerarecorder/mediamtx-camera-service-go/internal/security/session_manager.go:98.79,99.21 1 1
github.com/camerarecorder/mediamtx-camera-service-go/internal/security/session_manager.go:99.21,101.3 1 1
github.com/camerarecorder/mediamtx-camera-service-go/internal/security/session_manager.go:103.2,107.13 4 1
github.com/camerarecorder/mediamtx-camera-service-go/internal/security/session_manager.go:107.13,110.3 2 1
github.com/camerarecorder/mediamtx-camera-service-go/internal/security/session_manager.go:113.2,113.41 1 1
github.com/camerarecorder/mediamtx-camera-service-go/internal/security/session_manager.go:113.41,118.3 3 0
github.com/camerarecorder/mediamtx-camera-service-go/internal/security/session_manager.go:121.2,129.21 3 1
github.com/camerarecorder/mediamtx-camera-service-go/internal/security/session_manager.go:134.60,135.21 1 1
github.com/camerarecorder/mediamtx-camera-service-go/internal/security/session_manager.go:135.21,137.3 1 1
github.com/camerarecorder/mediamtx-camera-service-go/internal/security/session_manager.go:139.2,142.55 3 1
github.com/camerarecorder/mediamtx-camera-service-go/internal/security/session_manager.go:142.55,144.3 1 1
github.com/camerarecorder/mediamtx-camera-service-go/internal/security/session_manager.go:149.59,153.49 3 1
github.com/camerarecorder/mediamtx-camera-service-go/internal/security/session_manager.go:153.49,156.3 2 1
github.com/camerarecorder/mediamtx-camera-service-go/internal/security/session_manager.go:161.52,166.46 4 1
github.com/camerarecorder/mediamtx-camera-service-go/internal/security/session_manager.go:166.46,167.35 1 1
github.com/camerarecorder/mediamtx-camera-service-go/internal/security/session_manager.go:167.35,169.4 1 1
github.com/camerarecorder/mediamtx-camera-service-go/internal/security/session_manager.go:171.2,174.44 2 1
github.com/camerarecorder/mediamtx-camera-service-go/internal/security/session_manager.go:174.44,176.3 1 1
github.com/camerarecorder/mediamtx-camera-service-go/internal/security/session_manager.go:178.2,178.30 1 1
github.com/camerarecorder/mediamtx-camera-service-go/internal/security/session_manager.go:178.30,180.3 1 1
github.com/camerarecorder/mediamtx-camera-service-go/internal/security/session_manager.go:184.42,188.12 3 1
github.com/camerarecorder/mediamtx-camera-service-go/internal/security/session_manager.go:188.12,190.7 2 1
github.com/camerarecorder/mediamtx-camera-service-go/internal/security/session_manager.go:190.7,191.11 1 1
github.com/camerarecorder/mediamtx-camera-service-go/internal/security/session_manager.go:192.30,193.32 1 1
github.com/camerarecorder/mediamtx-camera-service-go/internal/security/session_manager.go:194.23,195.11 1 1
github.com/camerarecorder/mediamtx-camera-service-go/internal/security/session_manager.go:203.34,204.29 1 1
github.com/camerarecorder/mediamtx-camera-service-go/internal/security/session_manager.go:204.29,206.3 1 1
github.com/camerarecorder/mediamtx-camera-service-go/internal/security/session_manager.go:207.2,210.43 3 1
github.com/camerarecorder/mediamtx-camera-service-go/internal/security/session_manager.go:214.49,218.2 3 1
github.com/camerarecorder/mediamtx-camera-service-go/internal/security/session_manager.go:221.68,231.38 4 1
github.com/camerarecorder/mediamtx-camera-service-go/internal/security/session_manager.go:231.38,234.3 2 1
github.com/camerarecorder/mediamtx-camera-service-go/internal/security/session_manager.go:236.2,236.14 1 1
github.com/camerarecorder/mediamtx-camera-service-go/internal/security/session_manager.go:241.72,242.18 1 1
github.com/camerarecorder/mediamtx-camera-service-go/internal/security/session_manager.go:242.18,244.3 1 1
github.com/camerarecorder/mediamtx-camera-service-go/internal/security/session_manager.go:246.2,250.38 4 1
github.com/camerarecorder/mediamtx-camera-service-go/internal/security/session_manager.go:250.38,251.31 1 1
github.com/camerarecorder/mediamtx-camera-service-go/internal/security/session_manager.go:251.31,253.4 1 1
github.com/camerarecorder/mediamtx-camera-service-go/internal/security/session_manager.go:256.2,256.21 1 1
github.com/camerarecorder/mediamtx-camera-service-go/internal/security/session_manager.go:261.71,262.18 1 1
github.com/camerarecorder/mediamtx-camera-service-go/internal/security/session_manager.go:262.18,264.3 1 1
github.com/camerarecorder/mediamtx-camera-service-go/internal/security/session_manager.go:266.2,270.46 4 1
github.com/camerarecorder/mediamtx-camera-service-go/internal/security/session_manager.go:270.46,271.31 1 1
github.com/camerarecorder/mediamtx-camera-service-go/internal/security/session_manager.go:271.31,273.4 1 1
github.com/camerarecorder/mediamtx-camera-service-go/internal/security/session_manager.go:276.2,276.45 1 1
github.com/camerarecorder/mediamtx-camera-service-go/internal/security/session_manager.go:276.45,278.3 1 1
github.com/camerarecorder/mediamtx-camera-service-go/internal/security/session_manager.go:280.2,285.12 2 1
