mode: set
github.com/camerarecorder/mediamtx-camera-service-go/internal/camera/interfaces.go:49.54,52.2 2 1
github.com/camerarecorder/mediamtx-camera-service-go/internal/camera/interfaces.go:57.112,62.16 4 1
github.com/camerarecorder/mediamtx-camera-service-go/internal/camera/interfaces.go:62.16,64.3 1 0
github.com/camerarecorder/mediamtx-camera-service-go/internal/camera/interfaces.go:66.2,66.28 1 1
github.com/camerarecorder/mediamtx-camera-service-go/internal/camera/interfaces.go:72.89,79.29 3 1
github.com/camerarecorder/mediamtx-camera-service-go/internal/camera/interfaces.go:79.29,82.45 2 1
github.com/camerarecorder/mediamtx-camera-service-go/internal/camera/interfaces.go:82.45,84.4 1 1
github.com/camerarecorder/mediamtx-camera-service-go/internal/camera/interfaces.go:84.9,84.92 1 1
github.com/camerarecorder/mediamtx-camera-service-go/internal/camera/interfaces.go:84.92,86.4 1 1
github.com/camerarecorder/mediamtx-camera-service-go/internal/camera/interfaces.go:86.9,86.49 1 1
github.com/camerarecorder/mediamtx-camera-service-go/internal/camera/interfaces.go:86.49,88.4 1 1
github.com/camerarecorder/mediamtx-camera-service-go/internal/camera/interfaces.go:88.9,88.55 1 1
github.com/camerarecorder/mediamtx-camera-service-go/internal/camera/interfaces.go:88.55,90.4 1 1
github.com/camerarecorder/mediamtx-camera-service-go/internal/camera/interfaces.go:90.9,90.52 1 1
github.com/camerarecorder/mediamtx-camera-service-go/internal/camera/interfaces.go:90.52,93.4 2 1
github.com/camerarecorder/mediamtx-camera-service-go/internal/camera/interfaces.go:93.9,93.51 1 1
github.com/camerarecorder/mediamtx-camera-service-go/internal/camera/interfaces.go:93.51,96.4 2 1
github.com/camerarecorder/mediamtx-camera-service-go/internal/camera/interfaces.go:100.2,100.33 1 1
github.com/camerarecorder/mediamtx-camera-service-go/internal/camera/interfaces.go:100.33,102.3 1 0
github.com/camerarecorder/mediamtx-camera-service-go/internal/camera/interfaces.go:103.2,103.35 1 1
github.com/camerarecorder/mediamtx-camera-service-go/internal/camera/interfaces.go:103.35,105.3 1 0
github.com/camerarecorder/mediamtx-camera-service-go/internal/camera/interfaces.go:107.2,107.26 1 1
github.com/camerarecorder/mediamtx-camera-service-go/internal/camera/interfaces.go:110.88,116.29 4 1
github.com/camerarecorder/mediamtx-camera-service-go/internal/camera/interfaces.go:116.29,119.72 2 1
github.com/camerarecorder/mediamtx-camera-service-go/internal/camera/interfaces.go:119.72,121.28 1 0
github.com/camerarecorder/mediamtx-camera-service-go/internal/camera/interfaces.go:121.28,123.5 1 0
github.com/camerarecorder/mediamtx-camera-service-go/internal/camera/interfaces.go:124.4,126.5 1 0
github.com/camerarecorder/mediamtx-camera-service-go/internal/camera/interfaces.go:127.9,127.34 1 1
github.com/camerarecorder/mediamtx-camera-service-go/internal/camera/interfaces.go:127.34,128.38 1 0
github.com/camerarecorder/mediamtx-camera-service-go/internal/camera/interfaces.go:128.38,130.5 1 0
github.com/camerarecorder/mediamtx-camera-service-go/internal/camera/interfaces.go:130.10,130.45 1 0
github.com/camerarecorder/mediamtx-camera-service-go/internal/camera/interfaces.go:130.45,135.5 4 0
github.com/camerarecorder/mediamtx-camera-service-go/internal/camera/interfaces.go:135.10,135.44 1 0
github.com/camerarecorder/mediamtx-camera-service-go/internal/camera/interfaces.go:135.44,137.18 2 0
github.com/camerarecorder/mediamtx-camera-service-go/internal/camera/interfaces.go:137.18,139.6 1 0
github.com/camerarecorder/mediamtx-camera-service-go/internal/camera/interfaces.go:145.2,145.26 1 1
github.com/camerarecorder/mediamtx-camera-service-go/internal/camera/interfaces.go:145.26,147.3 1 0
github.com/camerarecorder/mediamtx-camera-service-go/internal/camera/interfaces.go:149.2,149.21 1 1
github.com/camerarecorder/mediamtx-camera-service-go/internal/camera/interfaces.go:153.65,155.21 2 1
github.com/camerarecorder/mediamtx-camera-service-go/internal/camera/interfaces.go:155.21,157.3 1 0
github.com/camerarecorder/mediamtx-camera-service-go/internal/camera/interfaces.go:158.2,158.36 1 1
github.com/camerarecorder/mediamtx-camera-service-go/internal/camera/interfaces.go:161.72,165.21 3 1
github.com/camerarecorder/mediamtx-camera-service-go/internal/camera/interfaces.go:165.21,167.3 1 1
github.com/camerarecorder/mediamtx-camera-service-go/internal/camera/interfaces.go:169.2,170.27 2 1
github.com/camerarecorder/mediamtx-camera-service-go/internal/camera/interfaces.go:170.27,172.16 2 1
github.com/camerarecorder/mediamtx-camera-service-go/internal/camera/interfaces.go:172.16,174.4 1 1
github.com/camerarecorder/mediamtx-camera-service-go/internal/camera/interfaces.go:177.2,177.21 1 1
github.com/camerarecorder/mediamtx-camera-service-go/internal/camera/interfaces.go:180.66,182.21 2 0
github.com/camerarecorder/mediamtx-camera-service-go/internal/camera/interfaces.go:182.21,184.3 1 0
github.com/camerarecorder/mediamtx-camera-service-go/internal/camera/interfaces.go:186.2,189.22 3 0
github.com/camerarecorder/mediamtx-camera-service-go/internal/camera/v4l2_device.go:94.92,96.2 1 1
github.com/camerarecorder/mediamtx-camera-service-go/internal/camera/v4l2_device.go:99.203,100.27 1 1
github.com/camerarecorder/mediamtx-camera-service-go/internal/camera/v4l2_device.go:100.27,113.3 1 1
github.com/camerarecorder/mediamtx-camera-service-go/internal/camera/v4l2_device.go:115.2,115.19 1 1
github.com/camerarecorder/mediamtx-camera-service-go/internal/camera/v4l2_device.go:115.19,117.3 1 1
github.com/camerarecorder/mediamtx-camera-service-go/internal/camera/v4l2_device.go:119.2,130.3 1 1
github.com/camerarecorder/mediamtx-camera-service-go/internal/camera/v4l2_device.go:138.65,140.2 1 0
github.com/camerarecorder/mediamtx-camera-service-go/internal/camera/v4l2_device.go:142.59,144.2 1 1
github.com/camerarecorder/mediamtx-camera-service-go/internal/camera/v4l2_device.go:146.63,148.2 1 0
github.com/camerarecorder/mediamtx-camera-service-go/internal/camera/v4l2_device.go:150.56,152.2 1 0
github.com/camerarecorder/mediamtx-camera-service-go/internal/camera/v4l2_device.go:154.69,156.2 1 0
github.com/camerarecorder/mediamtx-camera-service-go/internal/camera/v4l2_device.go:158.64,160.2 1 0
github.com/camerarecorder/mediamtx-camera-service-go/internal/camera/v4l2_device.go:165.74,167.2 1 0
github.com/camerarecorder/mediamtx-camera-service-go/internal/camera/v4l2_device.go:169.53,169.54 0 0
github.com/camerarecorder/mediamtx-camera-service-go/internal/camera/v4l2_device.go:170.53,170.54 0 0
github.com/camerarecorder/mediamtx-camera-service-go/internal/camera/v4l2_device.go:171.53,171.54 0 0
github.com/camerarecorder/mediamtx-camera-service-go/internal/camera/v4l2_device.go:172.53,172.54 0 0
github.com/camerarecorder/mediamtx-camera-service-go/internal/camera/v4l2_device.go:175.44,179.16 3 1
github.com/camerarecorder/mediamtx-camera-service-go/internal/camera/v4l2_device.go:179.16,181.3 1 0
github.com/camerarecorder/mediamtx-camera-service-go/internal/camera/v4l2_device.go:183.2,190.12 5 1
github.com/camerarecorder/mediamtx-camera-service-go/internal/camera/v4l2_device.go:194.43,198.17 3 1
github.com/camerarecorder/mediamtx-camera-service-go/internal/camera/v4l2_device.go:198.17,200.3 1 0
github.com/camerarecorder/mediamtx-camera-service-go/internal/camera/v4l2_device.go:202.2,207.12 5 1
github.com/camerarecorder/mediamtx-camera-service-go/internal/camera/v4l2_device.go:211.75,216.39 4 1
github.com/camerarecorder/mediamtx-camera-service-go/internal/camera/v4l2_device.go:216.39,217.45 1 1
github.com/camerarecorder/mediamtx-camera-service-go/internal/camera/v4l2_device.go:217.45,219.4 1 1
github.com/camerarecorder/mediamtx-camera-service-go/internal/camera/v4l2_device.go:222.2,222.18 1 1
github.com/camerarecorder/mediamtx-camera-service-go/internal/camera/v4l2_device.go:226.73,232.2 4 1
github.com/camerarecorder/mediamtx-camera-service-go/internal/camera/v4l2_device.go:235.61,242.2 4 1
github.com/camerarecorder/mediamtx-camera-service-go/internal/camera/v4l2_device.go:246.91,255.40 4 1
github.com/camerarecorder/mediamtx-camera-service-go/internal/camera/v4l2_device.go:255.40,259.10 2 1
github.com/camerarecorder/mediamtx-camera-service-go/internal/camera/v4l2_device.go:260.21,261.29 1 1
github.com/camerarecorder/mediamtx-camera-service-go/internal/camera/v4l2_device.go:262.11,262.11 0 1
github.com/camerarecorder/mediamtx-camera-service-go/internal/camera/v4l2_device.go:265.3,266.17 2 1
github.com/camerarecorder/mediamtx-camera-service-go/internal/camera/v4l2_device.go:266.17,272.12 2 1
github.com/camerarecorder/mediamtx-camera-service-go/internal/camera/v4l2_device.go:275.3,275.102 1 1
github.com/camerarecorder/mediamtx-camera-service-go/internal/camera/v4l2_device.go:275.102,283.4 2 1
github.com/camerarecorder/mediamtx-camera-service-go/internal/camera/v4l2_device.go:286.2,292.21 2 1
github.com/camerarecorder/mediamtx-camera-service-go/internal/camera/v4l2_device.go:297.115,304.9 2 1
github.com/camerarecorder/mediamtx-camera-service-go/internal/camera/v4l2_device.go:305.20,306.24 1 0
github.com/camerarecorder/mediamtx-camera-service-go/internal/camera/v4l2_device.go:307.10,307.10 0 1
github.com/camerarecorder/mediamtx-camera-service-go/internal/camera/v4l2_device.go:311.2,311.42 1 1
github.com/camerarecorder/mediamtx-camera-service-go/internal/camera/v4l2_device.go:311.42,313.3 1 1
github.com/camerarecorder/mediamtx-camera-service-go/internal/camera/v4l2_device.go:316.2,317.16 2 1
github.com/camerarecorder/mediamtx-camera-service-go/internal/camera/v4l2_device.go:317.16,329.3 5 0
github.com/camerarecorder/mediamtx-camera-service-go/internal/camera/v4l2_device.go:332.2,333.16 2 1
github.com/camerarecorder/mediamtx-camera-service-go/internal/camera/v4l2_device.go:333.16,345.3 5 0
github.com/camerarecorder/mediamtx-camera-service-go/internal/camera/v4l2_device.go:347.2,360.27 5 1
github.com/camerarecorder/mediamtx-camera-service-go/internal/camera/v4l2_device.go:365.73,369.16 3 1
github.com/camerarecorder/mediamtx-camera-service-go/internal/camera/v4l2_device.go:369.16,371.3 1 1
github.com/camerarecorder/mediamtx-camera-service-go/internal/camera/v4l2_device.go:373.2,386.12 6 1
github.com/camerarecorder/mediamtx-camera-service-go/internal/camera/v4l2_device.go:390.66,391.15 1 1
github.com/camerarecorder/mediamtx-camera-service-go/internal/camera/v4l2_device.go:391.15,395.3 3 1
github.com/camerarecorder/mediamtx-camera-service-go/internal/camera/v4l2_device.go:397.2,406.6 4 1
github.com/camerarecorder/mediamtx-camera-service-go/internal/camera/v4l2_device.go:406.6,407.10 1 1
github.com/camerarecorder/mediamtx-camera-service-go/internal/camera/v4l2_device.go:408.21,413.10 2 1
github.com/camerarecorder/mediamtx-camera-service-go/internal/camera/v4l2_device.go:414.22,419.10 2 1
github.com/camerarecorder/mediamtx-camera-service-go/internal/camera/v4l2_device.go:420.19,421.24 1 1
github.com/camerarecorder/mediamtx-camera-service-go/internal/camera/v4l2_device.go:427.44,436.6 4 1
github.com/camerarecorder/mediamtx-camera-service-go/internal/camera/v4l2_device.go:436.6,437.10 1 1
github.com/camerarecorder/mediamtx-camera-service-go/internal/camera/v4l2_device.go:438.22,440.10 2 1
github.com/camerarecorder/mediamtx-camera-service-go/internal/camera/v4l2_device.go:441.19,442.24 1 1
github.com/camerarecorder/mediamtx-camera-service-go/internal/camera/v4l2_device.go:448.48,455.63 5 1
github.com/camerarecorder/mediamtx-camera-service-go/internal/camera/v4l2_device.go:455.63,459.17 3 1
github.com/camerarecorder/mediamtx-camera-service-go/internal/camera/v4l2_device.go:459.17,464.12 2 1
github.com/camerarecorder/mediamtx-camera-service-go/internal/camera/v4l2_device.go:467.3,467.102 1 1
github.com/camerarecorder/mediamtx-camera-service-go/internal/camera/v4l2_device.go:467.102,469.4 1 1
github.com/camerarecorder/mediamtx-camera-service-go/internal/camera/v4l2_device.go:472.2,472.46 1 1
github.com/camerarecorder/mediamtx-camera-service-go/internal/camera/v4l2_device.go:476.102,478.42 1 1
github.com/camerarecorder/mediamtx-camera-service-go/internal/camera/v4l2_device.go:478.42,480.3 1 1
github.com/camerarecorder/mediamtx-camera-service-go/internal/camera/v4l2_device.go:482.2,490.54 2 1
github.com/camerarecorder/mediamtx-camera-service-go/internal/camera/v4l2_device.go:490.54,491.60 1 1
github.com/camerarecorder/mediamtx-camera-service-go/internal/camera/v4l2_device.go:491.60,498.4 3 0
github.com/camerarecorder/mediamtx-camera-service-go/internal/camera/v4l2_device.go:498.9,500.4 1 1
github.com/camerarecorder/mediamtx-camera-service-go/internal/camera/v4l2_device.go:501.8,504.3 2 1
github.com/camerarecorder/mediamtx-camera-service-go/internal/camera/v4l2_device.go:506.2,506.20 1 1
github.com/camerarecorder/mediamtx-camera-service-go/internal/camera/v4l2_device.go:510.80,518.16 6 1
github.com/camerarecorder/mediamtx-camera-service-go/internal/camera/v4l2_device.go:518.16,523.3 4 0
github.com/camerarecorder/mediamtx-camera-service-go/internal/camera/v4l2_device.go:526.2,527.16 2 1
github.com/camerarecorder/mediamtx-camera-service-go/internal/camera/v4l2_device.go:527.16,532.3 4 0
github.com/camerarecorder/mediamtx-camera-service-go/internal/camera/v4l2_device.go:534.2,539.16 4 1
github.com/camerarecorder/mediamtx-camera-service-go/internal/camera/v4l2_device.go:539.16,548.3 2 0
github.com/camerarecorder/mediamtx-camera-service-go/internal/camera/v4l2_device.go:548.8,551.17 2 1
github.com/camerarecorder/mediamtx-camera-service-go/internal/camera/v4l2_device.go:551.17,557.4 2 0
github.com/camerarecorder/mediamtx-camera-service-go/internal/camera/v4l2_device.go:557.9,559.4 1 1
github.com/camerarecorder/mediamtx-camera-service-go/internal/camera/v4l2_device.go:562.2,566.12 4 1
github.com/camerarecorder/mediamtx-camera-service-go/internal/camera/v4l2_device.go:570.63,585.2 1 0
github.com/camerarecorder/mediamtx-camera-service-go/internal/camera/v4l2_device.go:588.95,593.43 3 1
github.com/camerarecorder/mediamtx-camera-service-go/internal/camera/v4l2_device.go:593.43,594.52 1 1
github.com/camerarecorder/mediamtx-camera-service-go/internal/camera/v4l2_device.go:594.52,607.4 6 1
github.com/camerarecorder/mediamtx-camera-service-go/internal/camera/v4l2_device.go:607.9,610.40 2 1
github.com/camerarecorder/mediamtx-camera-service-go/internal/camera/v4l2_device.go:610.40,623.5 6 0
github.com/camerarecorder/mediamtx-camera-service-go/internal/camera/v4l2_device.go:628.2,628.39 1 1
github.com/camerarecorder/mediamtx-camera-service-go/internal/camera/v4l2_device.go:628.39,629.49 1 1
github.com/camerarecorder/mediamtx-camera-service-go/internal/camera/v4l2_device.go:629.49,640.4 5 0
github.com/camerarecorder/mediamtx-camera-service-go/internal/camera/v4l2_integration.go:22.116,23.19 1 0
github.com/camerarecorder/mediamtx-camera-service-go/internal/camera/v4l2_integration.go:23.19,25.3 1 0
github.com/camerarecorder/mediamtx-camera-service-go/internal/camera/v4l2_integration.go:27.2,31.3 1 0
github.com/camerarecorder/mediamtx-camera-service-go/internal/camera/v4l2_integration.go:35.49,39.16 3 0
github.com/camerarecorder/mediamtx-camera-service-go/internal/camera/v4l2_integration.go:39.16,41.3 1 0
github.com/camerarecorder/mediamtx-camera-service-go/internal/camera/v4l2_integration.go:44.2,45.16 2 0
github.com/camerarecorder/mediamtx-camera-service-go/internal/camera/v4l2_integration.go:45.16,47.3 1 0
github.com/camerarecorder/mediamtx-camera-service-go/internal/camera/v4l2_integration.go:50.2,68.49 5 0
github.com/camerarecorder/mediamtx-camera-service-go/internal/camera/v4l2_integration.go:68.49,70.3 1 0
github.com/camerarecorder/mediamtx-camera-service-go/internal/camera/v4l2_integration.go:73.2,78.12 4 0
github.com/camerarecorder/mediamtx-camera-service-go/internal/camera/v4l2_integration.go:82.48,86.17 3 0
github.com/camerarecorder/mediamtx-camera-service-go/internal/camera/v4l2_integration.go:86.17,88.3 1 0
github.com/camerarecorder/mediamtx-camera-service-go/internal/camera/v4l2_integration.go:91.2,91.29 1 0
github.com/camerarecorder/mediamtx-camera-service-go/internal/camera/v4l2_integration.go:91.29,92.49 1 0
github.com/camerarecorder/mediamtx-camera-service-go/internal/camera/v4l2_integration.go:92.49,94.4 1 0
github.com/camerarecorder/mediamtx-camera-service-go/internal/camera/v4l2_integration.go:97.2,101.12 4 0
github.com/camerarecorder/mediamtx-camera-service-go/internal/camera/v4l2_integration.go:105.80,109.29 3 0
github.com/camerarecorder/mediamtx-camera-service-go/internal/camera/v4l2_integration.go:109.29,111.3 1 0
github.com/camerarecorder/mediamtx-camera-service-go/internal/camera/v4l2_integration.go:113.2,113.47 1 0
github.com/camerarecorder/mediamtx-camera-service-go/internal/camera/v4l2_integration.go:117.78,121.29 3 0
github.com/camerarecorder/mediamtx-camera-service-go/internal/camera/v4l2_integration.go:121.29,123.3 1 0
github.com/camerarecorder/mediamtx-camera-service-go/internal/camera/v4l2_integration.go:125.2,125.41 1 0
github.com/camerarecorder/mediamtx-camera-service-go/internal/camera/v4l2_integration.go:129.66,133.29 3 0
github.com/camerarecorder/mediamtx-camera-service-go/internal/camera/v4l2_integration.go:133.29,135.3 1 0
github.com/camerarecorder/mediamtx-camera-service-go/internal/camera/v4l2_integration.go:137.2,137.36 1 0
github.com/camerarecorder/mediamtx-camera-service-go/internal/camera/v4l2_integration.go:141.80,145.44 3 0
github.com/camerarecorder/mediamtx-camera-service-go/internal/camera/v4l2_integration.go:145.44,147.3 1 0
github.com/camerarecorder/mediamtx-camera-service-go/internal/camera/v4l2_integration.go:149.2,161.35 2 0
github.com/camerarecorder/mediamtx-camera-service-go/internal/camera/v4l2_integration.go:165.83,166.16 1 0
github.com/camerarecorder/mediamtx-camera-service-go/internal/camera/v4l2_integration.go:166.16,168.3 1 0
github.com/camerarecorder/mediamtx-camera-service-go/internal/camera/v4l2_integration.go:170.2,170.34 1 0
github.com/camerarecorder/mediamtx-camera-service-go/internal/camera/v4l2_integration.go:170.34,172.3 1 0
github.com/camerarecorder/mediamtx-camera-service-go/internal/camera/v4l2_integration.go:174.2,174.38 1 0
github.com/camerarecorder/mediamtx-camera-service-go/internal/camera/v4l2_integration.go:174.38,176.3 1 0
github.com/camerarecorder/mediamtx-camera-service-go/internal/camera/v4l2_integration.go:178.2,178.38 1 0
github.com/camerarecorder/mediamtx-camera-service-go/internal/camera/v4l2_integration.go:178.38,180.3 1 0
github.com/camerarecorder/mediamtx-camera-service-go/internal/camera/v4l2_integration.go:183.2,183.51 1 0
github.com/camerarecorder/mediamtx-camera-service-go/internal/camera/v4l2_integration.go:183.51,184.20 1 0
github.com/camerarecorder/mediamtx-camera-service-go/internal/camera/v4l2_integration.go:184.20,186.4 1 0
github.com/camerarecorder/mediamtx-camera-service-go/internal/camera/v4l2_integration.go:189.2,189.12 1 0
github.com/camerarecorder/mediamtx-camera-service-go/internal/camera/v4l2_integration.go:197.69,199.2 1 0
github.com/camerarecorder/mediamtx-camera-service-go/internal/camera/v4l2_integration.go:201.63,203.2 1 0
github.com/camerarecorder/mediamtx-camera-service-go/internal/camera/v4l2_integration.go:205.67,207.2 1 0
github.com/camerarecorder/mediamtx-camera-service-go/internal/camera/v4l2_integration.go:209.60,211.2 1 0
github.com/camerarecorder/mediamtx-camera-service-go/internal/camera/v4l2_integration.go:213.73,215.2 1 0
github.com/camerarecorder/mediamtx-camera-service-go/internal/camera/v4l2_integration.go:217.68,219.2 1 0
github.com/camerarecorder/mediamtx-camera-service-go/internal/camera/v4l2_integration.go:226.80,228.27 2 0
github.com/camerarecorder/mediamtx-camera-service-go/internal/camera/v4l2_integration.go:228.27,230.3 1 0
github.com/camerarecorder/mediamtx-camera-service-go/internal/camera/v4l2_integration.go:231.2,231.79 1 0
github.com/camerarecorder/mediamtx-camera-service-go/internal/camera/v4l2_integration.go:234.57,236.2 1 0
github.com/camerarecorder/mediamtx-camera-service-go/internal/camera/v4l2_integration.go:238.57,240.2 1 0
github.com/camerarecorder/mediamtx-camera-service-go/internal/camera/v4l2_integration.go:242.58,244.2 1 0
github.com/camerarecorder/mediamtx-camera-service-go/internal/camera/v4l2_integration.go:246.58,248.2 1 0
