mode: set
github.com/camerarecorder/mediamtx-camera-service-go/internal/camera/hybrid_monitor.go:85.33,86.26 1 1
github.com/camerarecorder/mediamtx-camera-service-go/internal/camera/hybrid_monitor.go:86.26,88.3 1 0
github.com/camerarecorder/mediamtx-camera-service-go/internal/camera/hybrid_monitor.go:90.2,90.19 1 1
github.com/camerarecorder/mediamtx-camera-service-go/internal/camera/hybrid_monitor.go:90.19,92.3 1 0
github.com/camerarecorder/mediamtx-camera-service-go/internal/camera/hybrid_monitor.go:94.2,95.16 2 1
github.com/camerarecorder/mediamtx-camera-service-go/internal/camera/hybrid_monitor.go:95.16,97.3 1 0
github.com/camerarecorder/mediamtx-camera-service-go/internal/camera/hybrid_monitor.go:99.2,156.21 4 1
github.com/camerarecorder/mediamtx-camera-service-go/internal/camera/hybrid_monitor.go:160.83,179.16 14 0
github.com/camerarecorder/mediamtx-camera-service-go/internal/camera/hybrid_monitor.go:179.16,182.3 1 0
github.com/camerarecorder/mediamtx-camera-service-go/internal/camera/hybrid_monitor.go:185.2,186.39 2 0
github.com/camerarecorder/mediamtx-camera-service-go/internal/camera/hybrid_monitor.go:186.39,191.3 1 0
github.com/camerarecorder/mediamtx-camera-service-go/internal/camera/hybrid_monitor.go:192.2,192.55 1 0
github.com/camerarecorder/mediamtx-camera-service-go/internal/camera/hybrid_monitor.go:192.55,197.3 1 0
github.com/camerarecorder/mediamtx-camera-service-go/internal/camera/hybrid_monitor.go:198.2,198.59 1 0
github.com/camerarecorder/mediamtx-camera-service-go/internal/camera/hybrid_monitor.go:198.59,203.3 1 0
github.com/camerarecorder/mediamtx-camera-service-go/internal/camera/hybrid_monitor.go:205.2,205.22 1 0
github.com/camerarecorder/mediamtx-camera-service-go/internal/camera/hybrid_monitor.go:205.22,210.3 1 0
github.com/camerarecorder/mediamtx-camera-service-go/internal/camera/hybrid_monitor.go:214.64,218.15 3 1
github.com/camerarecorder/mediamtx-camera-service-go/internal/camera/hybrid_monitor.go:218.15,220.3 1 0
github.com/camerarecorder/mediamtx-camera-service-go/internal/camera/hybrid_monitor.go:222.2,235.12 6 1
github.com/camerarecorder/mediamtx-camera-service-go/internal/camera/hybrid_monitor.go:239.44,243.16 3 1
github.com/camerarecorder/mediamtx-camera-service-go/internal/camera/hybrid_monitor.go:243.16,245.3 1 0
github.com/camerarecorder/mediamtx-camera-service-go/internal/camera/hybrid_monitor.go:247.2,252.9 4 1
github.com/camerarecorder/mediamtx-camera-service-go/internal/camera/hybrid_monitor.go:253.20,253.20 0 0
github.com/camerarecorder/mediamtx-camera-service-go/internal/camera/hybrid_monitor.go:255.10,256.20 1 1
github.com/camerarecorder/mediamtx-camera-service-go/internal/camera/hybrid_monitor.go:259.2,263.12 2 1
github.com/camerarecorder/mediamtx-camera-service-go/internal/camera/hybrid_monitor.go:267.48,271.2 3 1
github.com/camerarecorder/mediamtx-camera-service-go/internal/camera/hybrid_monitor.go:274.78,279.43 4 1
github.com/camerarecorder/mediamtx-camera-service-go/internal/camera/hybrid_monitor.go:279.43,280.45 1 0
github.com/camerarecorder/mediamtx-camera-service-go/internal/camera/hybrid_monitor.go:280.45,282.4 1 0
github.com/camerarecorder/mediamtx-camera-service-go/internal/camera/hybrid_monitor.go:285.2,285.18 1 1
github.com/camerarecorder/mediamtx-camera-service-go/internal/camera/hybrid_monitor.go:289.82,295.2 4 0
github.com/camerarecorder/mediamtx-camera-service-go/internal/camera/hybrid_monitor.go:298.63,320.2 4 1
github.com/camerarecorder/mediamtx-camera-service-go/internal/camera/hybrid_monitor.go:323.75,332.2 4 1
github.com/camerarecorder/mediamtx-camera-service-go/internal/camera/hybrid_monitor.go:335.80,343.2 4 1
github.com/camerarecorder/mediamtx-camera-service-go/internal/camera/hybrid_monitor.go:346.67,347.15 1 1
github.com/camerarecorder/mediamtx-camera-service-go/internal/camera/hybrid_monitor.go:347.15,351.3 3 1
github.com/camerarecorder/mediamtx-camera-service-go/internal/camera/hybrid_monitor.go:353.2,362.6 4 1
github.com/camerarecorder/mediamtx-camera-service-go/internal/camera/hybrid_monitor.go:362.6,363.10 1 1
github.com/camerarecorder/mediamtx-camera-service-go/internal/camera/hybrid_monitor.go:364.21,369.10 2 0
github.com/camerarecorder/mediamtx-camera-service-go/internal/camera/hybrid_monitor.go:370.21,375.10 2 1
github.com/camerarecorder/mediamtx-camera-service-go/internal/camera/hybrid_monitor.go:376.19,378.29 2 0
github.com/camerarecorder/mediamtx-camera-service-go/internal/camera/hybrid_monitor.go:384.49,394.42 7 0
github.com/camerarecorder/mediamtx-camera-service-go/internal/camera/hybrid_monitor.go:394.42,396.20 2 0
github.com/camerarecorder/mediamtx-camera-service-go/internal/camera/hybrid_monitor.go:396.20,397.17 1 0
github.com/camerarecorder/mediamtx-camera-service-go/internal/camera/hybrid_monitor.go:397.17,399.33 1 0
github.com/camerarecorder/mediamtx-camera-service-go/internal/camera/hybrid_monitor.go:399.33,405.6 1 0
github.com/camerarecorder/mediamtx-camera-service-go/internal/camera/hybrid_monitor.go:406.5,406.14 1 0
github.com/camerarecorder/mediamtx-camera-service-go/internal/camera/hybrid_monitor.go:409.4,412.18 3 0
github.com/camerarecorder/mediamtx-camera-service-go/internal/camera/hybrid_monitor.go:412.18,419.5 2 0
github.com/camerarecorder/mediamtx-camera-service-go/internal/camera/hybrid_monitor.go:421.4,421.103 1 0
github.com/camerarecorder/mediamtx-camera-service-go/internal/camera/hybrid_monitor.go:421.103,423.5 1 0
github.com/camerarecorder/mediamtx-camera-service-go/internal/camera/hybrid_monitor.go:428.2,428.12 1 0
github.com/camerarecorder/mediamtx-camera-service-go/internal/camera/hybrid_monitor.go:428.12,429.16 1 0
github.com/camerarecorder/mediamtx-camera-service-go/internal/camera/hybrid_monitor.go:429.16,431.32 1 0
github.com/camerarecorder/mediamtx-camera-service-go/internal/camera/hybrid_monitor.go:431.32,436.5 1 0
github.com/camerarecorder/mediamtx-camera-service-go/internal/camera/hybrid_monitor.go:438.3,439.20 2 0
github.com/camerarecorder/mediamtx-camera-service-go/internal/camera/hybrid_monitor.go:443.2,443.33 1 0
github.com/camerarecorder/mediamtx-camera-service-go/internal/camera/hybrid_monitor.go:443.33,445.3 1 0
github.com/camerarecorder/mediamtx-camera-service-go/internal/camera/hybrid_monitor.go:447.2,447.45 1 0
github.com/camerarecorder/mediamtx-camera-service-go/internal/camera/hybrid_monitor.go:451.111,453.41 1 0
github.com/camerarecorder/mediamtx-camera-service-go/internal/camera/hybrid_monitor.go:453.41,455.3 1 0
github.com/camerarecorder/mediamtx-camera-service-go/internal/camera/hybrid_monitor.go:457.2,469.37 5 0
github.com/camerarecorder/mediamtx-camera-service-go/internal/camera/hybrid_monitor.go:469.37,474.3 3 0
github.com/camerarecorder/mediamtx-camera-service-go/internal/camera/hybrid_monitor.go:474.8,474.40 1 0
github.com/camerarecorder/mediamtx-camera-service-go/internal/camera/hybrid_monitor.go:474.40,476.59 1 0
github.com/camerarecorder/mediamtx-camera-service-go/internal/camera/hybrid_monitor.go:476.59,484.4 3 0
github.com/camerarecorder/mediamtx-camera-service-go/internal/camera/hybrid_monitor.go:485.8,487.3 1 0
github.com/camerarecorder/mediamtx-camera-service-go/internal/camera/hybrid_monitor.go:489.2,489.20 1 0
github.com/camerarecorder/mediamtx-camera-service-go/internal/camera/hybrid_monitor.go:493.83,496.62 2 0
github.com/camerarecorder/mediamtx-camera-service-go/internal/camera/hybrid_monitor.go:496.62,505.3 7 0
github.com/camerarecorder/mediamtx-camera-service-go/internal/camera/hybrid_monitor.go:506.2,515.16 7 0
github.com/camerarecorder/mediamtx-camera-service-go/internal/camera/hybrid_monitor.go:515.16,520.3 4 0
github.com/camerarecorder/mediamtx-camera-service-go/internal/camera/hybrid_monitor.go:523.2,524.16 2 0
github.com/camerarecorder/mediamtx-camera-service-go/internal/camera/hybrid_monitor.go:524.16,529.3 4 0
github.com/camerarecorder/mediamtx-camera-service-go/internal/camera/hybrid_monitor.go:532.2,541.16 7 0
github.com/camerarecorder/mediamtx-camera-service-go/internal/camera/hybrid_monitor.go:541.16,551.3 2 0
github.com/camerarecorder/mediamtx-camera-service-go/internal/camera/hybrid_monitor.go:551.8,554.17 2 0
github.com/camerarecorder/mediamtx-camera-service-go/internal/camera/hybrid_monitor.go:554.17,561.4 2 0
github.com/camerarecorder/mediamtx-camera-service-go/internal/camera/hybrid_monitor.go:561.9,563.4 1 0
github.com/camerarecorder/mediamtx-camera-service-go/internal/camera/hybrid_monitor.go:566.2,570.12 4 0
github.com/camerarecorder/mediamtx-camera-service-go/internal/camera/hybrid_monitor.go:574.64,589.2 1 0
github.com/camerarecorder/mediamtx-camera-service-go/internal/camera/hybrid_monitor.go:592.98,597.43 3 0
github.com/camerarecorder/mediamtx-camera-service-go/internal/camera/hybrid_monitor.go:597.43,598.56 1 0
github.com/camerarecorder/mediamtx-camera-service-go/internal/camera/hybrid_monitor.go:598.56,614.4 6 0
github.com/camerarecorder/mediamtx-camera-service-go/internal/camera/hybrid_monitor.go:614.9,617.40 2 0
github.com/camerarecorder/mediamtx-camera-service-go/internal/camera/hybrid_monitor.go:617.40,634.5 7 0
github.com/camerarecorder/mediamtx-camera-service-go/internal/camera/hybrid_monitor.go:639.2,639.43 1 0
github.com/camerarecorder/mediamtx-camera-service-go/internal/camera/hybrid_monitor.go:639.43,640.49 1 0
github.com/camerarecorder/mediamtx-camera-service-go/internal/camera/hybrid_monitor.go:640.49,655.4 6 0
github.com/camerarecorder/mediamtx-camera-service-go/internal/camera/hybrid_monitor.go:660.115,670.42 3 0
github.com/camerarecorder/mediamtx-camera-service-go/internal/camera/hybrid_monitor.go:670.42,671.33 1 0
github.com/camerarecorder/mediamtx-camera-service-go/internal/camera/hybrid_monitor.go:671.33,672.17 1 0
github.com/camerarecorder/mediamtx-camera-service-go/internal/camera/hybrid_monitor.go:672.17,674.33 1 0
github.com/camerarecorder/mediamtx-camera-service-go/internal/camera/hybrid_monitor.go:674.33,680.6 1 0
github.com/camerarecorder/mediamtx-camera-service-go/internal/camera/hybrid_monitor.go:683.4,683.79 1 0
github.com/camerarecorder/mediamtx-camera-service-go/internal/camera/hybrid_monitor.go:683.79,689.5 1 0
github.com/camerarecorder/mediamtx-camera-service-go/internal/camera/hybrid_monitor.go:692.2,696.44 3 0
github.com/camerarecorder/mediamtx-camera-service-go/internal/camera/hybrid_monitor.go:696.44,698.3 1 0
github.com/camerarecorder/mediamtx-camera-service-go/internal/camera/hybrid_monitor.go:699.2,699.31 1 0
github.com/camerarecorder/mediamtx-camera-service-go/internal/camera/hybrid_monitor.go:703.55,707.31 2 0
github.com/camerarecorder/mediamtx-camera-service-go/internal/camera/hybrid_monitor.go:707.31,711.3 2 0
github.com/camerarecorder/mediamtx-camera-service-go/internal/camera/hybrid_monitor.go:711.8,714.3 1 0
github.com/camerarecorder/mediamtx-camera-service-go/internal/camera/hybrid_monitor.go:717.2,717.51 1 0
github.com/camerarecorder/mediamtx-camera-service-go/internal/camera/hybrid_monitor.go:717.51,728.3 4 0
github.com/camerarecorder/mediamtx-camera-service-go/internal/camera/hybrid_monitor.go:732.32,733.11 1 0
github.com/camerarecorder/mediamtx-camera-service-go/internal/camera/hybrid_monitor.go:733.11,735.3 1 0
github.com/camerarecorder/mediamtx-camera-service-go/internal/camera/hybrid_monitor.go:736.2,736.10 1 0
github.com/camerarecorder/mediamtx-camera-service-go/internal/camera/hybrid_monitor.go:739.32,740.11 1 0
github.com/camerarecorder/mediamtx-camera-service-go/internal/camera/hybrid_monitor.go:740.11,742.3 1 0
github.com/camerarecorder/mediamtx-camera-service-go/internal/camera/hybrid_monitor.go:743.2,743.10 1 0
github.com/camerarecorder/mediamtx-camera-service-go/internal/camera/hybrid_monitor.go:746.29,747.11 1 0
github.com/camerarecorder/mediamtx-camera-service-go/internal/camera/hybrid_monitor.go:747.11,749.3 1 0
github.com/camerarecorder/mediamtx-camera-service-go/internal/camera/hybrid_monitor.go:750.2,750.10 1 0
github.com/camerarecorder/mediamtx-camera-service-go/internal/camera/real_implementations.go:16.54,19.2 2 1
github.com/camerarecorder/mediamtx-camera-service-go/internal/camera/real_implementations.go:24.112,30.16 4 1
github.com/camerarecorder/mediamtx-camera-service-go/internal/camera/real_implementations.go:30.16,32.47 1 1
github.com/camerarecorder/mediamtx-camera-service-go/internal/camera/real_implementations.go:32.47,37.54 2 1
github.com/camerarecorder/mediamtx-camera-service-go/internal/camera/real_implementations.go:37.54,39.5 1 1
github.com/camerarecorder/mediamtx-camera-service-go/internal/camera/real_implementations.go:39.10,39.60 1 0
github.com/camerarecorder/mediamtx-camera-service-go/internal/camera/real_implementations.go:39.60,41.5 1 0
github.com/camerarecorder/mediamtx-camera-service-go/internal/camera/real_implementations.go:41.10,41.68 1 0
github.com/camerarecorder/mediamtx-camera-service-go/internal/camera/real_implementations.go:41.68,43.5 1 0
github.com/camerarecorder/mediamtx-camera-service-go/internal/camera/real_implementations.go:43.10,43.66 1 0
github.com/camerarecorder/mediamtx-camera-service-go/internal/camera/real_implementations.go:43.66,45.5 1 0
github.com/camerarecorder/mediamtx-camera-service-go/internal/camera/real_implementations.go:45.10,45.27 1 0
github.com/camerarecorder/mediamtx-camera-service-go/internal/camera/real_implementations.go:45.27,48.5 1 0
github.com/camerarecorder/mediamtx-camera-service-go/internal/camera/real_implementations.go:48.10,51.5 1 0
github.com/camerarecorder/mediamtx-camera-service-go/internal/camera/real_implementations.go:52.9,52.50 1 0
github.com/camerarecorder/mediamtx-camera-service-go/internal/camera/real_implementations.go:52.50,54.39 1 0
github.com/camerarecorder/mediamtx-camera-service-go/internal/camera/real_implementations.go:54.39,56.5 1 0
github.com/camerarecorder/mediamtx-camera-service-go/internal/camera/real_implementations.go:57.4,57.62 1 0
github.com/camerarecorder/mediamtx-camera-service-go/internal/camera/real_implementations.go:61.3,61.60 1 0
github.com/camerarecorder/mediamtx-camera-service-go/internal/camera/real_implementations.go:64.2,64.28 1 1
github.com/camerarecorder/mediamtx-camera-service-go/internal/camera/real_implementations.go:70.89,77.29 3 1
github.com/camerarecorder/mediamtx-camera-service-go/internal/camera/real_implementations.go:77.29,80.45 2 1
github.com/camerarecorder/mediamtx-camera-service-go/internal/camera/real_implementations.go:80.45,82.4 1 1
github.com/camerarecorder/mediamtx-camera-service-go/internal/camera/real_implementations.go:82.9,82.92 1 1
github.com/camerarecorder/mediamtx-camera-service-go/internal/camera/real_implementations.go:82.92,84.4 1 1
github.com/camerarecorder/mediamtx-camera-service-go/internal/camera/real_implementations.go:84.9,84.49 1 1
github.com/camerarecorder/mediamtx-camera-service-go/internal/camera/real_implementations.go:84.49,86.4 1 1
github.com/camerarecorder/mediamtx-camera-service-go/internal/camera/real_implementations.go:86.9,86.55 1 1
github.com/camerarecorder/mediamtx-camera-service-go/internal/camera/real_implementations.go:86.55,88.4 1 1
github.com/camerarecorder/mediamtx-camera-service-go/internal/camera/real_implementations.go:88.9,88.52 1 1
github.com/camerarecorder/mediamtx-camera-service-go/internal/camera/real_implementations.go:88.52,91.4 2 1
github.com/camerarecorder/mediamtx-camera-service-go/internal/camera/real_implementations.go:91.9,91.51 1 1
github.com/camerarecorder/mediamtx-camera-service-go/internal/camera/real_implementations.go:91.51,94.4 2 1
github.com/camerarecorder/mediamtx-camera-service-go/internal/camera/real_implementations.go:98.2,98.33 1 1
github.com/camerarecorder/mediamtx-camera-service-go/internal/camera/real_implementations.go:98.33,100.3 1 0
github.com/camerarecorder/mediamtx-camera-service-go/internal/camera/real_implementations.go:101.2,101.35 1 1
github.com/camerarecorder/mediamtx-camera-service-go/internal/camera/real_implementations.go:101.35,103.3 1 0
github.com/camerarecorder/mediamtx-camera-service-go/internal/camera/real_implementations.go:105.2,105.26 1 1
github.com/camerarecorder/mediamtx-camera-service-go/internal/camera/real_implementations.go:108.88,115.29 5 1
github.com/camerarecorder/mediamtx-camera-service-go/internal/camera/real_implementations.go:115.29,119.98 2 1
github.com/camerarecorder/mediamtx-camera-service-go/internal/camera/real_implementations.go:119.98,121.28 1 1
github.com/camerarecorder/mediamtx-camera-service-go/internal/camera/real_implementations.go:121.28,123.5 1 0
github.com/camerarecorder/mediamtx-camera-service-go/internal/camera/real_implementations.go:126.4,126.35 1 1
github.com/camerarecorder/mediamtx-camera-service-go/internal/camera/real_implementations.go:126.35,129.33 3 1
github.com/camerarecorder/mediamtx-camera-service-go/internal/camera/real_implementations.go:129.33,139.6 2 1
github.com/camerarecorder/mediamtx-camera-service-go/internal/camera/real_implementations.go:141.9,141.34 1 1
github.com/camerarecorder/mediamtx-camera-service-go/internal/camera/real_implementations.go:141.34,142.39 1 1
github.com/camerarecorder/mediamtx-camera-service-go/internal/camera/real_implementations.go:142.39,144.60 1 1
github.com/camerarecorder/mediamtx-camera-service-go/internal/camera/real_implementations.go:144.60,146.6 1 1
github.com/camerarecorder/mediamtx-camera-service-go/internal/camera/real_implementations.go:149.5,157.45 3 1
github.com/camerarecorder/mediamtx-camera-service-go/internal/camera/real_implementations.go:157.45,159.6 1 1
github.com/camerarecorder/mediamtx-camera-service-go/internal/camera/real_implementations.go:160.5,162.34 3 1
github.com/camerarecorder/mediamtx-camera-service-go/internal/camera/real_implementations.go:163.10,163.83 1 1
github.com/camerarecorder/mediamtx-camera-service-go/internal/camera/real_implementations.go:163.83,165.69 1 1
github.com/camerarecorder/mediamtx-camera-service-go/internal/camera/real_implementations.go:165.69,168.34 3 1
github.com/camerarecorder/mediamtx-camera-service-go/internal/camera/real_implementations.go:168.34,170.20 2 1
github.com/camerarecorder/mediamtx-camera-service-go/internal/camera/real_implementations.go:170.20,172.8 1 1
github.com/camerarecorder/mediamtx-camera-service-go/internal/camera/real_implementations.go:180.2,180.26 1 1
github.com/camerarecorder/mediamtx-camera-service-go/internal/camera/real_implementations.go:180.26,182.3 1 1
github.com/camerarecorder/mediamtx-camera-service-go/internal/camera/real_implementations.go:185.2,185.23 1 1
github.com/camerarecorder/mediamtx-camera-service-go/internal/camera/real_implementations.go:185.23,188.30 2 0
github.com/camerarecorder/mediamtx-camera-service-go/internal/camera/real_implementations.go:188.30,189.61 1 0
github.com/camerarecorder/mediamtx-camera-service-go/internal/camera/real_implementations.go:189.61,191.10 2 0
github.com/camerarecorder/mediamtx-camera-service-go/internal/camera/real_implementations.go:195.3,195.22 1 0
github.com/camerarecorder/mediamtx-camera-service-go/internal/camera/real_implementations.go:195.22,198.31 2 0
github.com/camerarecorder/mediamtx-camera-service-go/internal/camera/real_implementations.go:198.31,200.43 2 0
github.com/camerarecorder/mediamtx-camera-service-go/internal/camera/real_implementations.go:200.43,202.34 1 0
github.com/camerarecorder/mediamtx-camera-service-go/internal/camera/real_implementations.go:202.34,204.7 1 0
github.com/camerarecorder/mediamtx-camera-service-go/internal/camera/real_implementations.go:206.6,211.7 1 0
github.com/camerarecorder/mediamtx-camera-service-go/internal/camera/real_implementations.go:212.11,212.40 1 0
github.com/camerarecorder/mediamtx-camera-service-go/internal/camera/real_implementations.go:212.40,213.71 1 0
github.com/camerarecorder/mediamtx-camera-service-go/internal/camera/real_implementations.go:213.71,215.26 2 0
github.com/camerarecorder/mediamtx-camera-service-go/internal/camera/real_implementations.go:215.26,217.8 1 0
github.com/camerarecorder/mediamtx-camera-service-go/internal/camera/real_implementations.go:218.12,218.78 1 0
github.com/camerarecorder/mediamtx-camera-service-go/internal/camera/real_implementations.go:218.78,220.26 2 0
github.com/camerarecorder/mediamtx-camera-service-go/internal/camera/real_implementations.go:220.26,222.37 2 0
github.com/camerarecorder/mediamtx-camera-service-go/internal/camera/real_implementations.go:222.37,226.9 3 0
github.com/camerarecorder/mediamtx-camera-service-go/internal/camera/real_implementations.go:228.12,228.77 1 0
github.com/camerarecorder/mediamtx-camera-service-go/internal/camera/real_implementations.go:228.77,230.26 2 0
github.com/camerarecorder/mediamtx-camera-service-go/internal/camera/real_implementations.go:230.26,232.21 2 0
github.com/camerarecorder/mediamtx-camera-service-go/internal/camera/real_implementations.go:232.21,234.9 1 0
github.com/camerarecorder/mediamtx-camera-service-go/internal/camera/real_implementations.go:240.4,240.32 1 0
github.com/camerarecorder/mediamtx-camera-service-go/internal/camera/real_implementations.go:240.32,242.5 1 0
github.com/camerarecorder/mediamtx-camera-service-go/internal/camera/real_implementations.go:243.9,246.31 2 0
github.com/camerarecorder/mediamtx-camera-service-go/internal/camera/real_implementations.go:246.31,248.73 2 0
github.com/camerarecorder/mediamtx-camera-service-go/internal/camera/real_implementations.go:248.73,255.6 1 0
github.com/camerarecorder/mediamtx-camera-service-go/internal/camera/real_implementations.go:255.11,255.109 1 0
github.com/camerarecorder/mediamtx-camera-service-go/internal/camera/real_implementations.go:255.109,257.11 1 0
github.com/camerarecorder/mediamtx-camera-service-go/internal/camera/real_implementations.go:260.4,260.25 1 0
github.com/camerarecorder/mediamtx-camera-service-go/internal/camera/real_implementations.go:260.25,262.5 1 0
github.com/camerarecorder/mediamtx-camera-service-go/internal/camera/real_implementations.go:266.2,266.21 1 1
github.com/camerarecorder/mediamtx-camera-service-go/internal/camera/real_implementations.go:269.87,292.44 4 1
github.com/camerarecorder/mediamtx-camera-service-go/internal/camera/real_implementations.go:292.44,296.33 3 1
github.com/camerarecorder/mediamtx-camera-service-go/internal/camera/real_implementations.go:296.33,297.22 1 1
github.com/camerarecorder/mediamtx-camera-service-go/internal/camera/real_implementations.go:297.22,299.39 2 1
github.com/camerarecorder/mediamtx-camera-service-go/internal/camera/real_implementations.go:299.39,302.6 2 1
github.com/camerarecorder/mediamtx-camera-service-go/internal/camera/real_implementations.go:307.2,307.24 1 1
github.com/camerarecorder/mediamtx-camera-service-go/internal/camera/real_implementations.go:311.65,313.21 2 1
github.com/camerarecorder/mediamtx-camera-service-go/internal/camera/real_implementations.go:313.21,315.3 1 0
github.com/camerarecorder/mediamtx-camera-service-go/internal/camera/real_implementations.go:316.2,316.36 1 1
github.com/camerarecorder/mediamtx-camera-service-go/internal/camera/real_implementations.go:319.72,323.21 3 1
github.com/camerarecorder/mediamtx-camera-service-go/internal/camera/real_implementations.go:323.21,325.3 1 0
github.com/camerarecorder/mediamtx-camera-service-go/internal/camera/real_implementations.go:327.2,328.27 2 1
github.com/camerarecorder/mediamtx-camera-service-go/internal/camera/real_implementations.go:328.27,330.16 2 1
github.com/camerarecorder/mediamtx-camera-service-go/internal/camera/real_implementations.go:330.16,332.4 1 1
github.com/camerarecorder/mediamtx-camera-service-go/internal/camera/real_implementations.go:335.2,335.21 1 1
github.com/camerarecorder/mediamtx-camera-service-go/internal/camera/real_implementations.go:338.66,340.21 2 1
github.com/camerarecorder/mediamtx-camera-service-go/internal/camera/real_implementations.go:340.21,342.3 1 0
github.com/camerarecorder/mediamtx-camera-service-go/internal/camera/real_implementations.go:344.2,347.22 3 1
