mode: set
github.com/camerarecorder/mediamtx-camera-service-go/internal/logging/logger.go:41.75,51.2 1 1
github.com/camerarecorder/mediamtx-camera-service-go/internal/logging/logger.go:65.42,78.2 3 1
github.com/camerarecorder/mediamtx-camera-service-go/internal/logging/logger.go:82.26,83.17 1 1
github.com/camerarecorder/mediamtx-camera-service-go/internal/logging/logger.go:83.17,85.3 1 1
github.com/camerarecorder/mediamtx-camera-service-go/internal/logging/logger.go:86.2,86.21 1 1
github.com/camerarecorder/mediamtx-camera-service-go/internal/logging/logger.go:91.48,96.16 3 1
github.com/camerarecorder/mediamtx-camera-service-go/internal/logging/logger.go:96.16,98.3 1 1
github.com/camerarecorder/mediamtx-camera-service-go/internal/logging/logger.go:99.2,105.27 3 1
github.com/camerarecorder/mediamtx-camera-service-go/internal/logging/logger.go:105.27,114.3 6 1
github.com/camerarecorder/mediamtx-camera-service-go/internal/logging/logger.go:117.2,117.49 1 1
github.com/camerarecorder/mediamtx-camera-service-go/internal/logging/logger.go:117.49,118.58 1 1
github.com/camerarecorder/mediamtx-camera-service-go/internal/logging/logger.go:118.58,120.4 1 1
github.com/camerarecorder/mediamtx-camera-service-go/internal/logging/logger.go:123.2,123.12 1 1
github.com/camerarecorder/mediamtx-camera-service-go/internal/logging/logger.go:128.68,131.50 2 1
github.com/camerarecorder/mediamtx-camera-service-go/internal/logging/logger.go:131.50,133.3 1 1
github.com/camerarecorder/mediamtx-camera-service-go/internal/logging/logger.go:136.2,151.12 5 1
github.com/camerarecorder/mediamtx-camera-service-go/internal/logging/logger.go:156.61,163.2 1 1
github.com/camerarecorder/mediamtx-camera-service-go/internal/logging/logger.go:167.58,170.51 1 1
github.com/camerarecorder/mediamtx-camera-service-go/internal/logging/logger.go:170.51,174.3 1 1
github.com/camerarecorder/mediamtx-camera-service-go/internal/logging/logger.go:177.2,181.3 1 1
github.com/camerarecorder/mediamtx-camera-service-go/internal/logging/logger.go:186.55,197.2 4 1
github.com/camerarecorder/mediamtx-camera-service-go/internal/logging/logger.go:201.55,207.2 1 1
github.com/camerarecorder/mediamtx-camera-service-go/internal/logging/logger.go:211.47,217.2 1 1
github.com/camerarecorder/mediamtx-camera-service-go/internal/logging/logger.go:221.86,227.27 2 1
github.com/camerarecorder/mediamtx-camera-service-go/internal/logging/logger.go:227.27,229.3 1 0
github.com/camerarecorder/mediamtx-camera-service-go/internal/logging/logger.go:232.2,232.76 1 1
github.com/camerarecorder/mediamtx-camera-service-go/internal/logging/logger.go:232.76,234.3 1 1
github.com/camerarecorder/mediamtx-camera-service-go/internal/logging/logger.go:236.2,236.23 1 1
github.com/camerarecorder/mediamtx-camera-service-go/internal/logging/logger.go:241.37,243.2 1 1
github.com/camerarecorder/mediamtx-camera-service-go/internal/logging/logger.go:247.62,248.16 1 1
github.com/camerarecorder/mediamtx-camera-service-go/internal/logging/logger.go:248.16,250.3 1 0
github.com/camerarecorder/mediamtx-camera-service-go/internal/logging/logger.go:252.2,252.67 1 1
github.com/camerarecorder/mediamtx-camera-service-go/internal/logging/logger.go:252.67,254.3 1 1
github.com/camerarecorder/mediamtx-camera-service-go/internal/logging/logger.go:256.2,256.11 1 1
github.com/camerarecorder/mediamtx-camera-service-go/internal/logging/logger.go:261.72,263.2 1 1
github.com/camerarecorder/mediamtx-camera-service-go/internal/logging/logger.go:267.80,270.2 2 0
github.com/camerarecorder/mediamtx-camera-service-go/internal/logging/logger.go:274.47,276.2 1 1
github.com/camerarecorder/mediamtx-camera-service-go/internal/logging/logger.go:280.74,284.2 1 1
github.com/camerarecorder/mediamtx-camera-service-go/internal/logging/logger.go:288.67,290.2 1 1
github.com/camerarecorder/mediamtx-camera-service-go/internal/logging/logger.go:294.58,296.2 1 1
github.com/camerarecorder/mediamtx-camera-service-go/internal/logging/logger.go:299.68,301.2 1 1
github.com/camerarecorder/mediamtx-camera-service-go/internal/logging/logger.go:303.67,305.2 1 1
github.com/camerarecorder/mediamtx-camera-service-go/internal/logging/logger.go:307.67,309.2 1 1
github.com/camerarecorder/mediamtx-camera-service-go/internal/logging/logger.go:311.68,313.2 1 1
github.com/camerarecorder/mediamtx-camera-service-go/internal/logging/logger.go:315.68,318.2 2 0
github.com/camerarecorder/mediamtx-camera-service-go/internal/logging/logger.go:322.61,333.2 2 1
