mode: set
github.com/camerarecorder/mediamtx-camera-service-go/internal/security/jwt_handler.go:55.59,56.40 1 0
github.com/camerarecorder/mediamtx-camera-service-go/internal/security/jwt_handler.go:56.40,58.3 1 0
github.com/camerarecorder/mediamtx-camera-service-go/internal/security/jwt_handler.go:60.2,76.21 3 0
github.com/camerarecorder/mediamtx-camera-service-go/internal/security/jwt_handler.go:81.90,83.37 1 0
github.com/camerarecorder/mediamtx-camera-service-go/internal/security/jwt_handler.go:83.37,85.3 1 0
github.com/camerarecorder/mediamtx-camera-service-go/internal/security/jwt_handler.go:87.2,87.23 1 0
github.com/camerarecorder/mediamtx-camera-service-go/internal/security/jwt_handler.go:87.23,89.3 1 0
github.com/camerarecorder/mediamtx-camera-service-go/internal/security/jwt_handler.go:91.2,91.22 1 0
github.com/camerarecorder/mediamtx-camera-service-go/internal/security/jwt_handler.go:91.22,93.3 1 0
github.com/camerarecorder/mediamtx-camera-service-go/internal/security/jwt_handler.go:96.2,114.16 5 0
github.com/camerarecorder/mediamtx-camera-service-go/internal/security/jwt_handler.go:114.16,117.3 2 0
github.com/camerarecorder/mediamtx-camera-service-go/internal/security/jwt_handler.go:119.2,125.25 2 0
github.com/camerarecorder/mediamtx-camera-service-go/internal/security/jwt_handler.go:131.59,138.13 5 0
github.com/camerarecorder/mediamtx-camera-service-go/internal/security/jwt_handler.go:138.13,147.3 2 0
github.com/camerarecorder/mediamtx-camera-service-go/internal/security/jwt_handler.go:150.2,150.53 1 0
github.com/camerarecorder/mediamtx-camera-service-go/internal/security/jwt_handler.go:150.53,156.3 4 0
github.com/camerarecorder/mediamtx-camera-service-go/internal/security/jwt_handler.go:159.2,159.44 1 0
github.com/camerarecorder/mediamtx-camera-service-go/internal/security/jwt_handler.go:159.44,167.3 2 0
github.com/camerarecorder/mediamtx-camera-service-go/internal/security/jwt_handler.go:170.2,173.13 3 0
github.com/camerarecorder/mediamtx-camera-service-go/internal/security/jwt_handler.go:177.53,184.13 5 0
github.com/camerarecorder/mediamtx-camera-service-go/internal/security/jwt_handler.go:184.13,192.3 2 0
github.com/camerarecorder/mediamtx-camera-service-go/internal/security/jwt_handler.go:195.2,195.53 1 0
github.com/camerarecorder/mediamtx-camera-service-go/internal/security/jwt_handler.go:195.53,200.3 4 0
github.com/camerarecorder/mediamtx-camera-service-go/internal/security/jwt_handler.go:202.2,203.30 2 0
github.com/camerarecorder/mediamtx-camera-service-go/internal/security/jwt_handler.go:207.73,211.59 3 0
github.com/camerarecorder/mediamtx-camera-service-go/internal/security/jwt_handler.go:211.59,219.3 1 0
github.com/camerarecorder/mediamtx-camera-service-go/internal/security/jwt_handler.go:221.2,221.12 1 0
github.com/camerarecorder/mediamtx-camera-service-go/internal/security/jwt_handler.go:225.70,236.2 5 0
github.com/camerarecorder/mediamtx-camera-service-go/internal/security/jwt_handler.go:239.71,246.50 5 0
github.com/camerarecorder/mediamtx-camera-service-go/internal/security/jwt_handler.go:246.50,247.52 1 0
github.com/camerarecorder/mediamtx-camera-service-go/internal/security/jwt_handler.go:247.52,249.4 1 0
github.com/camerarecorder/mediamtx-camera-service-go/internal/security/jwt_handler.go:252.2,252.42 1 0
github.com/camerarecorder/mediamtx-camera-service-go/internal/security/jwt_handler.go:252.42,254.3 1 0
github.com/camerarecorder/mediamtx-camera-service-go/internal/security/jwt_handler.go:256.2,256.29 1 0
github.com/camerarecorder/mediamtx-camera-service-go/internal/security/jwt_handler.go:256.29,258.3 1 0
github.com/camerarecorder/mediamtx-camera-service-go/internal/security/jwt_handler.go:264.76,265.42 1 0
github.com/camerarecorder/mediamtx-camera-service-go/internal/security/jwt_handler.go:265.42,267.3 1 0
github.com/camerarecorder/mediamtx-camera-service-go/internal/security/jwt_handler.go:271.2,271.110 1 0
github.com/camerarecorder/mediamtx-camera-service-go/internal/security/jwt_handler.go:271.110,273.36 1 0
github.com/camerarecorder/mediamtx-camera-service-go/internal/security/jwt_handler.go:273.36,276.4 2 0
github.com/camerarecorder/mediamtx-camera-service-go/internal/security/jwt_handler.go:278.3,279.34 2 0
github.com/camerarecorder/mediamtx-camera-service-go/internal/security/jwt_handler.go:282.2,282.16 1 0
github.com/camerarecorder/mediamtx-camera-service-go/internal/security/jwt_handler.go:282.16,289.3 2 0
github.com/camerarecorder/mediamtx-camera-service-go/internal/security/jwt_handler.go:292.2,293.9 2 0
github.com/camerarecorder/mediamtx-camera-service-go/internal/security/jwt_handler.go:293.9,296.3 2 0
github.com/camerarecorder/mediamtx-camera-service-go/internal/security/jwt_handler.go:298.2,298.18 1 0
github.com/camerarecorder/mediamtx-camera-service-go/internal/security/jwt_handler.go:298.18,301.3 2 0
github.com/camerarecorder/mediamtx-camera-service-go/internal/security/jwt_handler.go:304.2,305.39 2 0
github.com/camerarecorder/mediamtx-camera-service-go/internal/security/jwt_handler.go:305.39,306.42 1 0
github.com/camerarecorder/mediamtx-camera-service-go/internal/security/jwt_handler.go:306.42,309.4 2 0
github.com/camerarecorder/mediamtx-camera-service-go/internal/security/jwt_handler.go:313.2,314.30 2 0
github.com/camerarecorder/mediamtx-camera-service-go/internal/security/jwt_handler.go:314.30,317.3 2 0
github.com/camerarecorder/mediamtx-camera-service-go/internal/security/jwt_handler.go:320.2,321.9 2 0
github.com/camerarecorder/mediamtx-camera-service-go/internal/security/jwt_handler.go:321.9,323.3 1 0
github.com/camerarecorder/mediamtx-camera-service-go/internal/security/jwt_handler.go:325.2,326.9 2 0
github.com/camerarecorder/mediamtx-camera-service-go/internal/security/jwt_handler.go:326.9,328.3 1 0
github.com/camerarecorder/mediamtx-camera-service-go/internal/security/jwt_handler.go:331.2,331.36 1 0
github.com/camerarecorder/mediamtx-camera-service-go/internal/security/jwt_handler.go:331.36,334.3 2 0
github.com/camerarecorder/mediamtx-camera-service-go/internal/security/jwt_handler.go:337.2,350.23 3 0
github.com/camerarecorder/mediamtx-camera-service-go/internal/security/jwt_handler.go:355.62,356.42 1 0
github.com/camerarecorder/mediamtx-camera-service-go/internal/security/jwt_handler.go:356.42,358.3 1 0
github.com/camerarecorder/mediamtx-camera-service-go/internal/security/jwt_handler.go:361.2,362.16 2 0
github.com/camerarecorder/mediamtx-camera-service-go/internal/security/jwt_handler.go:362.16,365.3 2 0
github.com/camerarecorder/mediamtx-camera-service-go/internal/security/jwt_handler.go:367.2,368.9 2 0
github.com/camerarecorder/mediamtx-camera-service-go/internal/security/jwt_handler.go:368.9,370.3 1 0
github.com/camerarecorder/mediamtx-camera-service-go/internal/security/jwt_handler.go:372.2,373.9 2 0
github.com/camerarecorder/mediamtx-camera-service-go/internal/security/jwt_handler.go:373.9,375.3 1 0
github.com/camerarecorder/mediamtx-camera-service-go/internal/security/jwt_handler.go:377.2,377.39 1 0
github.com/camerarecorder/mediamtx-camera-service-go/internal/security/jwt_handler.go:382.44,384.2 1 0
github.com/camerarecorder/mediamtx-camera-service-go/internal/security/jwt_handler.go:387.44,389.2 1 0
github.com/camerarecorder/mediamtx-camera-service-go/internal/security/role_manager.go:38.31,39.42 1 1
github.com/camerarecorder/mediamtx-camera-service-go/internal/security/role_manager.go:39.42,41.3 1 1
github.com/camerarecorder/mediamtx-camera-service-go/internal/security/role_manager.go:42.2,42.18 1 0
github.com/camerarecorder/mediamtx-camera-service-go/internal/security/role_manager.go:54.48,87.39 5 0
github.com/camerarecorder/mediamtx-camera-service-go/internal/security/role_manager.go:87.39,89.3 1 0
github.com/camerarecorder/mediamtx-camera-service-go/internal/security/role_manager.go:91.2,91.41 1 0
github.com/camerarecorder/mediamtx-camera-service-go/internal/security/role_manager.go:91.41,93.3 1 0
github.com/camerarecorder/mediamtx-camera-service-go/internal/security/role_manager.go:95.2,95.38 1 0
github.com/camerarecorder/mediamtx-camera-service-go/internal/security/role_manager.go:95.38,97.3 1 0
github.com/camerarecorder/mediamtx-camera-service-go/internal/security/role_manager.go:99.2,100.16 2 0
github.com/camerarecorder/mediamtx-camera-service-go/internal/security/role_manager.go:105.78,106.37 1 0
github.com/camerarecorder/mediamtx-camera-service-go/internal/security/role_manager.go:106.37,109.3 2 0
github.com/camerarecorder/mediamtx-camera-service-go/internal/security/role_manager.go:111.2,112.13 2 0
github.com/camerarecorder/mediamtx-camera-service-go/internal/security/role_manager.go:112.13,115.3 2 0
github.com/camerarecorder/mediamtx-camera-service-go/internal/security/role_manager.go:117.2,126.22 3 0
github.com/camerarecorder/mediamtx-camera-service-go/internal/security/role_manager.go:131.65,132.37 1 0
github.com/camerarecorder/mediamtx-camera-service-go/internal/security/role_manager.go:132.37,134.3 1 0
github.com/camerarecorder/mediamtx-camera-service-go/internal/security/role_manager.go:136.2,137.13 2 0
github.com/camerarecorder/mediamtx-camera-service-go/internal/security/role_manager.go:137.13,140.3 2 0
github.com/camerarecorder/mediamtx-camera-service-go/internal/security/role_manager.go:142.2,142.21 1 0
github.com/camerarecorder/mediamtx-camera-service-go/internal/security/role_manager.go:147.75,148.41 1 0
github.com/camerarecorder/mediamtx-camera-service-go/internal/security/role_manager.go:148.41,150.3 1 0
github.com/camerarecorder/mediamtx-camera-service-go/internal/security/role_manager.go:152.2,153.13 2 0
github.com/camerarecorder/mediamtx-camera-service-go/internal/security/role_manager.go:153.13,155.3 1 0
github.com/camerarecorder/mediamtx-camera-service-go/internal/security/role_manager.go:157.2,157.18 1 0
github.com/camerarecorder/mediamtx-camera-service-go/internal/security/role_manager.go:162.63,164.36 2 0
github.com/camerarecorder/mediamtx-camera-service-go/internal/security/role_manager.go:164.36,166.3 1 0
github.com/camerarecorder/mediamtx-camera-service-go/internal/security/role_manager.go:167.2,167.18 1 0
github.com/camerarecorder/mediamtx-camera-service-go/internal/security/role_manager.go:172.70,174.48 2 0
github.com/camerarecorder/mediamtx-camera-service-go/internal/security/role_manager.go:174.48,176.3 1 0
github.com/camerarecorder/mediamtx-camera-service-go/internal/security/role_manager.go:177.2,177.20 1 0
github.com/camerarecorder/mediamtx-camera-service-go/internal/security/role_manager.go:182.89,183.37 1 0
github.com/camerarecorder/mediamtx-camera-service-go/internal/security/role_manager.go:183.37,185.3 1 0
github.com/camerarecorder/mediamtx-camera-service-go/internal/security/role_manager.go:187.2,187.59 1 0
github.com/camerarecorder/mediamtx-camera-service-go/internal/security/role_manager.go:187.59,189.3 1 0
github.com/camerarecorder/mediamtx-camera-service-go/internal/security/role_manager.go:191.2,198.12 3 0
github.com/camerarecorder/mediamtx-camera-service-go/internal/security/role_manager.go:203.73,204.37 1 0
github.com/camerarecorder/mediamtx-camera-service-go/internal/security/role_manager.go:204.37,206.3 1 0
github.com/camerarecorder/mediamtx-camera-service-go/internal/security/role_manager.go:208.2,208.55 1 0
github.com/camerarecorder/mediamtx-camera-service-go/internal/security/role_manager.go:208.55,210.3 1 0
github.com/camerarecorder/mediamtx-camera-service-go/internal/security/role_manager.go:212.2,215.12 3 0
github.com/camerarecorder/mediamtx-camera-service-go/internal/security/session_manager.go:40.42,54.2 4 1
github.com/camerarecorder/mediamtx-camera-service-go/internal/security/session_manager.go:57.97,75.2 4 1
github.com/camerarecorder/mediamtx-camera-service-go/internal/security/session_manager.go:79.85,80.18 1 1
github.com/camerarecorder/mediamtx-camera-service-go/internal/security/session_manager.go:80.18,82.3 1 1
github.com/camerarecorder/mediamtx-camera-service-go/internal/security/session_manager.go:84.2,84.43 1 1
github.com/camerarecorder/mediamtx-camera-service-go/internal/security/session_manager.go:84.43,86.3 1 1
github.com/camerarecorder/mediamtx-camera-service-go/internal/security/session_manager.go:88.2,111.21 8 1
github.com/camerarecorder/mediamtx-camera-service-go/internal/security/session_manager.go:116.79,117.21 1 1
github.com/camerarecorder/mediamtx-camera-service-go/internal/security/session_manager.go:117.21,119.3 1 1
github.com/camerarecorder/mediamtx-camera-service-go/internal/security/session_manager.go:121.2,125.13 4 1
github.com/camerarecorder/mediamtx-camera-service-go/internal/security/session_manager.go:125.13,128.3 2 1
github.com/camerarecorder/mediamtx-camera-service-go/internal/security/session_manager.go:131.2,131.41 1 1
github.com/camerarecorder/mediamtx-camera-service-go/internal/security/session_manager.go:131.41,136.3 3 0
github.com/camerarecorder/mediamtx-camera-service-go/internal/security/session_manager.go:139.2,147.21 3 1
github.com/camerarecorder/mediamtx-camera-service-go/internal/security/session_manager.go:152.60,153.21 1 1
github.com/camerarecorder/mediamtx-camera-service-go/internal/security/session_manager.go:153.21,155.3 1 1
github.com/camerarecorder/mediamtx-camera-service-go/internal/security/session_manager.go:157.2,160.55 3 1
github.com/camerarecorder/mediamtx-camera-service-go/internal/security/session_manager.go:160.55,162.3 1 1
github.com/camerarecorder/mediamtx-camera-service-go/internal/security/session_manager.go:167.59,171.49 3 1
github.com/camerarecorder/mediamtx-camera-service-go/internal/security/session_manager.go:171.49,174.3 2 1
github.com/camerarecorder/mediamtx-camera-service-go/internal/security/session_manager.go:179.52,184.46 4 1
github.com/camerarecorder/mediamtx-camera-service-go/internal/security/session_manager.go:184.46,185.35 1 1
github.com/camerarecorder/mediamtx-camera-service-go/internal/security/session_manager.go:185.35,187.4 1 1
github.com/camerarecorder/mediamtx-camera-service-go/internal/security/session_manager.go:189.2,192.44 2 1
github.com/camerarecorder/mediamtx-camera-service-go/internal/security/session_manager.go:192.44,194.3 1 1
github.com/camerarecorder/mediamtx-camera-service-go/internal/security/session_manager.go:196.2,196.30 1 1
github.com/camerarecorder/mediamtx-camera-service-go/internal/security/session_manager.go:196.30,198.3 1 1
github.com/camerarecorder/mediamtx-camera-service-go/internal/security/session_manager.go:202.42,206.12 3 1
github.com/camerarecorder/mediamtx-camera-service-go/internal/security/session_manager.go:206.12,208.7 2 1
github.com/camerarecorder/mediamtx-camera-service-go/internal/security/session_manager.go:208.7,209.11 1 1
github.com/camerarecorder/mediamtx-camera-service-go/internal/security/session_manager.go:210.30,211.32 1 1
github.com/camerarecorder/mediamtx-camera-service-go/internal/security/session_manager.go:212.23,213.11 1 1
github.com/camerarecorder/mediamtx-camera-service-go/internal/security/session_manager.go:221.34,222.29 1 1
github.com/camerarecorder/mediamtx-camera-service-go/internal/security/session_manager.go:222.29,224.3 1 1
github.com/camerarecorder/mediamtx-camera-service-go/internal/security/session_manager.go:225.2,228.43 3 1
github.com/camerarecorder/mediamtx-camera-service-go/internal/security/session_manager.go:232.49,236.2 3 1
github.com/camerarecorder/mediamtx-camera-service-go/internal/security/session_manager.go:239.68,249.38 4 1
github.com/camerarecorder/mediamtx-camera-service-go/internal/security/session_manager.go:249.38,252.3 2 1
github.com/camerarecorder/mediamtx-camera-service-go/internal/security/session_manager.go:254.2,254.14 1 1
github.com/camerarecorder/mediamtx-camera-service-go/internal/security/session_manager.go:259.72,260.18 1 1
github.com/camerarecorder/mediamtx-camera-service-go/internal/security/session_manager.go:260.18,262.3 1 1
github.com/camerarecorder/mediamtx-camera-service-go/internal/security/session_manager.go:264.2,268.38 4 1
github.com/camerarecorder/mediamtx-camera-service-go/internal/security/session_manager.go:268.38,269.31 1 1
github.com/camerarecorder/mediamtx-camera-service-go/internal/security/session_manager.go:269.31,271.4 1 1
github.com/camerarecorder/mediamtx-camera-service-go/internal/security/session_manager.go:274.2,274.21 1 1
github.com/camerarecorder/mediamtx-camera-service-go/internal/security/session_manager.go:279.71,280.18 1 1
github.com/camerarecorder/mediamtx-camera-service-go/internal/security/session_manager.go:280.18,282.3 1 1
github.com/camerarecorder/mediamtx-camera-service-go/internal/security/session_manager.go:284.2,288.46 4 1
github.com/camerarecorder/mediamtx-camera-service-go/internal/security/session_manager.go:288.46,289.31 1 1
github.com/camerarecorder/mediamtx-camera-service-go/internal/security/session_manager.go:289.31,291.4 1 1
github.com/camerarecorder/mediamtx-camera-service-go/internal/security/session_manager.go:294.2,294.45 1 1
github.com/camerarecorder/mediamtx-camera-service-go/internal/security/session_manager.go:294.45,296.3 1 1
github.com/camerarecorder/mediamtx-camera-service-go/internal/security/session_manager.go:298.2,303.12 2 1
