mode: set
github.com/camerarecorder/mediamtx-camera-service-go/internal/camera/interfaces.go:30.54,33.2 2 1
github.com/camerarecorder/mediamtx-camera-service-go/internal/camera/interfaces.go:38.112,43.16 4 1
github.com/camerarecorder/mediamtx-camera-service-go/internal/camera/interfaces.go:43.16,45.3 1 0
github.com/camerarecorder/mediamtx-camera-service-go/internal/camera/interfaces.go:47.2,47.28 1 1
github.com/camerarecorder/mediamtx-camera-service-go/internal/camera/interfaces.go:53.89,60.29 3 1
github.com/camerarecorder/mediamtx-camera-service-go/internal/camera/interfaces.go:60.29,63.45 2 1
github.com/camerarecorder/mediamtx-camera-service-go/internal/camera/interfaces.go:63.45,65.4 1 1
github.com/camerarecorder/mediamtx-camera-service-go/internal/camera/interfaces.go:65.9,65.92 1 1
github.com/camerarecorder/mediamtx-camera-service-go/internal/camera/interfaces.go:65.92,67.4 1 1
github.com/camerarecorder/mediamtx-camera-service-go/internal/camera/interfaces.go:67.9,67.49 1 1
github.com/camerarecorder/mediamtx-camera-service-go/internal/camera/interfaces.go:67.49,69.4 1 1
github.com/camerarecorder/mediamtx-camera-service-go/internal/camera/interfaces.go:69.9,69.55 1 1
github.com/camerarecorder/mediamtx-camera-service-go/internal/camera/interfaces.go:69.55,71.4 1 1
github.com/camerarecorder/mediamtx-camera-service-go/internal/camera/interfaces.go:71.9,71.52 1 1
github.com/camerarecorder/mediamtx-camera-service-go/internal/camera/interfaces.go:71.52,74.4 2 1
github.com/camerarecorder/mediamtx-camera-service-go/internal/camera/interfaces.go:74.9,74.51 1 1
github.com/camerarecorder/mediamtx-camera-service-go/internal/camera/interfaces.go:74.51,77.4 2 1
github.com/camerarecorder/mediamtx-camera-service-go/internal/camera/interfaces.go:81.2,81.33 1 1
github.com/camerarecorder/mediamtx-camera-service-go/internal/camera/interfaces.go:81.33,83.3 1 0
github.com/camerarecorder/mediamtx-camera-service-go/internal/camera/interfaces.go:84.2,84.35 1 1
github.com/camerarecorder/mediamtx-camera-service-go/internal/camera/interfaces.go:84.35,86.3 1 0
github.com/camerarecorder/mediamtx-camera-service-go/internal/camera/interfaces.go:88.2,88.26 1 1
github.com/camerarecorder/mediamtx-camera-service-go/internal/camera/interfaces.go:91.88,97.29 4 1
github.com/camerarecorder/mediamtx-camera-service-go/internal/camera/interfaces.go:97.29,100.72 2 1
github.com/camerarecorder/mediamtx-camera-service-go/internal/camera/interfaces.go:100.72,102.28 1 0
github.com/camerarecorder/mediamtx-camera-service-go/internal/camera/interfaces.go:102.28,104.5 1 0
github.com/camerarecorder/mediamtx-camera-service-go/internal/camera/interfaces.go:105.4,107.5 1 0
github.com/camerarecorder/mediamtx-camera-service-go/internal/camera/interfaces.go:108.9,108.34 1 1
github.com/camerarecorder/mediamtx-camera-service-go/internal/camera/interfaces.go:108.34,109.38 1 0
github.com/camerarecorder/mediamtx-camera-service-go/internal/camera/interfaces.go:109.38,111.5 1 0
github.com/camerarecorder/mediamtx-camera-service-go/internal/camera/interfaces.go:111.10,111.45 1 0
github.com/camerarecorder/mediamtx-camera-service-go/internal/camera/interfaces.go:111.45,116.5 4 0
github.com/camerarecorder/mediamtx-camera-service-go/internal/camera/interfaces.go:116.10,116.44 1 0
github.com/camerarecorder/mediamtx-camera-service-go/internal/camera/interfaces.go:116.44,118.18 2 0
github.com/camerarecorder/mediamtx-camera-service-go/internal/camera/interfaces.go:118.18,120.6 1 0
github.com/camerarecorder/mediamtx-camera-service-go/internal/camera/interfaces.go:126.2,126.26 1 1
github.com/camerarecorder/mediamtx-camera-service-go/internal/camera/interfaces.go:126.26,128.3 1 0
github.com/camerarecorder/mediamtx-camera-service-go/internal/camera/interfaces.go:130.2,130.21 1 1
github.com/camerarecorder/mediamtx-camera-service-go/internal/camera/interfaces.go:134.65,136.21 2 1
github.com/camerarecorder/mediamtx-camera-service-go/internal/camera/interfaces.go:136.21,138.3 1 0
github.com/camerarecorder/mediamtx-camera-service-go/internal/camera/interfaces.go:139.2,139.36 1 1
github.com/camerarecorder/mediamtx-camera-service-go/internal/camera/interfaces.go:142.72,146.21 3 1
github.com/camerarecorder/mediamtx-camera-service-go/internal/camera/interfaces.go:146.21,148.3 1 1
github.com/camerarecorder/mediamtx-camera-service-go/internal/camera/interfaces.go:150.2,151.27 2 1
github.com/camerarecorder/mediamtx-camera-service-go/internal/camera/interfaces.go:151.27,153.16 2 1
github.com/camerarecorder/mediamtx-camera-service-go/internal/camera/interfaces.go:153.16,155.4 1 1
github.com/camerarecorder/mediamtx-camera-service-go/internal/camera/interfaces.go:158.2,158.21 1 1
github.com/camerarecorder/mediamtx-camera-service-go/internal/camera/interfaces.go:161.66,163.21 2 0
github.com/camerarecorder/mediamtx-camera-service-go/internal/camera/interfaces.go:163.21,165.3 1 0
github.com/camerarecorder/mediamtx-camera-service-go/internal/camera/interfaces.go:167.2,170.22 3 0
github.com/camerarecorder/mediamtx-camera-service-go/internal/camera/v4l2_device.go:95.107,97.2 1 1
github.com/camerarecorder/mediamtx-camera-service-go/internal/camera/v4l2_device.go:100.218,101.26 1 1
github.com/camerarecorder/mediamtx-camera-service-go/internal/camera/v4l2_device.go:101.26,102.84 1 0
github.com/camerarecorder/mediamtx-camera-service-go/internal/camera/v4l2_device.go:105.2,105.19 1 1
github.com/camerarecorder/mediamtx-camera-service-go/internal/camera/v4l2_device.go:105.19,107.3 1 0
github.com/camerarecorder/mediamtx-camera-service-go/internal/camera/v4l2_device.go:109.2,120.3 1 1
github.com/camerarecorder/mediamtx-camera-service-go/internal/camera/v4l2_device.go:124.77,126.16 2 1
github.com/camerarecorder/mediamtx-camera-service-go/internal/camera/v4l2_device.go:126.16,128.3 1 1
github.com/camerarecorder/mediamtx-camera-service-go/internal/camera/v4l2_device.go:129.2,129.12 1 0
github.com/camerarecorder/mediamtx-camera-service-go/internal/camera/v4l2_device.go:133.44,137.16 3 0
github.com/camerarecorder/mediamtx-camera-service-go/internal/camera/v4l2_device.go:137.16,139.3 1 0
github.com/camerarecorder/mediamtx-camera-service-go/internal/camera/v4l2_device.go:141.2,148.12 5 0
github.com/camerarecorder/mediamtx-camera-service-go/internal/camera/v4l2_device.go:152.43,156.17 3 1
github.com/camerarecorder/mediamtx-camera-service-go/internal/camera/v4l2_device.go:156.17,158.3 1 0
github.com/camerarecorder/mediamtx-camera-service-go/internal/camera/v4l2_device.go:160.2,165.12 5 1
github.com/camerarecorder/mediamtx-camera-service-go/internal/camera/v4l2_device.go:169.75,174.39 4 0
github.com/camerarecorder/mediamtx-camera-service-go/internal/camera/v4l2_device.go:174.39,175.45 1 0
github.com/camerarecorder/mediamtx-camera-service-go/internal/camera/v4l2_device.go:175.45,177.4 1 0
github.com/camerarecorder/mediamtx-camera-service-go/internal/camera/v4l2_device.go:180.2,180.18 1 0
github.com/camerarecorder/mediamtx-camera-service-go/internal/camera/v4l2_device.go:184.73,190.2 4 0
github.com/camerarecorder/mediamtx-camera-service-go/internal/camera/v4l2_device.go:193.61,200.2 4 1
github.com/camerarecorder/mediamtx-camera-service-go/internal/camera/v4l2_device.go:204.91,213.40 4 1
github.com/camerarecorder/mediamtx-camera-service-go/internal/camera/v4l2_device.go:213.40,217.10 2 1
github.com/camerarecorder/mediamtx-camera-service-go/internal/camera/v4l2_device.go:218.21,219.29 1 1
github.com/camerarecorder/mediamtx-camera-service-go/internal/camera/v4l2_device.go:220.11,220.11 0 1
github.com/camerarecorder/mediamtx-camera-service-go/internal/camera/v4l2_device.go:223.3,224.17 2 1
github.com/camerarecorder/mediamtx-camera-service-go/internal/camera/v4l2_device.go:224.17,230.12 2 1
github.com/camerarecorder/mediamtx-camera-service-go/internal/camera/v4l2_device.go:233.3,233.102 1 1
github.com/camerarecorder/mediamtx-camera-service-go/internal/camera/v4l2_device.go:233.102,241.4 2 1
github.com/camerarecorder/mediamtx-camera-service-go/internal/camera/v4l2_device.go:244.2,250.21 2 1
github.com/camerarecorder/mediamtx-camera-service-go/internal/camera/v4l2_device.go:255.115,262.9 2 1
github.com/camerarecorder/mediamtx-camera-service-go/internal/camera/v4l2_device.go:263.20,264.24 1 0
github.com/camerarecorder/mediamtx-camera-service-go/internal/camera/v4l2_device.go:265.10,265.10 0 1
github.com/camerarecorder/mediamtx-camera-service-go/internal/camera/v4l2_device.go:269.2,269.42 1 1
github.com/camerarecorder/mediamtx-camera-service-go/internal/camera/v4l2_device.go:269.42,271.3 1 1
github.com/camerarecorder/mediamtx-camera-service-go/internal/camera/v4l2_device.go:274.2,275.16 2 1
github.com/camerarecorder/mediamtx-camera-service-go/internal/camera/v4l2_device.go:275.16,287.3 5 0
github.com/camerarecorder/mediamtx-camera-service-go/internal/camera/v4l2_device.go:290.2,291.16 2 1
github.com/camerarecorder/mediamtx-camera-service-go/internal/camera/v4l2_device.go:291.16,303.3 5 0
github.com/camerarecorder/mediamtx-camera-service-go/internal/camera/v4l2_device.go:305.2,318.27 5 1
github.com/camerarecorder/mediamtx-camera-service-go/internal/camera/v4l2_device.go:323.73,327.16 3 1
github.com/camerarecorder/mediamtx-camera-service-go/internal/camera/v4l2_device.go:327.16,329.3 1 0
github.com/camerarecorder/mediamtx-camera-service-go/internal/camera/v4l2_device.go:331.2,344.12 6 1
github.com/camerarecorder/mediamtx-camera-service-go/internal/camera/v4l2_device.go:348.66,349.15 1 1
github.com/camerarecorder/mediamtx-camera-service-go/internal/camera/v4l2_device.go:349.15,353.3 3 1
github.com/camerarecorder/mediamtx-camera-service-go/internal/camera/v4l2_device.go:355.2,364.6 4 1
github.com/camerarecorder/mediamtx-camera-service-go/internal/camera/v4l2_device.go:364.6,365.10 1 1
github.com/camerarecorder/mediamtx-camera-service-go/internal/camera/v4l2_device.go:366.21,371.10 2 1
github.com/camerarecorder/mediamtx-camera-service-go/internal/camera/v4l2_device.go:372.22,377.10 2 0
github.com/camerarecorder/mediamtx-camera-service-go/internal/camera/v4l2_device.go:378.19,379.24 1 0
github.com/camerarecorder/mediamtx-camera-service-go/internal/camera/v4l2_device.go:385.44,394.6 4 0
github.com/camerarecorder/mediamtx-camera-service-go/internal/camera/v4l2_device.go:394.6,395.10 1 0
github.com/camerarecorder/mediamtx-camera-service-go/internal/camera/v4l2_device.go:396.22,398.10 2 0
github.com/camerarecorder/mediamtx-camera-service-go/internal/camera/v4l2_device.go:399.19,400.24 1 0
github.com/camerarecorder/mediamtx-camera-service-go/internal/camera/v4l2_device.go:406.48,413.76 5 0
github.com/camerarecorder/mediamtx-camera-service-go/internal/camera/v4l2_device.go:413.76,417.17 3 0
github.com/camerarecorder/mediamtx-camera-service-go/internal/camera/v4l2_device.go:417.17,422.12 2 0
github.com/camerarecorder/mediamtx-camera-service-go/internal/camera/v4l2_device.go:425.3,425.102 1 0
github.com/camerarecorder/mediamtx-camera-service-go/internal/camera/v4l2_device.go:425.102,427.4 1 0
github.com/camerarecorder/mediamtx-camera-service-go/internal/camera/v4l2_device.go:430.2,430.46 1 0
github.com/camerarecorder/mediamtx-camera-service-go/internal/camera/v4l2_device.go:434.102,436.42 1 1
github.com/camerarecorder/mediamtx-camera-service-go/internal/camera/v4l2_device.go:436.42,438.3 1 1
github.com/camerarecorder/mediamtx-camera-service-go/internal/camera/v4l2_device.go:440.2,448.67 2 1
github.com/camerarecorder/mediamtx-camera-service-go/internal/camera/v4l2_device.go:448.67,449.60 1 1
github.com/camerarecorder/mediamtx-camera-service-go/internal/camera/v4l2_device.go:449.60,456.4 3 0
github.com/camerarecorder/mediamtx-camera-service-go/internal/camera/v4l2_device.go:456.9,458.4 1 1
github.com/camerarecorder/mediamtx-camera-service-go/internal/camera/v4l2_device.go:459.8,462.3 2 0
github.com/camerarecorder/mediamtx-camera-service-go/internal/camera/v4l2_device.go:464.2,464.20 1 1
github.com/camerarecorder/mediamtx-camera-service-go/internal/camera/v4l2_device.go:468.80,476.16 6 1
github.com/camerarecorder/mediamtx-camera-service-go/internal/camera/v4l2_device.go:476.16,481.3 4 0
github.com/camerarecorder/mediamtx-camera-service-go/internal/camera/v4l2_device.go:484.2,485.16 2 1
github.com/camerarecorder/mediamtx-camera-service-go/internal/camera/v4l2_device.go:485.16,490.3 4 0
github.com/camerarecorder/mediamtx-camera-service-go/internal/camera/v4l2_device.go:492.2,497.16 4 1
github.com/camerarecorder/mediamtx-camera-service-go/internal/camera/v4l2_device.go:497.16,506.3 2 0
github.com/camerarecorder/mediamtx-camera-service-go/internal/camera/v4l2_device.go:506.8,509.17 2 1
github.com/camerarecorder/mediamtx-camera-service-go/internal/camera/v4l2_device.go:509.17,515.4 2 0
github.com/camerarecorder/mediamtx-camera-service-go/internal/camera/v4l2_device.go:515.9,517.4 1 1
github.com/camerarecorder/mediamtx-camera-service-go/internal/camera/v4l2_device.go:520.2,524.12 4 1
github.com/camerarecorder/mediamtx-camera-service-go/internal/camera/v4l2_device.go:528.63,543.2 1 0
github.com/camerarecorder/mediamtx-camera-service-go/internal/camera/v4l2_device.go:546.95,551.43 3 0
github.com/camerarecorder/mediamtx-camera-service-go/internal/camera/v4l2_device.go:551.43,552.52 1 0
github.com/camerarecorder/mediamtx-camera-service-go/internal/camera/v4l2_device.go:552.52,565.4 6 0
github.com/camerarecorder/mediamtx-camera-service-go/internal/camera/v4l2_device.go:565.9,568.40 2 0
github.com/camerarecorder/mediamtx-camera-service-go/internal/camera/v4l2_device.go:568.40,581.5 6 0
github.com/camerarecorder/mediamtx-camera-service-go/internal/camera/v4l2_device.go:586.2,586.39 1 0
github.com/camerarecorder/mediamtx-camera-service-go/internal/camera/v4l2_device.go:586.39,587.49 1 0
github.com/camerarecorder/mediamtx-camera-service-go/internal/camera/v4l2_device.go:587.49,598.4 5 0
github.com/camerarecorder/mediamtx-camera-service-go/internal/camera/v4l2_integration.go:23.117,24.19 1 0
github.com/camerarecorder/mediamtx-camera-service-go/internal/camera/v4l2_integration.go:24.19,26.3 1 0
github.com/camerarecorder/mediamtx-camera-service-go/internal/camera/v4l2_integration.go:28.2,32.3 1 0
github.com/camerarecorder/mediamtx-camera-service-go/internal/camera/v4l2_integration.go:36.49,40.16 3 0
github.com/camerarecorder/mediamtx-camera-service-go/internal/camera/v4l2_integration.go:40.16,42.3 1 0
github.com/camerarecorder/mediamtx-camera-service-go/internal/camera/v4l2_integration.go:45.2,46.16 2 0
github.com/camerarecorder/mediamtx-camera-service-go/internal/camera/v4l2_integration.go:46.16,48.3 1 0
github.com/camerarecorder/mediamtx-camera-service-go/internal/camera/v4l2_integration.go:51.2,54.49 2 0
github.com/camerarecorder/mediamtx-camera-service-go/internal/camera/v4l2_integration.go:54.49,56.3 1 0
github.com/camerarecorder/mediamtx-camera-service-go/internal/camera/v4l2_integration.go:59.2,64.12 4 0
github.com/camerarecorder/mediamtx-camera-service-go/internal/camera/v4l2_integration.go:68.48,72.17 3 0
github.com/camerarecorder/mediamtx-camera-service-go/internal/camera/v4l2_integration.go:72.17,74.3 1 0
github.com/camerarecorder/mediamtx-camera-service-go/internal/camera/v4l2_integration.go:77.2,77.29 1 0
github.com/camerarecorder/mediamtx-camera-service-go/internal/camera/v4l2_integration.go:77.29,78.49 1 0
github.com/camerarecorder/mediamtx-camera-service-go/internal/camera/v4l2_integration.go:78.49,82.4 1 0
github.com/camerarecorder/mediamtx-camera-service-go/internal/camera/v4l2_integration.go:85.2,89.12 4 0
github.com/camerarecorder/mediamtx-camera-service-go/internal/camera/v4l2_integration.go:93.73,97.2 3 0
github.com/camerarecorder/mediamtx-camera-service-go/internal/camera/v4l2_integration.go:100.66,104.29 3 0
github.com/camerarecorder/mediamtx-camera-service-go/internal/camera/v4l2_integration.go:104.29,106.3 1 0
github.com/camerarecorder/mediamtx-camera-service-go/internal/camera/v4l2_integration.go:107.2,107.30 1 0
github.com/camerarecorder/mediamtx-camera-service-go/internal/camera/v4l2_integration.go:111.52,115.2 3 0
github.com/camerarecorder/mediamtx-camera-service-go/internal/camera/v4l2_integration.go:118.80,122.17 3 0
github.com/camerarecorder/mediamtx-camera-service-go/internal/camera/v4l2_integration.go:122.17,124.3 1 0
github.com/camerarecorder/mediamtx-camera-service-go/internal/camera/v4l2_integration.go:126.2,131.29 2 0
github.com/camerarecorder/mediamtx-camera-service-go/internal/camera/v4l2_integration.go:131.29,132.49 1 0
github.com/camerarecorder/mediamtx-camera-service-go/internal/camera/v4l2_integration.go:132.49,136.4 1 0
github.com/camerarecorder/mediamtx-camera-service-go/internal/camera/v4l2_integration.go:140.2,143.49 2 0
github.com/camerarecorder/mediamtx-camera-service-go/internal/camera/v4l2_integration.go:143.49,147.3 1 0
github.com/camerarecorder/mediamtx-camera-service-go/internal/camera/v4l2_integration.go:147.8,149.3 1 0
github.com/camerarecorder/mediamtx-camera-service-go/internal/camera/v4l2_integration.go:153.96,157.29 3 0
github.com/camerarecorder/mediamtx-camera-service-go/internal/camera/v4l2_integration.go:157.29,159.3 1 0
github.com/camerarecorder/mediamtx-camera-service-go/internal/camera/v4l2_integration.go:161.2,161.47 1 0
github.com/camerarecorder/mediamtx-camera-service-go/internal/camera/v4l2_integration.go:165.120,169.29 3 0
github.com/camerarecorder/mediamtx-camera-service-go/internal/camera/v4l2_integration.go:169.29,171.3 1 0
github.com/camerarecorder/mediamtx-camera-service-go/internal/camera/v4l2_integration.go:173.2,173.60 1 0
github.com/camerarecorder/mediamtx-camera-service-go/internal/camera/v4l2_integration.go:177.78,181.29 3 0
github.com/camerarecorder/mediamtx-camera-service-go/internal/camera/v4l2_integration.go:181.29,183.3 1 0
github.com/camerarecorder/mediamtx-camera-service-go/internal/camera/v4l2_integration.go:185.2,185.46 1 0
