mode: set
github.com/camerarecorder/mediamtx-camera-service-go/internal/camera/v4l2_device.go:90.91,91.19 1 1
github.com/camerarecorder/mediamtx-camera-service-go/internal/camera/v4l2_device.go:91.19,101.3 1 1
github.com/camerarecorder/mediamtx-camera-service-go/internal/camera/v4l2_device.go:103.2,103.19 1 1
github.com/camerarecorder/mediamtx-camera-service-go/internal/camera/v4l2_device.go:103.19,105.3 1 1
github.com/camerarecorder/mediamtx-camera-service-go/internal/camera/v4l2_device.go:107.2,115.3 1 1
github.com/camerarecorder/mediamtx-camera-service-go/internal/camera/v4l2_device.go:119.44,123.16 3 1
github.com/camerarecorder/mediamtx-camera-service-go/internal/camera/v4l2_device.go:123.16,125.3 1 1
github.com/camerarecorder/mediamtx-camera-service-go/internal/camera/v4l2_device.go:127.2,134.12 5 1
github.com/camerarecorder/mediamtx-camera-service-go/internal/camera/v4l2_device.go:138.43,142.17 3 1
github.com/camerarecorder/mediamtx-camera-service-go/internal/camera/v4l2_device.go:142.17,144.3 1 1
github.com/camerarecorder/mediamtx-camera-service-go/internal/camera/v4l2_device.go:146.2,151.12 5 1
github.com/camerarecorder/mediamtx-camera-service-go/internal/camera/v4l2_device.go:155.75,160.39 4 1
github.com/camerarecorder/mediamtx-camera-service-go/internal/camera/v4l2_device.go:160.39,161.45 1 1
github.com/camerarecorder/mediamtx-camera-service-go/internal/camera/v4l2_device.go:161.45,163.4 1 1
github.com/camerarecorder/mediamtx-camera-service-go/internal/camera/v4l2_device.go:166.2,166.18 1 1
github.com/camerarecorder/mediamtx-camera-service-go/internal/camera/v4l2_device.go:170.73,176.2 4 1
github.com/camerarecorder/mediamtx-camera-service-go/internal/camera/v4l2_device.go:179.61,186.2 4 1
github.com/camerarecorder/mediamtx-camera-service-go/internal/camera/v4l2_device.go:189.44,198.6 4 1
github.com/camerarecorder/mediamtx-camera-service-go/internal/camera/v4l2_device.go:198.6,199.10 1 1
github.com/camerarecorder/mediamtx-camera-service-go/internal/camera/v4l2_device.go:200.22,202.10 2 1
github.com/camerarecorder/mediamtx-camera-service-go/internal/camera/v4l2_device.go:203.19,204.24 1 1
github.com/camerarecorder/mediamtx-camera-service-go/internal/camera/v4l2_device.go:210.48,217.50 5 1
github.com/camerarecorder/mediamtx-camera-service-go/internal/camera/v4l2_device.go:217.50,221.17 3 1
github.com/camerarecorder/mediamtx-camera-service-go/internal/camera/v4l2_device.go:221.17,226.12 2 0
github.com/camerarecorder/mediamtx-camera-service-go/internal/camera/v4l2_device.go:229.3,229.102 1 1
github.com/camerarecorder/mediamtx-camera-service-go/internal/camera/v4l2_device.go:229.102,231.4 1 1
github.com/camerarecorder/mediamtx-camera-service-go/internal/camera/v4l2_device.go:234.2,234.46 1 1
github.com/camerarecorder/mediamtx-camera-service-go/internal/camera/v4l2_device.go:238.102,240.34 1 1
github.com/camerarecorder/mediamtx-camera-service-go/internal/camera/v4l2_device.go:240.34,242.3 1 0
github.com/camerarecorder/mediamtx-camera-service-go/internal/camera/v4l2_device.go:244.2,252.41 2 1
github.com/camerarecorder/mediamtx-camera-service-go/internal/camera/v4l2_device.go:252.41,253.60 1 1
github.com/camerarecorder/mediamtx-camera-service-go/internal/camera/v4l2_device.go:253.60,260.4 3 0
github.com/camerarecorder/mediamtx-camera-service-go/internal/camera/v4l2_device.go:260.9,262.4 1 1
github.com/camerarecorder/mediamtx-camera-service-go/internal/camera/v4l2_device.go:263.8,266.3 2 1
github.com/camerarecorder/mediamtx-camera-service-go/internal/camera/v4l2_device.go:268.2,268.20 1 1
github.com/camerarecorder/mediamtx-camera-service-go/internal/camera/v4l2_device.go:272.67,276.2 1 1
github.com/camerarecorder/mediamtx-camera-service-go/internal/camera/v4l2_device.go:279.80,332.2 10 1
github.com/camerarecorder/mediamtx-camera-service-go/internal/camera/v4l2_device.go:335.95,340.43 3 1
github.com/camerarecorder/mediamtx-camera-service-go/internal/camera/v4l2_device.go:340.43,341.52 1 1
github.com/camerarecorder/mediamtx-camera-service-go/internal/camera/v4l2_device.go:341.52,354.4 6 1
github.com/camerarecorder/mediamtx-camera-service-go/internal/camera/v4l2_device.go:354.9,357.40 2 1
github.com/camerarecorder/mediamtx-camera-service-go/internal/camera/v4l2_device.go:357.40,370.5 6 0
github.com/camerarecorder/mediamtx-camera-service-go/internal/camera/v4l2_device.go:375.2,375.39 1 1
github.com/camerarecorder/mediamtx-camera-service-go/internal/camera/v4l2_device.go:375.39,376.49 1 1
github.com/camerarecorder/mediamtx-camera-service-go/internal/camera/v4l2_device.go:376.49,387.4 5 0
github.com/camerarecorder/mediamtx-camera-service-go/internal/camera/v4l2_integration.go:22.116,23.19 1 0
github.com/camerarecorder/mediamtx-camera-service-go/internal/camera/v4l2_integration.go:23.19,25.3 1 0
github.com/camerarecorder/mediamtx-camera-service-go/internal/camera/v4l2_integration.go:27.2,31.3 1 0
github.com/camerarecorder/mediamtx-camera-service-go/internal/camera/v4l2_integration.go:35.49,39.16 3 0
github.com/camerarecorder/mediamtx-camera-service-go/internal/camera/v4l2_integration.go:39.16,41.3 1 0
github.com/camerarecorder/mediamtx-camera-service-go/internal/camera/v4l2_integration.go:44.2,45.16 2 0
github.com/camerarecorder/mediamtx-camera-service-go/internal/camera/v4l2_integration.go:45.16,47.3 1 0
github.com/camerarecorder/mediamtx-camera-service-go/internal/camera/v4l2_integration.go:50.2,64.49 3 0
github.com/camerarecorder/mediamtx-camera-service-go/internal/camera/v4l2_integration.go:64.49,66.3 1 0
github.com/camerarecorder/mediamtx-camera-service-go/internal/camera/v4l2_integration.go:69.2,74.12 4 0
github.com/camerarecorder/mediamtx-camera-service-go/internal/camera/v4l2_integration.go:78.48,82.17 3 0
github.com/camerarecorder/mediamtx-camera-service-go/internal/camera/v4l2_integration.go:82.17,84.3 1 0
github.com/camerarecorder/mediamtx-camera-service-go/internal/camera/v4l2_integration.go:87.2,87.29 1 0
github.com/camerarecorder/mediamtx-camera-service-go/internal/camera/v4l2_integration.go:87.29,88.49 1 0
github.com/camerarecorder/mediamtx-camera-service-go/internal/camera/v4l2_integration.go:88.49,90.4 1 0
github.com/camerarecorder/mediamtx-camera-service-go/internal/camera/v4l2_integration.go:93.2,97.12 4 0
github.com/camerarecorder/mediamtx-camera-service-go/internal/camera/v4l2_integration.go:101.80,105.29 3 0
github.com/camerarecorder/mediamtx-camera-service-go/internal/camera/v4l2_integration.go:105.29,107.3 1 0
github.com/camerarecorder/mediamtx-camera-service-go/internal/camera/v4l2_integration.go:109.2,109.47 1 0
github.com/camerarecorder/mediamtx-camera-service-go/internal/camera/v4l2_integration.go:113.78,117.29 3 0
github.com/camerarecorder/mediamtx-camera-service-go/internal/camera/v4l2_integration.go:117.29,119.3 1 0
github.com/camerarecorder/mediamtx-camera-service-go/internal/camera/v4l2_integration.go:121.2,121.41 1 0
github.com/camerarecorder/mediamtx-camera-service-go/internal/camera/v4l2_integration.go:125.66,129.29 3 0
github.com/camerarecorder/mediamtx-camera-service-go/internal/camera/v4l2_integration.go:129.29,131.3 1 0
github.com/camerarecorder/mediamtx-camera-service-go/internal/camera/v4l2_integration.go:133.2,133.36 1 0
github.com/camerarecorder/mediamtx-camera-service-go/internal/camera/v4l2_integration.go:137.80,141.44 3 0
github.com/camerarecorder/mediamtx-camera-service-go/internal/camera/v4l2_integration.go:141.44,143.3 1 0
github.com/camerarecorder/mediamtx-camera-service-go/internal/camera/v4l2_integration.go:145.2,157.35 2 0
github.com/camerarecorder/mediamtx-camera-service-go/internal/camera/v4l2_integration.go:161.83,162.16 1 0
github.com/camerarecorder/mediamtx-camera-service-go/internal/camera/v4l2_integration.go:162.16,164.3 1 0
github.com/camerarecorder/mediamtx-camera-service-go/internal/camera/v4l2_integration.go:166.2,166.34 1 0
github.com/camerarecorder/mediamtx-camera-service-go/internal/camera/v4l2_integration.go:166.34,168.3 1 0
github.com/camerarecorder/mediamtx-camera-service-go/internal/camera/v4l2_integration.go:170.2,170.38 1 0
github.com/camerarecorder/mediamtx-camera-service-go/internal/camera/v4l2_integration.go:170.38,172.3 1 0
github.com/camerarecorder/mediamtx-camera-service-go/internal/camera/v4l2_integration.go:174.2,174.38 1 0
github.com/camerarecorder/mediamtx-camera-service-go/internal/camera/v4l2_integration.go:174.38,176.3 1 0
github.com/camerarecorder/mediamtx-camera-service-go/internal/camera/v4l2_integration.go:179.2,179.51 1 0
github.com/camerarecorder/mediamtx-camera-service-go/internal/camera/v4l2_integration.go:179.51,180.20 1 0
github.com/camerarecorder/mediamtx-camera-service-go/internal/camera/v4l2_integration.go:180.20,182.4 1 0
github.com/camerarecorder/mediamtx-camera-service-go/internal/camera/v4l2_integration.go:185.2,185.12 1 0
