mode: set
github.com/camerarecorder/mediamtx-camera-service-go/internal/camera/v4l2_device.go:95.91,96.19 1 1
github.com/camerarecorder/mediamtx-camera-service-go/internal/camera/v4l2_device.go:96.19,106.3 1 1
github.com/camerarecorder/mediamtx-camera-service-go/internal/camera/v4l2_device.go:108.2,108.19 1 1
github.com/camerarecorder/mediamtx-camera-service-go/internal/camera/v4l2_device.go:108.19,110.3 1 1
github.com/camerarecorder/mediamtx-camera-service-go/internal/camera/v4l2_device.go:112.2,120.3 1 1
github.com/camerarecorder/mediamtx-camera-service-go/internal/camera/v4l2_device.go:124.44,128.16 3 1
github.com/camerarecorder/mediamtx-camera-service-go/internal/camera/v4l2_device.go:128.16,130.3 1 1
github.com/camerarecorder/mediamtx-camera-service-go/internal/camera/v4l2_device.go:132.2,139.12 5 1
github.com/camerarecorder/mediamtx-camera-service-go/internal/camera/v4l2_device.go:143.43,147.17 3 1
github.com/camerarecorder/mediamtx-camera-service-go/internal/camera/v4l2_device.go:147.17,149.3 1 1
github.com/camerarecorder/mediamtx-camera-service-go/internal/camera/v4l2_device.go:151.2,156.12 5 1
github.com/camerarecorder/mediamtx-camera-service-go/internal/camera/v4l2_device.go:160.75,165.39 4 1
github.com/camerarecorder/mediamtx-camera-service-go/internal/camera/v4l2_device.go:165.39,166.45 1 1
github.com/camerarecorder/mediamtx-camera-service-go/internal/camera/v4l2_device.go:166.45,168.4 1 0
github.com/camerarecorder/mediamtx-camera-service-go/internal/camera/v4l2_device.go:171.2,171.18 1 1
github.com/camerarecorder/mediamtx-camera-service-go/internal/camera/v4l2_device.go:175.73,181.2 4 1
github.com/camerarecorder/mediamtx-camera-service-go/internal/camera/v4l2_device.go:184.61,191.2 4 1
github.com/camerarecorder/mediamtx-camera-service-go/internal/camera/v4l2_device.go:194.44,203.6 4 1
github.com/camerarecorder/mediamtx-camera-service-go/internal/camera/v4l2_device.go:203.6,204.10 1 1
github.com/camerarecorder/mediamtx-camera-service-go/internal/camera/v4l2_device.go:205.22,207.10 2 1
github.com/camerarecorder/mediamtx-camera-service-go/internal/camera/v4l2_device.go:208.19,209.24 1 1
github.com/camerarecorder/mediamtx-camera-service-go/internal/camera/v4l2_device.go:215.48,222.50 5 1
github.com/camerarecorder/mediamtx-camera-service-go/internal/camera/v4l2_device.go:222.50,226.17 3 1
github.com/camerarecorder/mediamtx-camera-service-go/internal/camera/v4l2_device.go:226.17,231.12 2 1
github.com/camerarecorder/mediamtx-camera-service-go/internal/camera/v4l2_device.go:234.3,234.102 1 1
github.com/camerarecorder/mediamtx-camera-service-go/internal/camera/v4l2_device.go:234.102,236.4 1 1
github.com/camerarecorder/mediamtx-camera-service-go/internal/camera/v4l2_device.go:239.2,239.46 1 1
github.com/camerarecorder/mediamtx-camera-service-go/internal/camera/v4l2_device.go:243.102,245.34 1 1
github.com/camerarecorder/mediamtx-camera-service-go/internal/camera/v4l2_device.go:245.34,247.3 1 1
github.com/camerarecorder/mediamtx-camera-service-go/internal/camera/v4l2_device.go:249.2,257.41 2 1
github.com/camerarecorder/mediamtx-camera-service-go/internal/camera/v4l2_device.go:257.41,258.60 1 1
github.com/camerarecorder/mediamtx-camera-service-go/internal/camera/v4l2_device.go:258.60,265.4 3 1
github.com/camerarecorder/mediamtx-camera-service-go/internal/camera/v4l2_device.go:265.9,267.4 1 1
github.com/camerarecorder/mediamtx-camera-service-go/internal/camera/v4l2_device.go:268.8,271.3 2 1
github.com/camerarecorder/mediamtx-camera-service-go/internal/camera/v4l2_device.go:273.2,273.20 1 1
github.com/camerarecorder/mediamtx-camera-service-go/internal/camera/v4l2_device.go:277.67,281.2 2 1
github.com/camerarecorder/mediamtx-camera-service-go/internal/camera/v4l2_device.go:284.80,291.16 5 1
github.com/camerarecorder/mediamtx-camera-service-go/internal/camera/v4l2_device.go:291.16,296.3 4 1
github.com/camerarecorder/mediamtx-camera-service-go/internal/camera/v4l2_device.go:299.2,300.16 2 1
github.com/camerarecorder/mediamtx-camera-service-go/internal/camera/v4l2_device.go:300.16,305.3 4 0
github.com/camerarecorder/mediamtx-camera-service-go/internal/camera/v4l2_device.go:307.2,312.16 4 1
github.com/camerarecorder/mediamtx-camera-service-go/internal/camera/v4l2_device.go:312.16,321.3 2 0
github.com/camerarecorder/mediamtx-camera-service-go/internal/camera/v4l2_device.go:321.8,324.17 2 1
github.com/camerarecorder/mediamtx-camera-service-go/internal/camera/v4l2_device.go:324.17,330.4 2 0
github.com/camerarecorder/mediamtx-camera-service-go/internal/camera/v4l2_device.go:330.9,332.4 1 1
github.com/camerarecorder/mediamtx-camera-service-go/internal/camera/v4l2_device.go:335.2,339.12 4 1
github.com/camerarecorder/mediamtx-camera-service-go/internal/camera/v4l2_device.go:343.90,351.16 6 1
github.com/camerarecorder/mediamtx-camera-service-go/internal/camera/v4l2_device.go:351.16,353.3 1 1
github.com/camerarecorder/mediamtx-camera-service-go/internal/camera/v4l2_device.go:355.2,355.28 1 1
github.com/camerarecorder/mediamtx-camera-service-go/internal/camera/v4l2_device.go:359.87,366.29 3 1
github.com/camerarecorder/mediamtx-camera-service-go/internal/camera/v4l2_device.go:366.29,369.45 2 1
github.com/camerarecorder/mediamtx-camera-service-go/internal/camera/v4l2_device.go:369.45,371.4 1 1
github.com/camerarecorder/mediamtx-camera-service-go/internal/camera/v4l2_device.go:371.9,371.92 1 1
github.com/camerarecorder/mediamtx-camera-service-go/internal/camera/v4l2_device.go:371.92,373.4 1 1
github.com/camerarecorder/mediamtx-camera-service-go/internal/camera/v4l2_device.go:373.9,373.49 1 1
github.com/camerarecorder/mediamtx-camera-service-go/internal/camera/v4l2_device.go:373.49,375.4 1 1
github.com/camerarecorder/mediamtx-camera-service-go/internal/camera/v4l2_device.go:375.9,375.55 1 1
github.com/camerarecorder/mediamtx-camera-service-go/internal/camera/v4l2_device.go:375.55,377.4 1 1
github.com/camerarecorder/mediamtx-camera-service-go/internal/camera/v4l2_device.go:377.9,377.52 1 1
github.com/camerarecorder/mediamtx-camera-service-go/internal/camera/v4l2_device.go:377.52,381.4 2 1
github.com/camerarecorder/mediamtx-camera-service-go/internal/camera/v4l2_device.go:381.9,381.51 1 1
github.com/camerarecorder/mediamtx-camera-service-go/internal/camera/v4l2_device.go:381.51,385.4 2 1
github.com/camerarecorder/mediamtx-camera-service-go/internal/camera/v4l2_device.go:389.2,389.33 1 1
github.com/camerarecorder/mediamtx-camera-service-go/internal/camera/v4l2_device.go:389.33,391.3 1 0
github.com/camerarecorder/mediamtx-camera-service-go/internal/camera/v4l2_device.go:392.2,392.35 1 1
github.com/camerarecorder/mediamtx-camera-service-go/internal/camera/v4l2_device.go:392.35,394.3 1 0
github.com/camerarecorder/mediamtx-camera-service-go/internal/camera/v4l2_device.go:396.2,396.26 1 1
github.com/camerarecorder/mediamtx-camera-service-go/internal/camera/v4l2_device.go:400.86,406.29 4 1
github.com/camerarecorder/mediamtx-camera-service-go/internal/camera/v4l2_device.go:406.29,409.72 2 1
github.com/camerarecorder/mediamtx-camera-service-go/internal/camera/v4l2_device.go:409.72,411.28 1 0
github.com/camerarecorder/mediamtx-camera-service-go/internal/camera/v4l2_device.go:411.28,413.5 1 0
github.com/camerarecorder/mediamtx-camera-service-go/internal/camera/v4l2_device.go:414.4,416.5 1 0
github.com/camerarecorder/mediamtx-camera-service-go/internal/camera/v4l2_device.go:417.9,417.34 1 1
github.com/camerarecorder/mediamtx-camera-service-go/internal/camera/v4l2_device.go:417.34,418.38 1 0
github.com/camerarecorder/mediamtx-camera-service-go/internal/camera/v4l2_device.go:418.38,420.5 1 0
github.com/camerarecorder/mediamtx-camera-service-go/internal/camera/v4l2_device.go:420.10,420.45 1 0
github.com/camerarecorder/mediamtx-camera-service-go/internal/camera/v4l2_device.go:420.45,425.5 4 0
github.com/camerarecorder/mediamtx-camera-service-go/internal/camera/v4l2_device.go:425.10,425.44 1 0
github.com/camerarecorder/mediamtx-camera-service-go/internal/camera/v4l2_device.go:425.44,427.18 2 0
github.com/camerarecorder/mediamtx-camera-service-go/internal/camera/v4l2_device.go:427.18,429.6 1 0
github.com/camerarecorder/mediamtx-camera-service-go/internal/camera/v4l2_device.go:435.2,435.26 1 1
github.com/camerarecorder/mediamtx-camera-service-go/internal/camera/v4l2_device.go:435.26,437.3 1 0
github.com/camerarecorder/mediamtx-camera-service-go/internal/camera/v4l2_device.go:439.2,439.21 1 1
github.com/camerarecorder/mediamtx-camera-service-go/internal/camera/v4l2_device.go:443.63,445.21 2 1
github.com/camerarecorder/mediamtx-camera-service-go/internal/camera/v4l2_device.go:445.21,447.3 1 1
github.com/camerarecorder/mediamtx-camera-service-go/internal/camera/v4l2_device.go:448.2,448.36 1 1
github.com/camerarecorder/mediamtx-camera-service-go/internal/camera/v4l2_device.go:452.70,457.21 3 1
github.com/camerarecorder/mediamtx-camera-service-go/internal/camera/v4l2_device.go:457.21,459.3 1 1
github.com/camerarecorder/mediamtx-camera-service-go/internal/camera/v4l2_device.go:461.2,462.27 2 1
github.com/camerarecorder/mediamtx-camera-service-go/internal/camera/v4l2_device.go:462.27,464.16 2 1
github.com/camerarecorder/mediamtx-camera-service-go/internal/camera/v4l2_device.go:464.16,466.4 1 1
github.com/camerarecorder/mediamtx-camera-service-go/internal/camera/v4l2_device.go:469.2,469.21 1 1
github.com/camerarecorder/mediamtx-camera-service-go/internal/camera/v4l2_device.go:473.64,475.21 2 1
github.com/camerarecorder/mediamtx-camera-service-go/internal/camera/v4l2_device.go:475.21,477.3 1 1
github.com/camerarecorder/mediamtx-camera-service-go/internal/camera/v4l2_device.go:479.2,482.22 3 1
github.com/camerarecorder/mediamtx-camera-service-go/internal/camera/v4l2_device.go:486.63,501.2 1 1
github.com/camerarecorder/mediamtx-camera-service-go/internal/camera/v4l2_device.go:504.95,509.43 3 1
github.com/camerarecorder/mediamtx-camera-service-go/internal/camera/v4l2_device.go:509.43,510.52 1 1
github.com/camerarecorder/mediamtx-camera-service-go/internal/camera/v4l2_device.go:510.52,523.4 6 1
github.com/camerarecorder/mediamtx-camera-service-go/internal/camera/v4l2_device.go:523.9,526.40 2 1
github.com/camerarecorder/mediamtx-camera-service-go/internal/camera/v4l2_device.go:526.40,539.5 6 0
github.com/camerarecorder/mediamtx-camera-service-go/internal/camera/v4l2_device.go:544.2,544.39 1 1
github.com/camerarecorder/mediamtx-camera-service-go/internal/camera/v4l2_device.go:544.39,545.49 1 1
github.com/camerarecorder/mediamtx-camera-service-go/internal/camera/v4l2_device.go:545.49,556.4 5 0
github.com/camerarecorder/mediamtx-camera-service-go/internal/camera/v4l2_integration.go:22.116,23.19 1 1
github.com/camerarecorder/mediamtx-camera-service-go/internal/camera/v4l2_integration.go:23.19,25.3 1 1
github.com/camerarecorder/mediamtx-camera-service-go/internal/camera/v4l2_integration.go:27.2,31.3 1 1
github.com/camerarecorder/mediamtx-camera-service-go/internal/camera/v4l2_integration.go:35.49,39.16 3 1
github.com/camerarecorder/mediamtx-camera-service-go/internal/camera/v4l2_integration.go:39.16,41.3 1 0
github.com/camerarecorder/mediamtx-camera-service-go/internal/camera/v4l2_integration.go:44.2,45.16 2 1
github.com/camerarecorder/mediamtx-camera-service-go/internal/camera/v4l2_integration.go:45.16,47.3 1 1
github.com/camerarecorder/mediamtx-camera-service-go/internal/camera/v4l2_integration.go:50.2,64.49 3 0
github.com/camerarecorder/mediamtx-camera-service-go/internal/camera/v4l2_integration.go:64.49,66.3 1 0
github.com/camerarecorder/mediamtx-camera-service-go/internal/camera/v4l2_integration.go:69.2,74.12 4 0
github.com/camerarecorder/mediamtx-camera-service-go/internal/camera/v4l2_integration.go:78.48,82.17 3 1
github.com/camerarecorder/mediamtx-camera-service-go/internal/camera/v4l2_integration.go:82.17,84.3 1 1
github.com/camerarecorder/mediamtx-camera-service-go/internal/camera/v4l2_integration.go:87.2,87.29 1 0
github.com/camerarecorder/mediamtx-camera-service-go/internal/camera/v4l2_integration.go:87.29,88.49 1 0
github.com/camerarecorder/mediamtx-camera-service-go/internal/camera/v4l2_integration.go:88.49,90.4 1 0
github.com/camerarecorder/mediamtx-camera-service-go/internal/camera/v4l2_integration.go:93.2,97.12 4 0
github.com/camerarecorder/mediamtx-camera-service-go/internal/camera/v4l2_integration.go:101.80,105.29 3 1
github.com/camerarecorder/mediamtx-camera-service-go/internal/camera/v4l2_integration.go:105.29,107.3 1 1
github.com/camerarecorder/mediamtx-camera-service-go/internal/camera/v4l2_integration.go:109.2,109.47 1 0
github.com/camerarecorder/mediamtx-camera-service-go/internal/camera/v4l2_integration.go:113.78,117.29 3 1
github.com/camerarecorder/mediamtx-camera-service-go/internal/camera/v4l2_integration.go:117.29,119.3 1 1
github.com/camerarecorder/mediamtx-camera-service-go/internal/camera/v4l2_integration.go:121.2,121.41 1 0
github.com/camerarecorder/mediamtx-camera-service-go/internal/camera/v4l2_integration.go:125.66,129.29 3 1
github.com/camerarecorder/mediamtx-camera-service-go/internal/camera/v4l2_integration.go:129.29,131.3 1 1
github.com/camerarecorder/mediamtx-camera-service-go/internal/camera/v4l2_integration.go:133.2,133.36 1 0
github.com/camerarecorder/mediamtx-camera-service-go/internal/camera/v4l2_integration.go:137.80,141.44 3 0
github.com/camerarecorder/mediamtx-camera-service-go/internal/camera/v4l2_integration.go:141.44,143.3 1 0
github.com/camerarecorder/mediamtx-camera-service-go/internal/camera/v4l2_integration.go:145.2,157.35 2 0
github.com/camerarecorder/mediamtx-camera-service-go/internal/camera/v4l2_integration.go:161.83,162.16 1 1
github.com/camerarecorder/mediamtx-camera-service-go/internal/camera/v4l2_integration.go:162.16,164.3 1 1
github.com/camerarecorder/mediamtx-camera-service-go/internal/camera/v4l2_integration.go:166.2,166.34 1 1
github.com/camerarecorder/mediamtx-camera-service-go/internal/camera/v4l2_integration.go:166.34,168.3 1 1
github.com/camerarecorder/mediamtx-camera-service-go/internal/camera/v4l2_integration.go:170.2,170.38 1 1
github.com/camerarecorder/mediamtx-camera-service-go/internal/camera/v4l2_integration.go:170.38,172.3 1 0
github.com/camerarecorder/mediamtx-camera-service-go/internal/camera/v4l2_integration.go:174.2,174.38 1 1
github.com/camerarecorder/mediamtx-camera-service-go/internal/camera/v4l2_integration.go:174.38,176.3 1 0
github.com/camerarecorder/mediamtx-camera-service-go/internal/camera/v4l2_integration.go:179.2,179.51 1 1
github.com/camerarecorder/mediamtx-camera-service-go/internal/camera/v4l2_integration.go:179.51,180.20 1 1
github.com/camerarecorder/mediamtx-camera-service-go/internal/camera/v4l2_integration.go:180.20,182.4 1 0
github.com/camerarecorder/mediamtx-camera-service-go/internal/camera/v4l2_integration.go:185.2,185.12 1 1
