mode: set
github.com/camerarecorder/mediamtx-camera-service-go/internal/websocket/methods.go:37.52,68.2 22 1
github.com/camerarecorder/mediamtx-camera-service-go/internal/websocket/methods.go:71.94,76.108 3 1
github.com/camerarecorder/mediamtx-camera-service-go/internal/websocket/methods.go:76.108,80.50 2 0
github.com/camerarecorder/mediamtx-camera-service-go/internal/websocket/methods.go:80.50,89.4 1 0
github.com/camerarecorder/mediamtx-camera-service-go/internal/websocket/methods.go:91.3,91.64 1 0
github.com/camerarecorder/mediamtx-camera-service-go/internal/websocket/methods.go:91.64,100.4 1 0
github.com/camerarecorder/mediamtx-camera-service-go/internal/websocket/methods.go:103.3,110.17 4 0
github.com/camerarecorder/mediamtx-camera-service-go/internal/websocket/methods.go:110.17,114.4 3 0
github.com/camerarecorder/mediamtx-camera-service-go/internal/websocket/methods.go:116.3,116.23 1 0
github.com/camerarecorder/mediamtx-camera-service-go/internal/websocket/methods.go:119.2,126.65 3 1
github.com/camerarecorder/mediamtx-camera-service-go/internal/websocket/methods.go:131.121,149.2 5 1
github.com/camerarecorder/mediamtx-camera-service-go/internal/websocket/methods.go:153.129,164.28 4 1
github.com/camerarecorder/mediamtx-camera-service-go/internal/websocket/methods.go:164.28,173.3 1 1
github.com/camerarecorder/mediamtx-camera-service-go/internal/websocket/methods.go:176.2,177.16 2 1
github.com/camerarecorder/mediamtx-camera-service-go/internal/websocket/methods.go:177.16,194.3 2 1
github.com/camerarecorder/mediamtx-camera-service-go/internal/websocket/methods.go:197.2,227.8 9 1
github.com/camerarecorder/mediamtx-camera-service-go/internal/websocket/methods.go:232.130,240.27 2 1
github.com/camerarecorder/mediamtx-camera-service-go/internal/websocket/methods.go:240.27,248.3 1 1
github.com/camerarecorder/mediamtx-camera-service-go/internal/websocket/methods.go:251.2,257.42 4 1
github.com/camerarecorder/mediamtx-camera-service-go/internal/websocket/methods.go:257.42,260.30 2 0
github.com/camerarecorder/mediamtx-camera-service-go/internal/websocket/methods.go:260.30,263.4 2 0
github.com/camerarecorder/mediamtx-camera-service-go/internal/websocket/methods.go:266.3,283.35 4 0
github.com/camerarecorder/mediamtx-camera-service-go/internal/websocket/methods.go:283.35,285.4 1 0
github.com/camerarecorder/mediamtx-camera-service-go/internal/websocket/methods.go:288.2,304.8 2 1
github.com/camerarecorder/mediamtx-camera-service-go/internal/websocket/methods.go:309.132,317.27 2 1
github.com/camerarecorder/mediamtx-camera-service-go/internal/websocket/methods.go:317.27,325.3 1 0
github.com/camerarecorder/mediamtx-camera-service-go/internal/websocket/methods.go:328.2,329.25 2 1
github.com/camerarecorder/mediamtx-camera-service-go/internal/websocket/methods.go:329.25,338.3 1 1
github.com/camerarecorder/mediamtx-camera-service-go/internal/websocket/methods.go:341.2,342.13 2 1
github.com/camerarecorder/mediamtx-camera-service-go/internal/websocket/methods.go:342.13,351.3 1 1
github.com/camerarecorder/mediamtx-camera-service-go/internal/websocket/methods.go:354.2,355.29 2 0
github.com/camerarecorder/mediamtx-camera-service-go/internal/websocket/methods.go:355.29,358.3 2 0
github.com/camerarecorder/mediamtx-camera-service-go/internal/websocket/methods.go:361.2,374.29 3 0
github.com/camerarecorder/mediamtx-camera-service-go/internal/websocket/methods.go:374.29,378.41 3 0
github.com/camerarecorder/mediamtx-camera-service-go/internal/websocket/methods.go:378.41,382.4 3 0
github.com/camerarecorder/mediamtx-camera-service-go/internal/websocket/methods.go:384.3,385.44 2 0
github.com/camerarecorder/mediamtx-camera-service-go/internal/websocket/methods.go:388.2,408.8 2 0
github.com/camerarecorder/mediamtx-camera-service-go/internal/websocket/methods.go:413.127,421.27 2 1
github.com/camerarecorder/mediamtx-camera-service-go/internal/websocket/methods.go:421.27,429.3 1 0
github.com/camerarecorder/mediamtx-camera-service-go/internal/websocket/methods.go:432.2,435.33 3 1
github.com/camerarecorder/mediamtx-camera-service-go/internal/websocket/methods.go:435.33,437.17 2 1
github.com/camerarecorder/mediamtx-camera-service-go/internal/websocket/methods.go:437.17,443.4 1 1
github.com/camerarecorder/mediamtx-camera-service-go/internal/websocket/methods.go:449.2,461.50 8 1
github.com/camerarecorder/mediamtx-camera-service-go/internal/websocket/methods.go:461.50,462.30 1 1
github.com/camerarecorder/mediamtx-camera-service-go/internal/websocket/methods.go:462.30,465.4 2 1
github.com/camerarecorder/mediamtx-camera-service-go/internal/websocket/methods.go:468.2,468.23 1 1
github.com/camerarecorder/mediamtx-camera-service-go/internal/websocket/methods.go:468.23,470.3 1 1
github.com/camerarecorder/mediamtx-camera-service-go/internal/websocket/methods.go:473.2,474.34 2 1
github.com/camerarecorder/mediamtx-camera-service-go/internal/websocket/methods.go:474.34,476.3 1 1
github.com/camerarecorder/mediamtx-camera-service-go/internal/websocket/methods.go:479.2,505.26 8 1
github.com/camerarecorder/mediamtx-camera-service-go/internal/websocket/methods.go:505.26,508.37 2 0
github.com/camerarecorder/mediamtx-camera-service-go/internal/websocket/methods.go:508.37,510.4 1 0
github.com/camerarecorder/mediamtx-camera-service-go/internal/websocket/methods.go:513.3,520.35 6 0
github.com/camerarecorder/mediamtx-camera-service-go/internal/websocket/methods.go:523.2,538.8 2 1
github.com/camerarecorder/mediamtx-camera-service-go/internal/websocket/methods.go:543.138,551.27 2 1
github.com/camerarecorder/mediamtx-camera-service-go/internal/websocket/methods.go:551.27,559.3 1 0
github.com/camerarecorder/mediamtx-camera-service-go/internal/websocket/methods.go:562.2,563.25 2 1
github.com/camerarecorder/mediamtx-camera-service-go/internal/websocket/methods.go:563.25,572.3 1 1
github.com/camerarecorder/mediamtx-camera-service-go/internal/websocket/methods.go:575.2,585.13 3 1
github.com/camerarecorder/mediamtx-camera-service-go/internal/websocket/methods.go:585.13,587.3 1 1
github.com/camerarecorder/mediamtx-camera-service-go/internal/websocket/methods.go:587.8,587.41 1 0
github.com/camerarecorder/mediamtx-camera-service-go/internal/websocket/methods.go:587.41,589.3 1 0
github.com/camerarecorder/mediamtx-camera-service-go/internal/websocket/methods.go:589.8,593.41 2 0
github.com/camerarecorder/mediamtx-camera-service-go/internal/websocket/methods.go:593.41,595.4 1 0
github.com/camerarecorder/mediamtx-camera-service-go/internal/websocket/methods.go:596.3,600.41 3 0
github.com/camerarecorder/mediamtx-camera-service-go/internal/websocket/methods.go:600.41,603.4 2 0
github.com/camerarecorder/mediamtx-camera-service-go/internal/websocket/methods.go:604.3,620.57 5 0
github.com/camerarecorder/mediamtx-camera-service-go/internal/websocket/methods.go:624.2,627.8 1 1
github.com/camerarecorder/mediamtx-camera-service-go/internal/websocket/methods.go:632.126,640.27 2 1
github.com/camerarecorder/mediamtx-camera-service-go/internal/websocket/methods.go:640.27,648.3 1 1
github.com/camerarecorder/mediamtx-camera-service-go/internal/websocket/methods.go:651.2,653.16 3 1
github.com/camerarecorder/mediamtx-camera-service-go/internal/websocket/methods.go:653.16,655.3 1 0
github.com/camerarecorder/mediamtx-camera-service-go/internal/websocket/methods.go:658.2,666.28 5 1
github.com/camerarecorder/mediamtx-camera-service-go/internal/websocket/methods.go:666.28,668.3 1 1
github.com/camerarecorder/mediamtx-camera-service-go/internal/websocket/methods.go:668.8,671.3 2 0
github.com/camerarecorder/mediamtx-camera-service-go/internal/websocket/methods.go:674.2,674.16 1 1
github.com/camerarecorder/mediamtx-camera-service-go/internal/websocket/methods.go:674.16,677.3 2 1
github.com/camerarecorder/mediamtx-camera-service-go/internal/websocket/methods.go:682.2,703.8 2 1
github.com/camerarecorder/mediamtx-camera-service-go/internal/websocket/methods.go:708.130,722.27 5 1
github.com/camerarecorder/mediamtx-camera-service-go/internal/websocket/methods.go:722.27,735.3 4 1
github.com/camerarecorder/mediamtx-camera-service-go/internal/websocket/methods.go:738.2,738.76 1 1
github.com/camerarecorder/mediamtx-camera-service-go/internal/websocket/methods.go:738.76,752.3 4 1
github.com/camerarecorder/mediamtx-camera-service-go/internal/websocket/methods.go:754.2,773.8 2 1
github.com/camerarecorder/mediamtx-camera-service-go/internal/websocket/methods.go:778.127,786.27 2 1
github.com/camerarecorder/mediamtx-camera-service-go/internal/websocket/methods.go:786.27,794.3 1 0
github.com/camerarecorder/mediamtx-camera-service-go/internal/websocket/methods.go:797.2,798.16 2 1
github.com/camerarecorder/mediamtx-camera-service-go/internal/websocket/methods.go:798.16,815.3 2 1
github.com/camerarecorder/mediamtx-camera-service-go/internal/websocket/methods.go:818.2,819.33 2 0
github.com/camerarecorder/mediamtx-camera-service-go/internal/websocket/methods.go:819.33,822.27 2 0
github.com/camerarecorder/mediamtx-camera-service-go/internal/websocket/methods.go:822.27,824.4 1 0
github.com/camerarecorder/mediamtx-camera-service-go/internal/websocket/methods.go:826.3,827.19 2 0
github.com/camerarecorder/mediamtx-camera-service-go/internal/websocket/methods.go:827.19,829.4 1 0
github.com/camerarecorder/mediamtx-camera-service-go/internal/websocket/methods.go:831.3,836.5 1 0
github.com/camerarecorder/mediamtx-camera-service-go/internal/websocket/methods.go:839.2,851.8 2 0
github.com/camerarecorder/mediamtx-camera-service-go/internal/websocket/methods.go:856.131,864.27 2 1
github.com/camerarecorder/mediamtx-camera-service-go/internal/websocket/methods.go:864.27,872.3 1 0
github.com/camerarecorder/mediamtx-camera-service-go/internal/websocket/methods.go:875.2,878.19 3 1
github.com/camerarecorder/mediamtx-camera-service-go/internal/websocket/methods.go:878.19,879.42 1 1
github.com/camerarecorder/mediamtx-camera-service-go/internal/websocket/methods.go:879.42,880.79 1 1
github.com/camerarecorder/mediamtx-camera-service-go/internal/websocket/methods.go:880.79,882.5 1 1
github.com/camerarecorder/mediamtx-camera-service-go/internal/websocket/methods.go:882.10,891.5 1 1
github.com/camerarecorder/mediamtx-camera-service-go/internal/websocket/methods.go:894.3,894.44 1 1
github.com/camerarecorder/mediamtx-camera-service-go/internal/websocket/methods.go:894.44,895.62 1 1
github.com/camerarecorder/mediamtx-camera-service-go/internal/websocket/methods.go:895.62,897.5 1 1
github.com/camerarecorder/mediamtx-camera-service-go/internal/websocket/methods.go:897.10,906.5 1 0
github.com/camerarecorder/mediamtx-camera-service-go/internal/websocket/methods.go:911.2,912.16 2 1
github.com/camerarecorder/mediamtx-camera-service-go/internal/websocket/methods.go:912.16,927.3 2 1
github.com/camerarecorder/mediamtx-camera-service-go/internal/websocket/methods.go:930.2,931.38 2 0
github.com/camerarecorder/mediamtx-camera-service-go/internal/websocket/methods.go:931.38,940.27 2 0
github.com/camerarecorder/mediamtx-camera-service-go/internal/websocket/methods.go:940.27,942.4 1 0
github.com/camerarecorder/mediamtx-camera-service-go/internal/websocket/methods.go:944.3,944.22 1 0
github.com/camerarecorder/mediamtx-camera-service-go/internal/websocket/methods.go:947.2,963.8 2 0
github.com/camerarecorder/mediamtx-camera-service-go/internal/websocket/methods.go:968.132,976.27 2 1
github.com/camerarecorder/mediamtx-camera-service-go/internal/websocket/methods.go:976.27,984.3 1 0
github.com/camerarecorder/mediamtx-camera-service-go/internal/websocket/methods.go:987.2,987.19 1 1
github.com/camerarecorder/mediamtx-camera-service-go/internal/websocket/methods.go:987.19,996.3 1 0
github.com/camerarecorder/mediamtx-camera-service-go/internal/websocket/methods.go:998.2,999.27 2 1
github.com/camerarecorder/mediamtx-camera-service-go/internal/websocket/methods.go:999.27,1008.3 1 1
github.com/camerarecorder/mediamtx-camera-service-go/internal/websocket/methods.go:1011.2,1012.16 2 1
github.com/camerarecorder/mediamtx-camera-service-go/internal/websocket/methods.go:1012.16,1028.3 2 1
github.com/camerarecorder/mediamtx-camera-service-go/internal/websocket/methods.go:1030.2,1044.8 2 0
github.com/camerarecorder/mediamtx-camera-service-go/internal/websocket/methods.go:1049.131,1057.27 2 1
github.com/camerarecorder/mediamtx-camera-service-go/internal/websocket/methods.go:1057.27,1065.3 1 0
github.com/camerarecorder/mediamtx-camera-service-go/internal/websocket/methods.go:1068.2,1068.19 1 1
github.com/camerarecorder/mediamtx-camera-service-go/internal/websocket/methods.go:1068.19,1077.3 1 0
github.com/camerarecorder/mediamtx-camera-service-go/internal/websocket/methods.go:1079.2,1080.27 2 1
github.com/camerarecorder/mediamtx-camera-service-go/internal/websocket/methods.go:1080.27,1089.3 1 1
github.com/camerarecorder/mediamtx-camera-service-go/internal/websocket/methods.go:1092.2,1093.16 2 1
github.com/camerarecorder/mediamtx-camera-service-go/internal/websocket/methods.go:1093.16,1109.3 2 1
github.com/camerarecorder/mediamtx-camera-service-go/internal/websocket/methods.go:1111.2,1125.8 2 0
github.com/camerarecorder/mediamtx-camera-service-go/internal/websocket/methods.go:1130.131,1138.27 2 1
github.com/camerarecorder/mediamtx-camera-service-go/internal/websocket/methods.go:1138.27,1146.3 1 0
github.com/camerarecorder/mediamtx-camera-service-go/internal/websocket/methods.go:1149.2,1150.19 2 1
github.com/camerarecorder/mediamtx-camera-service-go/internal/websocket/methods.go:1150.19,1159.3 1 0
github.com/camerarecorder/mediamtx-camera-service-go/internal/websocket/methods.go:1161.2,1167.16 5 1
github.com/camerarecorder/mediamtx-camera-service-go/internal/websocket/methods.go:1167.16,1183.3 2 0
github.com/camerarecorder/mediamtx-camera-service-go/internal/websocket/methods.go:1186.2,1193.50 6 1
github.com/camerarecorder/mediamtx-camera-service-go/internal/websocket/methods.go:1193.50,1195.3 1 1
github.com/camerarecorder/mediamtx-camera-service-go/internal/websocket/methods.go:1197.2,1198.49 2 1
github.com/camerarecorder/mediamtx-camera-service-go/internal/websocket/methods.go:1198.49,1200.3 1 1
github.com/camerarecorder/mediamtx-camera-service-go/internal/websocket/methods.go:1203.2,1225.8 3 1
github.com/camerarecorder/mediamtx-camera-service-go/internal/websocket/methods.go:1229.72,1232.85 2 1
github.com/camerarecorder/mediamtx-camera-service-go/internal/websocket/methods.go:1232.85,1233.17 1 1
github.com/camerarecorder/mediamtx-camera-service-go/internal/websocket/methods.go:1233.17,1235.4 1 0
github.com/camerarecorder/mediamtx-camera-service-go/internal/websocket/methods.go:1236.3,1236.20 1 1
github.com/camerarecorder/mediamtx-camera-service-go/internal/websocket/methods.go:1236.20,1238.4 1 0
github.com/camerarecorder/mediamtx-camera-service-go/internal/websocket/methods.go:1239.3,1239.13 1 1
github.com/camerarecorder/mediamtx-camera-service-go/internal/websocket/methods.go:1242.2,1242.16 1 1
github.com/camerarecorder/mediamtx-camera-service-go/internal/websocket/methods.go:1242.16,1247.3 1 0
github.com/camerarecorder/mediamtx-camera-service-go/internal/websocket/methods.go:1249.2,1249.18 1 1
github.com/camerarecorder/mediamtx-camera-service-go/internal/websocket/methods.go:1254.132,1262.27 2 1
github.com/camerarecorder/mediamtx-camera-service-go/internal/websocket/methods.go:1262.27,1270.3 1 0
github.com/camerarecorder/mediamtx-camera-service-go/internal/websocket/methods.go:1273.2,1274.16 2 1
github.com/camerarecorder/mediamtx-camera-service-go/internal/websocket/methods.go:1274.16,1283.3 1 0
github.com/camerarecorder/mediamtx-camera-service-go/internal/websocket/methods.go:1286.2,1286.34 1 1
github.com/camerarecorder/mediamtx-camera-service-go/internal/websocket/methods.go:1286.34,1295.3 1 0
github.com/camerarecorder/mediamtx-camera-service-go/internal/websocket/methods.go:1298.2,1302.39 4 1
github.com/camerarecorder/mediamtx-camera-service-go/internal/websocket/methods.go:1302.39,1305.3 1 1
github.com/camerarecorder/mediamtx-camera-service-go/internal/websocket/methods.go:1305.8,1305.47 1 0
github.com/camerarecorder/mediamtx-camera-service-go/internal/websocket/methods.go:1305.47,1308.3 1 0
github.com/camerarecorder/mediamtx-camera-service-go/internal/websocket/methods.go:1308.8,1317.3 1 0
github.com/camerarecorder/mediamtx-camera-service-go/internal/websocket/methods.go:1319.2,1319.16 1 1
github.com/camerarecorder/mediamtx-camera-service-go/internal/websocket/methods.go:1319.16,1334.3 2 0
github.com/camerarecorder/mediamtx-camera-service-go/internal/websocket/methods.go:1336.2,1352.8 2 1
github.com/camerarecorder/mediamtx-camera-service-go/internal/websocket/methods.go:1357.135,1365.27 2 1
github.com/camerarecorder/mediamtx-camera-service-go/internal/websocket/methods.go:1365.27,1373.3 1 0
github.com/camerarecorder/mediamtx-camera-service-go/internal/websocket/methods.go:1376.2,1376.19 1 1
github.com/camerarecorder/mediamtx-camera-service-go/internal/websocket/methods.go:1376.19,1385.3 1 0
github.com/camerarecorder/mediamtx-camera-service-go/internal/websocket/methods.go:1388.2,1389.29 2 1
github.com/camerarecorder/mediamtx-camera-service-go/internal/websocket/methods.go:1389.29,1398.3 1 1
github.com/camerarecorder/mediamtx-camera-service-go/internal/websocket/methods.go:1401.2,1402.35 2 1
github.com/camerarecorder/mediamtx-camera-service-go/internal/websocket/methods.go:1402.35,1411.3 1 0
github.com/camerarecorder/mediamtx-camera-service-go/internal/websocket/methods.go:1414.2,1415.9 2 1
github.com/camerarecorder/mediamtx-camera-service-go/internal/websocket/methods.go:1415.9,1424.3 1 0
github.com/camerarecorder/mediamtx-camera-service-go/internal/websocket/methods.go:1427.2,1427.25 1 1
github.com/camerarecorder/mediamtx-camera-service-go/internal/websocket/methods.go:1427.25,1429.14 2 1
github.com/camerarecorder/mediamtx-camera-service-go/internal/websocket/methods.go:1429.14,1438.4 1 0
github.com/camerarecorder/mediamtx-camera-service-go/internal/websocket/methods.go:1441.3,1442.33 2 1
github.com/camerarecorder/mediamtx-camera-service-go/internal/websocket/methods.go:1443.12,1444.28 1 1
github.com/camerarecorder/mediamtx-camera-service-go/internal/websocket/methods.go:1445.16,1446.19 1 0
github.com/camerarecorder/mediamtx-camera-service-go/internal/websocket/methods.go:1447.11,1455.10 1 0
github.com/camerarecorder/mediamtx-camera-service-go/internal/websocket/methods.go:1458.3,1458.23 1 1
github.com/camerarecorder/mediamtx-camera-service-go/internal/websocket/methods.go:1458.23,1467.4 1 0
github.com/camerarecorder/mediamtx-camera-service-go/internal/websocket/methods.go:1471.2,1471.26 1 1
github.com/camerarecorder/mediamtx-camera-service-go/internal/websocket/methods.go:1471.26,1473.14 2 0
github.com/camerarecorder/mediamtx-camera-service-go/internal/websocket/methods.go:1473.14,1482.4 1 0
github.com/camerarecorder/mediamtx-camera-service-go/internal/websocket/methods.go:1485.3,1486.32 2 0
github.com/camerarecorder/mediamtx-camera-service-go/internal/websocket/methods.go:1487.12,1488.29 1 0
github.com/camerarecorder/mediamtx-camera-service-go/internal/websocket/methods.go:1489.16,1490.20 1 0
github.com/camerarecorder/mediamtx-camera-service-go/internal/websocket/methods.go:1491.11,1499.10 1 0
github.com/camerarecorder/mediamtx-camera-service-go/internal/websocket/methods.go:1502.3,1502.24 1 0
github.com/camerarecorder/mediamtx-camera-service-go/internal/websocket/methods.go:1502.24,1511.4 1 0
github.com/camerarecorder/mediamtx-camera-service-go/internal/websocket/methods.go:1515.2,1516.16 2 1
github.com/camerarecorder/mediamtx-camera-service-go/internal/websocket/methods.go:1516.16,1525.3 1 0
github.com/camerarecorder/mediamtx-camera-service-go/internal/websocket/methods.go:1528.2,1532.25 3 1
github.com/camerarecorder/mediamtx-camera-service-go/internal/websocket/methods.go:1532.25,1533.61 1 1
github.com/camerarecorder/mediamtx-camera-service-go/internal/websocket/methods.go:1533.61,1535.4 1 0
github.com/camerarecorder/mediamtx-camera-service-go/internal/websocket/methods.go:1535.9,1535.64 1 1
github.com/camerarecorder/mediamtx-camera-service-go/internal/websocket/methods.go:1535.64,1537.4 1 1
github.com/camerarecorder/mediamtx-camera-service-go/internal/websocket/methods.go:1538.8,1538.33 1 0
github.com/camerarecorder/mediamtx-camera-service-go/internal/websocket/methods.go:1538.33,1539.59 1 0
github.com/camerarecorder/mediamtx-camera-service-go/internal/websocket/methods.go:1539.59,1541.4 1 0
github.com/camerarecorder/mediamtx-camera-service-go/internal/websocket/methods.go:1541.9,1541.62 1 0
github.com/camerarecorder/mediamtx-camera-service-go/internal/websocket/methods.go:1541.62,1543.4 1 0
github.com/camerarecorder/mediamtx-camera-service-go/internal/websocket/methods.go:1549.2,1565.25 3 1
github.com/camerarecorder/mediamtx-camera-service-go/internal/websocket/methods.go:1565.25,1566.61 1 1
github.com/camerarecorder/mediamtx-camera-service-go/internal/websocket/methods.go:1566.61,1568.4 1 0
github.com/camerarecorder/mediamtx-camera-service-go/internal/websocket/methods.go:1568.9,1568.64 1 1
github.com/camerarecorder/mediamtx-camera-service-go/internal/websocket/methods.go:1568.64,1570.4 1 1
github.com/camerarecorder/mediamtx-camera-service-go/internal/websocket/methods.go:1571.8,1571.33 1 0
github.com/camerarecorder/mediamtx-camera-service-go/internal/websocket/methods.go:1571.33,1572.59 1 0
github.com/camerarecorder/mediamtx-camera-service-go/internal/websocket/methods.go:1572.59,1574.4 1 0
github.com/camerarecorder/mediamtx-camera-service-go/internal/websocket/methods.go:1574.9,1574.62 1 0
github.com/camerarecorder/mediamtx-camera-service-go/internal/websocket/methods.go:1574.62,1576.4 1 0
github.com/camerarecorder/mediamtx-camera-service-go/internal/websocket/methods.go:1579.2,1582.8 1 1
github.com/camerarecorder/mediamtx-camera-service-go/internal/websocket/methods.go:1587.130,1595.27 2 1
github.com/camerarecorder/mediamtx-camera-service-go/internal/websocket/methods.go:1595.27,1603.3 1 0
github.com/camerarecorder/mediamtx-camera-service-go/internal/websocket/methods.go:1606.2,1609.19 3 1
github.com/camerarecorder/mediamtx-camera-service-go/internal/websocket/methods.go:1609.19,1610.42 1 1
github.com/camerarecorder/mediamtx-camera-service-go/internal/websocket/methods.go:1610.42,1611.79 1 1
github.com/camerarecorder/mediamtx-camera-service-go/internal/websocket/methods.go:1611.79,1613.5 1 1
github.com/camerarecorder/mediamtx-camera-service-go/internal/websocket/methods.go:1613.10,1622.5 1 0
github.com/camerarecorder/mediamtx-camera-service-go/internal/websocket/methods.go:1625.3,1625.44 1 1
github.com/camerarecorder/mediamtx-camera-service-go/internal/websocket/methods.go:1625.44,1626.62 1 1
github.com/camerarecorder/mediamtx-camera-service-go/internal/websocket/methods.go:1626.62,1628.5 1 1
github.com/camerarecorder/mediamtx-camera-service-go/internal/websocket/methods.go:1628.10,1637.5 1 0
github.com/camerarecorder/mediamtx-camera-service-go/internal/websocket/methods.go:1642.2,1643.16 2 1
github.com/camerarecorder/mediamtx-camera-service-go/internal/websocket/methods.go:1643.16,1658.3 2 1
github.com/camerarecorder/mediamtx-camera-service-go/internal/websocket/methods.go:1661.2,1662.38 2 0
github.com/camerarecorder/mediamtx-camera-service-go/internal/websocket/methods.go:1662.38,1671.3 2 0
github.com/camerarecorder/mediamtx-camera-service-go/internal/websocket/methods.go:1673.2,1689.8 2 0
github.com/camerarecorder/mediamtx-camera-service-go/internal/websocket/methods.go:1694.129,1702.27 2 1
github.com/camerarecorder/mediamtx-camera-service-go/internal/websocket/methods.go:1702.27,1710.3 1 0
github.com/camerarecorder/mediamtx-camera-service-go/internal/websocket/methods.go:1713.2,1713.19 1 1
github.com/camerarecorder/mediamtx-camera-service-go/internal/websocket/methods.go:1713.19,1722.3 1 0
github.com/camerarecorder/mediamtx-camera-service-go/internal/websocket/methods.go:1724.2,1725.29 2 1
github.com/camerarecorder/mediamtx-camera-service-go/internal/websocket/methods.go:1725.29,1734.3 1 1
github.com/camerarecorder/mediamtx-camera-service-go/internal/websocket/methods.go:1737.2,1738.71 2 1
github.com/camerarecorder/mediamtx-camera-service-go/internal/websocket/methods.go:1738.71,1740.3 1 1
github.com/camerarecorder/mediamtx-camera-service-go/internal/websocket/methods.go:1741.2,1741.65 1 1
github.com/camerarecorder/mediamtx-camera-service-go/internal/websocket/methods.go:1741.65,1743.3 1 0
github.com/camerarecorder/mediamtx-camera-service-go/internal/websocket/methods.go:1744.2,1744.63 1 1
github.com/camerarecorder/mediamtx-camera-service-go/internal/websocket/methods.go:1744.63,1746.3 1 1
github.com/camerarecorder/mediamtx-camera-service-go/internal/websocket/methods.go:1749.2,1750.13 2 1
github.com/camerarecorder/mediamtx-camera-service-go/internal/websocket/methods.go:1750.13,1761.3 1 1
github.com/camerarecorder/mediamtx-camera-service-go/internal/websocket/methods.go:1764.2,1765.16 2 0
github.com/camerarecorder/mediamtx-camera-service-go/internal/websocket/methods.go:1765.16,1783.3 2 0
github.com/camerarecorder/mediamtx-camera-service-go/internal/websocket/methods.go:1785.2,1802.8 2 0
github.com/camerarecorder/mediamtx-camera-service-go/internal/websocket/methods.go:1807.131,1815.27 2 1
github.com/camerarecorder/mediamtx-camera-service-go/internal/websocket/methods.go:1815.27,1823.3 1 0
github.com/camerarecorder/mediamtx-camera-service-go/internal/websocket/methods.go:1826.2,1826.19 1 1
github.com/camerarecorder/mediamtx-camera-service-go/internal/websocket/methods.go:1826.19,1835.3 1 0
github.com/camerarecorder/mediamtx-camera-service-go/internal/websocket/methods.go:1837.2,1838.29 2 1
github.com/camerarecorder/mediamtx-camera-service-go/internal/websocket/methods.go:1838.29,1847.3 1 1
github.com/camerarecorder/mediamtx-camera-service-go/internal/websocket/methods.go:1850.2,1851.74 2 1
github.com/camerarecorder/mediamtx-camera-service-go/internal/websocket/methods.go:1851.74,1853.3 1 0
github.com/camerarecorder/mediamtx-camera-service-go/internal/websocket/methods.go:1854.2,1854.65 1 1
github.com/camerarecorder/mediamtx-camera-service-go/internal/websocket/methods.go:1854.65,1856.3 1 1
github.com/camerarecorder/mediamtx-camera-service-go/internal/websocket/methods.go:1857.2,1857.62 1 1
github.com/camerarecorder/mediamtx-camera-service-go/internal/websocket/methods.go:1857.62,1859.3 1 0
github.com/camerarecorder/mediamtx-camera-service-go/internal/websocket/methods.go:1860.2,1860.63 1 1
github.com/camerarecorder/mediamtx-camera-service-go/internal/websocket/methods.go:1860.63,1862.3 1 0
github.com/camerarecorder/mediamtx-camera-service-go/internal/websocket/methods.go:1865.2,1865.69 1 1
github.com/camerarecorder/mediamtx-camera-service-go/internal/websocket/methods.go:1865.69,1867.3 1 0
github.com/camerarecorder/mediamtx-camera-service-go/internal/websocket/methods.go:1868.2,1868.66 1 1
github.com/camerarecorder/mediamtx-camera-service-go/internal/websocket/methods.go:1868.66,1870.3 1 0
github.com/camerarecorder/mediamtx-camera-service-go/internal/websocket/methods.go:1871.2,1871.58 1 1
github.com/camerarecorder/mediamtx-camera-service-go/internal/websocket/methods.go:1871.58,1873.3 1 0
github.com/camerarecorder/mediamtx-camera-service-go/internal/websocket/methods.go:1874.2,1874.82 1 1
github.com/camerarecorder/mediamtx-camera-service-go/internal/websocket/methods.go:1874.82,1876.3 1 0
github.com/camerarecorder/mediamtx-camera-service-go/internal/websocket/methods.go:1877.2,1877.80 1 1
github.com/camerarecorder/mediamtx-camera-service-go/internal/websocket/methods.go:1877.80,1879.3 1 0
github.com/camerarecorder/mediamtx-camera-service-go/internal/websocket/methods.go:1880.2,1880.56 1 1
github.com/camerarecorder/mediamtx-camera-service-go/internal/websocket/methods.go:1880.56,1882.3 1 0
github.com/camerarecorder/mediamtx-camera-service-go/internal/websocket/methods.go:1883.2,1883.81 1 1
github.com/camerarecorder/mediamtx-camera-service-go/internal/websocket/methods.go:1883.81,1885.3 1 0
github.com/camerarecorder/mediamtx-camera-service-go/internal/websocket/methods.go:1888.2,1888.64 1 1
github.com/camerarecorder/mediamtx-camera-service-go/internal/websocket/methods.go:1888.64,1890.3 1 0
github.com/camerarecorder/mediamtx-camera-service-go/internal/websocket/methods.go:1891.2,1891.87 1 1
github.com/camerarecorder/mediamtx-camera-service-go/internal/websocket/methods.go:1891.87,1893.3 1 0
github.com/camerarecorder/mediamtx-camera-service-go/internal/websocket/methods.go:1894.2,1894.66 1 1
github.com/camerarecorder/mediamtx-camera-service-go/internal/websocket/methods.go:1894.66,1896.3 1 0
github.com/camerarecorder/mediamtx-camera-service-go/internal/websocket/methods.go:1897.2,1897.66 1 1
github.com/camerarecorder/mediamtx-camera-service-go/internal/websocket/methods.go:1897.66,1899.3 1 0
github.com/camerarecorder/mediamtx-camera-service-go/internal/websocket/methods.go:1900.2,1900.87 1 1
github.com/camerarecorder/mediamtx-camera-service-go/internal/websocket/methods.go:1900.87,1902.3 1 0
github.com/camerarecorder/mediamtx-camera-service-go/internal/websocket/methods.go:1903.2,1903.76 1 1
github.com/camerarecorder/mediamtx-camera-service-go/internal/websocket/methods.go:1903.76,1905.3 1 0
github.com/camerarecorder/mediamtx-camera-service-go/internal/websocket/methods.go:1906.2,1906.66 1 1
github.com/camerarecorder/mediamtx-camera-service-go/internal/websocket/methods.go:1906.66,1908.3 1 0
github.com/camerarecorder/mediamtx-camera-service-go/internal/websocket/methods.go:1911.2,1912.13 2 1
github.com/camerarecorder/mediamtx-camera-service-go/internal/websocket/methods.go:1912.13,1942.3 5 1
github.com/camerarecorder/mediamtx-camera-service-go/internal/websocket/methods.go:1945.2,1946.16 2 0
github.com/camerarecorder/mediamtx-camera-service-go/internal/websocket/methods.go:1946.16,1974.3 5 0
github.com/camerarecorder/mediamtx-camera-service-go/internal/websocket/methods.go:1976.2,2003.8 2 0
github.com/camerarecorder/mediamtx-camera-service-go/internal/websocket/methods.go:2008.130,2016.27 2 1
github.com/camerarecorder/mediamtx-camera-service-go/internal/websocket/methods.go:2016.27,2024.3 1 0
github.com/camerarecorder/mediamtx-camera-service-go/internal/websocket/methods.go:2027.2,2027.19 1 1
github.com/camerarecorder/mediamtx-camera-service-go/internal/websocket/methods.go:2027.19,2036.3 1 0
github.com/camerarecorder/mediamtx-camera-service-go/internal/websocket/methods.go:2038.2,2039.29 2 1
github.com/camerarecorder/mediamtx-camera-service-go/internal/websocket/methods.go:2039.29,2048.3 1 1
github.com/camerarecorder/mediamtx-camera-service-go/internal/websocket/methods.go:2051.2,2052.13 2 1
github.com/camerarecorder/mediamtx-camera-service-go/internal/websocket/methods.go:2052.13,2063.3 1 1
github.com/camerarecorder/mediamtx-camera-service-go/internal/websocket/methods.go:2066.2,2067.13 2 0
github.com/camerarecorder/mediamtx-camera-service-go/internal/websocket/methods.go:2067.13,2078.3 1 0
github.com/camerarecorder/mediamtx-camera-service-go/internal/websocket/methods.go:2080.2,2080.21 1 0
github.com/camerarecorder/mediamtx-camera-service-go/internal/websocket/methods.go:2080.21,2091.3 1 0
github.com/camerarecorder/mediamtx-camera-service-go/internal/websocket/methods.go:2094.2,2095.16 2 0
github.com/camerarecorder/mediamtx-camera-service-go/internal/websocket/methods.go:2095.16,2114.3 2 0
github.com/camerarecorder/mediamtx-camera-service-go/internal/websocket/methods.go:2116.2,2131.8 2 0
github.com/camerarecorder/mediamtx-camera-service-go/internal/websocket/methods.go:2135.81,2138.20 2 0
github.com/camerarecorder/mediamtx-camera-service-go/internal/websocket/methods.go:2138.20,2140.3 1 0
github.com/camerarecorder/mediamtx-camera-service-go/internal/websocket/methods.go:2141.2,2141.18 1 0
github.com/camerarecorder/mediamtx-camera-service-go/internal/websocket/methods.go:2146.133,2154.27 2 1
github.com/camerarecorder/mediamtx-camera-service-go/internal/websocket/methods.go:2154.27,2162.3 1 0
github.com/camerarecorder/mediamtx-camera-service-go/internal/websocket/methods.go:2165.2,2165.19 1 1
github.com/camerarecorder/mediamtx-camera-service-go/internal/websocket/methods.go:2165.19,2174.3 1 0
github.com/camerarecorder/mediamtx-camera-service-go/internal/websocket/methods.go:2176.2,2177.27 2 1
github.com/camerarecorder/mediamtx-camera-service-go/internal/websocket/methods.go:2177.27,2186.3 1 1
github.com/camerarecorder/mediamtx-camera-service-go/internal/websocket/methods.go:2189.2,2190.16 2 1
github.com/camerarecorder/mediamtx-camera-service-go/internal/websocket/methods.go:2190.16,2206.3 2 1
github.com/camerarecorder/mediamtx-camera-service-go/internal/websocket/methods.go:2208.2,2224.34 3 0
github.com/camerarecorder/mediamtx-camera-service-go/internal/websocket/methods.go:2224.34,2226.3 1 0
github.com/camerarecorder/mediamtx-camera-service-go/internal/websocket/methods.go:2226.8,2229.3 1 0
github.com/camerarecorder/mediamtx-camera-service-go/internal/websocket/methods.go:2231.2,2234.8 1 0
github.com/camerarecorder/mediamtx-camera-service-go/internal/websocket/methods.go:2239.132,2247.27 2 1
github.com/camerarecorder/mediamtx-camera-service-go/internal/websocket/methods.go:2247.27,2255.3 1 0
github.com/camerarecorder/mediamtx-camera-service-go/internal/websocket/methods.go:2258.2,2258.19 1 1
github.com/camerarecorder/mediamtx-camera-service-go/internal/websocket/methods.go:2258.19,2267.3 1 0
github.com/camerarecorder/mediamtx-camera-service-go/internal/websocket/methods.go:2269.2,2270.27 2 1
github.com/camerarecorder/mediamtx-camera-service-go/internal/websocket/methods.go:2270.27,2279.3 1 1
github.com/camerarecorder/mediamtx-camera-service-go/internal/websocket/methods.go:2282.2,2283.16 2 1
github.com/camerarecorder/mediamtx-camera-service-go/internal/websocket/methods.go:2283.16,2299.3 2 1
github.com/camerarecorder/mediamtx-camera-service-go/internal/websocket/methods.go:2301.2,2317.8 2 0
github.com/camerarecorder/mediamtx-camera-service-go/internal/websocket/methods.go:2322.50,2323.14 1 1
github.com/camerarecorder/mediamtx-camera-service-go/internal/websocket/methods.go:2324.15,2325.46 1 0
github.com/camerarecorder/mediamtx-camera-service-go/internal/websocket/methods.go:2326.18,2327.37 1 0
github.com/camerarecorder/mediamtx-camera-service-go/internal/websocket/methods.go:2328.16,2329.26 1 1
github.com/camerarecorder/mediamtx-camera-service-go/internal/websocket/methods.go:2330.10,2331.20 1 0
github.com/camerarecorder/mediamtx-camera-service-go/internal/websocket/methods.go:2336.28,2339.16 2 1
github.com/camerarecorder/mediamtx-camera-service-go/internal/websocket/methods.go:2339.16,2341.3 1 0
github.com/camerarecorder/mediamtx-camera-service-go/internal/websocket/methods.go:2344.2,2345.21 2 1
github.com/camerarecorder/mediamtx-camera-service-go/internal/websocket/methods.go:2345.21,2347.3 1 0
github.com/camerarecorder/mediamtx-camera-service-go/internal/websocket/methods.go:2350.2,2351.43 2 1
github.com/camerarecorder/mediamtx-camera-service-go/internal/websocket/methods.go:2351.43,2353.3 1 0
github.com/camerarecorder/mediamtx-camera-service-go/internal/websocket/methods.go:2356.2,2357.35 2 1
github.com/camerarecorder/mediamtx-camera-service-go/internal/websocket/methods.go:2357.35,2359.17 2 1
github.com/camerarecorder/mediamtx-camera-service-go/internal/websocket/methods.go:2359.17,2361.4 1 0
github.com/camerarecorder/mediamtx-camera-service-go/internal/websocket/methods.go:2362.3,2362.29 1 1
github.com/camerarecorder/mediamtx-camera-service-go/internal/websocket/methods.go:2366.2,2367.29 2 1
github.com/camerarecorder/mediamtx-camera-service-go/internal/websocket/methods.go:2367.29,2369.3 1 1
github.com/camerarecorder/mediamtx-camera-service-go/internal/websocket/methods.go:2371.2,2372.21 2 1
github.com/camerarecorder/mediamtx-camera-service-go/internal/websocket/methods.go:2372.21,2374.3 1 1
github.com/camerarecorder/mediamtx-camera-service-go/internal/websocket/methods.go:2377.2,2377.16 1 1
github.com/camerarecorder/mediamtx-camera-service-go/internal/websocket/methods.go:2377.16,2379.3 1 0
github.com/camerarecorder/mediamtx-camera-service-go/internal/websocket/methods.go:2381.2,2382.14 2 1
github.com/camerarecorder/mediamtx-camera-service-go/internal/websocket/methods.go:2386.86,2389.16 2 1
github.com/camerarecorder/mediamtx-camera-service-go/internal/websocket/methods.go:2389.16,2391.3 1 0
github.com/camerarecorder/mediamtx-camera-service-go/internal/websocket/methods.go:2393.2,2404.16 7 1
github.com/camerarecorder/mediamtx-camera-service-go/internal/websocket/methods.go:2404.16,2406.3 1 0
github.com/camerarecorder/mediamtx-camera-service-go/internal/websocket/methods.go:2406.8,2409.3 2 1
github.com/camerarecorder/mediamtx-camera-service-go/internal/websocket/methods.go:2412.2,2413.16 2 1
github.com/camerarecorder/mediamtx-camera-service-go/internal/websocket/methods.go:2413.16,2415.3 1 0
github.com/camerarecorder/mediamtx-camera-service-go/internal/websocket/methods.go:2415.8,2418.3 2 1
github.com/camerarecorder/mediamtx-camera-service-go/internal/websocket/methods.go:2420.2,2420.37 1 1
github.com/camerarecorder/mediamtx-camera-service-go/internal/websocket/methods.go:2424.86,2427.16 2 0
github.com/camerarecorder/mediamtx-camera-service-go/internal/websocket/methods.go:2427.16,2429.3 1 0
github.com/camerarecorder/mediamtx-camera-service-go/internal/websocket/methods.go:2431.2,2442.16 7 0
github.com/camerarecorder/mediamtx-camera-service-go/internal/websocket/methods.go:2442.16,2444.3 1 0
github.com/camerarecorder/mediamtx-camera-service-go/internal/websocket/methods.go:2444.8,2447.3 2 0
github.com/camerarecorder/mediamtx-camera-service-go/internal/websocket/methods.go:2450.2,2451.16 2 0
github.com/camerarecorder/mediamtx-camera-service-go/internal/websocket/methods.go:2451.16,2453.3 1 0
github.com/camerarecorder/mediamtx-camera-service-go/internal/websocket/methods.go:2453.8,2456.3 2 0
github.com/camerarecorder/mediamtx-camera-service-go/internal/websocket/methods.go:2458.2,2458.37 1 0
github.com/camerarecorder/mediamtx-camera-service-go/internal/websocket/methods.go:2462.102,2464.16 2 1
github.com/camerarecorder/mediamtx-camera-service-go/internal/websocket/methods.go:2464.16,2466.3 1 0
github.com/camerarecorder/mediamtx-camera-service-go/internal/websocket/methods.go:2468.2,2471.32 3 1
github.com/camerarecorder/mediamtx-camera-service-go/internal/websocket/methods.go:2471.32,2472.20 1 0
github.com/camerarecorder/mediamtx-camera-service-go/internal/websocket/methods.go:2472.20,2473.12 1 0
github.com/camerarecorder/mediamtx-camera-service-go/internal/websocket/methods.go:2476.3,2478.17 3 0
github.com/camerarecorder/mediamtx-camera-service-go/internal/websocket/methods.go:2478.17,2480.12 2 0
github.com/camerarecorder/mediamtx-camera-service-go/internal/websocket/methods.go:2483.3,2483.40 1 0
github.com/camerarecorder/mediamtx-camera-service-go/internal/websocket/methods.go:2483.40,2484.46 1 0
github.com/camerarecorder/mediamtx-camera-service-go/internal/websocket/methods.go:2484.46,2486.13 2 0
github.com/camerarecorder/mediamtx-camera-service-go/internal/websocket/methods.go:2489.4,2497.32 3 0
github.com/camerarecorder/mediamtx-camera-service-go/internal/websocket/methods.go:2501.2,2501.37 1 1
github.com/camerarecorder/mediamtx-camera-service-go/internal/websocket/methods.go:2505.106,2507.16 2 0
github.com/camerarecorder/mediamtx-camera-service-go/internal/websocket/methods.go:2507.16,2509.3 1 0
github.com/camerarecorder/mediamtx-camera-service-go/internal/websocket/methods.go:2512.2,2521.32 4 0
github.com/camerarecorder/mediamtx-camera-service-go/internal/websocket/methods.go:2521.32,2522.20 1 0
github.com/camerarecorder/mediamtx-camera-service-go/internal/websocket/methods.go:2522.20,2523.12 1 0
github.com/camerarecorder/mediamtx-camera-service-go/internal/websocket/methods.go:2526.3,2528.17 3 0
github.com/camerarecorder/mediamtx-camera-service-go/internal/websocket/methods.go:2528.17,2530.12 2 0
github.com/camerarecorder/mediamtx-camera-service-go/internal/websocket/methods.go:2533.3,2538.27 2 0
github.com/camerarecorder/mediamtx-camera-service-go/internal/websocket/methods.go:2542.2,2542.40 1 0
github.com/camerarecorder/mediamtx-camera-service-go/internal/websocket/methods.go:2542.40,2544.3 1 0
github.com/camerarecorder/mediamtx-camera-service-go/internal/websocket/methods.go:2547.2,2550.29 3 0
github.com/camerarecorder/mediamtx-camera-service-go/internal/websocket/methods.go:2550.29,2551.32 1 0
github.com/camerarecorder/mediamtx-camera-service-go/internal/websocket/methods.go:2551.32,2552.9 1 0
github.com/camerarecorder/mediamtx-camera-service-go/internal/websocket/methods.go:2555.3,2555.46 1 0
github.com/camerarecorder/mediamtx-camera-service-go/internal/websocket/methods.go:2555.46,2557.12 2 0
github.com/camerarecorder/mediamtx-camera-service-go/internal/websocket/methods.go:2560.3,2569.47 4 0
github.com/camerarecorder/mediamtx-camera-service-go/internal/websocket/methods.go:2572.2,2572.39 1 0
github.com/camerarecorder/mediamtx-camera-service-go/internal/websocket/server.go:83.101,85.34 1 1
github.com/camerarecorder/mediamtx-camera-service-go/internal/websocket/server.go:85.34,87.3 1 0
github.com/camerarecorder/mediamtx-camera-service-go/internal/websocket/server.go:90.2,91.16 2 1
github.com/camerarecorder/mediamtx-camera-service-go/internal/websocket/server.go:91.16,98.3 2 0
github.com/camerarecorder/mediamtx-camera-service-go/internal/websocket/server.go:101.2,101.62 1 1
github.com/camerarecorder/mediamtx-camera-service-go/internal/websocket/server.go:101.62,108.3 2 1
github.com/camerarecorder/mediamtx-camera-service-go/internal/websocket/server.go:110.2,110.12 1 1
github.com/camerarecorder/mediamtx-camera-service-go/internal/websocket/server.go:114.74,115.51 1 0
github.com/camerarecorder/mediamtx-camera-service-go/internal/websocket/server.go:115.51,118.3 2 0
github.com/camerarecorder/mediamtx-camera-service-go/internal/websocket/server.go:119.2,119.12 1 0
github.com/camerarecorder/mediamtx-camera-service-go/internal/websocket/server.go:125.112,144.2 3 0
github.com/camerarecorder/mediamtx-camera-service-go/internal/websocket/server.go:147.78,153.42 4 0
github.com/camerarecorder/mediamtx-camera-service-go/internal/websocket/server.go:153.42,154.49 1 0
github.com/camerarecorder/mediamtx-camera-service-go/internal/websocket/server.go:154.49,164.62 3 0
github.com/camerarecorder/mediamtx-camera-service-go/internal/websocket/server.go:164.62,169.5 1 0
github.com/camerarecorder/mediamtx-camera-service-go/internal/websocket/server.go:169.10,174.5 1 0
github.com/camerarecorder/mediamtx-camera-service-go/internal/websocket/server.go:177.2,177.26 1 0
github.com/camerarecorder/mediamtx-camera-service-go/internal/websocket/server.go:181.78,186.2 3 0
github.com/camerarecorder/mediamtx-camera-service-go/internal/websocket/server.go:195.29,196.26 1 1
github.com/camerarecorder/mediamtx-camera-service-go/internal/websocket/server.go:196.26,198.3 1 0
github.com/camerarecorder/mediamtx-camera-service-go/internal/websocket/server.go:200.2,200.19 1 1
github.com/camerarecorder/mediamtx-camera-service-go/internal/websocket/server.go:200.19,202.3 1 0
github.com/camerarecorder/mediamtx-camera-service-go/internal/websocket/server.go:204.2,204.26 1 1
github.com/camerarecorder/mediamtx-camera-service-go/internal/websocket/server.go:204.26,206.3 1 0
github.com/camerarecorder/mediamtx-camera-service-go/internal/websocket/server.go:208.2,208.23 1 1
github.com/camerarecorder/mediamtx-camera-service-go/internal/websocket/server.go:208.23,210.3 1 0
github.com/camerarecorder/mediamtx-camera-service-go/internal/websocket/server.go:212.2,212.31 1 1
github.com/camerarecorder/mediamtx-camera-service-go/internal/websocket/server.go:212.31,214.3 1 0
github.com/camerarecorder/mediamtx-camera-service-go/internal/websocket/server.go:217.2,218.16 2 1
github.com/camerarecorder/mediamtx-camera-service-go/internal/websocket/server.go:218.16,220.3 1 0
github.com/camerarecorder/mediamtx-camera-service-go/internal/websocket/server.go:223.2,250.44 2 1
github.com/camerarecorder/mediamtx-camera-service-go/internal/websocket/server.go:250.44,253.5 1 0
github.com/camerarecorder/mediamtx-camera-service-go/internal/websocket/server.go:281.2,283.20 2 1
github.com/camerarecorder/mediamtx-camera-service-go/internal/websocket/server.go:287.41,288.15 1 1
github.com/camerarecorder/mediamtx-camera-service-go/internal/websocket/server.go:288.15,291.3 2 0
github.com/camerarecorder/mediamtx-camera-service-go/internal/websocket/server.go:293.2,313.12 6 1
github.com/camerarecorder/mediamtx-camera-service-go/internal/websocket/server.go:313.12,315.82 2 1
github.com/camerarecorder/mediamtx-camera-service-go/internal/websocket/server.go:315.82,317.4 1 0
github.com/camerarecorder/mediamtx-camera-service-go/internal/websocket/server.go:320.2,330.12 3 1
github.com/camerarecorder/mediamtx-camera-service-go/internal/websocket/server.go:334.40,335.16 1 1
github.com/camerarecorder/mediamtx-camera-service-go/internal/websocket/server.go:335.16,338.3 2 0
github.com/camerarecorder/mediamtx-camera-service-go/internal/websocket/server.go:340.2,347.34 4 1
github.com/camerarecorder/mediamtx-camera-service-go/internal/websocket/server.go:347.34,350.3 1 0
github.com/camerarecorder/mediamtx-camera-service-go/internal/websocket/server.go:351.2,354.21 2 1
github.com/camerarecorder/mediamtx-camera-service-go/internal/websocket/server.go:354.21,357.48 3 1
github.com/camerarecorder/mediamtx-camera-service-go/internal/websocket/server.go:357.48,359.4 1 0
github.com/camerarecorder/mediamtx-camera-service-go/internal/websocket/server.go:363.2,368.12 4 1
github.com/camerarecorder/mediamtx-camera-service-go/internal/websocket/server.go:372.83,375.47 2 0
github.com/camerarecorder/mediamtx-camera-service-go/internal/websocket/server.go:375.47,380.3 4 0
github.com/camerarecorder/mediamtx-camera-service-go/internal/websocket/server.go:381.2,385.16 3 0
github.com/camerarecorder/mediamtx-camera-service-go/internal/websocket/server.go:385.16,388.3 2 0
github.com/camerarecorder/mediamtx-camera-service-go/internal/websocket/server.go:391.2,422.43 14 0
github.com/camerarecorder/mediamtx-camera-service-go/internal/websocket/server.go:426.98,427.15 1 0
github.com/camerarecorder/mediamtx-camera-service-go/internal/websocket/server.go:427.15,429.31 1 0
github.com/camerarecorder/mediamtx-camera-service-go/internal/websocket/server.go:429.31,435.4 1 0
github.com/camerarecorder/mediamtx-camera-service-go/internal/websocket/server.go:438.3,455.14 9 0
github.com/camerarecorder/mediamtx-camera-service-go/internal/websocket/server.go:459.2,461.41 3 0
github.com/camerarecorder/mediamtx-camera-service-go/internal/websocket/server.go:461.41,464.3 2 0
github.com/camerarecorder/mediamtx-camera-service-go/internal/websocket/server.go:467.2,471.6 3 0
github.com/camerarecorder/mediamtx-camera-service-go/internal/websocket/server.go:471.6,472.10 1 0
github.com/camerarecorder/mediamtx-camera-service-go/internal/websocket/server.go:473.21,474.10 1 0
github.com/camerarecorder/mediamtx-camera-service-go/internal/websocket/server.go:475.19,476.116 1 0
github.com/camerarecorder/mediamtx-camera-service-go/internal/websocket/server.go:476.116,479.5 2 0
github.com/camerarecorder/mediamtx-camera-service-go/internal/websocket/server.go:480.11,483.18 2 0
github.com/camerarecorder/mediamtx-camera-service-go/internal/websocket/server.go:483.18,484.104 1 0
github.com/camerarecorder/mediamtx-camera-service-go/internal/websocket/server.go:484.104,486.6 1 0
github.com/camerarecorder/mediamtx-camera-service-go/internal/websocket/server.go:487.5,487.11 1 0
github.com/camerarecorder/mediamtx-camera-service-go/internal/websocket/server.go:491.4,491.42 1 0
github.com/camerarecorder/mediamtx-camera-service-go/internal/websocket/server.go:497.105,507.58 4 0
github.com/camerarecorder/mediamtx-camera-service-go/internal/websocket/server.go:507.58,510.3 2 0
github.com/camerarecorder/mediamtx-camera-service-go/internal/websocket/server.go:513.2,513.30 1 0
github.com/camerarecorder/mediamtx-camera-service-go/internal/websocket/server.go:513.30,516.3 2 0
github.com/camerarecorder/mediamtx-camera-service-go/internal/websocket/server.go:519.2,520.16 2 0
github.com/camerarecorder/mediamtx-camera-service-go/internal/websocket/server.go:520.16,527.3 3 0
github.com/camerarecorder/mediamtx-camera-service-go/internal/websocket/server.go:530.2,530.55 1 0
github.com/camerarecorder/mediamtx-camera-service-go/internal/websocket/server.go:530.55,533.3 2 0
github.com/camerarecorder/mediamtx-camera-service-go/internal/websocket/server.go:536.2,544.31 3 0
github.com/camerarecorder/mediamtx-camera-service-go/internal/websocket/server.go:548.118,550.49 1 0
github.com/camerarecorder/mediamtx-camera-service-go/internal/websocket/server.go:550.49,560.3 1 0
github.com/camerarecorder/mediamtx-camera-service-go/internal/websocket/server.go:563.2,567.13 4 0
github.com/camerarecorder/mediamtx-camera-service-go/internal/websocket/server.go:567.13,576.3 1 0
github.com/camerarecorder/mediamtx-camera-service-go/internal/websocket/server.go:579.2,579.73 1 0
github.com/camerarecorder/mediamtx-camera-service-go/internal/websocket/server.go:579.73,589.3 1 0
github.com/camerarecorder/mediamtx-camera-service-go/internal/websocket/server.go:592.2,593.16 2 0
github.com/camerarecorder/mediamtx-camera-service-go/internal/websocket/server.go:593.16,607.3 4 0
github.com/camerarecorder/mediamtx-camera-service-go/internal/websocket/server.go:610.2,613.22 3 0
github.com/camerarecorder/mediamtx-camera-service-go/internal/websocket/server.go:617.95,620.2 2 0
github.com/camerarecorder/mediamtx-camera-service-go/internal/websocket/server.go:623.109,633.55 2 0
github.com/camerarecorder/mediamtx-camera-service-go/internal/websocket/server.go:633.55,635.3 1 0
github.com/camerarecorder/mediamtx-camera-service-go/internal/websocket/server.go:639.74,644.44 4 1
github.com/camerarecorder/mediamtx-camera-service-go/internal/websocket/server.go:644.44,646.3 1 1
github.com/camerarecorder/mediamtx-camera-service-go/internal/websocket/server.go:647.2,647.85 1 1
github.com/camerarecorder/mediamtx-camera-service-go/internal/websocket/server.go:651.60,657.48 4 1
github.com/camerarecorder/mediamtx-camera-service-go/internal/websocket/server.go:657.48,659.3 1 1
github.com/camerarecorder/mediamtx-camera-service-go/internal/websocket/server.go:664.2,670.3 1 1
github.com/camerarecorder/mediamtx-camera-service-go/internal/websocket/server.go:674.44,676.2 1 1
github.com/camerarecorder/mediamtx-camera-service-go/internal/websocket/types.go:155.42,167.2 1 1
