mode: set
github.com/camerarecorder/mediamtx-camera-service-go/internal/websocket/methods.go:35.52,66.2 22 1
github.com/camerarecorder/mediamtx-camera-service-go/internal/websocket/methods.go:69.94,81.2 5 1
github.com/camerarecorder/mediamtx-camera-service-go/internal/websocket/methods.go:85.121,97.2 2 1
github.com/camerarecorder/mediamtx-camera-service-go/internal/websocket/methods.go:101.129,110.28 3 1
github.com/camerarecorder/mediamtx-camera-service-go/internal/websocket/methods.go:110.28,119.3 1 1
github.com/camerarecorder/mediamtx-camera-service-go/internal/websocket/methods.go:122.2,123.16 2 1
github.com/camerarecorder/mediamtx-camera-service-go/internal/websocket/methods.go:123.16,140.3 2 1
github.com/camerarecorder/mediamtx-camera-service-go/internal/websocket/methods.go:143.2,169.8 7 1
github.com/camerarecorder/mediamtx-camera-service-go/internal/websocket/methods.go:174.130,182.27 2 1
github.com/camerarecorder/mediamtx-camera-service-go/internal/websocket/methods.go:182.27,190.3 1 0
github.com/camerarecorder/mediamtx-camera-service-go/internal/websocket/methods.go:193.2,199.42 4 1
github.com/camerarecorder/mediamtx-camera-service-go/internal/websocket/methods.go:199.42,202.30 2 0
github.com/camerarecorder/mediamtx-camera-service-go/internal/websocket/methods.go:202.30,205.4 2 0
github.com/camerarecorder/mediamtx-camera-service-go/internal/websocket/methods.go:208.3,225.35 4 0
github.com/camerarecorder/mediamtx-camera-service-go/internal/websocket/methods.go:225.35,227.4 1 0
github.com/camerarecorder/mediamtx-camera-service-go/internal/websocket/methods.go:230.2,246.8 2 1
github.com/camerarecorder/mediamtx-camera-service-go/internal/websocket/methods.go:251.132,259.27 2 1
github.com/camerarecorder/mediamtx-camera-service-go/internal/websocket/methods.go:259.27,267.3 1 0
github.com/camerarecorder/mediamtx-camera-service-go/internal/websocket/methods.go:270.2,271.25 2 1
github.com/camerarecorder/mediamtx-camera-service-go/internal/websocket/methods.go:271.25,280.3 1 1
github.com/camerarecorder/mediamtx-camera-service-go/internal/websocket/methods.go:283.2,284.13 2 1
github.com/camerarecorder/mediamtx-camera-service-go/internal/websocket/methods.go:284.13,293.3 1 1
github.com/camerarecorder/mediamtx-camera-service-go/internal/websocket/methods.go:296.2,297.29 2 0
github.com/camerarecorder/mediamtx-camera-service-go/internal/websocket/methods.go:297.29,300.3 2 0
github.com/camerarecorder/mediamtx-camera-service-go/internal/websocket/methods.go:303.2,316.29 3 0
github.com/camerarecorder/mediamtx-camera-service-go/internal/websocket/methods.go:316.29,320.41 3 0
github.com/camerarecorder/mediamtx-camera-service-go/internal/websocket/methods.go:320.41,324.4 3 0
github.com/camerarecorder/mediamtx-camera-service-go/internal/websocket/methods.go:326.3,327.44 2 0
github.com/camerarecorder/mediamtx-camera-service-go/internal/websocket/methods.go:330.2,350.8 2 0
github.com/camerarecorder/mediamtx-camera-service-go/internal/websocket/methods.go:355.127,363.27 2 1
github.com/camerarecorder/mediamtx-camera-service-go/internal/websocket/methods.go:363.27,371.3 1 0
github.com/camerarecorder/mediamtx-camera-service-go/internal/websocket/methods.go:374.2,377.33 3 1
github.com/camerarecorder/mediamtx-camera-service-go/internal/websocket/methods.go:377.33,379.17 2 1
github.com/camerarecorder/mediamtx-camera-service-go/internal/websocket/methods.go:379.17,385.4 1 1
github.com/camerarecorder/mediamtx-camera-service-go/internal/websocket/methods.go:391.2,403.50 8 1
github.com/camerarecorder/mediamtx-camera-service-go/internal/websocket/methods.go:403.50,404.30 1 0
github.com/camerarecorder/mediamtx-camera-service-go/internal/websocket/methods.go:404.30,407.4 2 0
github.com/camerarecorder/mediamtx-camera-service-go/internal/websocket/methods.go:410.2,410.23 1 1
github.com/camerarecorder/mediamtx-camera-service-go/internal/websocket/methods.go:410.23,412.3 1 0
github.com/camerarecorder/mediamtx-camera-service-go/internal/websocket/methods.go:415.2,416.34 2 1
github.com/camerarecorder/mediamtx-camera-service-go/internal/websocket/methods.go:416.34,418.3 1 0
github.com/camerarecorder/mediamtx-camera-service-go/internal/websocket/methods.go:421.2,448.26 8 1
github.com/camerarecorder/mediamtx-camera-service-go/internal/websocket/methods.go:448.26,451.37 2 0
github.com/camerarecorder/mediamtx-camera-service-go/internal/websocket/methods.go:451.37,453.4 1 0
github.com/camerarecorder/mediamtx-camera-service-go/internal/websocket/methods.go:456.3,463.35 6 0
github.com/camerarecorder/mediamtx-camera-service-go/internal/websocket/methods.go:466.2,481.8 2 1
github.com/camerarecorder/mediamtx-camera-service-go/internal/websocket/methods.go:486.138,494.27 2 1
github.com/camerarecorder/mediamtx-camera-service-go/internal/websocket/methods.go:494.27,502.3 1 0
github.com/camerarecorder/mediamtx-camera-service-go/internal/websocket/methods.go:505.2,506.25 2 1
github.com/camerarecorder/mediamtx-camera-service-go/internal/websocket/methods.go:506.25,515.3 1 0
github.com/camerarecorder/mediamtx-camera-service-go/internal/websocket/methods.go:518.2,528.13 3 1
github.com/camerarecorder/mediamtx-camera-service-go/internal/websocket/methods.go:528.13,530.3 1 1
github.com/camerarecorder/mediamtx-camera-service-go/internal/websocket/methods.go:530.8,530.41 1 0
github.com/camerarecorder/mediamtx-camera-service-go/internal/websocket/methods.go:530.41,532.3 1 0
github.com/camerarecorder/mediamtx-camera-service-go/internal/websocket/methods.go:532.8,536.41 2 0
github.com/camerarecorder/mediamtx-camera-service-go/internal/websocket/methods.go:536.41,538.4 1 0
github.com/camerarecorder/mediamtx-camera-service-go/internal/websocket/methods.go:539.3,543.41 3 0
github.com/camerarecorder/mediamtx-camera-service-go/internal/websocket/methods.go:543.41,546.4 2 0
github.com/camerarecorder/mediamtx-camera-service-go/internal/websocket/methods.go:547.3,563.57 5 0
github.com/camerarecorder/mediamtx-camera-service-go/internal/websocket/methods.go:567.2,570.8 1 1
github.com/camerarecorder/mediamtx-camera-service-go/internal/websocket/methods.go:575.126,583.27 2 1
github.com/camerarecorder/mediamtx-camera-service-go/internal/websocket/methods.go:583.27,591.3 1 0
github.com/camerarecorder/mediamtx-camera-service-go/internal/websocket/methods.go:594.2,596.16 3 1
github.com/camerarecorder/mediamtx-camera-service-go/internal/websocket/methods.go:596.16,598.3 1 0
github.com/camerarecorder/mediamtx-camera-service-go/internal/websocket/methods.go:601.2,609.28 5 1
github.com/camerarecorder/mediamtx-camera-service-go/internal/websocket/methods.go:609.28,611.3 1 1
github.com/camerarecorder/mediamtx-camera-service-go/internal/websocket/methods.go:611.8,614.3 2 0
github.com/camerarecorder/mediamtx-camera-service-go/internal/websocket/methods.go:617.2,617.16 1 1
github.com/camerarecorder/mediamtx-camera-service-go/internal/websocket/methods.go:617.16,620.3 2 1
github.com/camerarecorder/mediamtx-camera-service-go/internal/websocket/methods.go:625.2,646.8 2 1
github.com/camerarecorder/mediamtx-camera-service-go/internal/websocket/methods.go:651.130,659.27 2 1
github.com/camerarecorder/mediamtx-camera-service-go/internal/websocket/methods.go:659.27,667.3 1 0
github.com/camerarecorder/mediamtx-camera-service-go/internal/websocket/methods.go:669.2,688.8 2 1
github.com/camerarecorder/mediamtx-camera-service-go/internal/websocket/methods.go:693.127,701.27 2 1
github.com/camerarecorder/mediamtx-camera-service-go/internal/websocket/methods.go:701.27,709.3 1 0
github.com/camerarecorder/mediamtx-camera-service-go/internal/websocket/methods.go:712.2,713.16 2 1
github.com/camerarecorder/mediamtx-camera-service-go/internal/websocket/methods.go:713.16,730.3 2 1
github.com/camerarecorder/mediamtx-camera-service-go/internal/websocket/methods.go:733.2,734.33 2 0
github.com/camerarecorder/mediamtx-camera-service-go/internal/websocket/methods.go:734.33,741.3 1 0
github.com/camerarecorder/mediamtx-camera-service-go/internal/websocket/methods.go:743.2,755.8 2 0
github.com/camerarecorder/mediamtx-camera-service-go/internal/websocket/methods.go:760.131,768.27 2 1
github.com/camerarecorder/mediamtx-camera-service-go/internal/websocket/methods.go:768.27,776.3 1 0
github.com/camerarecorder/mediamtx-camera-service-go/internal/websocket/methods.go:779.2,782.19 3 1
github.com/camerarecorder/mediamtx-camera-service-go/internal/websocket/methods.go:782.19,783.42 1 1
github.com/camerarecorder/mediamtx-camera-service-go/internal/websocket/methods.go:783.42,784.79 1 1
github.com/camerarecorder/mediamtx-camera-service-go/internal/websocket/methods.go:784.79,786.5 1 1
github.com/camerarecorder/mediamtx-camera-service-go/internal/websocket/methods.go:786.10,795.5 1 1
github.com/camerarecorder/mediamtx-camera-service-go/internal/websocket/methods.go:798.3,798.44 1 1
github.com/camerarecorder/mediamtx-camera-service-go/internal/websocket/methods.go:798.44,799.62 1 1
github.com/camerarecorder/mediamtx-camera-service-go/internal/websocket/methods.go:799.62,801.5 1 1
github.com/camerarecorder/mediamtx-camera-service-go/internal/websocket/methods.go:801.10,810.5 1 0
github.com/camerarecorder/mediamtx-camera-service-go/internal/websocket/methods.go:815.2,816.16 2 1
github.com/camerarecorder/mediamtx-camera-service-go/internal/websocket/methods.go:816.16,831.3 2 1
github.com/camerarecorder/mediamtx-camera-service-go/internal/websocket/methods.go:834.2,835.38 2 0
github.com/camerarecorder/mediamtx-camera-service-go/internal/websocket/methods.go:835.38,844.27 2 0
github.com/camerarecorder/mediamtx-camera-service-go/internal/websocket/methods.go:844.27,846.4 1 0
github.com/camerarecorder/mediamtx-camera-service-go/internal/websocket/methods.go:848.3,848.22 1 0
github.com/camerarecorder/mediamtx-camera-service-go/internal/websocket/methods.go:851.2,867.8 2 0
github.com/camerarecorder/mediamtx-camera-service-go/internal/websocket/methods.go:872.132,880.27 2 1
github.com/camerarecorder/mediamtx-camera-service-go/internal/websocket/methods.go:880.27,888.3 1 0
github.com/camerarecorder/mediamtx-camera-service-go/internal/websocket/methods.go:891.2,891.19 1 1
github.com/camerarecorder/mediamtx-camera-service-go/internal/websocket/methods.go:891.19,900.3 1 0
github.com/camerarecorder/mediamtx-camera-service-go/internal/websocket/methods.go:902.2,903.27 2 1
github.com/camerarecorder/mediamtx-camera-service-go/internal/websocket/methods.go:903.27,912.3 1 1
github.com/camerarecorder/mediamtx-camera-service-go/internal/websocket/methods.go:915.2,916.16 2 1
github.com/camerarecorder/mediamtx-camera-service-go/internal/websocket/methods.go:916.16,932.3 2 1
github.com/camerarecorder/mediamtx-camera-service-go/internal/websocket/methods.go:934.2,948.8 2 0
github.com/camerarecorder/mediamtx-camera-service-go/internal/websocket/methods.go:953.131,961.27 2 1
github.com/camerarecorder/mediamtx-camera-service-go/internal/websocket/methods.go:961.27,969.3 1 0
github.com/camerarecorder/mediamtx-camera-service-go/internal/websocket/methods.go:972.2,972.19 1 1
github.com/camerarecorder/mediamtx-camera-service-go/internal/websocket/methods.go:972.19,981.3 1 0
github.com/camerarecorder/mediamtx-camera-service-go/internal/websocket/methods.go:983.2,984.27 2 1
github.com/camerarecorder/mediamtx-camera-service-go/internal/websocket/methods.go:984.27,993.3 1 1
github.com/camerarecorder/mediamtx-camera-service-go/internal/websocket/methods.go:996.2,997.16 2 1
github.com/camerarecorder/mediamtx-camera-service-go/internal/websocket/methods.go:997.16,1013.3 2 1
github.com/camerarecorder/mediamtx-camera-service-go/internal/websocket/methods.go:1015.2,1029.8 2 0
github.com/camerarecorder/mediamtx-camera-service-go/internal/websocket/methods.go:1034.131,1042.27 2 1
github.com/camerarecorder/mediamtx-camera-service-go/internal/websocket/methods.go:1042.27,1050.3 1 0
github.com/camerarecorder/mediamtx-camera-service-go/internal/websocket/methods.go:1053.2,1054.19 2 1
github.com/camerarecorder/mediamtx-camera-service-go/internal/websocket/methods.go:1054.19,1063.3 1 0
github.com/camerarecorder/mediamtx-camera-service-go/internal/websocket/methods.go:1065.2,1071.16 5 1
github.com/camerarecorder/mediamtx-camera-service-go/internal/websocket/methods.go:1071.16,1087.3 2 0
github.com/camerarecorder/mediamtx-camera-service-go/internal/websocket/methods.go:1090.2,1097.50 6 1
github.com/camerarecorder/mediamtx-camera-service-go/internal/websocket/methods.go:1097.50,1099.3 1 1
github.com/camerarecorder/mediamtx-camera-service-go/internal/websocket/methods.go:1101.2,1102.49 2 1
github.com/camerarecorder/mediamtx-camera-service-go/internal/websocket/methods.go:1102.49,1104.3 1 1
github.com/camerarecorder/mediamtx-camera-service-go/internal/websocket/methods.go:1107.2,1129.8 3 1
github.com/camerarecorder/mediamtx-camera-service-go/internal/websocket/methods.go:1133.72,1136.85 2 1
github.com/camerarecorder/mediamtx-camera-service-go/internal/websocket/methods.go:1136.85,1137.17 1 1
github.com/camerarecorder/mediamtx-camera-service-go/internal/websocket/methods.go:1137.17,1139.4 1 0
github.com/camerarecorder/mediamtx-camera-service-go/internal/websocket/methods.go:1140.3,1140.20 1 1
github.com/camerarecorder/mediamtx-camera-service-go/internal/websocket/methods.go:1140.20,1142.4 1 0
github.com/camerarecorder/mediamtx-camera-service-go/internal/websocket/methods.go:1143.3,1143.13 1 1
github.com/camerarecorder/mediamtx-camera-service-go/internal/websocket/methods.go:1146.2,1146.16 1 1
github.com/camerarecorder/mediamtx-camera-service-go/internal/websocket/methods.go:1146.16,1151.3 1 0
github.com/camerarecorder/mediamtx-camera-service-go/internal/websocket/methods.go:1153.2,1153.18 1 1
github.com/camerarecorder/mediamtx-camera-service-go/internal/websocket/methods.go:1158.132,1166.27 2 1
github.com/camerarecorder/mediamtx-camera-service-go/internal/websocket/methods.go:1166.27,1174.3 1 0
github.com/camerarecorder/mediamtx-camera-service-go/internal/websocket/methods.go:1178.2,1193.8 2 1
github.com/camerarecorder/mediamtx-camera-service-go/internal/websocket/methods.go:1198.135,1206.27 2 1
github.com/camerarecorder/mediamtx-camera-service-go/internal/websocket/methods.go:1206.27,1214.3 1 0
github.com/camerarecorder/mediamtx-camera-service-go/internal/websocket/methods.go:1217.2,1217.19 1 1
github.com/camerarecorder/mediamtx-camera-service-go/internal/websocket/methods.go:1217.19,1226.3 1 0
github.com/camerarecorder/mediamtx-camera-service-go/internal/websocket/methods.go:1229.2,1230.29 2 1
github.com/camerarecorder/mediamtx-camera-service-go/internal/websocket/methods.go:1230.29,1239.3 1 0
github.com/camerarecorder/mediamtx-camera-service-go/internal/websocket/methods.go:1242.2,1243.35 2 1
github.com/camerarecorder/mediamtx-camera-service-go/internal/websocket/methods.go:1243.35,1252.3 1 0
github.com/camerarecorder/mediamtx-camera-service-go/internal/websocket/methods.go:1255.2,1256.9 2 1
github.com/camerarecorder/mediamtx-camera-service-go/internal/websocket/methods.go:1256.9,1265.3 1 0
github.com/camerarecorder/mediamtx-camera-service-go/internal/websocket/methods.go:1268.2,1268.25 1 1
github.com/camerarecorder/mediamtx-camera-service-go/internal/websocket/methods.go:1268.25,1270.14 2 1
github.com/camerarecorder/mediamtx-camera-service-go/internal/websocket/methods.go:1270.14,1279.4 1 0
github.com/camerarecorder/mediamtx-camera-service-go/internal/websocket/methods.go:1282.3,1283.33 2 1
github.com/camerarecorder/mediamtx-camera-service-go/internal/websocket/methods.go:1284.12,1285.28 1 1
github.com/camerarecorder/mediamtx-camera-service-go/internal/websocket/methods.go:1286.16,1287.19 1 0
github.com/camerarecorder/mediamtx-camera-service-go/internal/websocket/methods.go:1288.11,1296.10 1 0
github.com/camerarecorder/mediamtx-camera-service-go/internal/websocket/methods.go:1299.3,1299.23 1 1
github.com/camerarecorder/mediamtx-camera-service-go/internal/websocket/methods.go:1299.23,1308.4 1 0
github.com/camerarecorder/mediamtx-camera-service-go/internal/websocket/methods.go:1312.2,1312.26 1 1
github.com/camerarecorder/mediamtx-camera-service-go/internal/websocket/methods.go:1312.26,1314.14 2 0
github.com/camerarecorder/mediamtx-camera-service-go/internal/websocket/methods.go:1314.14,1323.4 1 0
github.com/camerarecorder/mediamtx-camera-service-go/internal/websocket/methods.go:1326.3,1327.32 2 0
github.com/camerarecorder/mediamtx-camera-service-go/internal/websocket/methods.go:1328.12,1329.29 1 0
github.com/camerarecorder/mediamtx-camera-service-go/internal/websocket/methods.go:1330.16,1331.20 1 0
github.com/camerarecorder/mediamtx-camera-service-go/internal/websocket/methods.go:1332.11,1340.10 1 0
github.com/camerarecorder/mediamtx-camera-service-go/internal/websocket/methods.go:1343.3,1343.24 1 0
github.com/camerarecorder/mediamtx-camera-service-go/internal/websocket/methods.go:1343.24,1352.4 1 0
github.com/camerarecorder/mediamtx-camera-service-go/internal/websocket/methods.go:1357.2,1374.8 2 1
github.com/camerarecorder/mediamtx-camera-service-go/internal/websocket/methods.go:1379.130,1387.27 2 1
github.com/camerarecorder/mediamtx-camera-service-go/internal/websocket/methods.go:1387.27,1395.3 1 0
github.com/camerarecorder/mediamtx-camera-service-go/internal/websocket/methods.go:1398.2,1401.19 3 1
github.com/camerarecorder/mediamtx-camera-service-go/internal/websocket/methods.go:1401.19,1402.42 1 1
github.com/camerarecorder/mediamtx-camera-service-go/internal/websocket/methods.go:1402.42,1403.79 1 1
github.com/camerarecorder/mediamtx-camera-service-go/internal/websocket/methods.go:1403.79,1405.5 1 1
github.com/camerarecorder/mediamtx-camera-service-go/internal/websocket/methods.go:1405.10,1414.5 1 0
github.com/camerarecorder/mediamtx-camera-service-go/internal/websocket/methods.go:1417.3,1417.44 1 1
github.com/camerarecorder/mediamtx-camera-service-go/internal/websocket/methods.go:1417.44,1418.62 1 1
github.com/camerarecorder/mediamtx-camera-service-go/internal/websocket/methods.go:1418.62,1420.5 1 1
github.com/camerarecorder/mediamtx-camera-service-go/internal/websocket/methods.go:1420.10,1429.5 1 0
github.com/camerarecorder/mediamtx-camera-service-go/internal/websocket/methods.go:1434.2,1435.16 2 1
github.com/camerarecorder/mediamtx-camera-service-go/internal/websocket/methods.go:1435.16,1450.3 2 1
github.com/camerarecorder/mediamtx-camera-service-go/internal/websocket/methods.go:1453.2,1454.38 2 0
github.com/camerarecorder/mediamtx-camera-service-go/internal/websocket/methods.go:1454.38,1463.3 2 0
github.com/camerarecorder/mediamtx-camera-service-go/internal/websocket/methods.go:1465.2,1481.8 2 0
github.com/camerarecorder/mediamtx-camera-service-go/internal/websocket/methods.go:1486.129,1494.27 2 1
github.com/camerarecorder/mediamtx-camera-service-go/internal/websocket/methods.go:1494.27,1502.3 1 0
github.com/camerarecorder/mediamtx-camera-service-go/internal/websocket/methods.go:1505.2,1505.19 1 1
github.com/camerarecorder/mediamtx-camera-service-go/internal/websocket/methods.go:1505.19,1514.3 1 0
github.com/camerarecorder/mediamtx-camera-service-go/internal/websocket/methods.go:1516.2,1517.29 2 1
github.com/camerarecorder/mediamtx-camera-service-go/internal/websocket/methods.go:1517.29,1526.3 1 1
github.com/camerarecorder/mediamtx-camera-service-go/internal/websocket/methods.go:1529.2,1530.71 2 1
github.com/camerarecorder/mediamtx-camera-service-go/internal/websocket/methods.go:1530.71,1532.3 1 1
github.com/camerarecorder/mediamtx-camera-service-go/internal/websocket/methods.go:1533.2,1533.65 1 1
github.com/camerarecorder/mediamtx-camera-service-go/internal/websocket/methods.go:1533.65,1535.3 1 0
github.com/camerarecorder/mediamtx-camera-service-go/internal/websocket/methods.go:1536.2,1536.63 1 1
github.com/camerarecorder/mediamtx-camera-service-go/internal/websocket/methods.go:1536.63,1538.3 1 0
github.com/camerarecorder/mediamtx-camera-service-go/internal/websocket/methods.go:1541.2,1542.13 2 1
github.com/camerarecorder/mediamtx-camera-service-go/internal/websocket/methods.go:1542.13,1553.3 1 1
github.com/camerarecorder/mediamtx-camera-service-go/internal/websocket/methods.go:1556.2,1557.16 2 0
github.com/camerarecorder/mediamtx-camera-service-go/internal/websocket/methods.go:1557.16,1575.3 2 0
github.com/camerarecorder/mediamtx-camera-service-go/internal/websocket/methods.go:1577.2,1594.8 2 0
github.com/camerarecorder/mediamtx-camera-service-go/internal/websocket/methods.go:1599.131,1607.27 2 1
github.com/camerarecorder/mediamtx-camera-service-go/internal/websocket/methods.go:1607.27,1615.3 1 0
github.com/camerarecorder/mediamtx-camera-service-go/internal/websocket/methods.go:1618.2,1618.19 1 1
github.com/camerarecorder/mediamtx-camera-service-go/internal/websocket/methods.go:1618.19,1627.3 1 0
github.com/camerarecorder/mediamtx-camera-service-go/internal/websocket/methods.go:1629.2,1630.29 2 1
github.com/camerarecorder/mediamtx-camera-service-go/internal/websocket/methods.go:1630.29,1639.3 1 1
github.com/camerarecorder/mediamtx-camera-service-go/internal/websocket/methods.go:1642.2,1643.74 2 1
github.com/camerarecorder/mediamtx-camera-service-go/internal/websocket/methods.go:1643.74,1645.3 1 0
github.com/camerarecorder/mediamtx-camera-service-go/internal/websocket/methods.go:1646.2,1646.65 1 1
github.com/camerarecorder/mediamtx-camera-service-go/internal/websocket/methods.go:1646.65,1648.3 1 1
github.com/camerarecorder/mediamtx-camera-service-go/internal/websocket/methods.go:1649.2,1649.62 1 1
github.com/camerarecorder/mediamtx-camera-service-go/internal/websocket/methods.go:1649.62,1651.3 1 0
github.com/camerarecorder/mediamtx-camera-service-go/internal/websocket/methods.go:1652.2,1652.63 1 1
github.com/camerarecorder/mediamtx-camera-service-go/internal/websocket/methods.go:1652.63,1654.3 1 0
github.com/camerarecorder/mediamtx-camera-service-go/internal/websocket/methods.go:1657.2,1657.69 1 1
github.com/camerarecorder/mediamtx-camera-service-go/internal/websocket/methods.go:1657.69,1659.3 1 0
github.com/camerarecorder/mediamtx-camera-service-go/internal/websocket/methods.go:1660.2,1660.66 1 1
github.com/camerarecorder/mediamtx-camera-service-go/internal/websocket/methods.go:1660.66,1662.3 1 0
github.com/camerarecorder/mediamtx-camera-service-go/internal/websocket/methods.go:1663.2,1663.58 1 1
github.com/camerarecorder/mediamtx-camera-service-go/internal/websocket/methods.go:1663.58,1665.3 1 0
github.com/camerarecorder/mediamtx-camera-service-go/internal/websocket/methods.go:1666.2,1666.82 1 1
github.com/camerarecorder/mediamtx-camera-service-go/internal/websocket/methods.go:1666.82,1668.3 1 0
github.com/camerarecorder/mediamtx-camera-service-go/internal/websocket/methods.go:1669.2,1669.80 1 1
github.com/camerarecorder/mediamtx-camera-service-go/internal/websocket/methods.go:1669.80,1671.3 1 0
github.com/camerarecorder/mediamtx-camera-service-go/internal/websocket/methods.go:1672.2,1672.56 1 1
github.com/camerarecorder/mediamtx-camera-service-go/internal/websocket/methods.go:1672.56,1674.3 1 0
github.com/camerarecorder/mediamtx-camera-service-go/internal/websocket/methods.go:1675.2,1675.81 1 1
github.com/camerarecorder/mediamtx-camera-service-go/internal/websocket/methods.go:1675.81,1677.3 1 0
github.com/camerarecorder/mediamtx-camera-service-go/internal/websocket/methods.go:1680.2,1680.64 1 1
github.com/camerarecorder/mediamtx-camera-service-go/internal/websocket/methods.go:1680.64,1682.3 1 0
github.com/camerarecorder/mediamtx-camera-service-go/internal/websocket/methods.go:1683.2,1683.87 1 1
github.com/camerarecorder/mediamtx-camera-service-go/internal/websocket/methods.go:1683.87,1685.3 1 0
github.com/camerarecorder/mediamtx-camera-service-go/internal/websocket/methods.go:1686.2,1686.66 1 1
github.com/camerarecorder/mediamtx-camera-service-go/internal/websocket/methods.go:1686.66,1688.3 1 0
github.com/camerarecorder/mediamtx-camera-service-go/internal/websocket/methods.go:1689.2,1689.66 1 1
github.com/camerarecorder/mediamtx-camera-service-go/internal/websocket/methods.go:1689.66,1691.3 1 0
github.com/camerarecorder/mediamtx-camera-service-go/internal/websocket/methods.go:1692.2,1692.87 1 1
github.com/camerarecorder/mediamtx-camera-service-go/internal/websocket/methods.go:1692.87,1694.3 1 0
github.com/camerarecorder/mediamtx-camera-service-go/internal/websocket/methods.go:1695.2,1695.76 1 1
github.com/camerarecorder/mediamtx-camera-service-go/internal/websocket/methods.go:1695.76,1697.3 1 0
github.com/camerarecorder/mediamtx-camera-service-go/internal/websocket/methods.go:1698.2,1698.66 1 1
github.com/camerarecorder/mediamtx-camera-service-go/internal/websocket/methods.go:1698.66,1700.3 1 0
github.com/camerarecorder/mediamtx-camera-service-go/internal/websocket/methods.go:1703.2,1704.13 2 1
github.com/camerarecorder/mediamtx-camera-service-go/internal/websocket/methods.go:1704.13,1734.3 5 1
github.com/camerarecorder/mediamtx-camera-service-go/internal/websocket/methods.go:1737.2,1738.16 2 0
github.com/camerarecorder/mediamtx-camera-service-go/internal/websocket/methods.go:1738.16,1766.3 5 0
github.com/camerarecorder/mediamtx-camera-service-go/internal/websocket/methods.go:1768.2,1795.8 2 0
github.com/camerarecorder/mediamtx-camera-service-go/internal/websocket/methods.go:1800.130,1808.27 2 1
github.com/camerarecorder/mediamtx-camera-service-go/internal/websocket/methods.go:1808.27,1816.3 1 0
github.com/camerarecorder/mediamtx-camera-service-go/internal/websocket/methods.go:1819.2,1819.19 1 1
github.com/camerarecorder/mediamtx-camera-service-go/internal/websocket/methods.go:1819.19,1828.3 1 0
github.com/camerarecorder/mediamtx-camera-service-go/internal/websocket/methods.go:1830.2,1831.29 2 1
github.com/camerarecorder/mediamtx-camera-service-go/internal/websocket/methods.go:1831.29,1840.3 1 0
github.com/camerarecorder/mediamtx-camera-service-go/internal/websocket/methods.go:1843.2,1844.13 2 1
github.com/camerarecorder/mediamtx-camera-service-go/internal/websocket/methods.go:1844.13,1855.3 1 1
github.com/camerarecorder/mediamtx-camera-service-go/internal/websocket/methods.go:1859.2,1861.35 3 0
github.com/camerarecorder/mediamtx-camera-service-go/internal/websocket/methods.go:1861.35,1862.68 1 0
github.com/camerarecorder/mediamtx-camera-service-go/internal/websocket/methods.go:1862.68,1864.9 2 0
github.com/camerarecorder/mediamtx-camera-service-go/internal/websocket/methods.go:1868.2,1868.21 1 0
github.com/camerarecorder/mediamtx-camera-service-go/internal/websocket/methods.go:1868.21,1879.3 1 0
github.com/camerarecorder/mediamtx-camera-service-go/internal/websocket/methods.go:1882.2,1883.16 2 0
github.com/camerarecorder/mediamtx-camera-service-go/internal/websocket/methods.go:1883.16,1902.3 2 0
github.com/camerarecorder/mediamtx-camera-service-go/internal/websocket/methods.go:1904.2,1919.8 2 0
github.com/camerarecorder/mediamtx-camera-service-go/internal/websocket/methods.go:1923.81,1926.20 2 0
github.com/camerarecorder/mediamtx-camera-service-go/internal/websocket/methods.go:1926.20,1928.3 1 0
github.com/camerarecorder/mediamtx-camera-service-go/internal/websocket/methods.go:1929.2,1929.18 1 0
github.com/camerarecorder/mediamtx-camera-service-go/internal/websocket/methods.go:1934.133,1942.27 2 1
github.com/camerarecorder/mediamtx-camera-service-go/internal/websocket/methods.go:1942.27,1950.3 1 0
github.com/camerarecorder/mediamtx-camera-service-go/internal/websocket/methods.go:1953.2,1953.19 1 1
github.com/camerarecorder/mediamtx-camera-service-go/internal/websocket/methods.go:1953.19,1962.3 1 0
github.com/camerarecorder/mediamtx-camera-service-go/internal/websocket/methods.go:1964.2,1965.27 2 1
github.com/camerarecorder/mediamtx-camera-service-go/internal/websocket/methods.go:1965.27,1974.3 1 0
github.com/camerarecorder/mediamtx-camera-service-go/internal/websocket/methods.go:1977.2,1978.16 2 1
github.com/camerarecorder/mediamtx-camera-service-go/internal/websocket/methods.go:1978.16,1994.3 2 1
github.com/camerarecorder/mediamtx-camera-service-go/internal/websocket/methods.go:1996.2,2012.34 3 0
github.com/camerarecorder/mediamtx-camera-service-go/internal/websocket/methods.go:2012.34,2014.3 1 0
github.com/camerarecorder/mediamtx-camera-service-go/internal/websocket/methods.go:2014.8,2016.3 1 0
github.com/camerarecorder/mediamtx-camera-service-go/internal/websocket/methods.go:2018.2,2021.8 1 0
github.com/camerarecorder/mediamtx-camera-service-go/internal/websocket/methods.go:2026.132,2034.27 2 1
github.com/camerarecorder/mediamtx-camera-service-go/internal/websocket/methods.go:2034.27,2042.3 1 0
github.com/camerarecorder/mediamtx-camera-service-go/internal/websocket/methods.go:2045.2,2045.19 1 1
github.com/camerarecorder/mediamtx-camera-service-go/internal/websocket/methods.go:2045.19,2054.3 1 0
github.com/camerarecorder/mediamtx-camera-service-go/internal/websocket/methods.go:2056.2,2057.27 2 1
github.com/camerarecorder/mediamtx-camera-service-go/internal/websocket/methods.go:2057.27,2066.3 1 0
github.com/camerarecorder/mediamtx-camera-service-go/internal/websocket/methods.go:2069.2,2070.16 2 1
github.com/camerarecorder/mediamtx-camera-service-go/internal/websocket/methods.go:2070.16,2086.3 2 1
github.com/camerarecorder/mediamtx-camera-service-go/internal/websocket/methods.go:2088.2,2104.8 2 0
github.com/camerarecorder/mediamtx-camera-service-go/internal/websocket/methods.go:2109.50,2110.14 1 1
github.com/camerarecorder/mediamtx-camera-service-go/internal/websocket/methods.go:2111.15,2112.46 1 0
github.com/camerarecorder/mediamtx-camera-service-go/internal/websocket/methods.go:2113.18,2114.37 1 0
github.com/camerarecorder/mediamtx-camera-service-go/internal/websocket/methods.go:2115.16,2116.26 1 1
github.com/camerarecorder/mediamtx-camera-service-go/internal/websocket/methods.go:2117.10,2118.20 1 0
github.com/camerarecorder/mediamtx-camera-service-go/internal/websocket/server.go:83.101,85.34 1 0
github.com/camerarecorder/mediamtx-camera-service-go/internal/websocket/server.go:85.34,87.3 1 0
github.com/camerarecorder/mediamtx-camera-service-go/internal/websocket/server.go:90.2,91.16 2 0
github.com/camerarecorder/mediamtx-camera-service-go/internal/websocket/server.go:91.16,98.3 2 0
github.com/camerarecorder/mediamtx-camera-service-go/internal/websocket/server.go:101.2,101.62 1 0
github.com/camerarecorder/mediamtx-camera-service-go/internal/websocket/server.go:101.62,108.3 2 0
github.com/camerarecorder/mediamtx-camera-service-go/internal/websocket/server.go:110.2,110.12 1 0
github.com/camerarecorder/mediamtx-camera-service-go/internal/websocket/server.go:114.74,115.51 1 0
github.com/camerarecorder/mediamtx-camera-service-go/internal/websocket/server.go:115.51,118.3 2 0
github.com/camerarecorder/mediamtx-camera-service-go/internal/websocket/server.go:119.2,119.12 1 0
github.com/camerarecorder/mediamtx-camera-service-go/internal/websocket/server.go:125.112,144.2 3 0
github.com/camerarecorder/mediamtx-camera-service-go/internal/websocket/server.go:147.78,153.42 4 0
github.com/camerarecorder/mediamtx-camera-service-go/internal/websocket/server.go:153.42,154.27 1 0
github.com/camerarecorder/mediamtx-camera-service-go/internal/websocket/server.go:154.27,163.4 1 0
github.com/camerarecorder/mediamtx-camera-service-go/internal/websocket/server.go:165.2,165.26 1 0
github.com/camerarecorder/mediamtx-camera-service-go/internal/websocket/server.go:169.78,174.2 3 0
github.com/camerarecorder/mediamtx-camera-service-go/internal/websocket/server.go:183.20,184.26 1 1
github.com/camerarecorder/mediamtx-camera-service-go/internal/websocket/server.go:184.26,185.84 1 0
github.com/camerarecorder/mediamtx-camera-service-go/internal/websocket/server.go:188.2,188.19 1 1
github.com/camerarecorder/mediamtx-camera-service-go/internal/websocket/server.go:188.19,190.3 1 0
github.com/camerarecorder/mediamtx-camera-service-go/internal/websocket/server.go:192.2,192.26 1 1
github.com/camerarecorder/mediamtx-camera-service-go/internal/websocket/server.go:192.26,193.90 1 0
github.com/camerarecorder/mediamtx-camera-service-go/internal/websocket/server.go:196.2,196.23 1 1
github.com/camerarecorder/mediamtx-camera-service-go/internal/websocket/server.go:196.23,197.80 1 0
github.com/camerarecorder/mediamtx-camera-service-go/internal/websocket/server.go:200.2,200.31 1 1
github.com/camerarecorder/mediamtx-camera-service-go/internal/websocket/server.go:200.31,201.96 1 0
github.com/camerarecorder/mediamtx-camera-service-go/internal/websocket/server.go:205.2,206.16 2 1
github.com/camerarecorder/mediamtx-camera-service-go/internal/websocket/server.go:206.16,207.65 1 0
github.com/camerarecorder/mediamtx-camera-service-go/internal/websocket/server.go:211.2,238.44 2 1
github.com/camerarecorder/mediamtx-camera-service-go/internal/websocket/server.go:238.44,241.5 1 0
github.com/camerarecorder/mediamtx-camera-service-go/internal/websocket/server.go:269.2,271.15 2 1
github.com/camerarecorder/mediamtx-camera-service-go/internal/websocket/server.go:275.41,276.15 1 1
github.com/camerarecorder/mediamtx-camera-service-go/internal/websocket/server.go:276.15,279.3 2 0
github.com/camerarecorder/mediamtx-camera-service-go/internal/websocket/server.go:281.2,301.12 6 1
github.com/camerarecorder/mediamtx-camera-service-go/internal/websocket/server.go:301.12,303.82 2 1
github.com/camerarecorder/mediamtx-camera-service-go/internal/websocket/server.go:303.82,305.4 1 0
github.com/camerarecorder/mediamtx-camera-service-go/internal/websocket/server.go:308.2,318.12 3 1
github.com/camerarecorder/mediamtx-camera-service-go/internal/websocket/server.go:322.40,323.16 1 1
github.com/camerarecorder/mediamtx-camera-service-go/internal/websocket/server.go:323.16,326.3 2 0
github.com/camerarecorder/mediamtx-camera-service-go/internal/websocket/server.go:328.2,335.34 4 1
github.com/camerarecorder/mediamtx-camera-service-go/internal/websocket/server.go:335.34,338.3 1 0
github.com/camerarecorder/mediamtx-camera-service-go/internal/websocket/server.go:339.2,342.21 2 1
github.com/camerarecorder/mediamtx-camera-service-go/internal/websocket/server.go:342.21,345.48 3 1
github.com/camerarecorder/mediamtx-camera-service-go/internal/websocket/server.go:345.48,347.4 1 0
github.com/camerarecorder/mediamtx-camera-service-go/internal/websocket/server.go:351.2,356.12 4 1
github.com/camerarecorder/mediamtx-camera-service-go/internal/websocket/server.go:360.83,363.47 2 0
github.com/camerarecorder/mediamtx-camera-service-go/internal/websocket/server.go:363.47,368.3 4 0
github.com/camerarecorder/mediamtx-camera-service-go/internal/websocket/server.go:369.2,373.16 3 0
github.com/camerarecorder/mediamtx-camera-service-go/internal/websocket/server.go:373.16,376.3 2 0
github.com/camerarecorder/mediamtx-camera-service-go/internal/websocket/server.go:379.2,409.43 14 0
github.com/camerarecorder/mediamtx-camera-service-go/internal/websocket/server.go:413.98,414.15 1 0
github.com/camerarecorder/mediamtx-camera-service-go/internal/websocket/server.go:414.15,434.3 9 0
github.com/camerarecorder/mediamtx-camera-service-go/internal/websocket/server.go:437.2,439.41 3 0
github.com/camerarecorder/mediamtx-camera-service-go/internal/websocket/server.go:439.41,442.3 2 0
github.com/camerarecorder/mediamtx-camera-service-go/internal/websocket/server.go:445.2,449.6 3 0
github.com/camerarecorder/mediamtx-camera-service-go/internal/websocket/server.go:449.6,450.10 1 0
github.com/camerarecorder/mediamtx-camera-service-go/internal/websocket/server.go:451.21,452.10 1 0
github.com/camerarecorder/mediamtx-camera-service-go/internal/websocket/server.go:453.19,454.116 1 0
github.com/camerarecorder/mediamtx-camera-service-go/internal/websocket/server.go:454.116,457.5 2 0
github.com/camerarecorder/mediamtx-camera-service-go/internal/websocket/server.go:458.11,461.18 2 0
github.com/camerarecorder/mediamtx-camera-service-go/internal/websocket/server.go:461.18,462.104 1 0
github.com/camerarecorder/mediamtx-camera-service-go/internal/websocket/server.go:462.104,464.6 1 0
github.com/camerarecorder/mediamtx-camera-service-go/internal/websocket/server.go:465.5,465.11 1 0
github.com/camerarecorder/mediamtx-camera-service-go/internal/websocket/server.go:469.4,469.42 1 0
github.com/camerarecorder/mediamtx-camera-service-go/internal/websocket/server.go:475.105,485.58 4 0
github.com/camerarecorder/mediamtx-camera-service-go/internal/websocket/server.go:485.58,488.3 2 0
github.com/camerarecorder/mediamtx-camera-service-go/internal/websocket/server.go:491.2,491.30 1 0
github.com/camerarecorder/mediamtx-camera-service-go/internal/websocket/server.go:491.30,494.3 2 0
github.com/camerarecorder/mediamtx-camera-service-go/internal/websocket/server.go:497.2,498.16 2 0
github.com/camerarecorder/mediamtx-camera-service-go/internal/websocket/server.go:498.16,505.3 3 0
github.com/camerarecorder/mediamtx-camera-service-go/internal/websocket/server.go:508.2,508.55 1 0
github.com/camerarecorder/mediamtx-camera-service-go/internal/websocket/server.go:508.55,511.3 2 0
github.com/camerarecorder/mediamtx-camera-service-go/internal/websocket/server.go:514.2,522.31 3 0
github.com/camerarecorder/mediamtx-camera-service-go/internal/websocket/server.go:526.118,528.49 1 0
github.com/camerarecorder/mediamtx-camera-service-go/internal/websocket/server.go:528.49,538.3 1 0
github.com/camerarecorder/mediamtx-camera-service-go/internal/websocket/server.go:541.2,545.13 4 0
github.com/camerarecorder/mediamtx-camera-service-go/internal/websocket/server.go:545.13,554.3 1 0
github.com/camerarecorder/mediamtx-camera-service-go/internal/websocket/server.go:557.2,557.73 1 0
github.com/camerarecorder/mediamtx-camera-service-go/internal/websocket/server.go:557.73,567.3 1 0
github.com/camerarecorder/mediamtx-camera-service-go/internal/websocket/server.go:570.2,571.16 2 0
github.com/camerarecorder/mediamtx-camera-service-go/internal/websocket/server.go:571.16,585.3 4 0
github.com/camerarecorder/mediamtx-camera-service-go/internal/websocket/server.go:588.2,591.22 3 0
github.com/camerarecorder/mediamtx-camera-service-go/internal/websocket/server.go:595.95,598.2 2 0
github.com/camerarecorder/mediamtx-camera-service-go/internal/websocket/server.go:601.109,611.55 2 0
github.com/camerarecorder/mediamtx-camera-service-go/internal/websocket/server.go:611.55,613.3 1 0
github.com/camerarecorder/mediamtx-camera-service-go/internal/websocket/server.go:617.74,622.44 4 0
github.com/camerarecorder/mediamtx-camera-service-go/internal/websocket/server.go:622.44,624.3 1 0
github.com/camerarecorder/mediamtx-camera-service-go/internal/websocket/server.go:625.2,625.85 1 0
github.com/camerarecorder/mediamtx-camera-service-go/internal/websocket/server.go:629.60,635.48 4 1
github.com/camerarecorder/mediamtx-camera-service-go/internal/websocket/server.go:635.48,637.3 1 0
github.com/camerarecorder/mediamtx-camera-service-go/internal/websocket/server.go:642.2,648.3 1 1
github.com/camerarecorder/mediamtx-camera-service-go/internal/websocket/server.go:652.44,654.2 1 1
github.com/camerarecorder/mediamtx-camera-service-go/internal/websocket/types.go:152.42,164.2 1 1
