mode: set
github.com/camerarecorder/mediamtx-camera-service-go/internal/websocket/methods.go:37.52,68.2 22 1
github.com/camerarecorder/mediamtx-camera-service-go/internal/websocket/methods.go:71.94,76.108 3 1
github.com/camerarecorder/mediamtx-camera-service-go/internal/websocket/methods.go:76.108,80.50 2 1
github.com/camerarecorder/mediamtx-camera-service-go/internal/websocket/methods.go:80.50,89.4 1 0
github.com/camerarecorder/mediamtx-camera-service-go/internal/websocket/methods.go:91.3,91.64 1 1
github.com/camerarecorder/mediamtx-camera-service-go/internal/websocket/methods.go:91.64,100.4 1 0
github.com/camerarecorder/mediamtx-camera-service-go/internal/websocket/methods.go:103.3,110.17 4 1
github.com/camerarecorder/mediamtx-camera-service-go/internal/websocket/methods.go:110.17,114.4 3 0
github.com/camerarecorder/mediamtx-camera-service-go/internal/websocket/methods.go:116.3,116.23 1 1
github.com/camerarecorder/mediamtx-camera-service-go/internal/websocket/methods.go:119.2,126.65 3 1
github.com/camerarecorder/mediamtx-camera-service-go/internal/websocket/methods.go:131.121,149.2 5 1
github.com/camerarecorder/mediamtx-camera-service-go/internal/websocket/methods.go:153.129,164.28 4 1
github.com/camerarecorder/mediamtx-camera-service-go/internal/websocket/methods.go:164.28,173.3 1 1
github.com/camerarecorder/mediamtx-camera-service-go/internal/websocket/methods.go:176.2,177.16 2 1
github.com/camerarecorder/mediamtx-camera-service-go/internal/websocket/methods.go:177.16,194.3 2 1
github.com/camerarecorder/mediamtx-camera-service-go/internal/websocket/methods.go:197.2,227.8 9 1
github.com/camerarecorder/mediamtx-camera-service-go/internal/websocket/methods.go:232.130,240.27 2 1
github.com/camerarecorder/mediamtx-camera-service-go/internal/websocket/methods.go:240.27,248.3 1 1
github.com/camerarecorder/mediamtx-camera-service-go/internal/websocket/methods.go:251.2,257.42 4 1
github.com/camerarecorder/mediamtx-camera-service-go/internal/websocket/methods.go:257.42,260.30 2 0
github.com/camerarecorder/mediamtx-camera-service-go/internal/websocket/methods.go:260.30,263.4 2 0
github.com/camerarecorder/mediamtx-camera-service-go/internal/websocket/methods.go:266.3,283.35 4 0
github.com/camerarecorder/mediamtx-camera-service-go/internal/websocket/methods.go:283.35,285.4 1 0
github.com/camerarecorder/mediamtx-camera-service-go/internal/websocket/methods.go:288.2,304.8 2 1
github.com/camerarecorder/mediamtx-camera-service-go/internal/websocket/methods.go:309.132,317.27 2 1
github.com/camerarecorder/mediamtx-camera-service-go/internal/websocket/methods.go:317.27,325.3 1 0
github.com/camerarecorder/mediamtx-camera-service-go/internal/websocket/methods.go:328.2,329.25 2 1
github.com/camerarecorder/mediamtx-camera-service-go/internal/websocket/methods.go:329.25,338.3 1 1
github.com/camerarecorder/mediamtx-camera-service-go/internal/websocket/methods.go:341.2,342.13 2 1
github.com/camerarecorder/mediamtx-camera-service-go/internal/websocket/methods.go:342.13,351.3 1 1
github.com/camerarecorder/mediamtx-camera-service-go/internal/websocket/methods.go:354.2,355.29 2 0
github.com/camerarecorder/mediamtx-camera-service-go/internal/websocket/methods.go:355.29,358.3 2 0
github.com/camerarecorder/mediamtx-camera-service-go/internal/websocket/methods.go:361.2,374.29 3 0
github.com/camerarecorder/mediamtx-camera-service-go/internal/websocket/methods.go:374.29,378.41 3 0
github.com/camerarecorder/mediamtx-camera-service-go/internal/websocket/methods.go:378.41,382.4 3 0
github.com/camerarecorder/mediamtx-camera-service-go/internal/websocket/methods.go:384.3,385.44 2 0
github.com/camerarecorder/mediamtx-camera-service-go/internal/websocket/methods.go:388.2,408.8 2 0
github.com/camerarecorder/mediamtx-camera-service-go/internal/websocket/methods.go:413.127,421.27 2 1
github.com/camerarecorder/mediamtx-camera-service-go/internal/websocket/methods.go:421.27,429.3 1 0
github.com/camerarecorder/mediamtx-camera-service-go/internal/websocket/methods.go:432.2,435.33 3 1
github.com/camerarecorder/mediamtx-camera-service-go/internal/websocket/methods.go:435.33,437.17 2 1
github.com/camerarecorder/mediamtx-camera-service-go/internal/websocket/methods.go:437.17,443.4 1 1
github.com/camerarecorder/mediamtx-camera-service-go/internal/websocket/methods.go:449.2,461.50 8 1
github.com/camerarecorder/mediamtx-camera-service-go/internal/websocket/methods.go:461.50,462.30 1 1
github.com/camerarecorder/mediamtx-camera-service-go/internal/websocket/methods.go:462.30,465.4 2 1
github.com/camerarecorder/mediamtx-camera-service-go/internal/websocket/methods.go:468.2,468.23 1 1
github.com/camerarecorder/mediamtx-camera-service-go/internal/websocket/methods.go:468.23,470.3 1 1
github.com/camerarecorder/mediamtx-camera-service-go/internal/websocket/methods.go:473.2,474.34 2 1
github.com/camerarecorder/mediamtx-camera-service-go/internal/websocket/methods.go:474.34,476.3 1 1
github.com/camerarecorder/mediamtx-camera-service-go/internal/websocket/methods.go:479.2,505.26 8 1
github.com/camerarecorder/mediamtx-camera-service-go/internal/websocket/methods.go:505.26,508.37 2 1
github.com/camerarecorder/mediamtx-camera-service-go/internal/websocket/methods.go:508.37,510.4 1 0
github.com/camerarecorder/mediamtx-camera-service-go/internal/websocket/methods.go:513.3,520.35 6 1
github.com/camerarecorder/mediamtx-camera-service-go/internal/websocket/methods.go:523.2,538.8 2 1
github.com/camerarecorder/mediamtx-camera-service-go/internal/websocket/methods.go:543.138,551.27 2 1
github.com/camerarecorder/mediamtx-camera-service-go/internal/websocket/methods.go:551.27,559.3 1 0
github.com/camerarecorder/mediamtx-camera-service-go/internal/websocket/methods.go:562.2,563.25 2 1
github.com/camerarecorder/mediamtx-camera-service-go/internal/websocket/methods.go:563.25,572.3 1 1
github.com/camerarecorder/mediamtx-camera-service-go/internal/websocket/methods.go:575.2,585.13 3 1
github.com/camerarecorder/mediamtx-camera-service-go/internal/websocket/methods.go:585.13,587.3 1 1
github.com/camerarecorder/mediamtx-camera-service-go/internal/websocket/methods.go:587.8,587.41 1 0
github.com/camerarecorder/mediamtx-camera-service-go/internal/websocket/methods.go:587.41,589.3 1 0
github.com/camerarecorder/mediamtx-camera-service-go/internal/websocket/methods.go:589.8,593.41 2 0
github.com/camerarecorder/mediamtx-camera-service-go/internal/websocket/methods.go:593.41,595.4 1 0
github.com/camerarecorder/mediamtx-camera-service-go/internal/websocket/methods.go:596.3,600.41 3 0
github.com/camerarecorder/mediamtx-camera-service-go/internal/websocket/methods.go:600.41,603.4 2 0
github.com/camerarecorder/mediamtx-camera-service-go/internal/websocket/methods.go:604.3,620.57 5 0
github.com/camerarecorder/mediamtx-camera-service-go/internal/websocket/methods.go:624.2,627.8 1 1
github.com/camerarecorder/mediamtx-camera-service-go/internal/websocket/methods.go:632.126,640.27 2 1
github.com/camerarecorder/mediamtx-camera-service-go/internal/websocket/methods.go:640.27,648.3 1 1
github.com/camerarecorder/mediamtx-camera-service-go/internal/websocket/methods.go:651.2,653.16 3 1
github.com/camerarecorder/mediamtx-camera-service-go/internal/websocket/methods.go:653.16,655.3 1 0
github.com/camerarecorder/mediamtx-camera-service-go/internal/websocket/methods.go:658.2,666.28 5 1
github.com/camerarecorder/mediamtx-camera-service-go/internal/websocket/methods.go:666.28,668.3 1 1
github.com/camerarecorder/mediamtx-camera-service-go/internal/websocket/methods.go:668.8,671.3 2 0
github.com/camerarecorder/mediamtx-camera-service-go/internal/websocket/methods.go:674.2,674.16 1 1
github.com/camerarecorder/mediamtx-camera-service-go/internal/websocket/methods.go:674.16,677.3 2 1
github.com/camerarecorder/mediamtx-camera-service-go/internal/websocket/methods.go:682.2,703.8 2 1
github.com/camerarecorder/mediamtx-camera-service-go/internal/websocket/methods.go:708.130,722.27 5 1
github.com/camerarecorder/mediamtx-camera-service-go/internal/websocket/methods.go:722.27,735.3 4 1
github.com/camerarecorder/mediamtx-camera-service-go/internal/websocket/methods.go:738.2,738.76 1 1
github.com/camerarecorder/mediamtx-camera-service-go/internal/websocket/methods.go:738.76,752.3 4 1
github.com/camerarecorder/mediamtx-camera-service-go/internal/websocket/methods.go:754.2,773.8 2 1
github.com/camerarecorder/mediamtx-camera-service-go/internal/websocket/methods.go:778.127,786.27 2 1
github.com/camerarecorder/mediamtx-camera-service-go/internal/websocket/methods.go:786.27,794.3 1 0
github.com/camerarecorder/mediamtx-camera-service-go/internal/websocket/methods.go:797.2,798.16 2 1
github.com/camerarecorder/mediamtx-camera-service-go/internal/websocket/methods.go:798.16,815.3 2 1
github.com/camerarecorder/mediamtx-camera-service-go/internal/websocket/methods.go:818.2,819.33 2 1
github.com/camerarecorder/mediamtx-camera-service-go/internal/websocket/methods.go:819.33,822.27 2 1
github.com/camerarecorder/mediamtx-camera-service-go/internal/websocket/methods.go:822.27,824.4 1 1
github.com/camerarecorder/mediamtx-camera-service-go/internal/websocket/methods.go:826.3,827.19 2 1
github.com/camerarecorder/mediamtx-camera-service-go/internal/websocket/methods.go:827.19,829.4 1 0
github.com/camerarecorder/mediamtx-camera-service-go/internal/websocket/methods.go:831.3,836.5 1 1
github.com/camerarecorder/mediamtx-camera-service-go/internal/websocket/methods.go:839.2,849.8 2 1
github.com/camerarecorder/mediamtx-camera-service-go/internal/websocket/methods.go:854.131,862.27 2 1
github.com/camerarecorder/mediamtx-camera-service-go/internal/websocket/methods.go:862.27,870.3 1 0
github.com/camerarecorder/mediamtx-camera-service-go/internal/websocket/methods.go:873.2,876.19 3 1
github.com/camerarecorder/mediamtx-camera-service-go/internal/websocket/methods.go:876.19,877.42 1 1
github.com/camerarecorder/mediamtx-camera-service-go/internal/websocket/methods.go:877.42,878.79 1 1
github.com/camerarecorder/mediamtx-camera-service-go/internal/websocket/methods.go:878.79,880.5 1 1
github.com/camerarecorder/mediamtx-camera-service-go/internal/websocket/methods.go:880.10,889.5 1 1
github.com/camerarecorder/mediamtx-camera-service-go/internal/websocket/methods.go:892.3,892.44 1 1
github.com/camerarecorder/mediamtx-camera-service-go/internal/websocket/methods.go:892.44,893.62 1 1
github.com/camerarecorder/mediamtx-camera-service-go/internal/websocket/methods.go:893.62,895.5 1 1
github.com/camerarecorder/mediamtx-camera-service-go/internal/websocket/methods.go:895.10,904.5 1 0
github.com/camerarecorder/mediamtx-camera-service-go/internal/websocket/methods.go:909.2,910.16 2 1
github.com/camerarecorder/mediamtx-camera-service-go/internal/websocket/methods.go:910.16,925.3 2 1
github.com/camerarecorder/mediamtx-camera-service-go/internal/websocket/methods.go:928.2,929.38 2 1
github.com/camerarecorder/mediamtx-camera-service-go/internal/websocket/methods.go:929.38,938.27 2 0
github.com/camerarecorder/mediamtx-camera-service-go/internal/websocket/methods.go:938.27,940.4 1 0
github.com/camerarecorder/mediamtx-camera-service-go/internal/websocket/methods.go:942.3,942.22 1 0
github.com/camerarecorder/mediamtx-camera-service-go/internal/websocket/methods.go:945.2,961.8 2 1
github.com/camerarecorder/mediamtx-camera-service-go/internal/websocket/methods.go:966.132,974.27 2 1
github.com/camerarecorder/mediamtx-camera-service-go/internal/websocket/methods.go:974.27,982.3 1 0
github.com/camerarecorder/mediamtx-camera-service-go/internal/websocket/methods.go:985.2,985.19 1 1
github.com/camerarecorder/mediamtx-camera-service-go/internal/websocket/methods.go:985.19,994.3 1 0
github.com/camerarecorder/mediamtx-camera-service-go/internal/websocket/methods.go:996.2,997.27 2 1
github.com/camerarecorder/mediamtx-camera-service-go/internal/websocket/methods.go:997.27,1006.3 1 1
github.com/camerarecorder/mediamtx-camera-service-go/internal/websocket/methods.go:1009.2,1010.16 2 1
github.com/camerarecorder/mediamtx-camera-service-go/internal/websocket/methods.go:1010.16,1026.3 2 1
github.com/camerarecorder/mediamtx-camera-service-go/internal/websocket/methods.go:1028.2,1042.8 2 0
github.com/camerarecorder/mediamtx-camera-service-go/internal/websocket/methods.go:1047.131,1055.27 2 1
github.com/camerarecorder/mediamtx-camera-service-go/internal/websocket/methods.go:1055.27,1063.3 1 0
github.com/camerarecorder/mediamtx-camera-service-go/internal/websocket/methods.go:1066.2,1066.19 1 1
github.com/camerarecorder/mediamtx-camera-service-go/internal/websocket/methods.go:1066.19,1075.3 1 0
github.com/camerarecorder/mediamtx-camera-service-go/internal/websocket/methods.go:1077.2,1078.27 2 1
github.com/camerarecorder/mediamtx-camera-service-go/internal/websocket/methods.go:1078.27,1087.3 1 1
github.com/camerarecorder/mediamtx-camera-service-go/internal/websocket/methods.go:1090.2,1091.16 2 1
github.com/camerarecorder/mediamtx-camera-service-go/internal/websocket/methods.go:1091.16,1107.3 2 1
github.com/camerarecorder/mediamtx-camera-service-go/internal/websocket/methods.go:1109.2,1123.8 2 0
github.com/camerarecorder/mediamtx-camera-service-go/internal/websocket/methods.go:1128.131,1136.27 2 1
github.com/camerarecorder/mediamtx-camera-service-go/internal/websocket/methods.go:1136.27,1144.3 1 0
github.com/camerarecorder/mediamtx-camera-service-go/internal/websocket/methods.go:1147.2,1148.19 2 1
github.com/camerarecorder/mediamtx-camera-service-go/internal/websocket/methods.go:1148.19,1157.3 1 0
github.com/camerarecorder/mediamtx-camera-service-go/internal/websocket/methods.go:1159.2,1165.16 5 1
github.com/camerarecorder/mediamtx-camera-service-go/internal/websocket/methods.go:1165.16,1181.3 2 0
github.com/camerarecorder/mediamtx-camera-service-go/internal/websocket/methods.go:1184.2,1191.50 6 1
github.com/camerarecorder/mediamtx-camera-service-go/internal/websocket/methods.go:1191.50,1193.3 1 1
github.com/camerarecorder/mediamtx-camera-service-go/internal/websocket/methods.go:1195.2,1196.49 2 1
github.com/camerarecorder/mediamtx-camera-service-go/internal/websocket/methods.go:1196.49,1198.3 1 1
github.com/camerarecorder/mediamtx-camera-service-go/internal/websocket/methods.go:1201.2,1223.8 3 1
github.com/camerarecorder/mediamtx-camera-service-go/internal/websocket/methods.go:1227.72,1230.85 2 1
github.com/camerarecorder/mediamtx-camera-service-go/internal/websocket/methods.go:1230.85,1231.17 1 1
github.com/camerarecorder/mediamtx-camera-service-go/internal/websocket/methods.go:1231.17,1233.4 1 0
github.com/camerarecorder/mediamtx-camera-service-go/internal/websocket/methods.go:1234.3,1234.20 1 1
github.com/camerarecorder/mediamtx-camera-service-go/internal/websocket/methods.go:1234.20,1236.4 1 0
github.com/camerarecorder/mediamtx-camera-service-go/internal/websocket/methods.go:1237.3,1237.13 1 1
github.com/camerarecorder/mediamtx-camera-service-go/internal/websocket/methods.go:1240.2,1240.16 1 1
github.com/camerarecorder/mediamtx-camera-service-go/internal/websocket/methods.go:1240.16,1245.3 1 0
github.com/camerarecorder/mediamtx-camera-service-go/internal/websocket/methods.go:1247.2,1247.18 1 1
github.com/camerarecorder/mediamtx-camera-service-go/internal/websocket/methods.go:1252.132,1260.27 2 1
github.com/camerarecorder/mediamtx-camera-service-go/internal/websocket/methods.go:1260.27,1268.3 1 0
github.com/camerarecorder/mediamtx-camera-service-go/internal/websocket/methods.go:1271.2,1272.16 2 1
github.com/camerarecorder/mediamtx-camera-service-go/internal/websocket/methods.go:1272.16,1281.3 1 0
github.com/camerarecorder/mediamtx-camera-service-go/internal/websocket/methods.go:1284.2,1284.34 1 1
github.com/camerarecorder/mediamtx-camera-service-go/internal/websocket/methods.go:1284.34,1293.3 1 0
github.com/camerarecorder/mediamtx-camera-service-go/internal/websocket/methods.go:1296.2,1300.39 4 1
github.com/camerarecorder/mediamtx-camera-service-go/internal/websocket/methods.go:1300.39,1303.3 1 1
github.com/camerarecorder/mediamtx-camera-service-go/internal/websocket/methods.go:1303.8,1303.47 1 0
github.com/camerarecorder/mediamtx-camera-service-go/internal/websocket/methods.go:1303.47,1306.3 1 0
github.com/camerarecorder/mediamtx-camera-service-go/internal/websocket/methods.go:1306.8,1315.3 1 0
github.com/camerarecorder/mediamtx-camera-service-go/internal/websocket/methods.go:1317.2,1317.16 1 1
github.com/camerarecorder/mediamtx-camera-service-go/internal/websocket/methods.go:1317.16,1332.3 2 0
github.com/camerarecorder/mediamtx-camera-service-go/internal/websocket/methods.go:1334.2,1350.8 2 1
github.com/camerarecorder/mediamtx-camera-service-go/internal/websocket/methods.go:1355.135,1363.27 2 1
github.com/camerarecorder/mediamtx-camera-service-go/internal/websocket/methods.go:1363.27,1371.3 1 0
github.com/camerarecorder/mediamtx-camera-service-go/internal/websocket/methods.go:1374.2,1374.19 1 1
github.com/camerarecorder/mediamtx-camera-service-go/internal/websocket/methods.go:1374.19,1383.3 1 0
github.com/camerarecorder/mediamtx-camera-service-go/internal/websocket/methods.go:1386.2,1387.29 2 1
github.com/camerarecorder/mediamtx-camera-service-go/internal/websocket/methods.go:1387.29,1396.3 1 1
github.com/camerarecorder/mediamtx-camera-service-go/internal/websocket/methods.go:1399.2,1400.35 2 0
github.com/camerarecorder/mediamtx-camera-service-go/internal/websocket/methods.go:1400.35,1409.3 1 0
github.com/camerarecorder/mediamtx-camera-service-go/internal/websocket/methods.go:1412.2,1413.9 2 0
github.com/camerarecorder/mediamtx-camera-service-go/internal/websocket/methods.go:1413.9,1422.3 1 0
github.com/camerarecorder/mediamtx-camera-service-go/internal/websocket/methods.go:1425.2,1425.25 1 0
github.com/camerarecorder/mediamtx-camera-service-go/internal/websocket/methods.go:1425.25,1427.14 2 0
github.com/camerarecorder/mediamtx-camera-service-go/internal/websocket/methods.go:1427.14,1436.4 1 0
github.com/camerarecorder/mediamtx-camera-service-go/internal/websocket/methods.go:1439.3,1440.33 2 0
github.com/camerarecorder/mediamtx-camera-service-go/internal/websocket/methods.go:1441.12,1442.28 1 0
github.com/camerarecorder/mediamtx-camera-service-go/internal/websocket/methods.go:1443.16,1444.19 1 0
github.com/camerarecorder/mediamtx-camera-service-go/internal/websocket/methods.go:1445.11,1453.10 1 0
github.com/camerarecorder/mediamtx-camera-service-go/internal/websocket/methods.go:1456.3,1456.23 1 0
github.com/camerarecorder/mediamtx-camera-service-go/internal/websocket/methods.go:1456.23,1465.4 1 0
github.com/camerarecorder/mediamtx-camera-service-go/internal/websocket/methods.go:1469.2,1469.26 1 0
github.com/camerarecorder/mediamtx-camera-service-go/internal/websocket/methods.go:1469.26,1471.14 2 0
github.com/camerarecorder/mediamtx-camera-service-go/internal/websocket/methods.go:1471.14,1480.4 1 0
github.com/camerarecorder/mediamtx-camera-service-go/internal/websocket/methods.go:1483.3,1484.32 2 0
github.com/camerarecorder/mediamtx-camera-service-go/internal/websocket/methods.go:1485.12,1486.29 1 0
github.com/camerarecorder/mediamtx-camera-service-go/internal/websocket/methods.go:1487.16,1488.20 1 0
github.com/camerarecorder/mediamtx-camera-service-go/internal/websocket/methods.go:1489.11,1497.10 1 0
github.com/camerarecorder/mediamtx-camera-service-go/internal/websocket/methods.go:1500.3,1500.24 1 0
github.com/camerarecorder/mediamtx-camera-service-go/internal/websocket/methods.go:1500.24,1509.4 1 0
github.com/camerarecorder/mediamtx-camera-service-go/internal/websocket/methods.go:1513.2,1514.16 2 0
github.com/camerarecorder/mediamtx-camera-service-go/internal/websocket/methods.go:1514.16,1523.3 1 0
github.com/camerarecorder/mediamtx-camera-service-go/internal/websocket/methods.go:1526.2,1530.25 3 0
github.com/camerarecorder/mediamtx-camera-service-go/internal/websocket/methods.go:1530.25,1531.61 1 0
github.com/camerarecorder/mediamtx-camera-service-go/internal/websocket/methods.go:1531.61,1533.4 1 0
github.com/camerarecorder/mediamtx-camera-service-go/internal/websocket/methods.go:1533.9,1533.64 1 0
github.com/camerarecorder/mediamtx-camera-service-go/internal/websocket/methods.go:1533.64,1535.4 1 0
github.com/camerarecorder/mediamtx-camera-service-go/internal/websocket/methods.go:1536.8,1536.33 1 0
github.com/camerarecorder/mediamtx-camera-service-go/internal/websocket/methods.go:1536.33,1537.59 1 0
github.com/camerarecorder/mediamtx-camera-service-go/internal/websocket/methods.go:1537.59,1539.4 1 0
github.com/camerarecorder/mediamtx-camera-service-go/internal/websocket/methods.go:1539.9,1539.62 1 0
github.com/camerarecorder/mediamtx-camera-service-go/internal/websocket/methods.go:1539.62,1541.4 1 0
github.com/camerarecorder/mediamtx-camera-service-go/internal/websocket/methods.go:1547.2,1563.25 3 0
github.com/camerarecorder/mediamtx-camera-service-go/internal/websocket/methods.go:1563.25,1564.61 1 0
github.com/camerarecorder/mediamtx-camera-service-go/internal/websocket/methods.go:1564.61,1566.4 1 0
github.com/camerarecorder/mediamtx-camera-service-go/internal/websocket/methods.go:1566.9,1566.64 1 0
github.com/camerarecorder/mediamtx-camera-service-go/internal/websocket/methods.go:1566.64,1568.4 1 0
github.com/camerarecorder/mediamtx-camera-service-go/internal/websocket/methods.go:1569.8,1569.33 1 0
github.com/camerarecorder/mediamtx-camera-service-go/internal/websocket/methods.go:1569.33,1570.59 1 0
github.com/camerarecorder/mediamtx-camera-service-go/internal/websocket/methods.go:1570.59,1572.4 1 0
github.com/camerarecorder/mediamtx-camera-service-go/internal/websocket/methods.go:1572.9,1572.62 1 0
github.com/camerarecorder/mediamtx-camera-service-go/internal/websocket/methods.go:1572.62,1574.4 1 0
github.com/camerarecorder/mediamtx-camera-service-go/internal/websocket/methods.go:1577.2,1580.8 1 0
github.com/camerarecorder/mediamtx-camera-service-go/internal/websocket/methods.go:1585.130,1593.27 2 1
github.com/camerarecorder/mediamtx-camera-service-go/internal/websocket/methods.go:1593.27,1601.3 1 0
github.com/camerarecorder/mediamtx-camera-service-go/internal/websocket/methods.go:1604.2,1607.19 3 1
github.com/camerarecorder/mediamtx-camera-service-go/internal/websocket/methods.go:1607.19,1608.42 1 1
github.com/camerarecorder/mediamtx-camera-service-go/internal/websocket/methods.go:1608.42,1609.79 1 1
github.com/camerarecorder/mediamtx-camera-service-go/internal/websocket/methods.go:1609.79,1611.5 1 1
github.com/camerarecorder/mediamtx-camera-service-go/internal/websocket/methods.go:1611.10,1620.5 1 0
github.com/camerarecorder/mediamtx-camera-service-go/internal/websocket/methods.go:1623.3,1623.44 1 1
github.com/camerarecorder/mediamtx-camera-service-go/internal/websocket/methods.go:1623.44,1624.62 1 1
github.com/camerarecorder/mediamtx-camera-service-go/internal/websocket/methods.go:1624.62,1626.5 1 1
github.com/camerarecorder/mediamtx-camera-service-go/internal/websocket/methods.go:1626.10,1635.5 1 0
github.com/camerarecorder/mediamtx-camera-service-go/internal/websocket/methods.go:1640.2,1641.16 2 1
github.com/camerarecorder/mediamtx-camera-service-go/internal/websocket/methods.go:1641.16,1656.3 2 1
github.com/camerarecorder/mediamtx-camera-service-go/internal/websocket/methods.go:1659.2,1660.38 2 1
github.com/camerarecorder/mediamtx-camera-service-go/internal/websocket/methods.go:1660.38,1669.3 2 0
github.com/camerarecorder/mediamtx-camera-service-go/internal/websocket/methods.go:1671.2,1687.8 2 1
github.com/camerarecorder/mediamtx-camera-service-go/internal/websocket/methods.go:1692.129,1700.27 2 1
github.com/camerarecorder/mediamtx-camera-service-go/internal/websocket/methods.go:1700.27,1708.3 1 0
github.com/camerarecorder/mediamtx-camera-service-go/internal/websocket/methods.go:1711.2,1711.19 1 1
github.com/camerarecorder/mediamtx-camera-service-go/internal/websocket/methods.go:1711.19,1720.3 1 0
github.com/camerarecorder/mediamtx-camera-service-go/internal/websocket/methods.go:1722.2,1723.29 2 1
github.com/camerarecorder/mediamtx-camera-service-go/internal/websocket/methods.go:1723.29,1732.3 1 1
github.com/camerarecorder/mediamtx-camera-service-go/internal/websocket/methods.go:1735.2,1736.71 2 1
github.com/camerarecorder/mediamtx-camera-service-go/internal/websocket/methods.go:1736.71,1738.3 1 1
github.com/camerarecorder/mediamtx-camera-service-go/internal/websocket/methods.go:1739.2,1739.65 1 1
github.com/camerarecorder/mediamtx-camera-service-go/internal/websocket/methods.go:1739.65,1741.3 1 1
github.com/camerarecorder/mediamtx-camera-service-go/internal/websocket/methods.go:1742.2,1742.63 1 1
github.com/camerarecorder/mediamtx-camera-service-go/internal/websocket/methods.go:1742.63,1744.3 1 1
github.com/camerarecorder/mediamtx-camera-service-go/internal/websocket/methods.go:1747.2,1748.13 2 1
github.com/camerarecorder/mediamtx-camera-service-go/internal/websocket/methods.go:1748.13,1759.3 1 1
github.com/camerarecorder/mediamtx-camera-service-go/internal/websocket/methods.go:1762.2,1763.16 2 0
github.com/camerarecorder/mediamtx-camera-service-go/internal/websocket/methods.go:1763.16,1781.3 2 0
github.com/camerarecorder/mediamtx-camera-service-go/internal/websocket/methods.go:1783.2,1800.8 2 0
github.com/camerarecorder/mediamtx-camera-service-go/internal/websocket/methods.go:1805.131,1813.27 2 1
github.com/camerarecorder/mediamtx-camera-service-go/internal/websocket/methods.go:1813.27,1821.3 1 0
github.com/camerarecorder/mediamtx-camera-service-go/internal/websocket/methods.go:1824.2,1824.19 1 1
github.com/camerarecorder/mediamtx-camera-service-go/internal/websocket/methods.go:1824.19,1833.3 1 0
github.com/camerarecorder/mediamtx-camera-service-go/internal/websocket/methods.go:1835.2,1836.29 2 1
github.com/camerarecorder/mediamtx-camera-service-go/internal/websocket/methods.go:1836.29,1845.3 1 1
github.com/camerarecorder/mediamtx-camera-service-go/internal/websocket/methods.go:1848.2,1849.74 2 1
github.com/camerarecorder/mediamtx-camera-service-go/internal/websocket/methods.go:1849.74,1851.3 1 0
github.com/camerarecorder/mediamtx-camera-service-go/internal/websocket/methods.go:1852.2,1852.65 1 1
github.com/camerarecorder/mediamtx-camera-service-go/internal/websocket/methods.go:1852.65,1854.3 1 1
github.com/camerarecorder/mediamtx-camera-service-go/internal/websocket/methods.go:1855.2,1855.62 1 1
github.com/camerarecorder/mediamtx-camera-service-go/internal/websocket/methods.go:1855.62,1857.3 1 0
github.com/camerarecorder/mediamtx-camera-service-go/internal/websocket/methods.go:1858.2,1858.63 1 1
github.com/camerarecorder/mediamtx-camera-service-go/internal/websocket/methods.go:1858.63,1860.3 1 0
github.com/camerarecorder/mediamtx-camera-service-go/internal/websocket/methods.go:1863.2,1863.69 1 1
github.com/camerarecorder/mediamtx-camera-service-go/internal/websocket/methods.go:1863.69,1865.3 1 0
github.com/camerarecorder/mediamtx-camera-service-go/internal/websocket/methods.go:1866.2,1866.66 1 1
github.com/camerarecorder/mediamtx-camera-service-go/internal/websocket/methods.go:1866.66,1868.3 1 0
github.com/camerarecorder/mediamtx-camera-service-go/internal/websocket/methods.go:1869.2,1869.58 1 1
github.com/camerarecorder/mediamtx-camera-service-go/internal/websocket/methods.go:1869.58,1871.3 1 0
github.com/camerarecorder/mediamtx-camera-service-go/internal/websocket/methods.go:1872.2,1872.82 1 1
github.com/camerarecorder/mediamtx-camera-service-go/internal/websocket/methods.go:1872.82,1874.3 1 0
github.com/camerarecorder/mediamtx-camera-service-go/internal/websocket/methods.go:1875.2,1875.80 1 1
github.com/camerarecorder/mediamtx-camera-service-go/internal/websocket/methods.go:1875.80,1877.3 1 0
github.com/camerarecorder/mediamtx-camera-service-go/internal/websocket/methods.go:1878.2,1878.56 1 1
github.com/camerarecorder/mediamtx-camera-service-go/internal/websocket/methods.go:1878.56,1880.3 1 0
github.com/camerarecorder/mediamtx-camera-service-go/internal/websocket/methods.go:1881.2,1881.81 1 1
github.com/camerarecorder/mediamtx-camera-service-go/internal/websocket/methods.go:1881.81,1883.3 1 0
github.com/camerarecorder/mediamtx-camera-service-go/internal/websocket/methods.go:1886.2,1886.64 1 1
github.com/camerarecorder/mediamtx-camera-service-go/internal/websocket/methods.go:1886.64,1888.3 1 0
github.com/camerarecorder/mediamtx-camera-service-go/internal/websocket/methods.go:1889.2,1889.87 1 1
github.com/camerarecorder/mediamtx-camera-service-go/internal/websocket/methods.go:1889.87,1891.3 1 0
github.com/camerarecorder/mediamtx-camera-service-go/internal/websocket/methods.go:1892.2,1892.66 1 1
github.com/camerarecorder/mediamtx-camera-service-go/internal/websocket/methods.go:1892.66,1894.3 1 0
github.com/camerarecorder/mediamtx-camera-service-go/internal/websocket/methods.go:1895.2,1895.66 1 1
github.com/camerarecorder/mediamtx-camera-service-go/internal/websocket/methods.go:1895.66,1897.3 1 0
github.com/camerarecorder/mediamtx-camera-service-go/internal/websocket/methods.go:1898.2,1898.87 1 1
github.com/camerarecorder/mediamtx-camera-service-go/internal/websocket/methods.go:1898.87,1900.3 1 0
github.com/camerarecorder/mediamtx-camera-service-go/internal/websocket/methods.go:1901.2,1901.76 1 1
github.com/camerarecorder/mediamtx-camera-service-go/internal/websocket/methods.go:1901.76,1903.3 1 0
github.com/camerarecorder/mediamtx-camera-service-go/internal/websocket/methods.go:1904.2,1904.66 1 1
github.com/camerarecorder/mediamtx-camera-service-go/internal/websocket/methods.go:1904.66,1906.3 1 0
github.com/camerarecorder/mediamtx-camera-service-go/internal/websocket/methods.go:1909.2,1910.13 2 1
github.com/camerarecorder/mediamtx-camera-service-go/internal/websocket/methods.go:1910.13,1940.3 5 1
github.com/camerarecorder/mediamtx-camera-service-go/internal/websocket/methods.go:1943.2,1944.16 2 0
github.com/camerarecorder/mediamtx-camera-service-go/internal/websocket/methods.go:1944.16,1972.3 5 0
github.com/camerarecorder/mediamtx-camera-service-go/internal/websocket/methods.go:1974.2,2001.8 2 0
github.com/camerarecorder/mediamtx-camera-service-go/internal/websocket/methods.go:2006.130,2014.27 2 1
github.com/camerarecorder/mediamtx-camera-service-go/internal/websocket/methods.go:2014.27,2022.3 1 0
github.com/camerarecorder/mediamtx-camera-service-go/internal/websocket/methods.go:2025.2,2025.19 1 1
github.com/camerarecorder/mediamtx-camera-service-go/internal/websocket/methods.go:2025.19,2034.3 1 0
github.com/camerarecorder/mediamtx-camera-service-go/internal/websocket/methods.go:2036.2,2037.29 2 1
github.com/camerarecorder/mediamtx-camera-service-go/internal/websocket/methods.go:2037.29,2046.3 1 1
github.com/camerarecorder/mediamtx-camera-service-go/internal/websocket/methods.go:2049.2,2050.13 2 1
github.com/camerarecorder/mediamtx-camera-service-go/internal/websocket/methods.go:2050.13,2061.3 1 1
github.com/camerarecorder/mediamtx-camera-service-go/internal/websocket/methods.go:2064.2,2065.13 2 0
github.com/camerarecorder/mediamtx-camera-service-go/internal/websocket/methods.go:2065.13,2076.3 1 0
github.com/camerarecorder/mediamtx-camera-service-go/internal/websocket/methods.go:2078.2,2078.21 1 0
github.com/camerarecorder/mediamtx-camera-service-go/internal/websocket/methods.go:2078.21,2089.3 1 0
github.com/camerarecorder/mediamtx-camera-service-go/internal/websocket/methods.go:2092.2,2093.16 2 0
github.com/camerarecorder/mediamtx-camera-service-go/internal/websocket/methods.go:2093.16,2112.3 2 0
github.com/camerarecorder/mediamtx-camera-service-go/internal/websocket/methods.go:2114.2,2129.8 2 0
github.com/camerarecorder/mediamtx-camera-service-go/internal/websocket/methods.go:2133.81,2136.20 2 0
github.com/camerarecorder/mediamtx-camera-service-go/internal/websocket/methods.go:2136.20,2138.3 1 0
github.com/camerarecorder/mediamtx-camera-service-go/internal/websocket/methods.go:2139.2,2139.18 1 0
github.com/camerarecorder/mediamtx-camera-service-go/internal/websocket/methods.go:2144.133,2152.27 2 1
github.com/camerarecorder/mediamtx-camera-service-go/internal/websocket/methods.go:2152.27,2160.3 1 0
github.com/camerarecorder/mediamtx-camera-service-go/internal/websocket/methods.go:2163.2,2163.19 1 1
github.com/camerarecorder/mediamtx-camera-service-go/internal/websocket/methods.go:2163.19,2172.3 1 0
github.com/camerarecorder/mediamtx-camera-service-go/internal/websocket/methods.go:2174.2,2175.27 2 1
github.com/camerarecorder/mediamtx-camera-service-go/internal/websocket/methods.go:2175.27,2184.3 1 1
github.com/camerarecorder/mediamtx-camera-service-go/internal/websocket/methods.go:2187.2,2188.16 2 1
github.com/camerarecorder/mediamtx-camera-service-go/internal/websocket/methods.go:2188.16,2204.3 2 1
github.com/camerarecorder/mediamtx-camera-service-go/internal/websocket/methods.go:2206.2,2222.34 3 0
github.com/camerarecorder/mediamtx-camera-service-go/internal/websocket/methods.go:2222.34,2224.3 1 0
github.com/camerarecorder/mediamtx-camera-service-go/internal/websocket/methods.go:2224.8,2227.3 1 0
github.com/camerarecorder/mediamtx-camera-service-go/internal/websocket/methods.go:2229.2,2232.8 1 0
github.com/camerarecorder/mediamtx-camera-service-go/internal/websocket/methods.go:2237.132,2245.27 2 1
github.com/camerarecorder/mediamtx-camera-service-go/internal/websocket/methods.go:2245.27,2253.3 1 0
github.com/camerarecorder/mediamtx-camera-service-go/internal/websocket/methods.go:2256.2,2256.19 1 1
github.com/camerarecorder/mediamtx-camera-service-go/internal/websocket/methods.go:2256.19,2265.3 1 0
github.com/camerarecorder/mediamtx-camera-service-go/internal/websocket/methods.go:2267.2,2268.27 2 1
github.com/camerarecorder/mediamtx-camera-service-go/internal/websocket/methods.go:2268.27,2277.3 1 1
github.com/camerarecorder/mediamtx-camera-service-go/internal/websocket/methods.go:2280.2,2281.16 2 1
github.com/camerarecorder/mediamtx-camera-service-go/internal/websocket/methods.go:2281.16,2297.3 2 1
github.com/camerarecorder/mediamtx-camera-service-go/internal/websocket/methods.go:2299.2,2315.8 2 0
github.com/camerarecorder/mediamtx-camera-service-go/internal/websocket/methods.go:2320.50,2321.14 1 1
github.com/camerarecorder/mediamtx-camera-service-go/internal/websocket/methods.go:2322.15,2323.46 1 0
github.com/camerarecorder/mediamtx-camera-service-go/internal/websocket/methods.go:2324.18,2325.37 1 0
github.com/camerarecorder/mediamtx-camera-service-go/internal/websocket/methods.go:2326.16,2327.26 1 1
github.com/camerarecorder/mediamtx-camera-service-go/internal/websocket/methods.go:2328.10,2329.20 1 0
github.com/camerarecorder/mediamtx-camera-service-go/internal/websocket/methods.go:2334.28,2337.16 2 1
github.com/camerarecorder/mediamtx-camera-service-go/internal/websocket/methods.go:2337.16,2339.3 1 0
github.com/camerarecorder/mediamtx-camera-service-go/internal/websocket/methods.go:2342.2,2343.21 2 1
github.com/camerarecorder/mediamtx-camera-service-go/internal/websocket/methods.go:2343.21,2345.3 1 0
github.com/camerarecorder/mediamtx-camera-service-go/internal/websocket/methods.go:2348.2,2349.43 2 1
github.com/camerarecorder/mediamtx-camera-service-go/internal/websocket/methods.go:2349.43,2351.3 1 0
github.com/camerarecorder/mediamtx-camera-service-go/internal/websocket/methods.go:2354.2,2355.35 2 1
github.com/camerarecorder/mediamtx-camera-service-go/internal/websocket/methods.go:2355.35,2357.17 2 1
github.com/camerarecorder/mediamtx-camera-service-go/internal/websocket/methods.go:2357.17,2359.4 1 0
github.com/camerarecorder/mediamtx-camera-service-go/internal/websocket/methods.go:2360.3,2360.29 1 1
github.com/camerarecorder/mediamtx-camera-service-go/internal/websocket/methods.go:2364.2,2365.29 2 1
github.com/camerarecorder/mediamtx-camera-service-go/internal/websocket/methods.go:2365.29,2367.3 1 1
github.com/camerarecorder/mediamtx-camera-service-go/internal/websocket/methods.go:2369.2,2370.21 2 1
github.com/camerarecorder/mediamtx-camera-service-go/internal/websocket/methods.go:2370.21,2372.3 1 1
github.com/camerarecorder/mediamtx-camera-service-go/internal/websocket/methods.go:2375.2,2375.16 1 1
github.com/camerarecorder/mediamtx-camera-service-go/internal/websocket/methods.go:2375.16,2377.3 1 0
github.com/camerarecorder/mediamtx-camera-service-go/internal/websocket/methods.go:2379.2,2380.14 2 1
github.com/camerarecorder/mediamtx-camera-service-go/internal/websocket/methods.go:2384.86,2387.16 2 1
github.com/camerarecorder/mediamtx-camera-service-go/internal/websocket/methods.go:2387.16,2389.3 1 0
github.com/camerarecorder/mediamtx-camera-service-go/internal/websocket/methods.go:2391.2,2402.16 7 1
github.com/camerarecorder/mediamtx-camera-service-go/internal/websocket/methods.go:2402.16,2404.3 1 0
github.com/camerarecorder/mediamtx-camera-service-go/internal/websocket/methods.go:2404.8,2407.3 2 1
github.com/camerarecorder/mediamtx-camera-service-go/internal/websocket/methods.go:2410.2,2411.16 2 1
github.com/camerarecorder/mediamtx-camera-service-go/internal/websocket/methods.go:2411.16,2413.3 1 0
github.com/camerarecorder/mediamtx-camera-service-go/internal/websocket/methods.go:2413.8,2416.3 2 1
github.com/camerarecorder/mediamtx-camera-service-go/internal/websocket/methods.go:2418.2,2418.37 1 1
github.com/camerarecorder/mediamtx-camera-service-go/internal/websocket/methods.go:2422.86,2425.16 2 0
github.com/camerarecorder/mediamtx-camera-service-go/internal/websocket/methods.go:2425.16,2427.3 1 0
github.com/camerarecorder/mediamtx-camera-service-go/internal/websocket/methods.go:2429.2,2440.16 7 0
github.com/camerarecorder/mediamtx-camera-service-go/internal/websocket/methods.go:2440.16,2442.3 1 0
github.com/camerarecorder/mediamtx-camera-service-go/internal/websocket/methods.go:2442.8,2445.3 2 0
github.com/camerarecorder/mediamtx-camera-service-go/internal/websocket/methods.go:2448.2,2449.16 2 0
github.com/camerarecorder/mediamtx-camera-service-go/internal/websocket/methods.go:2449.16,2451.3 1 0
github.com/camerarecorder/mediamtx-camera-service-go/internal/websocket/methods.go:2451.8,2454.3 2 0
github.com/camerarecorder/mediamtx-camera-service-go/internal/websocket/methods.go:2456.2,2456.37 1 0
github.com/camerarecorder/mediamtx-camera-service-go/internal/websocket/methods.go:2460.102,2462.16 2 1
github.com/camerarecorder/mediamtx-camera-service-go/internal/websocket/methods.go:2462.16,2464.3 1 0
github.com/camerarecorder/mediamtx-camera-service-go/internal/websocket/methods.go:2466.2,2469.32 3 1
github.com/camerarecorder/mediamtx-camera-service-go/internal/websocket/methods.go:2469.32,2470.20 1 0
github.com/camerarecorder/mediamtx-camera-service-go/internal/websocket/methods.go:2470.20,2471.12 1 0
github.com/camerarecorder/mediamtx-camera-service-go/internal/websocket/methods.go:2474.3,2476.17 3 0
github.com/camerarecorder/mediamtx-camera-service-go/internal/websocket/methods.go:2476.17,2478.12 2 0
github.com/camerarecorder/mediamtx-camera-service-go/internal/websocket/methods.go:2481.3,2481.40 1 0
github.com/camerarecorder/mediamtx-camera-service-go/internal/websocket/methods.go:2481.40,2482.46 1 0
github.com/camerarecorder/mediamtx-camera-service-go/internal/websocket/methods.go:2482.46,2484.13 2 0
github.com/camerarecorder/mediamtx-camera-service-go/internal/websocket/methods.go:2487.4,2495.32 3 0
github.com/camerarecorder/mediamtx-camera-service-go/internal/websocket/methods.go:2499.2,2499.37 1 1
github.com/camerarecorder/mediamtx-camera-service-go/internal/websocket/methods.go:2503.106,2505.16 2 0
github.com/camerarecorder/mediamtx-camera-service-go/internal/websocket/methods.go:2505.16,2507.3 1 0
github.com/camerarecorder/mediamtx-camera-service-go/internal/websocket/methods.go:2510.2,2519.32 4 0
github.com/camerarecorder/mediamtx-camera-service-go/internal/websocket/methods.go:2519.32,2520.20 1 0
github.com/camerarecorder/mediamtx-camera-service-go/internal/websocket/methods.go:2520.20,2521.12 1 0
github.com/camerarecorder/mediamtx-camera-service-go/internal/websocket/methods.go:2524.3,2526.17 3 0
github.com/camerarecorder/mediamtx-camera-service-go/internal/websocket/methods.go:2526.17,2528.12 2 0
github.com/camerarecorder/mediamtx-camera-service-go/internal/websocket/methods.go:2531.3,2536.27 2 0
github.com/camerarecorder/mediamtx-camera-service-go/internal/websocket/methods.go:2540.2,2540.40 1 0
github.com/camerarecorder/mediamtx-camera-service-go/internal/websocket/methods.go:2540.40,2542.3 1 0
github.com/camerarecorder/mediamtx-camera-service-go/internal/websocket/methods.go:2545.2,2548.29 3 0
github.com/camerarecorder/mediamtx-camera-service-go/internal/websocket/methods.go:2548.29,2549.32 1 0
github.com/camerarecorder/mediamtx-camera-service-go/internal/websocket/methods.go:2549.32,2550.9 1 0
github.com/camerarecorder/mediamtx-camera-service-go/internal/websocket/methods.go:2553.3,2553.46 1 0
github.com/camerarecorder/mediamtx-camera-service-go/internal/websocket/methods.go:2553.46,2555.12 2 0
github.com/camerarecorder/mediamtx-camera-service-go/internal/websocket/methods.go:2558.3,2567.47 4 0
github.com/camerarecorder/mediamtx-camera-service-go/internal/websocket/methods.go:2570.2,2570.39 1 0
github.com/camerarecorder/mediamtx-camera-service-go/internal/websocket/server.go:83.101,85.34 1 1
github.com/camerarecorder/mediamtx-camera-service-go/internal/websocket/server.go:85.34,87.3 1 1
github.com/camerarecorder/mediamtx-camera-service-go/internal/websocket/server.go:90.2,91.16 2 1
github.com/camerarecorder/mediamtx-camera-service-go/internal/websocket/server.go:91.16,98.3 2 1
github.com/camerarecorder/mediamtx-camera-service-go/internal/websocket/server.go:101.2,101.62 1 1
github.com/camerarecorder/mediamtx-camera-service-go/internal/websocket/server.go:101.62,108.3 2 1
github.com/camerarecorder/mediamtx-camera-service-go/internal/websocket/server.go:110.2,110.12 1 1
github.com/camerarecorder/mediamtx-camera-service-go/internal/websocket/server.go:114.74,115.51 1 1
github.com/camerarecorder/mediamtx-camera-service-go/internal/websocket/server.go:115.51,118.3 2 0
github.com/camerarecorder/mediamtx-camera-service-go/internal/websocket/server.go:119.2,119.12 1 1
github.com/camerarecorder/mediamtx-camera-service-go/internal/websocket/server.go:125.112,144.2 3 0
github.com/camerarecorder/mediamtx-camera-service-go/internal/websocket/server.go:147.78,153.42 4 0
github.com/camerarecorder/mediamtx-camera-service-go/internal/websocket/server.go:153.42,154.49 1 0
github.com/camerarecorder/mediamtx-camera-service-go/internal/websocket/server.go:154.49,164.62 3 0
github.com/camerarecorder/mediamtx-camera-service-go/internal/websocket/server.go:164.62,169.5 1 0
github.com/camerarecorder/mediamtx-camera-service-go/internal/websocket/server.go:169.10,174.5 1 0
github.com/camerarecorder/mediamtx-camera-service-go/internal/websocket/server.go:177.2,177.26 1 0
github.com/camerarecorder/mediamtx-camera-service-go/internal/websocket/server.go:181.78,186.2 3 0
github.com/camerarecorder/mediamtx-camera-service-go/internal/websocket/server.go:195.29,196.26 1 1
github.com/camerarecorder/mediamtx-camera-service-go/internal/websocket/server.go:196.26,198.3 1 0
github.com/camerarecorder/mediamtx-camera-service-go/internal/websocket/server.go:200.2,200.19 1 1
github.com/camerarecorder/mediamtx-camera-service-go/internal/websocket/server.go:200.19,202.3 1 0
github.com/camerarecorder/mediamtx-camera-service-go/internal/websocket/server.go:204.2,204.26 1 1
github.com/camerarecorder/mediamtx-camera-service-go/internal/websocket/server.go:204.26,206.3 1 0
github.com/camerarecorder/mediamtx-camera-service-go/internal/websocket/server.go:208.2,208.23 1 1
github.com/camerarecorder/mediamtx-camera-service-go/internal/websocket/server.go:208.23,210.3 1 0
github.com/camerarecorder/mediamtx-camera-service-go/internal/websocket/server.go:212.2,212.31 1 1
github.com/camerarecorder/mediamtx-camera-service-go/internal/websocket/server.go:212.31,214.3 1 0
github.com/camerarecorder/mediamtx-camera-service-go/internal/websocket/server.go:217.2,218.16 2 1
github.com/camerarecorder/mediamtx-camera-service-go/internal/websocket/server.go:218.16,220.3 1 0
github.com/camerarecorder/mediamtx-camera-service-go/internal/websocket/server.go:223.2,250.44 2 1
github.com/camerarecorder/mediamtx-camera-service-go/internal/websocket/server.go:250.44,253.5 1 1
github.com/camerarecorder/mediamtx-camera-service-go/internal/websocket/server.go:281.2,283.20 2 1
github.com/camerarecorder/mediamtx-camera-service-go/internal/websocket/server.go:287.41,288.15 1 1
github.com/camerarecorder/mediamtx-camera-service-go/internal/websocket/server.go:288.15,291.3 2 0
github.com/camerarecorder/mediamtx-camera-service-go/internal/websocket/server.go:293.2,313.12 6 1
github.com/camerarecorder/mediamtx-camera-service-go/internal/websocket/server.go:313.12,315.82 2 1
github.com/camerarecorder/mediamtx-camera-service-go/internal/websocket/server.go:315.82,317.4 1 0
github.com/camerarecorder/mediamtx-camera-service-go/internal/websocket/server.go:320.2,330.12 3 1
github.com/camerarecorder/mediamtx-camera-service-go/internal/websocket/server.go:334.40,335.16 1 1
github.com/camerarecorder/mediamtx-camera-service-go/internal/websocket/server.go:335.16,338.3 2 0
github.com/camerarecorder/mediamtx-camera-service-go/internal/websocket/server.go:340.2,347.34 4 1
github.com/camerarecorder/mediamtx-camera-service-go/internal/websocket/server.go:347.34,350.3 1 1
github.com/camerarecorder/mediamtx-camera-service-go/internal/websocket/server.go:351.2,354.21 2 1
github.com/camerarecorder/mediamtx-camera-service-go/internal/websocket/server.go:354.21,357.48 3 1
github.com/camerarecorder/mediamtx-camera-service-go/internal/websocket/server.go:357.48,359.4 1 0
github.com/camerarecorder/mediamtx-camera-service-go/internal/websocket/server.go:363.2,368.12 4 1
github.com/camerarecorder/mediamtx-camera-service-go/internal/websocket/server.go:372.83,375.47 2 1
github.com/camerarecorder/mediamtx-camera-service-go/internal/websocket/server.go:375.47,380.3 4 0
github.com/camerarecorder/mediamtx-camera-service-go/internal/websocket/server.go:381.2,385.16 3 1
github.com/camerarecorder/mediamtx-camera-service-go/internal/websocket/server.go:385.16,388.3 2 0
github.com/camerarecorder/mediamtx-camera-service-go/internal/websocket/server.go:391.2,422.43 14 1
github.com/camerarecorder/mediamtx-camera-service-go/internal/websocket/server.go:426.98,427.15 1 1
github.com/camerarecorder/mediamtx-camera-service-go/internal/websocket/server.go:427.15,429.31 1 1
github.com/camerarecorder/mediamtx-camera-service-go/internal/websocket/server.go:429.31,435.4 1 0
github.com/camerarecorder/mediamtx-camera-service-go/internal/websocket/server.go:438.3,455.14 9 1
github.com/camerarecorder/mediamtx-camera-service-go/internal/websocket/server.go:459.2,461.41 3 1
github.com/camerarecorder/mediamtx-camera-service-go/internal/websocket/server.go:461.41,464.3 2 0
github.com/camerarecorder/mediamtx-camera-service-go/internal/websocket/server.go:467.2,471.6 3 1
github.com/camerarecorder/mediamtx-camera-service-go/internal/websocket/server.go:471.6,472.10 1 1
github.com/camerarecorder/mediamtx-camera-service-go/internal/websocket/server.go:473.21,474.10 1 0
github.com/camerarecorder/mediamtx-camera-service-go/internal/websocket/server.go:475.19,476.116 1 0
github.com/camerarecorder/mediamtx-camera-service-go/internal/websocket/server.go:476.116,479.5 2 0
github.com/camerarecorder/mediamtx-camera-service-go/internal/websocket/server.go:480.11,483.18 2 1
github.com/camerarecorder/mediamtx-camera-service-go/internal/websocket/server.go:483.18,484.104 1 1
github.com/camerarecorder/mediamtx-camera-service-go/internal/websocket/server.go:484.104,486.6 1 0
github.com/camerarecorder/mediamtx-camera-service-go/internal/websocket/server.go:487.5,487.11 1 1
github.com/camerarecorder/mediamtx-camera-service-go/internal/websocket/server.go:491.4,491.42 1 1
github.com/camerarecorder/mediamtx-camera-service-go/internal/websocket/server.go:497.105,507.58 4 1
github.com/camerarecorder/mediamtx-camera-service-go/internal/websocket/server.go:507.58,510.3 2 0
github.com/camerarecorder/mediamtx-camera-service-go/internal/websocket/server.go:513.2,513.30 1 1
github.com/camerarecorder/mediamtx-camera-service-go/internal/websocket/server.go:513.30,516.3 2 1
github.com/camerarecorder/mediamtx-camera-service-go/internal/websocket/server.go:519.2,520.16 2 1
github.com/camerarecorder/mediamtx-camera-service-go/internal/websocket/server.go:520.16,527.3 3 0
github.com/camerarecorder/mediamtx-camera-service-go/internal/websocket/server.go:530.2,530.55 1 1
github.com/camerarecorder/mediamtx-camera-service-go/internal/websocket/server.go:530.55,533.3 2 0
github.com/camerarecorder/mediamtx-camera-service-go/internal/websocket/server.go:536.2,544.31 3 1
github.com/camerarecorder/mediamtx-camera-service-go/internal/websocket/server.go:548.118,550.49 1 1
github.com/camerarecorder/mediamtx-camera-service-go/internal/websocket/server.go:550.49,560.3 1 0
github.com/camerarecorder/mediamtx-camera-service-go/internal/websocket/server.go:563.2,567.13 4 1
github.com/camerarecorder/mediamtx-camera-service-go/internal/websocket/server.go:567.13,576.3 1 1
github.com/camerarecorder/mediamtx-camera-service-go/internal/websocket/server.go:579.2,579.73 1 1
github.com/camerarecorder/mediamtx-camera-service-go/internal/websocket/server.go:579.73,589.3 1 1
github.com/camerarecorder/mediamtx-camera-service-go/internal/websocket/server.go:592.2,593.16 2 1
github.com/camerarecorder/mediamtx-camera-service-go/internal/websocket/server.go:593.16,607.3 4 0
github.com/camerarecorder/mediamtx-camera-service-go/internal/websocket/server.go:610.2,613.22 3 1
github.com/camerarecorder/mediamtx-camera-service-go/internal/websocket/server.go:617.95,620.2 2 1
github.com/camerarecorder/mediamtx-camera-service-go/internal/websocket/server.go:623.109,633.55 2 1
github.com/camerarecorder/mediamtx-camera-service-go/internal/websocket/server.go:633.55,635.3 1 0
github.com/camerarecorder/mediamtx-camera-service-go/internal/websocket/server.go:639.74,644.44 4 1
github.com/camerarecorder/mediamtx-camera-service-go/internal/websocket/server.go:644.44,646.3 1 1
github.com/camerarecorder/mediamtx-camera-service-go/internal/websocket/server.go:647.2,647.85 1 1
github.com/camerarecorder/mediamtx-camera-service-go/internal/websocket/server.go:651.60,657.48 4 1
github.com/camerarecorder/mediamtx-camera-service-go/internal/websocket/server.go:657.48,659.3 1 1
github.com/camerarecorder/mediamtx-camera-service-go/internal/websocket/server.go:664.2,670.3 1 1
github.com/camerarecorder/mediamtx-camera-service-go/internal/websocket/server.go:674.44,676.2 1 1
github.com/camerarecorder/mediamtx-camera-service-go/internal/websocket/types.go:155.42,167.2 1 1
