mode: set
github.com/camerarecorder/mediamtx-camera-service-go/internal/camera/hybrid_monitor.go:109.33,110.26 1 1
github.com/camerarecorder/mediamtx-camera-service-go/internal/camera/hybrid_monitor.go:110.26,112.3 1 0
github.com/camerarecorder/mediamtx-camera-service-go/internal/camera/hybrid_monitor.go:114.2,114.19 1 1
github.com/camerarecorder/mediamtx-camera-service-go/internal/camera/hybrid_monitor.go:114.19,116.3 1 0
github.com/camerarecorder/mediamtx-camera-service-go/internal/camera/hybrid_monitor.go:118.2,119.16 2 1
github.com/camerarecorder/mediamtx-camera-service-go/internal/camera/hybrid_monitor.go:119.16,121.3 1 0
github.com/camerarecorder/mediamtx-camera-service-go/internal/camera/hybrid_monitor.go:123.2,176.21 4 1
github.com/camerarecorder/mediamtx-camera-service-go/internal/camera/hybrid_monitor.go:180.57,182.42 1 1
github.com/camerarecorder/mediamtx-camera-service-go/internal/camera/hybrid_monitor.go:182.42,190.3 1 1
github.com/camerarecorder/mediamtx-camera-service-go/internal/camera/hybrid_monitor.go:194.2,194.24 1 1
github.com/camerarecorder/mediamtx-camera-service-go/internal/camera/hybrid_monitor.go:198.52,231.2 3 1
github.com/camerarecorder/mediamtx-camera-service-go/internal/camera/hybrid_monitor.go:234.83,253.16 14 1
github.com/camerarecorder/mediamtx-camera-service-go/internal/camera/hybrid_monitor.go:253.16,256.3 1 0
github.com/camerarecorder/mediamtx-camera-service-go/internal/camera/hybrid_monitor.go:259.2,260.39 2 1
github.com/camerarecorder/mediamtx-camera-service-go/internal/camera/hybrid_monitor.go:260.39,265.3 1 1
github.com/camerarecorder/mediamtx-camera-service-go/internal/camera/hybrid_monitor.go:266.2,266.55 1 1
github.com/camerarecorder/mediamtx-camera-service-go/internal/camera/hybrid_monitor.go:266.55,271.3 1 1
github.com/camerarecorder/mediamtx-camera-service-go/internal/camera/hybrid_monitor.go:272.2,272.59 1 1
github.com/camerarecorder/mediamtx-camera-service-go/internal/camera/hybrid_monitor.go:272.59,277.3 1 1
github.com/camerarecorder/mediamtx-camera-service-go/internal/camera/hybrid_monitor.go:279.2,279.22 1 1
github.com/camerarecorder/mediamtx-camera-service-go/internal/camera/hybrid_monitor.go:279.22,284.3 1 1
github.com/camerarecorder/mediamtx-camera-service-go/internal/camera/hybrid_monitor.go:288.64,292.15 3 1
github.com/camerarecorder/mediamtx-camera-service-go/internal/camera/hybrid_monitor.go:292.15,294.3 1 1
github.com/camerarecorder/mediamtx-camera-service-go/internal/camera/hybrid_monitor.go:296.2,309.12 6 1
github.com/camerarecorder/mediamtx-camera-service-go/internal/camera/hybrid_monitor.go:313.44,317.16 3 1
github.com/camerarecorder/mediamtx-camera-service-go/internal/camera/hybrid_monitor.go:317.16,319.3 1 1
github.com/camerarecorder/mediamtx-camera-service-go/internal/camera/hybrid_monitor.go:321.2,326.9 4 1
github.com/camerarecorder/mediamtx-camera-service-go/internal/camera/hybrid_monitor.go:327.20,327.20 0 1
github.com/camerarecorder/mediamtx-camera-service-go/internal/camera/hybrid_monitor.go:329.10,330.20 1 1
github.com/camerarecorder/mediamtx-camera-service-go/internal/camera/hybrid_monitor.go:333.2,337.12 2 1
github.com/camerarecorder/mediamtx-camera-service-go/internal/camera/hybrid_monitor.go:341.48,345.2 3 1
github.com/camerarecorder/mediamtx-camera-service-go/internal/camera/hybrid_monitor.go:348.78,353.43 4 1
github.com/camerarecorder/mediamtx-camera-service-go/internal/camera/hybrid_monitor.go:353.43,354.45 1 1
github.com/camerarecorder/mediamtx-camera-service-go/internal/camera/hybrid_monitor.go:354.45,356.4 1 1
github.com/camerarecorder/mediamtx-camera-service-go/internal/camera/hybrid_monitor.go:359.2,359.18 1 1
github.com/camerarecorder/mediamtx-camera-service-go/internal/camera/hybrid_monitor.go:363.82,369.2 4 1
github.com/camerarecorder/mediamtx-camera-service-go/internal/camera/hybrid_monitor.go:372.63,394.2 4 1
github.com/camerarecorder/mediamtx-camera-service-go/internal/camera/hybrid_monitor.go:397.75,406.2 4 1
github.com/camerarecorder/mediamtx-camera-service-go/internal/camera/hybrid_monitor.go:409.80,417.2 4 1
github.com/camerarecorder/mediamtx-camera-service-go/internal/camera/hybrid_monitor.go:420.67,421.15 1 1
github.com/camerarecorder/mediamtx-camera-service-go/internal/camera/hybrid_monitor.go:421.15,425.3 3 1
github.com/camerarecorder/mediamtx-camera-service-go/internal/camera/hybrid_monitor.go:427.2,436.6 4 1
github.com/camerarecorder/mediamtx-camera-service-go/internal/camera/hybrid_monitor.go:436.6,437.10 1 1
github.com/camerarecorder/mediamtx-camera-service-go/internal/camera/hybrid_monitor.go:438.21,443.10 2 1
github.com/camerarecorder/mediamtx-camera-service-go/internal/camera/hybrid_monitor.go:444.21,449.10 2 1
github.com/camerarecorder/mediamtx-camera-service-go/internal/camera/hybrid_monitor.go:450.19,452.29 2 1
github.com/camerarecorder/mediamtx-camera-service-go/internal/camera/hybrid_monitor.go:459.49,469.41 7 1
github.com/camerarecorder/mediamtx-camera-service-go/internal/camera/hybrid_monitor.go:469.41,470.22 1 1
github.com/camerarecorder/mediamtx-camera-service-go/internal/camera/hybrid_monitor.go:470.22,471.12 1 0
github.com/camerarecorder/mediamtx-camera-service-go/internal/camera/hybrid_monitor.go:474.3,475.29 2 1
github.com/camerarecorder/mediamtx-camera-service-go/internal/camera/hybrid_monitor.go:475.29,476.17 1 1
github.com/camerarecorder/mediamtx-camera-service-go/internal/camera/hybrid_monitor.go:476.17,478.33 1 1
github.com/camerarecorder/mediamtx-camera-service-go/internal/camera/hybrid_monitor.go:478.33,484.6 1 0
github.com/camerarecorder/mediamtx-camera-service-go/internal/camera/hybrid_monitor.go:485.5,485.14 1 1
github.com/camerarecorder/mediamtx-camera-service-go/internal/camera/hybrid_monitor.go:488.4,489.18 2 1
github.com/camerarecorder/mediamtx-camera-service-go/internal/camera/hybrid_monitor.go:489.18,496.5 2 1
github.com/camerarecorder/mediamtx-camera-service-go/internal/camera/hybrid_monitor.go:498.4,498.103 1 1
github.com/camerarecorder/mediamtx-camera-service-go/internal/camera/hybrid_monitor.go:498.103,500.5 1 1
github.com/camerarecorder/mediamtx-camera-service-go/internal/camera/hybrid_monitor.go:505.2,505.12 1 1
github.com/camerarecorder/mediamtx-camera-service-go/internal/camera/hybrid_monitor.go:505.12,506.16 1 1
github.com/camerarecorder/mediamtx-camera-service-go/internal/camera/hybrid_monitor.go:506.16,508.32 1 1
github.com/camerarecorder/mediamtx-camera-service-go/internal/camera/hybrid_monitor.go:508.32,513.5 1 0
github.com/camerarecorder/mediamtx-camera-service-go/internal/camera/hybrid_monitor.go:515.3,516.20 2 1
github.com/camerarecorder/mediamtx-camera-service-go/internal/camera/hybrid_monitor.go:520.2,520.33 1 1
github.com/camerarecorder/mediamtx-camera-service-go/internal/camera/hybrid_monitor.go:520.33,522.3 1 1
github.com/camerarecorder/mediamtx-camera-service-go/internal/camera/hybrid_monitor.go:524.2,524.45 1 1
github.com/camerarecorder/mediamtx-camera-service-go/internal/camera/hybrid_monitor.go:528.108,529.21 1 1
github.com/camerarecorder/mediamtx-camera-service-go/internal/camera/hybrid_monitor.go:530.13,531.45 1 1
github.com/camerarecorder/mediamtx-camera-service-go/internal/camera/hybrid_monitor.go:532.33,533.49 1 1
github.com/camerarecorder/mediamtx-camera-service-go/internal/camera/hybrid_monitor.go:534.14,535.46 1 0
github.com/camerarecorder/mediamtx-camera-service-go/internal/camera/hybrid_monitor.go:536.10,537.49 1 0
github.com/camerarecorder/mediamtx-camera-service-go/internal/camera/hybrid_monitor.go:542.101,546.16 3 1
github.com/camerarecorder/mediamtx-camera-service-go/internal/camera/hybrid_monitor.go:546.16,548.3 1 0
github.com/camerarecorder/mediamtx-camera-service-go/internal/camera/hybrid_monitor.go:550.2,550.59 1 1
github.com/camerarecorder/mediamtx-camera-service-go/internal/camera/hybrid_monitor.go:554.111,556.41 1 1
github.com/camerarecorder/mediamtx-camera-service-go/internal/camera/hybrid_monitor.go:556.41,558.3 1 1
github.com/camerarecorder/mediamtx-camera-service-go/internal/camera/hybrid_monitor.go:560.2,572.37 5 1
github.com/camerarecorder/mediamtx-camera-service-go/internal/camera/hybrid_monitor.go:572.37,577.3 3 1
github.com/camerarecorder/mediamtx-camera-service-go/internal/camera/hybrid_monitor.go:577.8,577.40 1 1
github.com/camerarecorder/mediamtx-camera-service-go/internal/camera/hybrid_monitor.go:577.40,579.59 1 1
github.com/camerarecorder/mediamtx-camera-service-go/internal/camera/hybrid_monitor.go:579.59,587.4 3 0
github.com/camerarecorder/mediamtx-camera-service-go/internal/camera/hybrid_monitor.go:588.8,590.3 1 0
github.com/camerarecorder/mediamtx-camera-service-go/internal/camera/hybrid_monitor.go:592.2,592.20 1 1
github.com/camerarecorder/mediamtx-camera-service-go/internal/camera/hybrid_monitor.go:596.105,621.2 2 1
github.com/camerarecorder/mediamtx-camera-service-go/internal/camera/hybrid_monitor.go:624.102,626.44 1 0
github.com/camerarecorder/mediamtx-camera-service-go/internal/camera/hybrid_monitor.go:626.44,632.3 1 0
github.com/camerarecorder/mediamtx-camera-service-go/internal/camera/hybrid_monitor.go:634.2,654.20 2 0
github.com/camerarecorder/mediamtx-camera-service-go/internal/camera/hybrid_monitor.go:658.105,680.2 2 0
github.com/camerarecorder/mediamtx-camera-service-go/internal/camera/hybrid_monitor.go:683.83,686.62 2 1
github.com/camerarecorder/mediamtx-camera-service-go/internal/camera/hybrid_monitor.go:686.62,695.3 7 0
github.com/camerarecorder/mediamtx-camera-service-go/internal/camera/hybrid_monitor.go:696.2,705.16 7 1
github.com/camerarecorder/mediamtx-camera-service-go/internal/camera/hybrid_monitor.go:705.16,710.3 4 0
github.com/camerarecorder/mediamtx-camera-service-go/internal/camera/hybrid_monitor.go:713.2,714.16 2 1
github.com/camerarecorder/mediamtx-camera-service-go/internal/camera/hybrid_monitor.go:714.16,719.3 4 0
github.com/camerarecorder/mediamtx-camera-service-go/internal/camera/hybrid_monitor.go:722.2,731.16 7 1
github.com/camerarecorder/mediamtx-camera-service-go/internal/camera/hybrid_monitor.go:731.16,741.3 2 0
github.com/camerarecorder/mediamtx-camera-service-go/internal/camera/hybrid_monitor.go:741.8,744.17 2 1
github.com/camerarecorder/mediamtx-camera-service-go/internal/camera/hybrid_monitor.go:744.17,751.4 2 0
github.com/camerarecorder/mediamtx-camera-service-go/internal/camera/hybrid_monitor.go:751.9,753.4 1 1
github.com/camerarecorder/mediamtx-camera-service-go/internal/camera/hybrid_monitor.go:756.2,760.12 4 1
github.com/camerarecorder/mediamtx-camera-service-go/internal/camera/hybrid_monitor.go:764.64,779.2 1 0
github.com/camerarecorder/mediamtx-camera-service-go/internal/camera/hybrid_monitor.go:782.98,787.43 3 1
github.com/camerarecorder/mediamtx-camera-service-go/internal/camera/hybrid_monitor.go:787.43,788.56 1 1
github.com/camerarecorder/mediamtx-camera-service-go/internal/camera/hybrid_monitor.go:788.56,804.4 6 1
github.com/camerarecorder/mediamtx-camera-service-go/internal/camera/hybrid_monitor.go:804.9,807.40 2 1
github.com/camerarecorder/mediamtx-camera-service-go/internal/camera/hybrid_monitor.go:807.40,824.5 7 0
github.com/camerarecorder/mediamtx-camera-service-go/internal/camera/hybrid_monitor.go:829.2,829.43 1 1
github.com/camerarecorder/mediamtx-camera-service-go/internal/camera/hybrid_monitor.go:829.43,830.49 1 1
github.com/camerarecorder/mediamtx-camera-service-go/internal/camera/hybrid_monitor.go:830.49,845.4 6 0
github.com/camerarecorder/mediamtx-camera-service-go/internal/camera/hybrid_monitor.go:850.115,860.42 3 1
github.com/camerarecorder/mediamtx-camera-service-go/internal/camera/hybrid_monitor.go:860.42,861.33 1 1
github.com/camerarecorder/mediamtx-camera-service-go/internal/camera/hybrid_monitor.go:861.33,862.17 1 1
github.com/camerarecorder/mediamtx-camera-service-go/internal/camera/hybrid_monitor.go:862.17,864.33 1 1
github.com/camerarecorder/mediamtx-camera-service-go/internal/camera/hybrid_monitor.go:864.33,870.6 1 0
github.com/camerarecorder/mediamtx-camera-service-go/internal/camera/hybrid_monitor.go:873.4,873.79 1 1
github.com/camerarecorder/mediamtx-camera-service-go/internal/camera/hybrid_monitor.go:873.79,879.5 1 0
github.com/camerarecorder/mediamtx-camera-service-go/internal/camera/hybrid_monitor.go:882.2,886.44 3 1
github.com/camerarecorder/mediamtx-camera-service-go/internal/camera/hybrid_monitor.go:886.44,888.3 1 1
github.com/camerarecorder/mediamtx-camera-service-go/internal/camera/hybrid_monitor.go:889.2,889.31 1 1
github.com/camerarecorder/mediamtx-camera-service-go/internal/camera/hybrid_monitor.go:893.55,897.31 2 1
github.com/camerarecorder/mediamtx-camera-service-go/internal/camera/hybrid_monitor.go:897.31,901.3 2 0
github.com/camerarecorder/mediamtx-camera-service-go/internal/camera/hybrid_monitor.go:901.8,904.3 1 1
github.com/camerarecorder/mediamtx-camera-service-go/internal/camera/hybrid_monitor.go:907.2,907.51 1 1
github.com/camerarecorder/mediamtx-camera-service-go/internal/camera/hybrid_monitor.go:907.51,918.3 4 1
github.com/camerarecorder/mediamtx-camera-service-go/internal/camera/hybrid_monitor.go:922.32,923.11 1 0
github.com/camerarecorder/mediamtx-camera-service-go/internal/camera/hybrid_monitor.go:923.11,925.3 1 0
github.com/camerarecorder/mediamtx-camera-service-go/internal/camera/hybrid_monitor.go:926.2,926.10 1 0
github.com/camerarecorder/mediamtx-camera-service-go/internal/camera/hybrid_monitor.go:929.32,930.11 1 1
github.com/camerarecorder/mediamtx-camera-service-go/internal/camera/hybrid_monitor.go:930.11,932.3 1 1
github.com/camerarecorder/mediamtx-camera-service-go/internal/camera/hybrid_monitor.go:933.2,933.10 1 1
github.com/camerarecorder/mediamtx-camera-service-go/internal/camera/hybrid_monitor.go:936.29,937.11 1 1
github.com/camerarecorder/mediamtx-camera-service-go/internal/camera/hybrid_monitor.go:937.11,939.3 1 0
github.com/camerarecorder/mediamtx-camera-service-go/internal/camera/hybrid_monitor.go:940.2,940.10 1 1
github.com/camerarecorder/mediamtx-camera-service-go/internal/camera/real_implementations.go:16.54,19.2 2 1
github.com/camerarecorder/mediamtx-camera-service-go/internal/camera/real_implementations.go:24.112,30.16 4 1
github.com/camerarecorder/mediamtx-camera-service-go/internal/camera/real_implementations.go:30.16,32.47 1 1
github.com/camerarecorder/mediamtx-camera-service-go/internal/camera/real_implementations.go:32.47,37.54 2 1
github.com/camerarecorder/mediamtx-camera-service-go/internal/camera/real_implementations.go:37.54,39.5 1 1
github.com/camerarecorder/mediamtx-camera-service-go/internal/camera/real_implementations.go:39.10,39.60 1 0
github.com/camerarecorder/mediamtx-camera-service-go/internal/camera/real_implementations.go:39.60,41.5 1 0
github.com/camerarecorder/mediamtx-camera-service-go/internal/camera/real_implementations.go:41.10,41.68 1 0
github.com/camerarecorder/mediamtx-camera-service-go/internal/camera/real_implementations.go:41.68,43.5 1 0
github.com/camerarecorder/mediamtx-camera-service-go/internal/camera/real_implementations.go:43.10,43.66 1 0
github.com/camerarecorder/mediamtx-camera-service-go/internal/camera/real_implementations.go:43.66,45.5 1 0
github.com/camerarecorder/mediamtx-camera-service-go/internal/camera/real_implementations.go:45.10,45.27 1 0
github.com/camerarecorder/mediamtx-camera-service-go/internal/camera/real_implementations.go:45.27,48.5 1 0
github.com/camerarecorder/mediamtx-camera-service-go/internal/camera/real_implementations.go:48.10,51.5 1 0
github.com/camerarecorder/mediamtx-camera-service-go/internal/camera/real_implementations.go:52.9,52.50 1 1
github.com/camerarecorder/mediamtx-camera-service-go/internal/camera/real_implementations.go:52.50,54.39 1 0
github.com/camerarecorder/mediamtx-camera-service-go/internal/camera/real_implementations.go:54.39,56.5 1 0
github.com/camerarecorder/mediamtx-camera-service-go/internal/camera/real_implementations.go:57.4,57.62 1 0
github.com/camerarecorder/mediamtx-camera-service-go/internal/camera/real_implementations.go:61.3,61.60 1 1
github.com/camerarecorder/mediamtx-camera-service-go/internal/camera/real_implementations.go:64.2,64.28 1 1
github.com/camerarecorder/mediamtx-camera-service-go/internal/camera/real_implementations.go:70.89,77.29 3 1
github.com/camerarecorder/mediamtx-camera-service-go/internal/camera/real_implementations.go:77.29,80.45 2 1
github.com/camerarecorder/mediamtx-camera-service-go/internal/camera/real_implementations.go:80.45,82.4 1 1
github.com/camerarecorder/mediamtx-camera-service-go/internal/camera/real_implementations.go:82.9,82.92 1 1
github.com/camerarecorder/mediamtx-camera-service-go/internal/camera/real_implementations.go:82.92,84.4 1 1
github.com/camerarecorder/mediamtx-camera-service-go/internal/camera/real_implementations.go:84.9,84.49 1 1
github.com/camerarecorder/mediamtx-camera-service-go/internal/camera/real_implementations.go:84.49,86.4 1 1
github.com/camerarecorder/mediamtx-camera-service-go/internal/camera/real_implementations.go:86.9,86.55 1 1
github.com/camerarecorder/mediamtx-camera-service-go/internal/camera/real_implementations.go:86.55,88.4 1 1
github.com/camerarecorder/mediamtx-camera-service-go/internal/camera/real_implementations.go:88.9,88.52 1 1
github.com/camerarecorder/mediamtx-camera-service-go/internal/camera/real_implementations.go:88.52,91.4 2 1
github.com/camerarecorder/mediamtx-camera-service-go/internal/camera/real_implementations.go:91.9,91.51 1 1
github.com/camerarecorder/mediamtx-camera-service-go/internal/camera/real_implementations.go:91.51,94.4 2 1
github.com/camerarecorder/mediamtx-camera-service-go/internal/camera/real_implementations.go:98.2,98.33 1 1
github.com/camerarecorder/mediamtx-camera-service-go/internal/camera/real_implementations.go:98.33,100.3 1 1
github.com/camerarecorder/mediamtx-camera-service-go/internal/camera/real_implementations.go:101.2,101.35 1 1
github.com/camerarecorder/mediamtx-camera-service-go/internal/camera/real_implementations.go:101.35,103.3 1 1
github.com/camerarecorder/mediamtx-camera-service-go/internal/camera/real_implementations.go:105.2,105.26 1 1
github.com/camerarecorder/mediamtx-camera-service-go/internal/camera/real_implementations.go:108.88,115.29 5 1
github.com/camerarecorder/mediamtx-camera-service-go/internal/camera/real_implementations.go:115.29,119.98 2 1
github.com/camerarecorder/mediamtx-camera-service-go/internal/camera/real_implementations.go:119.98,121.28 1 1
github.com/camerarecorder/mediamtx-camera-service-go/internal/camera/real_implementations.go:121.28,123.5 1 1
github.com/camerarecorder/mediamtx-camera-service-go/internal/camera/real_implementations.go:126.4,126.35 1 1
github.com/camerarecorder/mediamtx-camera-service-go/internal/camera/real_implementations.go:126.35,129.33 3 1
github.com/camerarecorder/mediamtx-camera-service-go/internal/camera/real_implementations.go:129.33,139.6 2 1
github.com/camerarecorder/mediamtx-camera-service-go/internal/camera/real_implementations.go:141.9,141.34 1 1
github.com/camerarecorder/mediamtx-camera-service-go/internal/camera/real_implementations.go:141.34,142.39 1 1
github.com/camerarecorder/mediamtx-camera-service-go/internal/camera/real_implementations.go:142.39,144.60 1 1
github.com/camerarecorder/mediamtx-camera-service-go/internal/camera/real_implementations.go:144.60,146.6 1 1
github.com/camerarecorder/mediamtx-camera-service-go/internal/camera/real_implementations.go:149.5,157.45 3 1
github.com/camerarecorder/mediamtx-camera-service-go/internal/camera/real_implementations.go:157.45,159.6 1 1
github.com/camerarecorder/mediamtx-camera-service-go/internal/camera/real_implementations.go:160.5,162.34 3 1
github.com/camerarecorder/mediamtx-camera-service-go/internal/camera/real_implementations.go:163.10,163.83 1 1
github.com/camerarecorder/mediamtx-camera-service-go/internal/camera/real_implementations.go:163.83,165.69 1 1
github.com/camerarecorder/mediamtx-camera-service-go/internal/camera/real_implementations.go:165.69,168.34 3 1
github.com/camerarecorder/mediamtx-camera-service-go/internal/camera/real_implementations.go:168.34,170.20 2 1
github.com/camerarecorder/mediamtx-camera-service-go/internal/camera/real_implementations.go:170.20,172.8 1 1
github.com/camerarecorder/mediamtx-camera-service-go/internal/camera/real_implementations.go:180.2,180.26 1 1
github.com/camerarecorder/mediamtx-camera-service-go/internal/camera/real_implementations.go:180.26,182.3 1 1
github.com/camerarecorder/mediamtx-camera-service-go/internal/camera/real_implementations.go:185.2,185.23 1 1
github.com/camerarecorder/mediamtx-camera-service-go/internal/camera/real_implementations.go:185.23,188.30 2 1
github.com/camerarecorder/mediamtx-camera-service-go/internal/camera/real_implementations.go:188.30,189.61 1 1
github.com/camerarecorder/mediamtx-camera-service-go/internal/camera/real_implementations.go:189.61,191.10 2 1
github.com/camerarecorder/mediamtx-camera-service-go/internal/camera/real_implementations.go:195.3,195.22 1 1
github.com/camerarecorder/mediamtx-camera-service-go/internal/camera/real_implementations.go:195.22,198.31 2 1
github.com/camerarecorder/mediamtx-camera-service-go/internal/camera/real_implementations.go:198.31,200.43 2 1
github.com/camerarecorder/mediamtx-camera-service-go/internal/camera/real_implementations.go:200.43,202.34 1 1
github.com/camerarecorder/mediamtx-camera-service-go/internal/camera/real_implementations.go:202.34,204.7 1 0
github.com/camerarecorder/mediamtx-camera-service-go/internal/camera/real_implementations.go:206.6,211.7 1 1
github.com/camerarecorder/mediamtx-camera-service-go/internal/camera/real_implementations.go:212.11,212.40 1 1
github.com/camerarecorder/mediamtx-camera-service-go/internal/camera/real_implementations.go:212.40,213.71 1 1
github.com/camerarecorder/mediamtx-camera-service-go/internal/camera/real_implementations.go:213.71,215.26 2 1
github.com/camerarecorder/mediamtx-camera-service-go/internal/camera/real_implementations.go:215.26,217.8 1 1
github.com/camerarecorder/mediamtx-camera-service-go/internal/camera/real_implementations.go:218.12,218.78 1 1
github.com/camerarecorder/mediamtx-camera-service-go/internal/camera/real_implementations.go:218.78,220.26 2 1
github.com/camerarecorder/mediamtx-camera-service-go/internal/camera/real_implementations.go:220.26,222.37 2 1
github.com/camerarecorder/mediamtx-camera-service-go/internal/camera/real_implementations.go:222.37,224.50 1 0
github.com/camerarecorder/mediamtx-camera-service-go/internal/camera/real_implementations.go:224.50,227.81 2 0
github.com/camerarecorder/mediamtx-camera-service-go/internal/camera/real_implementations.go:227.81,232.11 4 0
github.com/camerarecorder/mediamtx-camera-service-go/internal/camera/real_implementations.go:233.15,238.10 3 0
github.com/camerarecorder/mediamtx-camera-service-go/internal/camera/real_implementations.go:241.12,241.77 1 1
github.com/camerarecorder/mediamtx-camera-service-go/internal/camera/real_implementations.go:241.77,243.26 2 1
github.com/camerarecorder/mediamtx-camera-service-go/internal/camera/real_implementations.go:243.26,245.21 2 1
github.com/camerarecorder/mediamtx-camera-service-go/internal/camera/real_implementations.go:245.21,247.9 1 1
github.com/camerarecorder/mediamtx-camera-service-go/internal/camera/real_implementations.go:253.4,253.32 1 1
github.com/camerarecorder/mediamtx-camera-service-go/internal/camera/real_implementations.go:253.32,255.5 1 1
github.com/camerarecorder/mediamtx-camera-service-go/internal/camera/real_implementations.go:256.9,259.31 2 1
github.com/camerarecorder/mediamtx-camera-service-go/internal/camera/real_implementations.go:259.31,261.73 2 1
github.com/camerarecorder/mediamtx-camera-service-go/internal/camera/real_implementations.go:261.73,268.6 1 0
github.com/camerarecorder/mediamtx-camera-service-go/internal/camera/real_implementations.go:268.11,268.109 1 1
github.com/camerarecorder/mediamtx-camera-service-go/internal/camera/real_implementations.go:268.109,270.11 1 0
github.com/camerarecorder/mediamtx-camera-service-go/internal/camera/real_implementations.go:273.4,273.25 1 1
github.com/camerarecorder/mediamtx-camera-service-go/internal/camera/real_implementations.go:273.25,275.5 1 0
github.com/camerarecorder/mediamtx-camera-service-go/internal/camera/real_implementations.go:279.2,279.21 1 1
github.com/camerarecorder/mediamtx-camera-service-go/internal/camera/real_implementations.go:282.87,308.44 4 1
github.com/camerarecorder/mediamtx-camera-service-go/internal/camera/real_implementations.go:308.44,312.33 3 1
github.com/camerarecorder/mediamtx-camera-service-go/internal/camera/real_implementations.go:312.33,313.22 1 1
github.com/camerarecorder/mediamtx-camera-service-go/internal/camera/real_implementations.go:313.22,315.19 2 1
github.com/camerarecorder/mediamtx-camera-service-go/internal/camera/real_implementations.go:315.19,318.60 2 1
github.com/camerarecorder/mediamtx-camera-service-go/internal/camera/real_implementations.go:318.60,321.7 2 1
github.com/camerarecorder/mediamtx-camera-service-go/internal/camera/real_implementations.go:327.2,327.24 1 1
github.com/camerarecorder/mediamtx-camera-service-go/internal/camera/real_implementations.go:332.71,334.56 1 1
github.com/camerarecorder/mediamtx-camera-service-go/internal/camera/real_implementations.go:334.56,336.25 1 1
github.com/camerarecorder/mediamtx-camera-service-go/internal/camera/real_implementations.go:336.25,339.4 1 1
github.com/camerarecorder/mediamtx-camera-service-go/internal/camera/real_implementations.go:342.2,342.11 1 0
github.com/camerarecorder/mediamtx-camera-service-go/internal/camera/real_implementations.go:346.65,348.21 2 1
github.com/camerarecorder/mediamtx-camera-service-go/internal/camera/real_implementations.go:348.21,350.3 1 0
github.com/camerarecorder/mediamtx-camera-service-go/internal/camera/real_implementations.go:351.2,351.36 1 1
github.com/camerarecorder/mediamtx-camera-service-go/internal/camera/real_implementations.go:354.72,358.21 3 1
github.com/camerarecorder/mediamtx-camera-service-go/internal/camera/real_implementations.go:358.21,360.3 1 1
github.com/camerarecorder/mediamtx-camera-service-go/internal/camera/real_implementations.go:362.2,363.27 2 1
github.com/camerarecorder/mediamtx-camera-service-go/internal/camera/real_implementations.go:363.27,365.16 2 1
github.com/camerarecorder/mediamtx-camera-service-go/internal/camera/real_implementations.go:365.16,367.4 1 1
github.com/camerarecorder/mediamtx-camera-service-go/internal/camera/real_implementations.go:370.2,370.21 1 1
github.com/camerarecorder/mediamtx-camera-service-go/internal/camera/real_implementations.go:373.66,375.21 2 1
github.com/camerarecorder/mediamtx-camera-service-go/internal/camera/real_implementations.go:375.21,377.3 1 1
github.com/camerarecorder/mediamtx-camera-service-go/internal/camera/real_implementations.go:379.2,382.22 3 1
